2022-02-10 17:14:18,858 - INFO requestbase.py [line:33]: 连通接口"https://gateway-stg.datousoft.com/authority/auth/login",接口data为:"",接口json{'groupId': '3', 'username': 'TRtsH2z2egXgbqWAIOTsJBf7E+Z/nA17u7HoVWtUqBIQP3PXpTeNuxcIm2rHTBkpnuCplP+CR/CkjzNFC2oMTKzMgXJWSu97e0qqLOV+Sm8VqntO0HMC0gTlQkHzJ33LLA4x12fDEGJnLcaznG16eCYlZPgssGvazAPGvOO7Wqk=', 'password': 'rlSCBdDGZAeGyaN7qlTWWEsZN0r8dlD7y81u2Waq2IyyUJfIZZ9A8Iua0eJpViQOeEOUQgk4L/5SaZtRQrfv3iJG2ryuw+zv8FX+DS6CY/kkZwmq6jnebMDCeaUhcBkbS+6g3vOM9Q0fCR/5yPLOJ5SQlYAnyL+pd66NSlFkh4M=', 'validate': '', 'challenge': '', 'seccode': ''}
2022-02-10 17:14:18,858 - INFO requestbase.py [line:33]: 连通接口"https://gateway-stg.datousoft.com/authority/auth/login",接口data为:"",接口json{'groupId': '3', 'username': 'TRtsH2z2egXgbqWAIOTsJBf7E+Z/nA17u7HoVWtUqBIQP3PXpTeNuxcIm2rHTBkpnuCplP+CR/CkjzNFC2oMTKzMgXJWSu97e0qqLOV+Sm8VqntO0HMC0gTlQkHzJ33LLA4x12fDEGJnLcaznG16eCYlZPgssGvazAPGvOO7Wqk=', 'password': 'rlSCBdDGZAeGyaN7qlTWWEsZN0r8dlD7y81u2Waq2IyyUJfIZZ9A8Iua0eJpViQOeEOUQgk4L/5SaZtRQrfv3iJG2ryuw+zv8FX+DS6CY/kkZwmq6jnebMDCeaUhcBkbS+6g3vOM9Q0fCR/5yPLOJ5SQlYAnyL+pd66NSlFkh4M=', 'validate': '', 'challenge': '', 'seccode': ''}
2022-02-10 17:14:19,194 - INFO requestbase.py [line:38]: 等待接口"https://gateway-stg.datousoft.com/authority/auth/login"时长:0:00:00.333250
2022-02-10 17:14:19,194 - INFO requestbase.py [line:38]: 等待接口"https://gateway-stg.datousoft.com/authority/auth/login"时长:0:00:00.333250
2022-02-10 17:14:19,547 - INFO requestbase.py [line:33]: 连通接口"https://gateway-stg.datousoft.com/authority/auth/login",接口data为:"",接口json{'groupId': '3', 'username': 'TRtsH2z2egXgbqWAIOTsJBf7E+Z/nA17u7HoVWtUqBIQP3PXpTeNuxcIm2rHTBkpnuCplP+CR/CkjzNFC2oMTKzMgXJWSu97e0qqLOV+Sm8VqntO0HMC0gTlQkHzJ33LLA4x12fDEGJnLcaznG16eCYlZPgssGvazAPGvOO7Wqk=', 'password': 'rlSCBdDGZAeGyaN7qlTWWEsZN0r8dlD7y81u2Waq2IyyUJfIZZ9A8Iua0eJpViQOeEOUQgk4L/5SaZtRQrfv3iJG2ryuw+zv8FX+DS6CY/kkZwmq6jnebMDCeaUhcBkbS+6g3vOM9Q0fCR/5yPLOJ5SQlYAnyL+pd66NSlFkh4M=', 'validate': '', 'challenge': '', 'seccode': ''}
2022-02-10 17:14:19,547 - INFO requestbase.py [line:33]: 连通接口"https://gateway-stg.datousoft.com/authority/auth/login",接口data为:"",接口json{'groupId': '3', 'username': 'TRtsH2z2egXgbqWAIOTsJBf7E+Z/nA17u7HoVWtUqBIQP3PXpTeNuxcIm2rHTBkpnuCplP+CR/CkjzNFC2oMTKzMgXJWSu97e0qqLOV+Sm8VqntO0HMC0gTlQkHzJ33LLA4x12fDEGJnLcaznG16eCYlZPgssGvazAPGvOO7Wqk=', 'password': 'rlSCBdDGZAeGyaN7qlTWWEsZN0r8dlD7y81u2Waq2IyyUJfIZZ9A8Iua0eJpViQOeEOUQgk4L/5SaZtRQrfv3iJG2ryuw+zv8FX+DS6CY/kkZwmq6jnebMDCeaUhcBkbS+6g3vOM9Q0fCR/5yPLOJ5SQlYAnyL+pd66NSlFkh4M=', 'validate': '', 'challenge': '', 'seccode': ''}
2022-02-10 17:14:19,810 - INFO requestbase.py [line:38]: 等待接口"https://gateway-stg.datousoft.com/authority/auth/login"时长:0:00:00.255862
2022-02-10 17:14:19,810 - INFO requestbase.py [line:38]: 等待接口"https://gateway-stg.datousoft.com/authority/auth/login"时长:0:00:00.255862
2022-02-10 17:14:19,865 - INFO requestbase.py [line:33]: 连通接口"https://supplychain-server-stg.datousoft.com/staffMealItemGroups",接口data为:"",接口json{'itemGroupInfo': {'name': '99132860479', 'remark': ''}, 'itemIdList': [1], 'relatedOrganizationList': [{'organizationType': 'SHOP', 'organizationId': '31', 'organizationName': '太二广州海珠万达分店'}]}
2022-02-10 17:14:19,865 - INFO requestbase.py [line:33]: 连通接口"https://supplychain-server-stg.datousoft.com/staffMealItemGroups",接口data为:"",接口json{'itemGroupInfo': {'name': '99132860479', 'remark': ''}, 'itemIdList': [1], 'relatedOrganizationList': [{'organizationType': 'SHOP', 'organizationId': '31', 'organizationName': '太二广州海珠万达分店'}]}
2022-02-10 17:14:20,038 - INFO requestbase.py [line:38]: 等待接口"https://supplychain-server-stg.datousoft.com/staffMealItemGroups"时长:0:00:00.170547
2022-02-10 17:14:20,038 - INFO requestbase.py [line:38]: 等待接口"https://supplychain-server-stg.datousoft.com/staffMealItemGroups"时长:0:00:00.170547
2022-02-10 17:14:20,041 - INFO assertbase.py [line:28]: 预计接口返回code为"201.0",实际返回code为:"201"
2022-02-10 17:14:20,041 - INFO assertbase.py [line:28]: 预计接口返回code为"201.0",实际返回code为:"201"
2022-02-10 17:14:20,043 - INFO assertbase.py [line:31]: 预计接口返回code为"201.0",实际返回code为:"201"
2022-02-10 17:14:20,043 - INFO assertbase.py [line:31]: 预计接口返回code为"201.0",实际返回code为:"201"
2022-02-10 17:14:20,053 - INFO requestbase.py [line:21]: 连通接口"https://supplychain-server-stg.datousoft.com/staffMealItemGroups/99132860479",接口header为:"{'authorization': 'Bearer eyJhbGciOiJIUzUxMiJ9.eyJqdGkiOiIwY2VlMGQ3YTNkMjE0Zjc0OGFmY2E5ZDMzNzA5NmU1NiIsImF1dGgiOiIiLCJpZCI6NTk5LCJzdWIiOiIxMiJ9.pt-BLuq1Y0fzKMjVSjC6L1eFrG2EWKpy_7I-JRF_huFM9DC7igKCS4WLsas-Q5FpXtutofDuguSb-465ZG-sXA'}",接口param为：
2022-02-10 17:14:20,053 - INFO requestbase.py [line:21]: 连通接口"https://supplychain-server-stg.datousoft.com/staffMealItemGroups/99132860479",接口header为:"{'authorization': 'Bearer eyJhbGciOiJIUzUxMiJ9.eyJqdGkiOiIwY2VlMGQ3YTNkMjE0Zjc0OGFmY2E5ZDMzNzA5NmU1NiIsImF1dGgiOiIiLCJpZCI6NTk5LCJzdWIiOiIxMiJ9.pt-BLuq1Y0fzKMjVSjC6L1eFrG2EWKpy_7I-JRF_huFM9DC7igKCS4WLsas-Q5FpXtutofDuguSb-465ZG-sXA'}",接口param为：
2022-02-10 17:14:20,120 - INFO requestbase.py [line:26]: 等待接口"https://supplychain-server-stg.datousoft.com/staffMealItemGroups/99132860479"时长:0:00:00.062831
2022-02-10 17:14:20,120 - INFO requestbase.py [line:26]: 等待接口"https://supplychain-server-stg.datousoft.com/staffMealItemGroups/99132860479"时长:0:00:00.062831
