2022-02-10 14:50:46,027 - INFO basePage.py [line:88]: 查找"输入账号"元素，元素定位:('xpath', "//*[@id='app']/div/div[1]/div[2]/form/div[2]/div/div/input")
2022-02-10 14:50:46,027 - INFO basePage.py [line:88]: 查找"输入账号"元素，元素定位:('xpath', "//*[@id='app']/div/div[1]/div[2]/form/div[2]/div/div/input")
2022-02-10 14:50:46,040 - INFO basePage.py [line:113]: 在"输入账号"输入"oms1213",元素定位:('xpath', "//*[@id='app']/div/div[1]/div[2]/form/div[2]/div/div/input")
2022-02-10 14:50:46,040 - INFO basePage.py [line:113]: 在"输入账号"输入"oms1213",元素定位:('xpath', "//*[@id='app']/div/div[1]/div[2]/form/div[2]/div/div/input")
2022-02-10 14:50:46,116 - INFO basePage.py [line:88]: 查找"输入密码"元素，元素定位:('xpath', "//*[@id='app']/div/div[1]/div[2]/form/div[3]/div/div/input")
2022-02-10 14:50:46,116 - INFO basePage.py [line:88]: 查找"输入密码"元素，元素定位:('xpath', "//*[@id='app']/div/div[1]/div[2]/form/div[3]/div/div/input")
2022-02-10 14:50:46,129 - INFO basePage.py [line:113]: 在"输入密码"输入"Qq123456",元素定位:('xpath', "//*[@id='app']/div/div[1]/div[2]/form/div[3]/div/div/input")
2022-02-10 14:50:46,129 - INFO basePage.py [line:113]: 在"输入密码"输入"Qq123456",元素定位:('xpath', "//*[@id='app']/div/div[1]/div[2]/form/div[3]/div/div/input")
2022-02-10 14:50:46,193 - INFO basePage.py [line:88]: 查找"点击登录"元素，元素定位:('xpath', "//*[@id='app']/div/div[1]/div[2]/form/button")
2022-02-10 14:50:46,193 - INFO basePage.py [line:88]: 查找"点击登录"元素，元素定位:('xpath', "//*[@id='app']/div/div[1]/div[2]/form/button")
2022-02-10 14:50:46,206 - INFO basePage.py [line:140]: 点击"点击登录",元素定位:('xpath', "//*[@id='app']/div/div[1]/div[2]/form/button")
2022-02-10 14:50:46,206 - INFO basePage.py [line:140]: 点击"点击登录",元素定位:('xpath', "//*[@id='app']/div/div[1]/div[2]/form/button")
2022-02-10 14:50:49,274 - INFO basePage.py [line:88]: 查找"供应链管理"元素，元素定位:('xpath', "//*[@id='app']/div/div[1]/div[2]/div[1]/div/ul/div[2]/li/div")
2022-02-10 14:50:49,274 - INFO basePage.py [line:88]: 查找"供应链管理"元素，元素定位:('xpath', "//*[@id='app']/div/div[1]/div[2]/div[1]/div/ul/div[2]/li/div")
2022-02-10 14:50:49,293 - INFO basePage.py [line:140]: 点击"供应链管理",元素定位:('xpath', "//*[@id='app']/div/div[1]/div[2]/div[1]/div/ul/div[2]/li/div")
2022-02-10 14:50:49,293 - INFO basePage.py [line:140]: 点击"供应链管理",元素定位:('xpath', "//*[@id='app']/div/div[1]/div[2]/div[1]/div/ul/div[2]/li/div")
2022-02-10 14:50:49,342 - INFO basePage.py [line:88]: 查找"成本卡管理"元素，元素定位:('xpath', "//*[@id='app']/div/div[1]/div[2]/div[1]/div/ul/div[2]/li/ul/div[14]/a/li")
2022-02-10 14:50:49,342 - INFO basePage.py [line:88]: 查找"成本卡管理"元素，元素定位:('xpath', "//*[@id='app']/div/div[1]/div[2]/div[1]/div/ul/div[2]/li/ul/div[14]/a/li")
2022-02-10 14:50:49,357 - INFO basePage.py [line:140]: 点击"成本卡管理",元素定位:('xpath', "//*[@id='app']/div/div[1]/div[2]/div[1]/div/ul/div[2]/li/ul/div[14]/a/li")
2022-02-10 14:50:49,357 - INFO basePage.py [line:140]: 点击"成本卡管理",元素定位:('xpath', "//*[@id='app']/div/div[1]/div[2]/div[1]/div/ul/div[2]/li/ul/div[14]/a/li")
2022-02-10 14:50:52,492 - INFO basePage.py [line:88]: 查找"点击确定"元素，元素定位:('xpath', '/html/body/div[2]/div/div[3]/div/button[2]/span')
2022-02-10 14:50:52,492 - INFO basePage.py [line:88]: 查找"点击确定"元素，元素定位:('xpath', '/html/body/div[2]/div/div[3]/div/button[2]/span')
2022-02-10 14:50:52,600 - INFO basePage.py [line:140]: 点击"点击确定",元素定位:('xpath', '/html/body/div[2]/div/div[3]/div/button[2]/span')
2022-02-10 14:50:52,600 - INFO basePage.py [line:140]: 点击"点击确定",元素定位:('xpath', '/html/body/div[2]/div/div[3]/div/button[2]/span')
2022-02-10 14:50:52,648 - INFO basePage.py [line:74]: 等待"断言"元素,定位方式:('xpath', '/html/body/div[3]/p')
2022-02-10 14:50:52,648 - INFO basePage.py [line:74]: 等待"断言"元素,定位方式:('xpath', '/html/body/div[3]/p')
2022-02-10 14:50:53,032 - INFO basePage.py [line:79]: 等待"断言"时长:0:00:00.380979
2022-02-10 14:50:53,032 - INFO basePage.py [line:79]: 等待"断言"时长:0:00:00.380979
2022-02-10 14:51:11,945 - INFO basePage.py [line:88]: 查找"输入账号"元素，元素定位:('xpath', "//*[@id='app']/div/div[1]/div[2]/form/div[2]/div/div/input")
2022-02-10 14:51:11,945 - INFO basePage.py [line:88]: 查找"输入账号"元素，元素定位:('xpath', "//*[@id='app']/div/div[1]/div[2]/form/div[2]/div/div/input")
2022-02-10 14:51:11,959 - INFO basePage.py [line:113]: 在"输入账号"输入"oms1213",元素定位:('xpath', "//*[@id='app']/div/div[1]/div[2]/form/div[2]/div/div/input")
2022-02-10 14:51:11,959 - INFO basePage.py [line:113]: 在"输入账号"输入"oms1213",元素定位:('xpath', "//*[@id='app']/div/div[1]/div[2]/form/div[2]/div/div/input")
2022-02-10 14:51:12,037 - INFO basePage.py [line:88]: 查找"输入密码"元素，元素定位:('xpath', "//*[@id='app']/div/div[1]/div[2]/form/div[3]/div/div/input")
2022-02-10 14:51:12,037 - INFO basePage.py [line:88]: 查找"输入密码"元素，元素定位:('xpath', "//*[@id='app']/div/div[1]/div[2]/form/div[3]/div/div/input")
2022-02-10 14:51:12,050 - INFO basePage.py [line:113]: 在"输入密码"输入"Qq123456",元素定位:('xpath', "//*[@id='app']/div/div[1]/div[2]/form/div[3]/div/div/input")
2022-02-10 14:51:12,050 - INFO basePage.py [line:113]: 在"输入密码"输入"Qq123456",元素定位:('xpath', "//*[@id='app']/div/div[1]/div[2]/form/div[3]/div/div/input")
2022-02-10 14:51:12,113 - INFO basePage.py [line:88]: 查找"点击登录"元素，元素定位:('xpath', "//*[@id='app']/div/div[1]/div[2]/form/button")
2022-02-10 14:51:12,113 - INFO basePage.py [line:88]: 查找"点击登录"元素，元素定位:('xpath', "//*[@id='app']/div/div[1]/div[2]/form/button")
2022-02-10 14:51:12,126 - INFO basePage.py [line:140]: 点击"点击登录",元素定位:('xpath', "//*[@id='app']/div/div[1]/div[2]/form/button")
2022-02-10 14:51:12,126 - INFO basePage.py [line:140]: 点击"点击登录",元素定位:('xpath', "//*[@id='app']/div/div[1]/div[2]/form/button")
2022-02-10 14:51:15,189 - INFO basePage.py [line:88]: 查找"供应链管理"元素，元素定位:('xpath', "//*[@id='app']/div/div[1]/div[2]/div[1]/div/ul/div[2]/li/div")
2022-02-10 14:51:15,189 - INFO basePage.py [line:88]: 查找"供应链管理"元素，元素定位:('xpath', "//*[@id='app']/div/div[1]/div[2]/div[1]/div/ul/div[2]/li/div")
2022-02-10 14:51:16,875 - INFO basePage.py [line:140]: 点击"供应链管理",元素定位:('xpath', "//*[@id='app']/div/div[1]/div[2]/div[1]/div/ul/div[2]/li/div")
2022-02-10 14:51:16,875 - INFO basePage.py [line:140]: 点击"供应链管理",元素定位:('xpath', "//*[@id='app']/div/div[1]/div[2]/div[1]/div/ul/div[2]/li/div")
2022-02-10 14:51:16,929 - INFO basePage.py [line:88]: 查找"成本卡管理"元素，元素定位:('xpath', "//*[@id='app']/div/div[1]/div[2]/div[1]/div/ul/div[2]/li/ul/div[14]/a/li")
2022-02-10 14:51:16,929 - INFO basePage.py [line:88]: 查找"成本卡管理"元素，元素定位:('xpath', "//*[@id='app']/div/div[1]/div[2]/div[1]/div/ul/div[2]/li/ul/div[14]/a/li")
2022-02-10 14:51:16,942 - INFO basePage.py [line:140]: 点击"成本卡管理",元素定位:('xpath', "//*[@id='app']/div/div[1]/div[2]/div[1]/div/ul/div[2]/li/ul/div[14]/a/li")
2022-02-10 14:51:16,942 - INFO basePage.py [line:140]: 点击"成本卡管理",元素定位:('xpath', "//*[@id='app']/div/div[1]/div[2]/div[1]/div/ul/div[2]/li/ul/div[14]/a/li")
2022-02-10 14:51:21,390 - INFO basePage.py [line:88]: 查找"清除净量"元素，元素定位:('xpath', "//*[@id='input-0-0-child-input']")
2022-02-10 14:51:21,390 - INFO basePage.py [line:88]: 查找"清除净量"元素，元素定位:('xpath', "//*[@id='input-0-0-child-input']")
2022-02-10 14:51:21,485 - INFO basePage.py [line:126]: 清除"清除净量",元素定位:('xpath', "//*[@id='input-0-0-child-input']")
2022-02-10 14:51:21,485 - INFO basePage.py [line:126]: 清除"清除净量",元素定位:('xpath', "//*[@id='input-0-0-child-input']")
2022-02-10 14:51:21,520 - INFO basePage.py [line:88]: 查找"输入净量"元素，元素定位:('xpath', "//*[@id='input-0-0-child-input']")
2022-02-10 14:51:21,520 - INFO basePage.py [line:88]: 查找"输入净量"元素，元素定位:('xpath', "//*[@id='input-0-0-child-input']")
2022-02-10 14:51:21,530 - INFO basePage.py [line:113]: 在"输入净量"输入"10",元素定位:('xpath', "//*[@id='input-0-0-child-input']")
2022-02-10 14:51:21,530 - INFO basePage.py [line:113]: 在"输入净量"输入"10",元素定位:('xpath', "//*[@id='input-0-0-child-input']")
2022-02-10 14:51:21,571 - INFO basePage.py [line:88]: 查找"点击确定"元素，元素定位:('xpath', "//*[@id='app']/div/div[2]/section/div/section/div/div/div[3]/div/button[2]/span")
2022-02-10 14:51:21,571 - INFO basePage.py [line:88]: 查找"点击确定"元素，元素定位:('xpath', "//*[@id='app']/div/div[2]/section/div/section/div/div/div[3]/div/button[2]/span")
2022-02-10 14:51:21,584 - INFO basePage.py [line:140]: 点击"点击确定",元素定位:('xpath', "//*[@id='app']/div/div[2]/section/div/section/div/div/div[3]/div/button[2]/span")
2022-02-10 14:51:21,584 - INFO basePage.py [line:140]: 点击"点击确定",元素定位:('xpath', "//*[@id='app']/div/div[2]/section/div/section/div/div/div[3]/div/button[2]/span")
2022-02-10 14:51:21,649 - INFO basePage.py [line:74]: 等待"断言"元素,定位方式:('xpath', '/html/body/div[2]/p')
2022-02-10 14:51:21,649 - INFO basePage.py [line:74]: 等待"断言"元素,定位方式:('xpath', '/html/body/div[2]/p')
2022-02-10 14:51:22,104 - INFO basePage.py [line:79]: 等待"断言"时长:0:00:00.452029
2022-02-10 14:51:22,104 - INFO basePage.py [line:79]: 等待"断言"时长:0:00:00.452029
2022-02-10 14:51:27,193 - INFO requestbase.py [line:21]: 连通接口"https://supplychain-server-stg.datousoft.com/items",接口header为:"{'authorization': 'Bearer eyJhbGciOiJIUzUxMiJ9.eyJqdGkiOiIwNDZjNjMyOTIxOGU0MTljYTZiYjQ3OTEyZjAwMzIwNiIsImF1dGgiOiIiLCJpZCI6NTk5LCJzdWIiOiIxMiJ9.MPElZCsOw7hcg3sXxLtsGkD4660aPdcnO5A0XU2KiH_ehmNAqEeY6rg9Frle-Dv3M-jm-85v70xEM-RoM405qg'}",接口param为：{'pageNum': '1', 'pageSize': '20'}
2022-02-10 14:51:27,193 - INFO requestbase.py [line:21]: 连通接口"https://supplychain-server-stg.datousoft.com/items",接口header为:"{'authorization': 'Bearer eyJhbGciOiJIUzUxMiJ9.eyJqdGkiOiIwNDZjNjMyOTIxOGU0MTljYTZiYjQ3OTEyZjAwMzIwNiIsImF1dGgiOiIiLCJpZCI6NTk5LCJzdWIiOiIxMiJ9.MPElZCsOw7hcg3sXxLtsGkD4660aPdcnO5A0XU2KiH_ehmNAqEeY6rg9Frle-Dv3M-jm-85v70xEM-RoM405qg'}",接口param为：{'pageNum': '1', 'pageSize': '20'}
2022-02-10 14:51:28,399 - INFO requestbase.py [line:26]: 等待接口"https://supplychain-server-stg.datousoft.com/items"时长:0:00:01.202822
2022-02-10 14:51:28,399 - INFO requestbase.py [line:26]: 等待接口"https://supplychain-server-stg.datousoft.com/items"时长:0:00:01.202822
2022-02-10 14:51:28,404 - INFO assertbase.py [line:28]: 预计接口返回code为"200.0",实际返回code为:"200"
2022-02-10 14:51:28,404 - INFO assertbase.py [line:28]: 预计接口返回code为"200.0",实际返回code为:"200"
2022-02-10 14:51:28,407 - INFO assertbase.py [line:31]: 预计接口返回code为"200.0",实际返回code为:"200"
2022-02-10 14:51:28,407 - INFO assertbase.py [line:31]: 预计接口返回code为"200.0",实际返回code为:"200"
2022-02-10 14:51:28,419 - INFO requestbase.py [line:21]: 连通接口"https://supplychain-server-stg.datousoft.com/groups/current/items/1",接口header为:"{'authorization': 'Bearer eyJhbGciOiJIUzUxMiJ9.eyJqdGkiOiIwNDZjNjMyOTIxOGU0MTljYTZiYjQ3OTEyZjAwMzIwNiIsImF1dGgiOiIiLCJpZCI6NTk5LCJzdWIiOiIxMiJ9.MPElZCsOw7hcg3sXxLtsGkD4660aPdcnO5A0XU2KiH_ehmNAqEeY6rg9Frle-Dv3M-jm-85v70xEM-RoM405qg'}",接口param为：
2022-02-10 14:51:28,419 - INFO requestbase.py [line:21]: 连通接口"https://supplychain-server-stg.datousoft.com/groups/current/items/1",接口header为:"{'authorization': 'Bearer eyJhbGciOiJIUzUxMiJ9.eyJqdGkiOiIwNDZjNjMyOTIxOGU0MTljYTZiYjQ3OTEyZjAwMzIwNiIsImF1dGgiOiIiLCJpZCI6NTk5LCJzdWIiOiIxMiJ9.MPElZCsOw7hcg3sXxLtsGkD4660aPdcnO5A0XU2KiH_ehmNAqEeY6rg9Frle-Dv3M-jm-85v70xEM-RoM405qg'}",接口param为：
2022-02-10 14:51:28,502 - INFO requestbase.py [line:26]: 等待接口"https://supplychain-server-stg.datousoft.com/groups/current/items/1"时长:0:00:00.081140
2022-02-10 14:51:28,502 - INFO requestbase.py [line:26]: 等待接口"https://supplychain-server-stg.datousoft.com/groups/current/items/1"时长:0:00:00.081140
2022-02-10 14:51:28,505 - INFO assertbase.py [line:28]: 预计接口返回code为"200.0",实际返回code为:"200"
2022-02-10 14:51:28,505 - INFO assertbase.py [line:28]: 预计接口返回code为"200.0",实际返回code为:"200"
2022-02-10 14:51:28,508 - INFO assertbase.py [line:31]: 预计接口返回code为"200.0",实际返回code为:"200"
2022-02-10 14:51:28,508 - INFO assertbase.py [line:31]: 预计接口返回code为"200.0",实际返回code为:"200"
2022-02-10 14:51:28,518 - INFO requestbase.py [line:69]: 连通接口"https://supplychain-server-stg.datousoft.com/items/1",接口data为:"",接口json{'enable': 'true', 'tags': ['12', '23', '34', '45', '56', '67', '78', '89', '01', '99953816724', '99897524630', '99135297046', '99254607193', '99310649275', '99376528194', '99352478916', '99503247816', '99187059632', '99953042716', '99638017452', '99237065184'], 'enableValidDays': 'true'}
2022-02-10 14:51:28,518 - INFO requestbase.py [line:69]: 连通接口"https://supplychain-server-stg.datousoft.com/items/1",接口data为:"",接口json{'enable': 'true', 'tags': ['12', '23', '34', '45', '56', '67', '78', '89', '01', '99953816724', '99897524630', '99135297046', '99254607193', '99310649275', '99376528194', '99352478916', '99503247816', '99187059632', '99953042716', '99638017452', '99237065184'], 'enableValidDays': 'true'}
2022-02-10 14:51:28,597 - INFO requestbase.py [line:74]: 等待接口"https://supplychain-server-stg.datousoft.com/items/1"时长:0:00:00.076653
2022-02-10 14:51:28,597 - INFO requestbase.py [line:74]: 等待接口"https://supplychain-server-stg.datousoft.com/items/1"时长:0:00:00.076653
2022-02-10 14:51:28,600 - INFO assertbase.py [line:28]: 预计接口返回code为"200.0",实际返回code为:"200"
2022-02-10 14:51:28,600 - INFO assertbase.py [line:28]: 预计接口返回code为"200.0",实际返回code为:"200"
2022-02-10 14:51:28,603 - INFO assertbase.py [line:31]: 预计接口返回code为"200.0",实际返回code为:"200"
2022-02-10 14:51:28,603 - INFO assertbase.py [line:31]: 预计接口返回code为"200.0",实际返回code为:"200"
2022-02-10 14:51:28,615 - INFO requestbase.py [line:69]: 连通接口"https://supplychain-server-stg.datousoft.com/shops/1",接口data为:"",接口json{'deliveryCenterId': 1, 'ownerCompanyId': 1}
2022-02-10 14:51:28,615 - INFO requestbase.py [line:69]: 连通接口"https://supplychain-server-stg.datousoft.com/shops/1",接口data为:"",接口json{'deliveryCenterId': 1, 'ownerCompanyId': 1}
2022-02-10 14:51:28,707 - INFO requestbase.py [line:74]: 等待接口"https://supplychain-server-stg.datousoft.com/shops/1"时长:0:00:00.088624
2022-02-10 14:51:28,707 - INFO requestbase.py [line:74]: 等待接口"https://supplychain-server-stg.datousoft.com/shops/1"时长:0:00:00.088624
2022-02-10 14:51:28,711 - INFO assertbase.py [line:28]: 预计接口返回code为"200.0",实际返回code为:"200"
2022-02-10 14:51:28,711 - INFO assertbase.py [line:28]: 预计接口返回code为"200.0",实际返回code为:"200"
2022-02-10 14:51:28,715 - INFO assertbase.py [line:31]: 预计接口返回code为"200.0",实际返回code为:"200"
2022-02-10 14:51:28,715 - INFO assertbase.py [line:31]: 预计接口返回code为"200.0",实际返回code为:"200"
2022-02-10 14:51:28,728 - INFO requestbase.py [line:21]: 连通接口"https://supplychain-server-stg.datousoft.com/suppliers/1",接口header为:"{'authorization': 'Bearer eyJhbGciOiJIUzUxMiJ9.eyJqdGkiOiIwNDZjNjMyOTIxOGU0MTljYTZiYjQ3OTEyZjAwMzIwNiIsImF1dGgiOiIiLCJpZCI6NTk5LCJzdWIiOiIxMiJ9.MPElZCsOw7hcg3sXxLtsGkD4660aPdcnO5A0XU2KiH_ehmNAqEeY6rg9Frle-Dv3M-jm-85v70xEM-RoM405qg'}",接口param为：
2022-02-10 14:51:28,728 - INFO requestbase.py [line:21]: 连通接口"https://supplychain-server-stg.datousoft.com/suppliers/1",接口header为:"{'authorization': 'Bearer eyJhbGciOiJIUzUxMiJ9.eyJqdGkiOiIwNDZjNjMyOTIxOGU0MTljYTZiYjQ3OTEyZjAwMzIwNiIsImF1dGgiOiIiLCJpZCI6NTk5LCJzdWIiOiIxMiJ9.MPElZCsOw7hcg3sXxLtsGkD4660aPdcnO5A0XU2KiH_ehmNAqEeY6rg9Frle-Dv3M-jm-85v70xEM-RoM405qg'}",接口param为：
2022-02-10 14:51:28,806 - INFO requestbase.py [line:26]: 等待接口"https://supplychain-server-stg.datousoft.com/suppliers/1"时长:0:00:00.073854
2022-02-10 14:51:28,806 - INFO requestbase.py [line:26]: 等待接口"https://supplychain-server-stg.datousoft.com/suppliers/1"时长:0:00:00.073854
2022-02-10 14:51:28,809 - INFO assertbase.py [line:28]: 预计接口返回code为"200.0",实际返回code为:"200"
2022-02-10 14:51:28,809 - INFO assertbase.py [line:28]: 预计接口返回code为"200.0",实际返回code为:"200"
2022-02-10 14:51:28,812 - INFO assertbase.py [line:31]: 预计接口返回code为"200.0",实际返回code为:"200"
2022-02-10 14:51:28,812 - INFO assertbase.py [line:31]: 预计接口返回code为"200.0",实际返回code为:"200"
2022-02-10 14:51:28,822 - INFO requestbase.py [line:69]: 连通接口"https://supplychain-server-stg.datousoft.com/suppliers/1",接口data为:"",接口json{'enable': 'false'}
2022-02-10 14:51:28,822 - INFO requestbase.py [line:69]: 连通接口"https://supplychain-server-stg.datousoft.com/suppliers/1",接口data为:"",接口json{'enable': 'false'}
2022-02-10 14:51:28,924 - INFO requestbase.py [line:74]: 等待接口"https://supplychain-server-stg.datousoft.com/suppliers/1"时长:0:00:00.099642
2022-02-10 14:51:28,924 - INFO requestbase.py [line:74]: 等待接口"https://supplychain-server-stg.datousoft.com/suppliers/1"时长:0:00:00.099642
2022-02-10 14:51:28,930 - INFO assertbase.py [line:28]: 预计接口返回code为"200.0",实际返回code为:"200"
2022-02-10 14:51:28,930 - INFO assertbase.py [line:28]: 预计接口返回code为"200.0",实际返回code为:"200"
2022-02-10 14:51:28,937 - INFO assertbase.py [line:31]: 预计接口返回code为"200.0",实际返回code为:"200"
2022-02-10 14:51:28,937 - INFO assertbase.py [line:31]: 预计接口返回code为"200.0",实际返回code为:"200"
