2022-02-10 14:46:39,693 - INFO basePage.py [line:88]: 查找"输入账号"元素，元素定位:('xpath', "//*[@id='app']/div/div[1]/div[2]/form/div[2]/div/div/input")
2022-02-10 14:46:39,693 - INFO basePage.py [line:88]: 查找"输入账号"元素，元素定位:('xpath', "//*[@id='app']/div/div[1]/div[2]/form/div[2]/div/div/input")
2022-02-10 14:46:39,706 - INFO basePage.py [line:113]: 在"输入账号"输入"oms1213",元素定位:('xpath', "//*[@id='app']/div/div[1]/div[2]/form/div[2]/div/div/input")
2022-02-10 14:46:39,706 - INFO basePage.py [line:113]: 在"输入账号"输入"oms1213",元素定位:('xpath', "//*[@id='app']/div/div[1]/div[2]/form/div[2]/div/div/input")
2022-02-10 14:46:39,782 - INFO basePage.py [line:88]: 查找"输入密码"元素，元素定位:('xpath', "//*[@id='app']/div/div[1]/div[2]/form/div[3]/div/div/input")
2022-02-10 14:46:39,782 - INFO basePage.py [line:88]: 查找"输入密码"元素，元素定位:('xpath', "//*[@id='app']/div/div[1]/div[2]/form/div[3]/div/div/input")
2022-02-10 14:46:39,795 - INFO basePage.py [line:113]: 在"输入密码"输入"Qq123456",元素定位:('xpath', "//*[@id='app']/div/div[1]/div[2]/form/div[3]/div/div/input")
2022-02-10 14:46:39,795 - INFO basePage.py [line:113]: 在"输入密码"输入"Qq123456",元素定位:('xpath', "//*[@id='app']/div/div[1]/div[2]/form/div[3]/div/div/input")
2022-02-10 14:46:39,859 - INFO basePage.py [line:88]: 查找"点击登录"元素，元素定位:('xpath', "//*[@id='app']/div/div[1]/div[2]/form/button")
2022-02-10 14:46:39,859 - INFO basePage.py [line:88]: 查找"点击登录"元素，元素定位:('xpath', "//*[@id='app']/div/div[1]/div[2]/form/button")
2022-02-10 14:46:39,871 - INFO basePage.py [line:140]: 点击"点击登录",元素定位:('xpath', "//*[@id='app']/div/div[1]/div[2]/form/button")
2022-02-10 14:46:39,871 - INFO basePage.py [line:140]: 点击"点击登录",元素定位:('xpath', "//*[@id='app']/div/div[1]/div[2]/form/button")
2022-02-10 14:46:42,924 - INFO basePage.py [line:88]: 查找"供应链管理"元素，元素定位:('xpath', "//*[@id='app']/div/div[1]/div[2]/div[1]/div/ul/div[2]/li/div")
2022-02-10 14:46:42,924 - INFO basePage.py [line:88]: 查找"供应链管理"元素，元素定位:('xpath', "//*[@id='app']/div/div[1]/div[2]/div[1]/div/ul/div[2]/li/div")
2022-02-10 14:46:42,942 - INFO basePage.py [line:140]: 点击"供应链管理",元素定位:('xpath', "//*[@id='app']/div/div[1]/div[2]/div[1]/div/ul/div[2]/li/div")
2022-02-10 14:46:42,942 - INFO basePage.py [line:140]: 点击"供应链管理",元素定位:('xpath', "//*[@id='app']/div/div[1]/div[2]/div[1]/div/ul/div[2]/li/div")
2022-02-10 14:46:42,986 - INFO basePage.py [line:88]: 查找"盘点模板管理"元素，元素定位:('xpath', "//*[@id='app']/div/div[1]/div[2]/div[1]/div/ul/div[2]/li/ul/div[9]/a/li")
2022-02-10 14:46:42,986 - INFO basePage.py [line:88]: 查找"盘点模板管理"元素，元素定位:('xpath', "//*[@id='app']/div/div[1]/div[2]/div[1]/div/ul/div[2]/li/ul/div[9]/a/li")
2022-02-10 14:46:42,998 - INFO basePage.py [line:140]: 点击"盘点模板管理",元素定位:('xpath', "//*[@id='app']/div/div[1]/div[2]/div[1]/div/ul/div[2]/li/ul/div[9]/a/li")
2022-02-10 14:46:42,998 - INFO basePage.py [line:140]: 点击"盘点模板管理",元素定位:('xpath', "//*[@id='app']/div/div[1]/div[2]/div[1]/div/ul/div[2]/li/ul/div[9]/a/li")
2022-02-10 14:46:46,264 - INFO basePage.py [line:88]: 查找"点击停用盘点模板"元素，元素定位:('xpath', "//*[@id='app']/div/div[2]/section/div/section/main/section/main/div/div[1]/div[4]/div[2]/table/tbody/tr[2]/td[2]/div/button[3]/span")
2022-02-10 14:46:46,264 - INFO basePage.py [line:88]: 查找"点击停用盘点模板"元素，元素定位:('xpath', "//*[@id='app']/div/div[2]/section/div/section/main/section/main/div/div[1]/div[4]/div[2]/table/tbody/tr[2]/td[2]/div/button[3]/span")
2022-02-10 14:46:46,282 - INFO basePage.py [line:140]: 点击"点击停用盘点模板",元素定位:('xpath', "//*[@id='app']/div/div[2]/section/div/section/main/section/main/div/div[1]/div[4]/div[2]/table/tbody/tr[2]/td[2]/div/button[3]/span")
2022-02-10 14:46:46,282 - INFO basePage.py [line:140]: 点击"点击停用盘点模板",元素定位:('xpath', "//*[@id='app']/div/div[2]/section/div/section/main/section/main/div/div[1]/div[4]/div[2]/table/tbody/tr[2]/td[2]/div/button[3]/span")
2022-02-10 14:46:47,369 - INFO basePage.py [line:74]: 等待"停用盘点模板断言"元素,定位方式:('xpath', '/html/body/div[2]/p')
2022-02-10 14:46:47,369 - INFO basePage.py [line:74]: 等待"停用盘点模板断言"元素,定位方式:('xpath', '/html/body/div[2]/p')
2022-02-10 14:46:47,397 - INFO basePage.py [line:79]: 等待"停用盘点模板断言"时长:0:00:00.022339
2022-02-10 14:46:47,397 - INFO basePage.py [line:79]: 等待"停用盘点模板断言"时长:0:00:00.022339
2022-02-10 14:47:18,962 - INFO basePage.py [line:88]: 查找"输入账号"元素，元素定位:('xpath', "//*[@id='app']/div/div[1]/div[2]/form/div[2]/div/div/input")
2022-02-10 14:47:18,962 - INFO basePage.py [line:88]: 查找"输入账号"元素，元素定位:('xpath', "//*[@id='app']/div/div[1]/div[2]/form/div[2]/div/div/input")
2022-02-10 14:47:18,981 - INFO basePage.py [line:113]: 在"输入账号"输入"oms1213",元素定位:('xpath', "//*[@id='app']/div/div[1]/div[2]/form/div[2]/div/div/input")
2022-02-10 14:47:18,981 - INFO basePage.py [line:113]: 在"输入账号"输入"oms1213",元素定位:('xpath', "//*[@id='app']/div/div[1]/div[2]/form/div[2]/div/div/input")
2022-02-10 14:47:19,056 - INFO basePage.py [line:88]: 查找"输入密码"元素，元素定位:('xpath', "//*[@id='app']/div/div[1]/div[2]/form/div[3]/div/div/input")
2022-02-10 14:47:19,056 - INFO basePage.py [line:88]: 查找"输入密码"元素，元素定位:('xpath', "//*[@id='app']/div/div[1]/div[2]/form/div[3]/div/div/input")
2022-02-10 14:47:19,072 - INFO basePage.py [line:113]: 在"输入密码"输入"Qq123456",元素定位:('xpath', "//*[@id='app']/div/div[1]/div[2]/form/div[3]/div/div/input")
2022-02-10 14:47:19,072 - INFO basePage.py [line:113]: 在"输入密码"输入"Qq123456",元素定位:('xpath', "//*[@id='app']/div/div[1]/div[2]/form/div[3]/div/div/input")
2022-02-10 14:47:19,135 - INFO basePage.py [line:88]: 查找"点击登录"元素，元素定位:('xpath', "//*[@id='app']/div/div[1]/div[2]/form/button")
2022-02-10 14:47:19,135 - INFO basePage.py [line:88]: 查找"点击登录"元素，元素定位:('xpath', "//*[@id='app']/div/div[1]/div[2]/form/button")
2022-02-10 14:47:19,147 - INFO basePage.py [line:140]: 点击"点击登录",元素定位:('xpath', "//*[@id='app']/div/div[1]/div[2]/form/button")
2022-02-10 14:47:19,147 - INFO basePage.py [line:140]: 点击"点击登录",元素定位:('xpath', "//*[@id='app']/div/div[1]/div[2]/form/button")
2022-02-10 14:47:22,206 - INFO basePage.py [line:88]: 查找"供应链管理"元素，元素定位:('xpath', "//*[@id='app']/div/div[1]/div[2]/div[1]/div/ul/div[2]/li/div")
2022-02-10 14:47:22,206 - INFO basePage.py [line:88]: 查找"供应链管理"元素，元素定位:('xpath', "//*[@id='app']/div/div[1]/div[2]/div[1]/div/ul/div[2]/li/div")
2022-02-10 14:47:22,235 - INFO basePage.py [line:140]: 点击"供应链管理",元素定位:('xpath', "//*[@id='app']/div/div[1]/div[2]/div[1]/div/ul/div[2]/li/div")
2022-02-10 14:47:22,235 - INFO basePage.py [line:140]: 点击"供应链管理",元素定位:('xpath', "//*[@id='app']/div/div[1]/div[2]/div[1]/div/ul/div[2]/li/div")
2022-02-10 14:47:22,281 - INFO basePage.py [line:88]: 查找"盘点模板管理"元素，元素定位:('xpath', "//*[@id='app']/div/div[1]/div[2]/div[1]/div/ul/div[2]/li/ul/div[9]/a/li")
2022-02-10 14:47:22,281 - INFO basePage.py [line:88]: 查找"盘点模板管理"元素，元素定位:('xpath', "//*[@id='app']/div/div[1]/div[2]/div[1]/div/ul/div[2]/li/ul/div[9]/a/li")
2022-02-10 14:47:22,294 - INFO basePage.py [line:140]: 点击"盘点模板管理",元素定位:('xpath', "//*[@id='app']/div/div[1]/div[2]/div[1]/div/ul/div[2]/li/ul/div[9]/a/li")
2022-02-10 14:47:22,294 - INFO basePage.py [line:140]: 点击"盘点模板管理",元素定位:('xpath', "//*[@id='app']/div/div[1]/div[2]/div[1]/div/ul/div[2]/li/ul/div[9]/a/li")
2022-02-10 14:47:26,545 - INFO basePage.py [line:88]: 查找"点击启用盘点模板"元素，元素定位:('xpath', "//*[@id='app']/div/div[2]/section/div/section/main/section/main/div/div[1]/div[4]/div[2]/table/tbody/tr[2]/td[2]/div/button[3]/span")
2022-02-10 14:47:26,545 - INFO basePage.py [line:88]: 查找"点击启用盘点模板"元素，元素定位:('xpath', "//*[@id='app']/div/div[2]/section/div/section/main/section/main/div/div[1]/div[4]/div[2]/table/tbody/tr[2]/td[2]/div/button[3]/span")
2022-02-10 14:47:26,563 - INFO basePage.py [line:140]: 点击"点击启用盘点模板",元素定位:('xpath', "//*[@id='app']/div/div[2]/section/div/section/main/section/main/div/div[1]/div[4]/div[2]/table/tbody/tr[2]/td[2]/div/button[3]/span")
2022-02-10 14:47:26,563 - INFO basePage.py [line:140]: 点击"点击启用盘点模板",元素定位:('xpath', "//*[@id='app']/div/div[2]/section/div/section/main/section/main/div/div[1]/div[4]/div[2]/table/tbody/tr[2]/td[2]/div/button[3]/span")
2022-02-10 14:47:28,664 - INFO basePage.py [line:74]: 等待"启用盘点模板断言"元素,定位方式:('xpath', '/html/body/div[2]/p')
2022-02-10 14:47:28,664 - INFO basePage.py [line:74]: 等待"启用盘点模板断言"元素,定位方式:('xpath', '/html/body/div[2]/p')
2022-02-10 14:47:28,692 - INFO basePage.py [line:79]: 等待"启用盘点模板断言"时长:0:00:00.022986
2022-02-10 14:47:28,692 - INFO basePage.py [line:79]: 等待"启用盘点模板断言"时长:0:00:00.022986
2022-02-10 14:47:47,138 - INFO basePage.py [line:88]: 查找"输入账号"元素，元素定位:('xpath', "//*[@id='app']/div/div[1]/div[2]/form/div[2]/div/div/input")
2022-02-10 14:47:47,138 - INFO basePage.py [line:88]: 查找"输入账号"元素，元素定位:('xpath', "//*[@id='app']/div/div[1]/div[2]/form/div[2]/div/div/input")
2022-02-10 14:47:47,152 - INFO basePage.py [line:113]: 在"输入账号"输入"oms1213",元素定位:('xpath', "//*[@id='app']/div/div[1]/div[2]/form/div[2]/div/div/input")
2022-02-10 14:47:47,152 - INFO basePage.py [line:113]: 在"输入账号"输入"oms1213",元素定位:('xpath', "//*[@id='app']/div/div[1]/div[2]/form/div[2]/div/div/input")
2022-02-10 14:47:47,227 - INFO basePage.py [line:88]: 查找"输入密码"元素，元素定位:('xpath', "//*[@id='app']/div/div[1]/div[2]/form/div[3]/div/div/input")
2022-02-10 14:47:47,227 - INFO basePage.py [line:88]: 查找"输入密码"元素，元素定位:('xpath', "//*[@id='app']/div/div[1]/div[2]/form/div[3]/div/div/input")
2022-02-10 14:47:47,240 - INFO basePage.py [line:113]: 在"输入密码"输入"Qq123456",元素定位:('xpath', "//*[@id='app']/div/div[1]/div[2]/form/div[3]/div/div/input")
2022-02-10 14:47:47,240 - INFO basePage.py [line:113]: 在"输入密码"输入"Qq123456",元素定位:('xpath', "//*[@id='app']/div/div[1]/div[2]/form/div[3]/div/div/input")
2022-02-10 14:47:47,304 - INFO basePage.py [line:88]: 查找"点击登录"元素，元素定位:('xpath', "//*[@id='app']/div/div[1]/div[2]/form/button")
2022-02-10 14:47:47,304 - INFO basePage.py [line:88]: 查找"点击登录"元素，元素定位:('xpath', "//*[@id='app']/div/div[1]/div[2]/form/button")
2022-02-10 14:47:47,316 - INFO basePage.py [line:140]: 点击"点击登录",元素定位:('xpath', "//*[@id='app']/div/div[1]/div[2]/form/button")
2022-02-10 14:47:47,316 - INFO basePage.py [line:140]: 点击"点击登录",元素定位:('xpath', "//*[@id='app']/div/div[1]/div[2]/form/button")
2022-02-10 14:47:50,382 - INFO basePage.py [line:88]: 查找"供应链管理"元素，元素定位:('xpath', "//*[@id='app']/div/div[1]/div[2]/div[1]/div/ul/div[2]/li/div")
2022-02-10 14:47:50,382 - INFO basePage.py [line:88]: 查找"供应链管理"元素，元素定位:('xpath', "//*[@id='app']/div/div[1]/div[2]/div[1]/div/ul/div[2]/li/div")
2022-02-10 14:47:50,400 - INFO basePage.py [line:140]: 点击"供应链管理",元素定位:('xpath', "//*[@id='app']/div/div[1]/div[2]/div[1]/div/ul/div[2]/li/div")
2022-02-10 14:47:50,400 - INFO basePage.py [line:140]: 点击"供应链管理",元素定位:('xpath', "//*[@id='app']/div/div[1]/div[2]/div[1]/div/ul/div[2]/li/div")
2022-02-10 14:47:50,444 - INFO basePage.py [line:88]: 查找"盘点模板管理"元素，元素定位:('xpath', "//*[@id='app']/div/div[1]/div[2]/div[1]/div/ul/div[2]/li/ul/div[9]/a/li")
2022-02-10 14:47:50,444 - INFO basePage.py [line:88]: 查找"盘点模板管理"元素，元素定位:('xpath', "//*[@id='app']/div/div[1]/div[2]/div[1]/div/ul/div[2]/li/ul/div[9]/a/li")
2022-02-10 14:47:50,456 - INFO basePage.py [line:140]: 点击"盘点模板管理",元素定位:('xpath', "//*[@id='app']/div/div[1]/div[2]/div[1]/div/ul/div[2]/li/ul/div[9]/a/li")
2022-02-10 14:47:50,456 - INFO basePage.py [line:140]: 点击"盘点模板管理",元素定位:('xpath', "//*[@id='app']/div/div[1]/div[2]/div[1]/div/ul/div[2]/li/ul/div[9]/a/li")
2022-02-10 14:47:53,730 - INFO basePage.py [line:88]: 查找"点击删除盘点模板"元素，元素定位:('xpath', "//*[@id='app']/div/div[2]/section/div/section/main/section/main/div/div[1]/div[4]/div[2]/table/tbody/tr[2]/td[2]/div/span/span/button/span")
2022-02-10 14:47:53,730 - INFO basePage.py [line:88]: 查找"点击删除盘点模板"元素，元素定位:('xpath', "//*[@id='app']/div/div[2]/section/div/section/main/section/main/div/div[1]/div[4]/div[2]/table/tbody/tr[2]/td[2]/div/span/span/button/span")
2022-02-10 14:47:53,762 - INFO basePage.py [line:140]: 点击"点击删除盘点模板",元素定位:('xpath', "//*[@id='app']/div/div[2]/section/div/section/main/section/main/div/div[1]/div[4]/div[2]/table/tbody/tr[2]/td[2]/div/span/span/button/span")
2022-02-10 14:47:53,762 - INFO basePage.py [line:140]: 点击"点击删除盘点模板",元素定位:('xpath', "//*[@id='app']/div/div[2]/section/div/section/main/section/main/div/div[1]/div[4]/div[2]/table/tbody/tr[2]/td[2]/div/span/span/button/span")
2022-02-10 14:47:53,809 - INFO basePage.py [line:88]: 查找"二次确定删除"元素，元素定位:('xpath', '/html/body/div[2]/div[1]/div/button[2]/span')
2022-02-10 14:47:53,809 - INFO basePage.py [line:88]: 查找"二次确定删除"元素，元素定位:('xpath', '/html/body/div[2]/div[1]/div/button[2]/span')
2022-02-10 14:47:53,822 - INFO basePage.py [line:140]: 点击"二次确定删除",元素定位:('xpath', '/html/body/div[2]/div[1]/div/button[2]/span')
2022-02-10 14:47:53,822 - INFO basePage.py [line:140]: 点击"二次确定删除",元素定位:('xpath', '/html/body/div[2]/div[1]/div/button[2]/span')
2022-02-10 14:47:54,878 - INFO basePage.py [line:74]: 等待"删除盘点模板断言"元素,定位方式:('xpath', '/html/body/div[3]/p')
2022-02-10 14:47:54,878 - INFO basePage.py [line:74]: 等待"删除盘点模板断言"元素,定位方式:('xpath', '/html/body/div[3]/p')
2022-02-10 14:47:54,903 - INFO basePage.py [line:79]: 等待"删除盘点模板断言"时长:0:00:00.022945
2022-02-10 14:47:54,903 - INFO basePage.py [line:79]: 等待"删除盘点模板断言"时长:0:00:00.022945
2022-02-10 14:48:13,506 - INFO basePage.py [line:88]: 查找"输入账号"元素，元素定位:('xpath', "//*[@id='app']/div/div[1]/div[2]/form/div[2]/div/div/input")
2022-02-10 14:48:13,506 - INFO basePage.py [line:88]: 查找"输入账号"元素，元素定位:('xpath', "//*[@id='app']/div/div[1]/div[2]/form/div[2]/div/div/input")
2022-02-10 14:48:13,519 - INFO basePage.py [line:113]: 在"输入账号"输入"oms1213",元素定位:('xpath', "//*[@id='app']/div/div[1]/div[2]/form/div[2]/div/div/input")
2022-02-10 14:48:13,519 - INFO basePage.py [line:113]: 在"输入账号"输入"oms1213",元素定位:('xpath', "//*[@id='app']/div/div[1]/div[2]/form/div[2]/div/div/input")
2022-02-10 14:48:13,593 - INFO basePage.py [line:88]: 查找"输入密码"元素，元素定位:('xpath', "//*[@id='app']/div/div[1]/div[2]/form/div[3]/div/div/input")
2022-02-10 14:48:13,593 - INFO basePage.py [line:88]: 查找"输入密码"元素，元素定位:('xpath', "//*[@id='app']/div/div[1]/div[2]/form/div[3]/div/div/input")
2022-02-10 14:48:13,608 - INFO basePage.py [line:113]: 在"输入密码"输入"Qq123456",元素定位:('xpath', "//*[@id='app']/div/div[1]/div[2]/form/div[3]/div/div/input")
2022-02-10 14:48:13,608 - INFO basePage.py [line:113]: 在"输入密码"输入"Qq123456",元素定位:('xpath', "//*[@id='app']/div/div[1]/div[2]/form/div[3]/div/div/input")
2022-02-10 14:48:13,671 - INFO basePage.py [line:88]: 查找"点击登录"元素，元素定位:('xpath', "//*[@id='app']/div/div[1]/div[2]/form/button")
2022-02-10 14:48:13,671 - INFO basePage.py [line:88]: 查找"点击登录"元素，元素定位:('xpath', "//*[@id='app']/div/div[1]/div[2]/form/button")
2022-02-10 14:48:13,683 - INFO basePage.py [line:140]: 点击"点击登录",元素定位:('xpath', "//*[@id='app']/div/div[1]/div[2]/form/button")
2022-02-10 14:48:13,683 - INFO basePage.py [line:140]: 点击"点击登录",元素定位:('xpath', "//*[@id='app']/div/div[1]/div[2]/form/button")
2022-02-10 14:48:16,749 - INFO basePage.py [line:88]: 查找"供应链管理"元素，元素定位:('xpath', "//*[@id='app']/div/div[1]/div[2]/div[1]/div/ul/div[2]/li/div")
2022-02-10 14:48:16,749 - INFO basePage.py [line:88]: 查找"供应链管理"元素，元素定位:('xpath', "//*[@id='app']/div/div[1]/div[2]/div[1]/div/ul/div[2]/li/div")
2022-02-10 14:48:16,789 - INFO basePage.py [line:140]: 点击"供应链管理",元素定位:('xpath', "//*[@id='app']/div/div[1]/div[2]/div[1]/div/ul/div[2]/li/div")
2022-02-10 14:48:16,789 - INFO basePage.py [line:140]: 点击"供应链管理",元素定位:('xpath', "//*[@id='app']/div/div[1]/div[2]/div[1]/div/ul/div[2]/li/div")
2022-02-10 14:48:16,832 - INFO basePage.py [line:88]: 查找"配送中心管理"元素，元素定位:('xpath', "//*[@id='app']/div/div[1]/div[2]/div[1]/div/ul/div[2]/li/ul/div[13]/a/li")
2022-02-10 14:48:16,832 - INFO basePage.py [line:88]: 查找"配送中心管理"元素，元素定位:('xpath', "//*[@id='app']/div/div[1]/div[2]/div[1]/div/ul/div[2]/li/ul/div[13]/a/li")
2022-02-10 14:48:16,845 - INFO basePage.py [line:140]: 点击"配送中心管理",元素定位:('xpath', "//*[@id='app']/div/div[1]/div[2]/div[1]/div/ul/div[2]/li/ul/div[13]/a/li")
2022-02-10 14:48:16,845 - INFO basePage.py [line:140]: 点击"配送中心管理",元素定位:('xpath', "//*[@id='app']/div/div[1]/div[2]/div[1]/div/ul/div[2]/li/ul/div[13]/a/li")
2022-02-10 14:48:18,100 - INFO basePage.py [line:88]: 查找"点击查看"元素，元素定位:('xpath', "//*[@id='app']/div/div[2]/section/div/section/main/div/div/div[1]/div[4]/div[2]/table/tbody/tr[1]/td[2]/div/button[1]/span")
2022-02-10 14:48:18,100 - INFO basePage.py [line:88]: 查找"点击查看"元素，元素定位:('xpath', "//*[@id='app']/div/div[2]/section/div/section/main/div/div/div[1]/div[4]/div[2]/table/tbody/tr[1]/td[2]/div/button[1]/span")
2022-02-10 14:48:19,233 - INFO basePage.py [line:140]: 点击"点击查看",元素定位:('xpath', "//*[@id='app']/div/div[2]/section/div/section/main/div/div/div[1]/div[4]/div[2]/table/tbody/tr[1]/td[2]/div/button[1]/span")
2022-02-10 14:48:19,233 - INFO basePage.py [line:140]: 点击"点击查看",元素定位:('xpath', "//*[@id='app']/div/div[2]/section/div/section/main/div/div/div[1]/div[4]/div[2]/table/tbody/tr[1]/td[2]/div/button[1]/span")
2022-02-10 14:48:20,320 - ERROR basePage.py [line:144]: "点击查看"点击失败
Traceback (most recent call last):
  File "e:\12\Common\basePage.py", line 142, in click_element
    ele.click()
  File "C:\Users\bonjour\AppData\Local\Programs\Python\Python39\lib\site-packages\selenium\webdriver\remote\webelement.py", line 80, in click
    self._execute(Command.CLICK_ELEMENT)
  File "C:\Users\bonjour\AppData\Local\Programs\Python\Python39\lib\site-packages\selenium\webdriver\remote\webelement.py", line 633, in _execute
    return self._parent.execute(command, params)
  File "C:\Users\bonjour\AppData\Local\Programs\Python\Python39\lib\site-packages\selenium\webdriver\remote\webdriver.py", line 321, in execute
    self.error_handler.check_response(response)
  File "C:\Users\bonjour\AppData\Local\Programs\Python\Python39\lib\site-packages\selenium\webdriver\remote\errorhandler.py", line 242, in check_response
    raise exception_class(message, screen, stacktrace)
selenium.common.exceptions.ElementClickInterceptedException: Message: element click intercepted: Element <span>...</span> is not clickable at point (305, 224). Other element would receive the click: <div class="cell">...</div>
  (Session info: headless chrome=98.0.4758.82)

2022-02-10 14:48:20,320 - ERROR basePage.py [line:144]: "点击查看"点击失败
Traceback (most recent call last):
  File "e:\12\Common\basePage.py", line 142, in click_element
    ele.click()
  File "C:\Users\bonjour\AppData\Local\Programs\Python\Python39\lib\site-packages\selenium\webdriver\remote\webelement.py", line 80, in click
    self._execute(Command.CLICK_ELEMENT)
  File "C:\Users\bonjour\AppData\Local\Programs\Python\Python39\lib\site-packages\selenium\webdriver\remote\webelement.py", line 633, in _execute
    return self._parent.execute(command, params)
  File "C:\Users\bonjour\AppData\Local\Programs\Python\Python39\lib\site-packages\selenium\webdriver\remote\webdriver.py", line 321, in execute
    self.error_handler.check_response(response)
  File "C:\Users\bonjour\AppData\Local\Programs\Python\Python39\lib\site-packages\selenium\webdriver\remote\errorhandler.py", line 242, in check_response
    raise exception_class(message, screen, stacktrace)
selenium.common.exceptions.ElementClickInterceptedException: Message: element click intercepted: Element <span>...</span> is not clickable at point (305, 224). Other element would receive the click: <div class="cell">...</div>
  (Session info: headless chrome=98.0.4758.82)

2022-02-10 14:48:20,471 - INFO basePage.py [line:247]: 截屏成功,图片路径为E:\12\Screenshots\2022-02-10\[点击查看]点击异常_20220210_144820.png
2022-02-10 14:48:20,471 - INFO basePage.py [line:247]: 截屏成功,图片路径为E:\12\Screenshots\2022-02-10\[点击查看]点击异常_20220210_144820.png
2022-02-10 14:48:49,080 - INFO basePage.py [line:88]: 查找"输入账号"元素，元素定位:('xpath', "//*[@id='app']/div/div[1]/div[2]/form/div[2]/div/div/input")
2022-02-10 14:48:49,080 - INFO basePage.py [line:88]: 查找"输入账号"元素，元素定位:('xpath', "//*[@id='app']/div/div[1]/div[2]/form/div[2]/div/div/input")
2022-02-10 14:48:49,096 - INFO basePage.py [line:113]: 在"输入账号"输入"oms1213",元素定位:('xpath', "//*[@id='app']/div/div[1]/div[2]/form/div[2]/div/div/input")
2022-02-10 14:48:49,096 - INFO basePage.py [line:113]: 在"输入账号"输入"oms1213",元素定位:('xpath', "//*[@id='app']/div/div[1]/div[2]/form/div[2]/div/div/input")
2022-02-10 14:48:49,170 - INFO basePage.py [line:88]: 查找"输入密码"元素，元素定位:('xpath', "//*[@id='app']/div/div[1]/div[2]/form/div[3]/div/div/input")
2022-02-10 14:48:49,170 - INFO basePage.py [line:88]: 查找"输入密码"元素，元素定位:('xpath', "//*[@id='app']/div/div[1]/div[2]/form/div[3]/div/div/input")
2022-02-10 14:48:49,184 - INFO basePage.py [line:113]: 在"输入密码"输入"Qq123456",元素定位:('xpath', "//*[@id='app']/div/div[1]/div[2]/form/div[3]/div/div/input")
2022-02-10 14:48:49,184 - INFO basePage.py [line:113]: 在"输入密码"输入"Qq123456",元素定位:('xpath', "//*[@id='app']/div/div[1]/div[2]/form/div[3]/div/div/input")
2022-02-10 14:48:49,248 - INFO basePage.py [line:88]: 查找"点击登录"元素，元素定位:('xpath', "//*[@id='app']/div/div[1]/div[2]/form/button")
2022-02-10 14:48:49,248 - INFO basePage.py [line:88]: 查找"点击登录"元素，元素定位:('xpath', "//*[@id='app']/div/div[1]/div[2]/form/button")
2022-02-10 14:48:49,261 - INFO basePage.py [line:140]: 点击"点击登录",元素定位:('xpath', "//*[@id='app']/div/div[1]/div[2]/form/button")
2022-02-10 14:48:49,261 - INFO basePage.py [line:140]: 点击"点击登录",元素定位:('xpath', "//*[@id='app']/div/div[1]/div[2]/form/button")
2022-02-10 14:48:52,328 - INFO basePage.py [line:88]: 查找"供应链管理"元素，元素定位:('xpath', "//*[@id='app']/div/div[1]/div[2]/div[1]/div/ul/div[2]/li/div")
2022-02-10 14:48:52,328 - INFO basePage.py [line:88]: 查找"供应链管理"元素，元素定位:('xpath', "//*[@id='app']/div/div[1]/div[2]/div[1]/div/ul/div[2]/li/div")
2022-02-10 14:48:52,346 - INFO basePage.py [line:140]: 点击"供应链管理",元素定位:('xpath', "//*[@id='app']/div/div[1]/div[2]/div[1]/div/ul/div[2]/li/div")
2022-02-10 14:48:52,346 - INFO basePage.py [line:140]: 点击"供应链管理",元素定位:('xpath', "//*[@id='app']/div/div[1]/div[2]/div[1]/div/ul/div[2]/li/div")
2022-02-10 14:48:52,395 - INFO basePage.py [line:88]: 查找"配送中心管理"元素，元素定位:('xpath', "//*[@id='app']/div/div[1]/div[2]/div[1]/div/ul/div[2]/li/ul/div[13]/a/li")
2022-02-10 14:48:52,395 - INFO basePage.py [line:88]: 查找"配送中心管理"元素，元素定位:('xpath', "//*[@id='app']/div/div[1]/div[2]/div[1]/div/ul/div[2]/li/ul/div[13]/a/li")
2022-02-10 14:48:52,413 - INFO basePage.py [line:140]: 点击"配送中心管理",元素定位:('xpath', "//*[@id='app']/div/div[1]/div[2]/div[1]/div/ul/div[2]/li/ul/div[13]/a/li")
2022-02-10 14:48:52,413 - INFO basePage.py [line:140]: 点击"配送中心管理",元素定位:('xpath', "//*[@id='app']/div/div[1]/div[2]/div[1]/div/ul/div[2]/li/ul/div[13]/a/li")
2022-02-10 14:48:53,731 - INFO basePage.py [line:88]: 查找"点击查看"元素，元素定位:('xpath', "//*[@id='app']/div/div[2]/section/div/section/main/div/div/div[1]/div[4]/div[2]/table/tbody/tr[1]/td[2]/div/button[1]/span")
2022-02-10 14:48:53,731 - INFO basePage.py [line:88]: 查找"点击查看"元素，元素定位:('xpath', "//*[@id='app']/div/div[2]/section/div/section/main/div/div/div[1]/div[4]/div[2]/table/tbody/tr[1]/td[2]/div/button[1]/span")
2022-02-10 14:48:54,860 - INFO basePage.py [line:140]: 点击"点击查看",元素定位:('xpath', "//*[@id='app']/div/div[2]/section/div/section/main/div/div/div[1]/div[4]/div[2]/table/tbody/tr[1]/td[2]/div/button[1]/span")
2022-02-10 14:48:54,860 - INFO basePage.py [line:140]: 点击"点击查看",元素定位:('xpath', "//*[@id='app']/div/div[2]/section/div/section/main/div/div/div[1]/div[4]/div[2]/table/tbody/tr[1]/td[2]/div/button[1]/span")
2022-02-10 14:48:55,939 - ERROR basePage.py [line:144]: "点击查看"点击失败
Traceback (most recent call last):
  File "e:\12\Common\basePage.py", line 142, in click_element
    ele.click()
  File "C:\Users\bonjour\AppData\Local\Programs\Python\Python39\lib\site-packages\selenium\webdriver\remote\webelement.py", line 80, in click
    self._execute(Command.CLICK_ELEMENT)
  File "C:\Users\bonjour\AppData\Local\Programs\Python\Python39\lib\site-packages\selenium\webdriver\remote\webelement.py", line 633, in _execute
    return self._parent.execute(command, params)
  File "C:\Users\bonjour\AppData\Local\Programs\Python\Python39\lib\site-packages\selenium\webdriver\remote\webdriver.py", line 321, in execute
    self.error_handler.check_response(response)
  File "C:\Users\bonjour\AppData\Local\Programs\Python\Python39\lib\site-packages\selenium\webdriver\remote\errorhandler.py", line 242, in check_response
    raise exception_class(message, screen, stacktrace)
selenium.common.exceptions.ElementClickInterceptedException: Message: element click intercepted: Element <span>...</span> is not clickable at point (307, 224). Other element would receive the click: <div class="cell">...</div>
  (Session info: headless chrome=98.0.4758.82)

2022-02-10 14:48:55,939 - ERROR basePage.py [line:144]: "点击查看"点击失败
Traceback (most recent call last):
  File "e:\12\Common\basePage.py", line 142, in click_element
    ele.click()
  File "C:\Users\bonjour\AppData\Local\Programs\Python\Python39\lib\site-packages\selenium\webdriver\remote\webelement.py", line 80, in click
    self._execute(Command.CLICK_ELEMENT)
  File "C:\Users\bonjour\AppData\Local\Programs\Python\Python39\lib\site-packages\selenium\webdriver\remote\webelement.py", line 633, in _execute
    return self._parent.execute(command, params)
  File "C:\Users\bonjour\AppData\Local\Programs\Python\Python39\lib\site-packages\selenium\webdriver\remote\webdriver.py", line 321, in execute
    self.error_handler.check_response(response)
  File "C:\Users\bonjour\AppData\Local\Programs\Python\Python39\lib\site-packages\selenium\webdriver\remote\errorhandler.py", line 242, in check_response
    raise exception_class(message, screen, stacktrace)
selenium.common.exceptions.ElementClickInterceptedException: Message: element click intercepted: Element <span>...</span> is not clickable at point (307, 224). Other element would receive the click: <div class="cell">...</div>
  (Session info: headless chrome=98.0.4758.82)

2022-02-10 14:48:56,084 - INFO basePage.py [line:247]: 截屏成功,图片路径为E:\12\Screenshots\2022-02-10\[点击查看]点击异常_20220210_144855.png
2022-02-10 14:48:56,084 - INFO basePage.py [line:247]: 截屏成功,图片路径为E:\12\Screenshots\2022-02-10\[点击查看]点击异常_20220210_144855.png
2022-02-10 14:49:14,699 - INFO basePage.py [line:88]: 查找"输入账号"元素，元素定位:('xpath', "//*[@id='app']/div/div[1]/div[2]/form/div[2]/div/div/input")
2022-02-10 14:49:14,699 - INFO basePage.py [line:88]: 查找"输入账号"元素，元素定位:('xpath', "//*[@id='app']/div/div[1]/div[2]/form/div[2]/div/div/input")
2022-02-10 14:49:14,713 - INFO basePage.py [line:113]: 在"输入账号"输入"oms1213",元素定位:('xpath', "//*[@id='app']/div/div[1]/div[2]/form/div[2]/div/div/input")
2022-02-10 14:49:14,713 - INFO basePage.py [line:113]: 在"输入账号"输入"oms1213",元素定位:('xpath', "//*[@id='app']/div/div[1]/div[2]/form/div[2]/div/div/input")
2022-02-10 14:49:14,788 - INFO basePage.py [line:88]: 查找"输入密码"元素，元素定位:('xpath', "//*[@id='app']/div/div[1]/div[2]/form/div[3]/div/div/input")
2022-02-10 14:49:14,788 - INFO basePage.py [line:88]: 查找"输入密码"元素，元素定位:('xpath', "//*[@id='app']/div/div[1]/div[2]/form/div[3]/div/div/input")
2022-02-10 14:49:14,800 - INFO basePage.py [line:113]: 在"输入密码"输入"Qq123456",元素定位:('xpath', "//*[@id='app']/div/div[1]/div[2]/form/div[3]/div/div/input")
2022-02-10 14:49:14,800 - INFO basePage.py [line:113]: 在"输入密码"输入"Qq123456",元素定位:('xpath', "//*[@id='app']/div/div[1]/div[2]/form/div[3]/div/div/input")
2022-02-10 14:49:14,864 - INFO basePage.py [line:88]: 查找"点击登录"元素，元素定位:('xpath', "//*[@id='app']/div/div[1]/div[2]/form/button")
2022-02-10 14:49:14,864 - INFO basePage.py [line:88]: 查找"点击登录"元素，元素定位:('xpath', "//*[@id='app']/div/div[1]/div[2]/form/button")
2022-02-10 14:49:14,877 - INFO basePage.py [line:140]: 点击"点击登录",元素定位:('xpath', "//*[@id='app']/div/div[1]/div[2]/form/button")
2022-02-10 14:49:14,877 - INFO basePage.py [line:140]: 点击"点击登录",元素定位:('xpath', "//*[@id='app']/div/div[1]/div[2]/form/button")
2022-02-10 14:49:17,936 - INFO basePage.py [line:88]: 查找"供应链管理"元素，元素定位:('xpath', "//*[@id='app']/div/div[1]/div[2]/div[1]/div/ul/div[2]/li/div")
2022-02-10 14:49:17,936 - INFO basePage.py [line:88]: 查找"供应链管理"元素，元素定位:('xpath', "//*[@id='app']/div/div[1]/div[2]/div[1]/div/ul/div[2]/li/div")
2022-02-10 14:49:17,953 - INFO basePage.py [line:140]: 点击"供应链管理",元素定位:('xpath', "//*[@id='app']/div/div[1]/div[2]/div[1]/div/ul/div[2]/li/div")
2022-02-10 14:49:17,953 - INFO basePage.py [line:140]: 点击"供应链管理",元素定位:('xpath', "//*[@id='app']/div/div[1]/div[2]/div[1]/div/ul/div[2]/li/div")
2022-02-10 14:49:18,000 - INFO basePage.py [line:88]: 查找"配送中心管理"元素，元素定位:('xpath', "//*[@id='app']/div/div[1]/div[2]/div[1]/div/ul/div[2]/li/ul/div[13]/a/li")
2022-02-10 14:49:18,000 - INFO basePage.py [line:88]: 查找"配送中心管理"元素，元素定位:('xpath', "//*[@id='app']/div/div[1]/div[2]/div[1]/div/ul/div[2]/li/ul/div[13]/a/li")
2022-02-10 14:49:18,012 - INFO basePage.py [line:140]: 点击"配送中心管理",元素定位:('xpath', "//*[@id='app']/div/div[1]/div[2]/div[1]/div/ul/div[2]/li/ul/div[13]/a/li")
2022-02-10 14:49:18,012 - INFO basePage.py [line:140]: 点击"配送中心管理",元素定位:('xpath', "//*[@id='app']/div/div[1]/div[2]/div[1]/div/ul/div[2]/li/ul/div[13]/a/li")
2022-02-10 14:49:20,286 - INFO basePage.py [line:88]: 查找"点击编辑"元素，元素定位:('xpath', "//*[@id='app']/div/div[2]/section/div/section/main/div/div/div[1]/div[4]/div[2]/table/tbody/tr[1]/td[2]/div/button[2]/span")
2022-02-10 14:49:20,286 - INFO basePage.py [line:88]: 查找"点击编辑"元素，元素定位:('xpath', "//*[@id='app']/div/div[2]/section/div/section/main/div/div/div[1]/div[4]/div[2]/table/tbody/tr[1]/td[2]/div/button[2]/span")
2022-02-10 14:49:20,559 - INFO basePage.py [line:140]: 点击"点击编辑",元素定位:('xpath', "//*[@id='app']/div/div[2]/section/div/section/main/div/div/div[1]/div[4]/div[2]/table/tbody/tr[1]/td[2]/div/button[2]/span")
2022-02-10 14:49:20,559 - INFO basePage.py [line:140]: 点击"点击编辑",元素定位:('xpath', "//*[@id='app']/div/div[2]/section/div/section/main/div/div/div[1]/div[4]/div[2]/table/tbody/tr[1]/td[2]/div/button[2]/span")
2022-02-10 14:49:21,670 - ERROR basePage.py [line:144]: "点击编辑"点击失败
Traceback (most recent call last):
  File "e:\12\Common\basePage.py", line 142, in click_element
    ele.click()
  File "C:\Users\bonjour\AppData\Local\Programs\Python\Python39\lib\site-packages\selenium\webdriver\remote\webelement.py", line 80, in click
    self._execute(Command.CLICK_ELEMENT)
  File "C:\Users\bonjour\AppData\Local\Programs\Python\Python39\lib\site-packages\selenium\webdriver\remote\webelement.py", line 633, in _execute
    return self._parent.execute(command, params)
  File "C:\Users\bonjour\AppData\Local\Programs\Python\Python39\lib\site-packages\selenium\webdriver\remote\webdriver.py", line 321, in execute
    self.error_handler.check_response(response)
  File "C:\Users\bonjour\AppData\Local\Programs\Python\Python39\lib\site-packages\selenium\webdriver\remote\errorhandler.py", line 242, in check_response
    raise exception_class(message, screen, stacktrace)
selenium.common.exceptions.ElementClickInterceptedException: Message: element click intercepted: Element <span>...</span> is not clickable at point (348, 224). Other element would receive the click: <div class="cell">...</div>
  (Session info: headless chrome=98.0.4758.82)

2022-02-10 14:49:21,670 - ERROR basePage.py [line:144]: "点击编辑"点击失败
Traceback (most recent call last):
  File "e:\12\Common\basePage.py", line 142, in click_element
    ele.click()
  File "C:\Users\bonjour\AppData\Local\Programs\Python\Python39\lib\site-packages\selenium\webdriver\remote\webelement.py", line 80, in click
    self._execute(Command.CLICK_ELEMENT)
  File "C:\Users\bonjour\AppData\Local\Programs\Python\Python39\lib\site-packages\selenium\webdriver\remote\webelement.py", line 633, in _execute
    return self._parent.execute(command, params)
  File "C:\Users\bonjour\AppData\Local\Programs\Python\Python39\lib\site-packages\selenium\webdriver\remote\webdriver.py", line 321, in execute
    self.error_handler.check_response(response)
  File "C:\Users\bonjour\AppData\Local\Programs\Python\Python39\lib\site-packages\selenium\webdriver\remote\errorhandler.py", line 242, in check_response
    raise exception_class(message, screen, stacktrace)
selenium.common.exceptions.ElementClickInterceptedException: Message: element click intercepted: Element <span>...</span> is not clickable at point (348, 224). Other element would receive the click: <div class="cell">...</div>
  (Session info: headless chrome=98.0.4758.82)

2022-02-10 14:49:21,815 - INFO basePage.py [line:247]: 截屏成功,图片路径为E:\12\Screenshots\2022-02-10\[点击编辑]点击异常_20220210_144921.png
2022-02-10 14:49:21,815 - INFO basePage.py [line:247]: 截屏成功,图片路径为E:\12\Screenshots\2022-02-10\[点击编辑]点击异常_20220210_144921.png
2022-02-10 14:49:50,325 - INFO basePage.py [line:88]: 查找"输入账号"元素，元素定位:('xpath', "//*[@id='app']/div/div[1]/div[2]/form/div[2]/div/div/input")
2022-02-10 14:49:50,325 - INFO basePage.py [line:88]: 查找"输入账号"元素，元素定位:('xpath', "//*[@id='app']/div/div[1]/div[2]/form/div[2]/div/div/input")
2022-02-10 14:49:50,341 - INFO basePage.py [line:113]: 在"输入账号"输入"oms1213",元素定位:('xpath', "//*[@id='app']/div/div[1]/div[2]/form/div[2]/div/div/input")
2022-02-10 14:49:50,341 - INFO basePage.py [line:113]: 在"输入账号"输入"oms1213",元素定位:('xpath', "//*[@id='app']/div/div[1]/div[2]/form/div[2]/div/div/input")
2022-02-10 14:49:50,415 - INFO basePage.py [line:88]: 查找"输入密码"元素，元素定位:('xpath', "//*[@id='app']/div/div[1]/div[2]/form/div[3]/div/div/input")
2022-02-10 14:49:50,415 - INFO basePage.py [line:88]: 查找"输入密码"元素，元素定位:('xpath', "//*[@id='app']/div/div[1]/div[2]/form/div[3]/div/div/input")
2022-02-10 14:49:50,428 - INFO basePage.py [line:113]: 在"输入密码"输入"Qq123456",元素定位:('xpath', "//*[@id='app']/div/div[1]/div[2]/form/div[3]/div/div/input")
2022-02-10 14:49:50,428 - INFO basePage.py [line:113]: 在"输入密码"输入"Qq123456",元素定位:('xpath', "//*[@id='app']/div/div[1]/div[2]/form/div[3]/div/div/input")
2022-02-10 14:49:50,494 - INFO basePage.py [line:88]: 查找"点击登录"元素，元素定位:('xpath', "//*[@id='app']/div/div[1]/div[2]/form/button")
2022-02-10 14:49:50,494 - INFO basePage.py [line:88]: 查找"点击登录"元素，元素定位:('xpath', "//*[@id='app']/div/div[1]/div[2]/form/button")
2022-02-10 14:49:50,507 - INFO basePage.py [line:140]: 点击"点击登录",元素定位:('xpath', "//*[@id='app']/div/div[1]/div[2]/form/button")
2022-02-10 14:49:50,507 - INFO basePage.py [line:140]: 点击"点击登录",元素定位:('xpath', "//*[@id='app']/div/div[1]/div[2]/form/button")
2022-02-10 14:49:53,567 - INFO basePage.py [line:88]: 查找"供应链管理"元素，元素定位:('xpath', "//*[@id='app']/div/div[1]/div[2]/div[1]/div/ul/div[2]/li/div")
2022-02-10 14:49:53,567 - INFO basePage.py [line:88]: 查找"供应链管理"元素，元素定位:('xpath', "//*[@id='app']/div/div[1]/div[2]/div[1]/div/ul/div[2]/li/div")
2022-02-10 14:49:53,586 - INFO basePage.py [line:140]: 点击"供应链管理",元素定位:('xpath', "//*[@id='app']/div/div[1]/div[2]/div[1]/div/ul/div[2]/li/div")
2022-02-10 14:49:53,586 - INFO basePage.py [line:140]: 点击"供应链管理",元素定位:('xpath', "//*[@id='app']/div/div[1]/div[2]/div[1]/div/ul/div[2]/li/div")
2022-02-10 14:49:53,629 - INFO basePage.py [line:88]: 查找"配送中心管理"元素，元素定位:('xpath', "//*[@id='app']/div/div[1]/div[2]/div[1]/div/ul/div[2]/li/ul/div[13]/a/li")
2022-02-10 14:49:53,629 - INFO basePage.py [line:88]: 查找"配送中心管理"元素，元素定位:('xpath', "//*[@id='app']/div/div[1]/div[2]/div[1]/div/ul/div[2]/li/ul/div[13]/a/li")
2022-02-10 14:49:53,643 - INFO basePage.py [line:140]: 点击"配送中心管理",元素定位:('xpath', "//*[@id='app']/div/div[1]/div[2]/div[1]/div/ul/div[2]/li/ul/div[13]/a/li")
2022-02-10 14:49:53,643 - INFO basePage.py [line:140]: 点击"配送中心管理",元素定位:('xpath', "//*[@id='app']/div/div[1]/div[2]/div[1]/div/ul/div[2]/li/ul/div[13]/a/li")
2022-02-10 14:49:55,887 - INFO basePage.py [line:88]: 查找"点击编辑"元素，元素定位:('xpath', "//*[@id='app']/div/div[2]/section/div/section/main/div/div/div[1]/div[4]/div[2]/table/tbody/tr[1]/td[2]/div/button[2]/span")
2022-02-10 14:49:55,887 - INFO basePage.py [line:88]: 查找"点击编辑"元素，元素定位:('xpath', "//*[@id='app']/div/div[2]/section/div/section/main/div/div/div[1]/div[4]/div[2]/table/tbody/tr[1]/td[2]/div/button[2]/span")
2022-02-10 14:49:55,984 - INFO basePage.py [line:140]: 点击"点击编辑",元素定位:('xpath', "//*[@id='app']/div/div[2]/section/div/section/main/div/div/div[1]/div[4]/div[2]/table/tbody/tr[1]/td[2]/div/button[2]/span")
2022-02-10 14:49:55,984 - INFO basePage.py [line:140]: 点击"点击编辑",元素定位:('xpath', "//*[@id='app']/div/div[2]/section/div/section/main/div/div/div[1]/div[4]/div[2]/table/tbody/tr[1]/td[2]/div/button[2]/span")
2022-02-10 14:49:57,036 - ERROR basePage.py [line:144]: "点击编辑"点击失败
Traceback (most recent call last):
  File "e:\12\Common\basePage.py", line 142, in click_element
    ele.click()
  File "C:\Users\bonjour\AppData\Local\Programs\Python\Python39\lib\site-packages\selenium\webdriver\remote\webelement.py", line 80, in click
    self._execute(Command.CLICK_ELEMENT)
  File "C:\Users\bonjour\AppData\Local\Programs\Python\Python39\lib\site-packages\selenium\webdriver\remote\webelement.py", line 633, in _execute
    return self._parent.execute(command, params)
  File "C:\Users\bonjour\AppData\Local\Programs\Python\Python39\lib\site-packages\selenium\webdriver\remote\webdriver.py", line 321, in execute
    self.error_handler.check_response(response)
  File "C:\Users\bonjour\AppData\Local\Programs\Python\Python39\lib\site-packages\selenium\webdriver\remote\errorhandler.py", line 242, in check_response
    raise exception_class(message, screen, stacktrace)
selenium.common.exceptions.ElementClickInterceptedException: Message: element click intercepted: Element <span>...</span> is not clickable at point (350, 224). Other element would receive the click: <div class="cell">...</div>
  (Session info: headless chrome=98.0.4758.82)

2022-02-10 14:49:57,036 - ERROR basePage.py [line:144]: "点击编辑"点击失败
Traceback (most recent call last):
  File "e:\12\Common\basePage.py", line 142, in click_element
    ele.click()
  File "C:\Users\bonjour\AppData\Local\Programs\Python\Python39\lib\site-packages\selenium\webdriver\remote\webelement.py", line 80, in click
    self._execute(Command.CLICK_ELEMENT)
  File "C:\Users\bonjour\AppData\Local\Programs\Python\Python39\lib\site-packages\selenium\webdriver\remote\webelement.py", line 633, in _execute
    return self._parent.execute(command, params)
  File "C:\Users\bonjour\AppData\Local\Programs\Python\Python39\lib\site-packages\selenium\webdriver\remote\webdriver.py", line 321, in execute
    self.error_handler.check_response(response)
  File "C:\Users\bonjour\AppData\Local\Programs\Python\Python39\lib\site-packages\selenium\webdriver\remote\errorhandler.py", line 242, in check_response
    raise exception_class(message, screen, stacktrace)
selenium.common.exceptions.ElementClickInterceptedException: Message: element click intercepted: Element <span>...</span> is not clickable at point (350, 224). Other element would receive the click: <div class="cell">...</div>
  (Session info: headless chrome=98.0.4758.82)

2022-02-10 14:49:57,181 - INFO basePage.py [line:247]: 截屏成功,图片路径为E:\12\Screenshots\2022-02-10\[点击编辑]点击异常_20220210_144957.png
2022-02-10 14:49:57,181 - INFO basePage.py [line:247]: 截屏成功,图片路径为E:\12\Screenshots\2022-02-10\[点击编辑]点击异常_20220210_144957.png
2022-02-10 14:50:15,680 - INFO basePage.py [line:88]: 查找"输入账号"元素，元素定位:('xpath', "//*[@id='app']/div/div[1]/div[2]/form/div[2]/div/div/input")
2022-02-10 14:50:15,680 - INFO basePage.py [line:88]: 查找"输入账号"元素，元素定位:('xpath', "//*[@id='app']/div/div[1]/div[2]/form/div[2]/div/div/input")
2022-02-10 14:50:15,700 - INFO basePage.py [line:113]: 在"输入账号"输入"oms1213",元素定位:('xpath', "//*[@id='app']/div/div[1]/div[2]/form/div[2]/div/div/input")
2022-02-10 14:50:15,700 - INFO basePage.py [line:113]: 在"输入账号"输入"oms1213",元素定位:('xpath', "//*[@id='app']/div/div[1]/div[2]/form/div[2]/div/div/input")
2022-02-10 14:50:15,775 - INFO basePage.py [line:88]: 查找"输入密码"元素，元素定位:('xpath', "//*[@id='app']/div/div[1]/div[2]/form/div[3]/div/div/input")
2022-02-10 14:50:15,775 - INFO basePage.py [line:88]: 查找"输入密码"元素，元素定位:('xpath', "//*[@id='app']/div/div[1]/div[2]/form/div[3]/div/div/input")
2022-02-10 14:50:15,789 - INFO basePage.py [line:113]: 在"输入密码"输入"Qq123456",元素定位:('xpath', "//*[@id='app']/div/div[1]/div[2]/form/div[3]/div/div/input")
2022-02-10 14:50:15,789 - INFO basePage.py [line:113]: 在"输入密码"输入"Qq123456",元素定位:('xpath', "//*[@id='app']/div/div[1]/div[2]/form/div[3]/div/div/input")
2022-02-10 14:50:15,855 - INFO basePage.py [line:88]: 查找"点击登录"元素，元素定位:('xpath', "//*[@id='app']/div/div[1]/div[2]/form/button")
2022-02-10 14:50:15,855 - INFO basePage.py [line:88]: 查找"点击登录"元素，元素定位:('xpath', "//*[@id='app']/div/div[1]/div[2]/form/button")
2022-02-10 14:50:15,868 - INFO basePage.py [line:140]: 点击"点击登录",元素定位:('xpath', "//*[@id='app']/div/div[1]/div[2]/form/button")
2022-02-10 14:50:15,868 - INFO basePage.py [line:140]: 点击"点击登录",元素定位:('xpath', "//*[@id='app']/div/div[1]/div[2]/form/button")
2022-02-10 14:50:18,926 - INFO basePage.py [line:88]: 查找"供应链管理"元素，元素定位:('xpath', "//*[@id='app']/div/div[1]/div[2]/div[1]/div/ul/div[2]/li/div")
2022-02-10 14:50:18,926 - INFO basePage.py [line:88]: 查找"供应链管理"元素，元素定位:('xpath', "//*[@id='app']/div/div[1]/div[2]/div[1]/div/ul/div[2]/li/div")
2022-02-10 14:50:18,942 - INFO basePage.py [line:140]: 点击"供应链管理",元素定位:('xpath', "//*[@id='app']/div/div[1]/div[2]/div[1]/div/ul/div[2]/li/div")
2022-02-10 14:50:18,942 - INFO basePage.py [line:140]: 点击"供应链管理",元素定位:('xpath', "//*[@id='app']/div/div[1]/div[2]/div[1]/div/ul/div[2]/li/div")
2022-02-10 14:50:18,992 - INFO basePage.py [line:88]: 查找"成本卡管理"元素，元素定位:('xpath', "//*[@id='app']/div/div[1]/div[2]/div[1]/div/ul/div[2]/li/ul/div[14]/a/li")
2022-02-10 14:50:18,992 - INFO basePage.py [line:88]: 查找"成本卡管理"元素，元素定位:('xpath', "//*[@id='app']/div/div[1]/div[2]/div[1]/div/ul/div[2]/li/ul/div[14]/a/li")
2022-02-10 14:50:19,009 - INFO basePage.py [line:140]: 点击"成本卡管理",元素定位:('xpath', "//*[@id='app']/div/div[1]/div[2]/div[1]/div/ul/div[2]/li/ul/div[14]/a/li")
2022-02-10 14:50:19,009 - INFO basePage.py [line:140]: 点击"成本卡管理",元素定位:('xpath', "//*[@id='app']/div/div[1]/div[2]/div[1]/div/ul/div[2]/li/ul/div[14]/a/li")
2022-02-10 14:50:21,356 - INFO basePage.py [line:88]: 查找"点击新增成本卡"元素，元素定位:('xpath', "//*[@id='app']/div/div[2]/section/div/section/main/div[2]/section/main/div/div[2]/div[3]/table/tbody/tr[1]/td[8]/div/button/span")
2022-02-10 14:50:21,356 - INFO basePage.py [line:88]: 查找"点击新增成本卡"元素，元素定位:('xpath', "//*[@id='app']/div/div[2]/section/div/section/main/div[2]/section/main/div/div[2]/div[3]/table/tbody/tr[1]/td[8]/div/button/span")
2022-02-10 14:50:21,850 - INFO basePage.py [line:140]: 点击"点击新增成本卡",元素定位:('xpath', "//*[@id='app']/div/div[2]/section/div/section/main/div[2]/section/main/div/div[2]/div[3]/table/tbody/tr[1]/td[8]/div/button/span")
2022-02-10 14:50:21,850 - INFO basePage.py [line:140]: 点击"点击新增成本卡",元素定位:('xpath', "//*[@id='app']/div/div[2]/section/div/section/main/div[2]/section/main/div/div[2]/div[3]/table/tbody/tr[1]/td[8]/div/button/span")
2022-02-10 14:50:22,326 - INFO basePage.py [line:88]: 查找"输入成本卡名称"元素，元素定位:('xpath', "//*[@id='app']/div/div[2]/section/div/section/div/div/div[2]/form/div[1]/div[1]/div/div/div/input")
2022-02-10 14:50:22,326 - INFO basePage.py [line:88]: 查找"输入成本卡名称"元素，元素定位:('xpath', "//*[@id='app']/div/div[2]/section/div/section/div/div/div[2]/form/div[1]/div[1]/div/div/div/input")
2022-02-10 14:50:22,348 - INFO basePage.py [line:113]: 在"输入成本卡名称"输入"99316249870",元素定位:('xpath', "//*[@id='app']/div/div[2]/section/div/section/div/div/div[2]/form/div[1]/div[1]/div/div/div/input")
2022-02-10 14:50:22,348 - INFO basePage.py [line:113]: 在"输入成本卡名称"输入"99316249870",元素定位:('xpath', "//*[@id='app']/div/div[2]/section/div/section/div/div/div[2]/form/div[1]/div[1]/div/div/div/input")
2022-02-10 14:50:22,462 - INFO basePage.py [line:88]: 查找"取消默认成本卡的勾选"元素，元素定位:('xpath', "//*[@id='app']/div/div[2]/section/div/section/div/div/div[2]/form/div[2]/div[3]/div/div/label/span")
2022-02-10 14:50:22,462 - INFO basePage.py [line:88]: 查找"取消默认成本卡的勾选"元素，元素定位:('xpath', "//*[@id='app']/div/div[2]/section/div/section/div/div/div[2]/form/div[2]/div[3]/div/div/label/span")
2022-02-10 14:50:22,476 - INFO basePage.py [line:140]: 点击"取消默认成本卡的勾选",元素定位:('xpath', "//*[@id='app']/div/div[2]/section/div/section/div/div/div[2]/form/div[2]/div[3]/div/div/label/span")
2022-02-10 14:50:22,476 - INFO basePage.py [line:140]: 点击"取消默认成本卡的勾选",元素定位:('xpath', "//*[@id='app']/div/div[2]/section/div/section/div/div/div[2]/form/div[2]/div[3]/div/div/label/span")
2022-02-10 14:50:22,513 - INFO basePage.py [line:88]: 查找"选择品项"元素，元素定位:('xpath', "//*[@id='app']/div/div[2]/section/div/section/div/div/div[2]/div/div[3]/div/span/div/button/span")
2022-02-10 14:50:22,513 - INFO basePage.py [line:88]: 查找"选择品项"元素，元素定位:('xpath', "//*[@id='app']/div/div[2]/section/div/section/div/div/div[2]/div/div[3]/div/span/div/button/span")
2022-02-10 14:50:22,527 - INFO basePage.py [line:140]: 点击"选择品项",元素定位:('xpath', "//*[@id='app']/div/div[2]/section/div/section/div/div/div[2]/div/div[3]/div/span/div/button/span")
2022-02-10 14:50:22,527 - INFO basePage.py [line:140]: 点击"选择品项",元素定位:('xpath', "//*[@id='app']/div/div[2]/section/div/section/div/div/div[2]/div/div[3]/div/span/div/button/span")
2022-02-10 14:50:25,797 - INFO basePage.py [line:88]: 查找"输入净量"元素，元素定位:('xpath', "//*[@id='input-0-0-child-input']")
2022-02-10 14:50:25,797 - INFO basePage.py [line:88]: 查找"输入净量"元素，元素定位:('xpath', "//*[@id='input-0-0-child-input']")
2022-02-10 14:50:25,935 - INFO basePage.py [line:113]: 在"输入净量"输入"10",元素定位:('xpath', "//*[@id='input-0-0-child-input']")
2022-02-10 14:50:25,935 - INFO basePage.py [line:113]: 在"输入净量"输入"10",元素定位:('xpath', "//*[@id='input-0-0-child-input']")
2022-02-10 14:50:25,989 - INFO basePage.py [line:88]: 查找"点击确定"元素，元素定位:('xpath', "//*[@id='app']/div/div[2]/section/div/section/div/div/div[3]/div/button[2]/span")
2022-02-10 14:50:25,989 - INFO basePage.py [line:88]: 查找"点击确定"元素，元素定位:('xpath', "//*[@id='app']/div/div[2]/section/div/section/div/div/div[3]/div/button[2]/span")
2022-02-10 14:50:26,004 - INFO basePage.py [line:140]: 点击"点击确定",元素定位:('xpath', "//*[@id='app']/div/div[2]/section/div/section/div/div/div[3]/div/button[2]/span")
2022-02-10 14:50:26,004 - INFO basePage.py [line:140]: 点击"点击确定",元素定位:('xpath', "//*[@id='app']/div/div[2]/section/div/section/div/div/div[3]/div/button[2]/span")
2022-02-10 14:50:26,338 - INFO basePage.py [line:74]: 等待"断言"元素,定位方式:('xpath', '/html/body/div[3]/p')
2022-02-10 14:50:26,338 - INFO basePage.py [line:74]: 等待"断言"元素,定位方式:('xpath', '/html/body/div[3]/p')
2022-02-10 14:50:26,673 - INFO basePage.py [line:79]: 等待"断言"时长:0:00:00.332776
2022-02-10 14:50:26,673 - INFO basePage.py [line:79]: 等待"断言"时长:0:00:00.332776
2022-02-10 14:50:46,027 - INFO basePage.py [line:88]: 查找"输入账号"元素，元素定位:('xpath', "//*[@id='app']/div/div[1]/div[2]/form/div[2]/div/div/input")
2022-02-10 14:50:46,027 - INFO basePage.py [line:88]: 查找"输入账号"元素，元素定位:('xpath', "//*[@id='app']/div/div[1]/div[2]/form/div[2]/div/div/input")
2022-02-10 14:50:46,040 - INFO basePage.py [line:113]: 在"输入账号"输入"oms1213",元素定位:('xpath', "//*[@id='app']/div/div[1]/div[2]/form/div[2]/div/div/input")
2022-02-10 14:50:46,040 - INFO basePage.py [line:113]: 在"输入账号"输入"oms1213",元素定位:('xpath', "//*[@id='app']/div/div[1]/div[2]/form/div[2]/div/div/input")
2022-02-10 14:50:46,116 - INFO basePage.py [line:88]: 查找"输入密码"元素，元素定位:('xpath', "//*[@id='app']/div/div[1]/div[2]/form/div[3]/div/div/input")
2022-02-10 14:50:46,116 - INFO basePage.py [line:88]: 查找"输入密码"元素，元素定位:('xpath', "//*[@id='app']/div/div[1]/div[2]/form/div[3]/div/div/input")
2022-02-10 14:50:46,129 - INFO basePage.py [line:113]: 在"输入密码"输入"Qq123456",元素定位:('xpath', "//*[@id='app']/div/div[1]/div[2]/form/div[3]/div/div/input")
2022-02-10 14:50:46,129 - INFO basePage.py [line:113]: 在"输入密码"输入"Qq123456",元素定位:('xpath', "//*[@id='app']/div/div[1]/div[2]/form/div[3]/div/div/input")
2022-02-10 14:50:46,193 - INFO basePage.py [line:88]: 查找"点击登录"元素，元素定位:('xpath', "//*[@id='app']/div/div[1]/div[2]/form/button")
2022-02-10 14:50:46,193 - INFO basePage.py [line:88]: 查找"点击登录"元素，元素定位:('xpath', "//*[@id='app']/div/div[1]/div[2]/form/button")
2022-02-10 14:50:46,206 - INFO basePage.py [line:140]: 点击"点击登录",元素定位:('xpath', "//*[@id='app']/div/div[1]/div[2]/form/button")
2022-02-10 14:50:46,206 - INFO basePage.py [line:140]: 点击"点击登录",元素定位:('xpath', "//*[@id='app']/div/div[1]/div[2]/form/button")
2022-02-10 14:50:49,274 - INFO basePage.py [line:88]: 查找"供应链管理"元素，元素定位:('xpath', "//*[@id='app']/div/div[1]/div[2]/div[1]/div/ul/div[2]/li/div")
2022-02-10 14:50:49,274 - INFO basePage.py [line:88]: 查找"供应链管理"元素，元素定位:('xpath', "//*[@id='app']/div/div[1]/div[2]/div[1]/div/ul/div[2]/li/div")
2022-02-10 14:50:49,293 - INFO basePage.py [line:140]: 点击"供应链管理",元素定位:('xpath', "//*[@id='app']/div/div[1]/div[2]/div[1]/div/ul/div[2]/li/div")
2022-02-10 14:50:49,293 - INFO basePage.py [line:140]: 点击"供应链管理",元素定位:('xpath', "//*[@id='app']/div/div[1]/div[2]/div[1]/div/ul/div[2]/li/div")
2022-02-10 14:50:49,342 - INFO basePage.py [line:88]: 查找"成本卡管理"元素，元素定位:('xpath', "//*[@id='app']/div/div[1]/div[2]/div[1]/div/ul/div[2]/li/ul/div[14]/a/li")
2022-02-10 14:50:49,342 - INFO basePage.py [line:88]: 查找"成本卡管理"元素，元素定位:('xpath', "//*[@id='app']/div/div[1]/div[2]/div[1]/div/ul/div[2]/li/ul/div[14]/a/li")
2022-02-10 14:50:49,357 - INFO basePage.py [line:140]: 点击"成本卡管理",元素定位:('xpath', "//*[@id='app']/div/div[1]/div[2]/div[1]/div/ul/div[2]/li/ul/div[14]/a/li")
2022-02-10 14:50:49,357 - INFO basePage.py [line:140]: 点击"成本卡管理",元素定位:('xpath', "//*[@id='app']/div/div[1]/div[2]/div[1]/div/ul/div[2]/li/ul/div[14]/a/li")
2022-02-10 14:50:52,492 - INFO basePage.py [line:88]: 查找"点击确定"元素，元素定位:('xpath', '/html/body/div[2]/div/div[3]/div/button[2]/span')
2022-02-10 14:50:52,492 - INFO basePage.py [line:88]: 查找"点击确定"元素，元素定位:('xpath', '/html/body/div[2]/div/div[3]/div/button[2]/span')
2022-02-10 14:50:52,600 - INFO basePage.py [line:140]: 点击"点击确定",元素定位:('xpath', '/html/body/div[2]/div/div[3]/div/button[2]/span')
2022-02-10 14:50:52,600 - INFO basePage.py [line:140]: 点击"点击确定",元素定位:('xpath', '/html/body/div[2]/div/div[3]/div/button[2]/span')
2022-02-10 14:50:52,648 - INFO basePage.py [line:74]: 等待"断言"元素,定位方式:('xpath', '/html/body/div[3]/p')
2022-02-10 14:50:52,648 - INFO basePage.py [line:74]: 等待"断言"元素,定位方式:('xpath', '/html/body/div[3]/p')
2022-02-10 14:50:53,032 - INFO basePage.py [line:79]: 等待"断言"时长:0:00:00.380979
2022-02-10 14:50:53,032 - INFO basePage.py [line:79]: 等待"断言"时长:0:00:00.380979
2022-02-10 14:51:11,945 - INFO basePage.py [line:88]: 查找"输入账号"元素，元素定位:('xpath', "//*[@id='app']/div/div[1]/div[2]/form/div[2]/div/div/input")
2022-02-10 14:51:11,945 - INFO basePage.py [line:88]: 查找"输入账号"元素，元素定位:('xpath', "//*[@id='app']/div/div[1]/div[2]/form/div[2]/div/div/input")
2022-02-10 14:51:11,959 - INFO basePage.py [line:113]: 在"输入账号"输入"oms1213",元素定位:('xpath', "//*[@id='app']/div/div[1]/div[2]/form/div[2]/div/div/input")
2022-02-10 14:51:11,959 - INFO basePage.py [line:113]: 在"输入账号"输入"oms1213",元素定位:('xpath', "//*[@id='app']/div/div[1]/div[2]/form/div[2]/div/div/input")
2022-02-10 14:51:12,037 - INFO basePage.py [line:88]: 查找"输入密码"元素，元素定位:('xpath', "//*[@id='app']/div/div[1]/div[2]/form/div[3]/div/div/input")
2022-02-10 14:51:12,037 - INFO basePage.py [line:88]: 查找"输入密码"元素，元素定位:('xpath', "//*[@id='app']/div/div[1]/div[2]/form/div[3]/div/div/input")
2022-02-10 14:51:12,050 - INFO basePage.py [line:113]: 在"输入密码"输入"Qq123456",元素定位:('xpath', "//*[@id='app']/div/div[1]/div[2]/form/div[3]/div/div/input")
2022-02-10 14:51:12,050 - INFO basePage.py [line:113]: 在"输入密码"输入"Qq123456",元素定位:('xpath', "//*[@id='app']/div/div[1]/div[2]/form/div[3]/div/div/input")
2022-02-10 14:51:12,113 - INFO basePage.py [line:88]: 查找"点击登录"元素，元素定位:('xpath', "//*[@id='app']/div/div[1]/div[2]/form/button")
2022-02-10 14:51:12,113 - INFO basePage.py [line:88]: 查找"点击登录"元素，元素定位:('xpath', "//*[@id='app']/div/div[1]/div[2]/form/button")
2022-02-10 14:51:12,126 - INFO basePage.py [line:140]: 点击"点击登录",元素定位:('xpath', "//*[@id='app']/div/div[1]/div[2]/form/button")
2022-02-10 14:51:12,126 - INFO basePage.py [line:140]: 点击"点击登录",元素定位:('xpath', "//*[@id='app']/div/div[1]/div[2]/form/button")
2022-02-10 14:51:15,189 - INFO basePage.py [line:88]: 查找"供应链管理"元素，元素定位:('xpath', "//*[@id='app']/div/div[1]/div[2]/div[1]/div/ul/div[2]/li/div")
2022-02-10 14:51:15,189 - INFO basePage.py [line:88]: 查找"供应链管理"元素，元素定位:('xpath', "//*[@id='app']/div/div[1]/div[2]/div[1]/div/ul/div[2]/li/div")
2022-02-10 14:51:16,875 - INFO basePage.py [line:140]: 点击"供应链管理",元素定位:('xpath', "//*[@id='app']/div/div[1]/div[2]/div[1]/div/ul/div[2]/li/div")
2022-02-10 14:51:16,875 - INFO basePage.py [line:140]: 点击"供应链管理",元素定位:('xpath', "//*[@id='app']/div/div[1]/div[2]/div[1]/div/ul/div[2]/li/div")
2022-02-10 14:51:16,929 - INFO basePage.py [line:88]: 查找"成本卡管理"元素，元素定位:('xpath', "//*[@id='app']/div/div[1]/div[2]/div[1]/div/ul/div[2]/li/ul/div[14]/a/li")
2022-02-10 14:51:16,929 - INFO basePage.py [line:88]: 查找"成本卡管理"元素，元素定位:('xpath', "//*[@id='app']/div/div[1]/div[2]/div[1]/div/ul/div[2]/li/ul/div[14]/a/li")
2022-02-10 14:51:16,942 - INFO basePage.py [line:140]: 点击"成本卡管理",元素定位:('xpath', "//*[@id='app']/div/div[1]/div[2]/div[1]/div/ul/div[2]/li/ul/div[14]/a/li")
2022-02-10 14:51:16,942 - INFO basePage.py [line:140]: 点击"成本卡管理",元素定位:('xpath', "//*[@id='app']/div/div[1]/div[2]/div[1]/div/ul/div[2]/li/ul/div[14]/a/li")
2022-02-10 14:51:21,390 - INFO basePage.py [line:88]: 查找"清除净量"元素，元素定位:('xpath', "//*[@id='input-0-0-child-input']")
2022-02-10 14:51:21,390 - INFO basePage.py [line:88]: 查找"清除净量"元素，元素定位:('xpath', "//*[@id='input-0-0-child-input']")
2022-02-10 14:51:21,485 - INFO basePage.py [line:126]: 清除"清除净量",元素定位:('xpath', "//*[@id='input-0-0-child-input']")
2022-02-10 14:51:21,485 - INFO basePage.py [line:126]: 清除"清除净量",元素定位:('xpath', "//*[@id='input-0-0-child-input']")
2022-02-10 14:51:21,520 - INFO basePage.py [line:88]: 查找"输入净量"元素，元素定位:('xpath', "//*[@id='input-0-0-child-input']")
2022-02-10 14:51:21,520 - INFO basePage.py [line:88]: 查找"输入净量"元素，元素定位:('xpath', "//*[@id='input-0-0-child-input']")
2022-02-10 14:51:21,530 - INFO basePage.py [line:113]: 在"输入净量"输入"10",元素定位:('xpath', "//*[@id='input-0-0-child-input']")
2022-02-10 14:51:21,530 - INFO basePage.py [line:113]: 在"输入净量"输入"10",元素定位:('xpath', "//*[@id='input-0-0-child-input']")
2022-02-10 14:51:21,571 - INFO basePage.py [line:88]: 查找"点击确定"元素，元素定位:('xpath', "//*[@id='app']/div/div[2]/section/div/section/div/div/div[3]/div/button[2]/span")
2022-02-10 14:51:21,571 - INFO basePage.py [line:88]: 查找"点击确定"元素，元素定位:('xpath', "//*[@id='app']/div/div[2]/section/div/section/div/div/div[3]/div/button[2]/span")
2022-02-10 14:51:21,584 - INFO basePage.py [line:140]: 点击"点击确定",元素定位:('xpath', "//*[@id='app']/div/div[2]/section/div/section/div/div/div[3]/div/button[2]/span")
2022-02-10 14:51:21,584 - INFO basePage.py [line:140]: 点击"点击确定",元素定位:('xpath', "//*[@id='app']/div/div[2]/section/div/section/div/div/div[3]/div/button[2]/span")
2022-02-10 14:51:21,649 - INFO basePage.py [line:74]: 等待"断言"元素,定位方式:('xpath', '/html/body/div[2]/p')
2022-02-10 14:51:21,649 - INFO basePage.py [line:74]: 等待"断言"元素,定位方式:('xpath', '/html/body/div[2]/p')
2022-02-10 14:51:22,104 - INFO basePage.py [line:79]: 等待"断言"时长:0:00:00.452029
2022-02-10 14:51:22,104 - INFO basePage.py [line:79]: 等待"断言"时长:0:00:00.452029
2022-02-10 14:51:27,193 - INFO requestbase.py [line:21]: 连通接口"https://supplychain-server-stg.datousoft.com/items",接口header为:"{'authorization': 'Bearer eyJhbGciOiJIUzUxMiJ9.eyJqdGkiOiIwNDZjNjMyOTIxOGU0MTljYTZiYjQ3OTEyZjAwMzIwNiIsImF1dGgiOiIiLCJpZCI6NTk5LCJzdWIiOiIxMiJ9.MPElZCsOw7hcg3sXxLtsGkD4660aPdcnO5A0XU2KiH_ehmNAqEeY6rg9Frle-Dv3M-jm-85v70xEM-RoM405qg'}",接口param为：{'pageNum': '1', 'pageSize': '20'}
2022-02-10 14:51:27,193 - INFO requestbase.py [line:21]: 连通接口"https://supplychain-server-stg.datousoft.com/items",接口header为:"{'authorization': 'Bearer eyJhbGciOiJIUzUxMiJ9.eyJqdGkiOiIwNDZjNjMyOTIxOGU0MTljYTZiYjQ3OTEyZjAwMzIwNiIsImF1dGgiOiIiLCJpZCI6NTk5LCJzdWIiOiIxMiJ9.MPElZCsOw7hcg3sXxLtsGkD4660aPdcnO5A0XU2KiH_ehmNAqEeY6rg9Frle-Dv3M-jm-85v70xEM-RoM405qg'}",接口param为：{'pageNum': '1', 'pageSize': '20'}
2022-02-10 14:51:28,399 - INFO requestbase.py [line:26]: 等待接口"https://supplychain-server-stg.datousoft.com/items"时长:0:00:01.202822
2022-02-10 14:51:28,399 - INFO requestbase.py [line:26]: 等待接口"https://supplychain-server-stg.datousoft.com/items"时长:0:00:01.202822
2022-02-10 14:51:28,404 - INFO assertbase.py [line:28]: 预计接口返回code为"200.0",实际返回code为:"200"
2022-02-10 14:51:28,404 - INFO assertbase.py [line:28]: 预计接口返回code为"200.0",实际返回code为:"200"
2022-02-10 14:51:28,407 - INFO assertbase.py [line:31]: 预计接口返回code为"200.0",实际返回code为:"200"
2022-02-10 14:51:28,407 - INFO assertbase.py [line:31]: 预计接口返回code为"200.0",实际返回code为:"200"
2022-02-10 14:51:28,419 - INFO requestbase.py [line:21]: 连通接口"https://supplychain-server-stg.datousoft.com/groups/current/items/1",接口header为:"{'authorization': 'Bearer eyJhbGciOiJIUzUxMiJ9.eyJqdGkiOiIwNDZjNjMyOTIxOGU0MTljYTZiYjQ3OTEyZjAwMzIwNiIsImF1dGgiOiIiLCJpZCI6NTk5LCJzdWIiOiIxMiJ9.MPElZCsOw7hcg3sXxLtsGkD4660aPdcnO5A0XU2KiH_ehmNAqEeY6rg9Frle-Dv3M-jm-85v70xEM-RoM405qg'}",接口param为：
2022-02-10 14:51:28,419 - INFO requestbase.py [line:21]: 连通接口"https://supplychain-server-stg.datousoft.com/groups/current/items/1",接口header为:"{'authorization': 'Bearer eyJhbGciOiJIUzUxMiJ9.eyJqdGkiOiIwNDZjNjMyOTIxOGU0MTljYTZiYjQ3OTEyZjAwMzIwNiIsImF1dGgiOiIiLCJpZCI6NTk5LCJzdWIiOiIxMiJ9.MPElZCsOw7hcg3sXxLtsGkD4660aPdcnO5A0XU2KiH_ehmNAqEeY6rg9Frle-Dv3M-jm-85v70xEM-RoM405qg'}",接口param为：
2022-02-10 14:51:28,502 - INFO requestbase.py [line:26]: 等待接口"https://supplychain-server-stg.datousoft.com/groups/current/items/1"时长:0:00:00.081140
2022-02-10 14:51:28,502 - INFO requestbase.py [line:26]: 等待接口"https://supplychain-server-stg.datousoft.com/groups/current/items/1"时长:0:00:00.081140
2022-02-10 14:51:28,505 - INFO assertbase.py [line:28]: 预计接口返回code为"200.0",实际返回code为:"200"
2022-02-10 14:51:28,505 - INFO assertbase.py [line:28]: 预计接口返回code为"200.0",实际返回code为:"200"
2022-02-10 14:51:28,508 - INFO assertbase.py [line:31]: 预计接口返回code为"200.0",实际返回code为:"200"
2022-02-10 14:51:28,508 - INFO assertbase.py [line:31]: 预计接口返回code为"200.0",实际返回code为:"200"
2022-02-10 14:51:28,518 - INFO requestbase.py [line:69]: 连通接口"https://supplychain-server-stg.datousoft.com/items/1",接口data为:"",接口json{'enable': 'true', 'tags': ['12', '23', '34', '45', '56', '67', '78', '89', '01', '99953816724', '99897524630', '99135297046', '99254607193', '99310649275', '99376528194', '99352478916', '99503247816', '99187059632', '99953042716', '99638017452', '99237065184'], 'enableValidDays': 'true'}
2022-02-10 14:51:28,518 - INFO requestbase.py [line:69]: 连通接口"https://supplychain-server-stg.datousoft.com/items/1",接口data为:"",接口json{'enable': 'true', 'tags': ['12', '23', '34', '45', '56', '67', '78', '89', '01', '99953816724', '99897524630', '99135297046', '99254607193', '99310649275', '99376528194', '99352478916', '99503247816', '99187059632', '99953042716', '99638017452', '99237065184'], 'enableValidDays': 'true'}
2022-02-10 14:51:28,597 - INFO requestbase.py [line:74]: 等待接口"https://supplychain-server-stg.datousoft.com/items/1"时长:0:00:00.076653
2022-02-10 14:51:28,597 - INFO requestbase.py [line:74]: 等待接口"https://supplychain-server-stg.datousoft.com/items/1"时长:0:00:00.076653
2022-02-10 14:51:28,600 - INFO assertbase.py [line:28]: 预计接口返回code为"200.0",实际返回code为:"200"
2022-02-10 14:51:28,600 - INFO assertbase.py [line:28]: 预计接口返回code为"200.0",实际返回code为:"200"
2022-02-10 14:51:28,603 - INFO assertbase.py [line:31]: 预计接口返回code为"200.0",实际返回code为:"200"
2022-02-10 14:51:28,603 - INFO assertbase.py [line:31]: 预计接口返回code为"200.0",实际返回code为:"200"
2022-02-10 14:51:28,615 - INFO requestbase.py [line:69]: 连通接口"https://supplychain-server-stg.datousoft.com/shops/1",接口data为:"",接口json{'deliveryCenterId': 1, 'ownerCompanyId': 1}
2022-02-10 14:51:28,615 - INFO requestbase.py [line:69]: 连通接口"https://supplychain-server-stg.datousoft.com/shops/1",接口data为:"",接口json{'deliveryCenterId': 1, 'ownerCompanyId': 1}
2022-02-10 14:51:28,707 - INFO requestbase.py [line:74]: 等待接口"https://supplychain-server-stg.datousoft.com/shops/1"时长:0:00:00.088624
2022-02-10 14:51:28,707 - INFO requestbase.py [line:74]: 等待接口"https://supplychain-server-stg.datousoft.com/shops/1"时长:0:00:00.088624
2022-02-10 14:51:28,711 - INFO assertbase.py [line:28]: 预计接口返回code为"200.0",实际返回code为:"200"
2022-02-10 14:51:28,711 - INFO assertbase.py [line:28]: 预计接口返回code为"200.0",实际返回code为:"200"
2022-02-10 14:51:28,715 - INFO assertbase.py [line:31]: 预计接口返回code为"200.0",实际返回code为:"200"
2022-02-10 14:51:28,715 - INFO assertbase.py [line:31]: 预计接口返回code为"200.0",实际返回code为:"200"
2022-02-10 14:51:28,728 - INFO requestbase.py [line:21]: 连通接口"https://supplychain-server-stg.datousoft.com/suppliers/1",接口header为:"{'authorization': 'Bearer eyJhbGciOiJIUzUxMiJ9.eyJqdGkiOiIwNDZjNjMyOTIxOGU0MTljYTZiYjQ3OTEyZjAwMzIwNiIsImF1dGgiOiIiLCJpZCI6NTk5LCJzdWIiOiIxMiJ9.MPElZCsOw7hcg3sXxLtsGkD4660aPdcnO5A0XU2KiH_ehmNAqEeY6rg9Frle-Dv3M-jm-85v70xEM-RoM405qg'}",接口param为：
2022-02-10 14:51:28,728 - INFO requestbase.py [line:21]: 连通接口"https://supplychain-server-stg.datousoft.com/suppliers/1",接口header为:"{'authorization': 'Bearer eyJhbGciOiJIUzUxMiJ9.eyJqdGkiOiIwNDZjNjMyOTIxOGU0MTljYTZiYjQ3OTEyZjAwMzIwNiIsImF1dGgiOiIiLCJpZCI6NTk5LCJzdWIiOiIxMiJ9.MPElZCsOw7hcg3sXxLtsGkD4660aPdcnO5A0XU2KiH_ehmNAqEeY6rg9Frle-Dv3M-jm-85v70xEM-RoM405qg'}",接口param为：
2022-02-10 14:51:28,806 - INFO requestbase.py [line:26]: 等待接口"https://supplychain-server-stg.datousoft.com/suppliers/1"时长:0:00:00.073854
2022-02-10 14:51:28,806 - INFO requestbase.py [line:26]: 等待接口"https://supplychain-server-stg.datousoft.com/suppliers/1"时长:0:00:00.073854
2022-02-10 14:51:28,809 - INFO assertbase.py [line:28]: 预计接口返回code为"200.0",实际返回code为:"200"
2022-02-10 14:51:28,809 - INFO assertbase.py [line:28]: 预计接口返回code为"200.0",实际返回code为:"200"
2022-02-10 14:51:28,812 - INFO assertbase.py [line:31]: 预计接口返回code为"200.0",实际返回code为:"200"
2022-02-10 14:51:28,812 - INFO assertbase.py [line:31]: 预计接口返回code为"200.0",实际返回code为:"200"
2022-02-10 14:51:28,822 - INFO requestbase.py [line:69]: 连通接口"https://supplychain-server-stg.datousoft.com/suppliers/1",接口data为:"",接口json{'enable': 'false'}
2022-02-10 14:51:28,822 - INFO requestbase.py [line:69]: 连通接口"https://supplychain-server-stg.datousoft.com/suppliers/1",接口data为:"",接口json{'enable': 'false'}
2022-02-10 14:51:28,924 - INFO requestbase.py [line:74]: 等待接口"https://supplychain-server-stg.datousoft.com/suppliers/1"时长:0:00:00.099642
2022-02-10 14:51:28,924 - INFO requestbase.py [line:74]: 等待接口"https://supplychain-server-stg.datousoft.com/suppliers/1"时长:0:00:00.099642
2022-02-10 14:51:28,930 - INFO assertbase.py [line:28]: 预计接口返回code为"200.0",实际返回code为:"200"
2022-02-10 14:51:28,930 - INFO assertbase.py [line:28]: 预计接口返回code为"200.0",实际返回code为:"200"
2022-02-10 14:51:28,937 - INFO assertbase.py [line:31]: 预计接口返回code为"200.0",实际返回code为:"200"
2022-02-10 14:51:28,937 - INFO assertbase.py [line:31]: 预计接口返回code为"200.0",实际返回code为:"200"
