2022-02-10 14:38:30,170 - INFO requestbase.py [line:21]: 连通接口"https://supplychain-server-stg.datousoft.com/items",接口header为:"{'authorization': 'Bearer eyJhbGciOiJIUzUxMiJ9.eyJqdGkiOiIxMzE2MWI2OTczY2Q0OWQ5OGQ1MmU5ZGIxNDlmMWQwMiIsImF1dGgiOiIiLCJpZCI6NTk5LCJzdWIiOiIxMiJ9.GdCy91240h3OXSKLzM-7whdqo9RKlJhjn-bnaABBQbc49rlDQsLKzcRWYxzPQ4jkRPSmb53cM2Cifj_WUxQKTQ'}",接口param为：{'pageNum': '1', 'pageSize': '20'}
2022-02-10 14:38:30,346 - INFO requestbase.py [line:26]: 等待接口"https://supplychain-server-stg.datousoft.com/items"时长:0:00:00.171282
2022-02-10 14:38:30,358 - INFO assertbase.py [line:28]: 预计接口返回code为"200.0",实际返回code为:"200"
2022-02-10 14:38:30,363 - INFO assertbase.py [line:31]: 预计接口返回code为"200.0",实际返回code为:"200"
2022-02-10 14:38:30,375 - INFO requestbase.py [line:21]: 连通接口"https://supplychain-server-stg.datousoft.com/groups/current/items/1",接口header为:"{'authorization': 'Bearer eyJhbGciOiJIUzUxMiJ9.eyJqdGkiOiIxMzE2MWI2OTczY2Q0OWQ5OGQ1MmU5ZGIxNDlmMWQwMiIsImF1dGgiOiIiLCJpZCI6NTk5LCJzdWIiOiIxMiJ9.GdCy91240h3OXSKLzM-7whdqo9RKlJhjn-bnaABBQbc49rlDQsLKzcRWYxzPQ4jkRPSmb53cM2Cifj_WUxQKTQ'}",接口param为：
2022-02-10 14:38:30,375 - INFO requestbase.py [line:21]: 连通接口"https://supplychain-server-stg.datousoft.com/groups/current/items/1",接口header为:"{'authorization': 'Bearer eyJhbGciOiJIUzUxMiJ9.eyJqdGkiOiIxMzE2MWI2OTczY2Q0OWQ5OGQ1MmU5ZGIxNDlmMWQwMiIsImF1dGgiOiIiLCJpZCI6NTk5LCJzdWIiOiIxMiJ9.GdCy91240h3OXSKLzM-7whdqo9RKlJhjn-bnaABBQbc49rlDQsLKzcRWYxzPQ4jkRPSmb53cM2Cifj_WUxQKTQ'}",接口param为：
2022-02-10 14:38:30,461 - INFO requestbase.py [line:26]: 等待接口"https://supplychain-server-stg.datousoft.com/groups/current/items/1"时长:0:00:00.082871
2022-02-10 14:38:30,461 - INFO requestbase.py [line:26]: 等待接口"https://supplychain-server-stg.datousoft.com/groups/current/items/1"时长:0:00:00.082871
2022-02-10 14:38:30,464 - INFO assertbase.py [line:28]: 预计接口返回code为"200.0",实际返回code为:"200"
2022-02-10 14:38:30,464 - INFO assertbase.py [line:28]: 预计接口返回code为"200.0",实际返回code为:"200"
2022-02-10 14:38:30,466 - INFO assertbase.py [line:31]: 预计接口返回code为"200.0",实际返回code为:"200"
2022-02-10 14:38:30,466 - INFO assertbase.py [line:31]: 预计接口返回code为"200.0",实际返回code为:"200"
2022-02-10 14:38:30,476 - INFO requestbase.py [line:69]: 连通接口"https://supplychain-server-stg.datousoft.com/items/1",接口data为:"",接口json{'enable': 'true', 'tags': ['12', '23', '34', '45', '56', '67', '78', '89', '01', '99953816724', '99897524630', '99135297046', '99254607193', '99310649275', '99376528194', '99352478916', '99503247816', '99187059632', '99953042716', '99638017452', '99237065184'], 'enableValidDays': 'true'}
2022-02-10 14:38:30,476 - INFO requestbase.py [line:69]: 连通接口"https://supplychain-server-stg.datousoft.com/items/1",接口data为:"",接口json{'enable': 'true', 'tags': ['12', '23', '34', '45', '56', '67', '78', '89', '01', '99953816724', '99897524630', '99135297046', '99254607193', '99310649275', '99376528194', '99352478916', '99503247816', '99187059632', '99953042716', '99638017452', '99237065184'], 'enableValidDays': 'true'}
2022-02-10 14:38:30,476 - INFO requestbase.py [line:69]: 连通接口"https://supplychain-server-stg.datousoft.com/items/1",接口data为:"",接口json{'enable': 'true', 'tags': ['12', '23', '34', '45', '56', '67', '78', '89', '01', '99953816724', '99897524630', '99135297046', '99254607193', '99310649275', '99376528194', '99352478916', '99503247816', '99187059632', '99953042716', '99638017452', '99237065184'], 'enableValidDays': 'true'}
2022-02-10 14:38:30,566 - INFO requestbase.py [line:74]: 等待接口"https://supplychain-server-stg.datousoft.com/items/1"时长:0:00:00.087365
2022-02-10 14:38:30,566 - INFO requestbase.py [line:74]: 等待接口"https://supplychain-server-stg.datousoft.com/items/1"时长:0:00:00.087365
2022-02-10 14:38:30,566 - INFO requestbase.py [line:74]: 等待接口"https://supplychain-server-stg.datousoft.com/items/1"时长:0:00:00.087365
2022-02-10 14:38:30,569 - INFO assertbase.py [line:28]: 预计接口返回code为"200.0",实际返回code为:"200"
2022-02-10 14:38:30,569 - INFO assertbase.py [line:28]: 预计接口返回code为"200.0",实际返回code为:"200"
2022-02-10 14:38:30,569 - INFO assertbase.py [line:28]: 预计接口返回code为"200.0",实际返回code为:"200"
2022-02-10 14:38:30,573 - INFO assertbase.py [line:31]: 预计接口返回code为"200.0",实际返回code为:"200"
2022-02-10 14:38:30,573 - INFO assertbase.py [line:31]: 预计接口返回code为"200.0",实际返回code为:"200"
2022-02-10 14:38:30,573 - INFO assertbase.py [line:31]: 预计接口返回code为"200.0",实际返回code为:"200"
2022-02-10 14:38:30,582 - INFO requestbase.py [line:69]: 连通接口"https://supplychain-server-stg.datousoft.com/shops/1",接口data为:"",接口json{'deliveryCenterId': 1, 'ownerCompanyId': 1}
2022-02-10 14:38:30,582 - INFO requestbase.py [line:69]: 连通接口"https://supplychain-server-stg.datousoft.com/shops/1",接口data为:"",接口json{'deliveryCenterId': 1, 'ownerCompanyId': 1}
2022-02-10 14:38:30,582 - INFO requestbase.py [line:69]: 连通接口"https://supplychain-server-stg.datousoft.com/shops/1",接口data为:"",接口json{'deliveryCenterId': 1, 'ownerCompanyId': 1}
2022-02-10 14:38:30,582 - INFO requestbase.py [line:69]: 连通接口"https://supplychain-server-stg.datousoft.com/shops/1",接口data为:"",接口json{'deliveryCenterId': 1, 'ownerCompanyId': 1}
2022-02-10 14:38:30,670 - INFO requestbase.py [line:74]: 等待接口"https://supplychain-server-stg.datousoft.com/shops/1"时长:0:00:00.085046
2022-02-10 14:38:30,670 - INFO requestbase.py [line:74]: 等待接口"https://supplychain-server-stg.datousoft.com/shops/1"时长:0:00:00.085046
2022-02-10 14:38:30,670 - INFO requestbase.py [line:74]: 等待接口"https://supplychain-server-stg.datousoft.com/shops/1"时长:0:00:00.085046
2022-02-10 14:38:30,670 - INFO requestbase.py [line:74]: 等待接口"https://supplychain-server-stg.datousoft.com/shops/1"时长:0:00:00.085046
2022-02-10 14:38:30,673 - INFO assertbase.py [line:28]: 预计接口返回code为"200.0",实际返回code为:"200"
2022-02-10 14:38:30,673 - INFO assertbase.py [line:28]: 预计接口返回code为"200.0",实际返回code为:"200"
2022-02-10 14:38:30,673 - INFO assertbase.py [line:28]: 预计接口返回code为"200.0",实际返回code为:"200"
2022-02-10 14:38:30,673 - INFO assertbase.py [line:28]: 预计接口返回code为"200.0",实际返回code为:"200"
2022-02-10 14:38:30,676 - INFO assertbase.py [line:31]: 预计接口返回code为"200.0",实际返回code为:"200"
2022-02-10 14:38:30,676 - INFO assertbase.py [line:31]: 预计接口返回code为"200.0",实际返回code为:"200"
2022-02-10 14:38:30,676 - INFO assertbase.py [line:31]: 预计接口返回code为"200.0",实际返回code为:"200"
2022-02-10 14:38:30,676 - INFO assertbase.py [line:31]: 预计接口返回code为"200.0",实际返回code为:"200"
2022-02-10 14:38:30,687 - INFO requestbase.py [line:21]: 连通接口"https://supplychain-server-stg.datousoft.com/suppliers/1",接口header为:"{'authorization': 'Bearer eyJhbGciOiJIUzUxMiJ9.eyJqdGkiOiIxMzE2MWI2OTczY2Q0OWQ5OGQ1MmU5ZGIxNDlmMWQwMiIsImF1dGgiOiIiLCJpZCI6NTk5LCJzdWIiOiIxMiJ9.GdCy91240h3OXSKLzM-7whdqo9RKlJhjn-bnaABBQbc49rlDQsLKzcRWYxzPQ4jkRPSmb53cM2Cifj_WUxQKTQ'}",接口param为：
2022-02-10 14:38:30,687 - INFO requestbase.py [line:21]: 连通接口"https://supplychain-server-stg.datousoft.com/suppliers/1",接口header为:"{'authorization': 'Bearer eyJhbGciOiJIUzUxMiJ9.eyJqdGkiOiIxMzE2MWI2OTczY2Q0OWQ5OGQ1MmU5ZGIxNDlmMWQwMiIsImF1dGgiOiIiLCJpZCI6NTk5LCJzdWIiOiIxMiJ9.GdCy91240h3OXSKLzM-7whdqo9RKlJhjn-bnaABBQbc49rlDQsLKzcRWYxzPQ4jkRPSmb53cM2Cifj_WUxQKTQ'}",接口param为：
2022-02-10 14:38:30,687 - INFO requestbase.py [line:21]: 连通接口"https://supplychain-server-stg.datousoft.com/suppliers/1",接口header为:"{'authorization': 'Bearer eyJhbGciOiJIUzUxMiJ9.eyJqdGkiOiIxMzE2MWI2OTczY2Q0OWQ5OGQ1MmU5ZGIxNDlmMWQwMiIsImF1dGgiOiIiLCJpZCI6NTk5LCJzdWIiOiIxMiJ9.GdCy91240h3OXSKLzM-7whdqo9RKlJhjn-bnaABBQbc49rlDQsLKzcRWYxzPQ4jkRPSmb53cM2Cifj_WUxQKTQ'}",接口param为：
2022-02-10 14:38:30,687 - INFO requestbase.py [line:21]: 连通接口"https://supplychain-server-stg.datousoft.com/suppliers/1",接口header为:"{'authorization': 'Bearer eyJhbGciOiJIUzUxMiJ9.eyJqdGkiOiIxMzE2MWI2OTczY2Q0OWQ5OGQ1MmU5ZGIxNDlmMWQwMiIsImF1dGgiOiIiLCJpZCI6NTk5LCJzdWIiOiIxMiJ9.GdCy91240h3OXSKLzM-7whdqo9RKlJhjn-bnaABBQbc49rlDQsLKzcRWYxzPQ4jkRPSmb53cM2Cifj_WUxQKTQ'}",接口param为：
2022-02-10 14:38:30,687 - INFO requestbase.py [line:21]: 连通接口"https://supplychain-server-stg.datousoft.com/suppliers/1",接口header为:"{'authorization': 'Bearer eyJhbGciOiJIUzUxMiJ9.eyJqdGkiOiIxMzE2MWI2OTczY2Q0OWQ5OGQ1MmU5ZGIxNDlmMWQwMiIsImF1dGgiOiIiLCJpZCI6NTk5LCJzdWIiOiIxMiJ9.GdCy91240h3OXSKLzM-7whdqo9RKlJhjn-bnaABBQbc49rlDQsLKzcRWYxzPQ4jkRPSmb53cM2Cifj_WUxQKTQ'}",接口param为：
2022-02-10 14:38:30,766 - INFO requestbase.py [line:26]: 等待接口"https://supplychain-server-stg.datousoft.com/suppliers/1"时长:0:00:00.074389
2022-02-10 14:38:30,766 - INFO requestbase.py [line:26]: 等待接口"https://supplychain-server-stg.datousoft.com/suppliers/1"时长:0:00:00.074389
2022-02-10 14:38:30,766 - INFO requestbase.py [line:26]: 等待接口"https://supplychain-server-stg.datousoft.com/suppliers/1"时长:0:00:00.074389
2022-02-10 14:38:30,766 - INFO requestbase.py [line:26]: 等待接口"https://supplychain-server-stg.datousoft.com/suppliers/1"时长:0:00:00.074389
2022-02-10 14:38:30,766 - INFO requestbase.py [line:26]: 等待接口"https://supplychain-server-stg.datousoft.com/suppliers/1"时长:0:00:00.074389
2022-02-10 14:38:30,769 - INFO assertbase.py [line:28]: 预计接口返回code为"200.0",实际返回code为:"200"
2022-02-10 14:38:30,769 - INFO assertbase.py [line:28]: 预计接口返回code为"200.0",实际返回code为:"200"
2022-02-10 14:38:30,769 - INFO assertbase.py [line:28]: 预计接口返回code为"200.0",实际返回code为:"200"
2022-02-10 14:38:30,769 - INFO assertbase.py [line:28]: 预计接口返回code为"200.0",实际返回code为:"200"
2022-02-10 14:38:30,769 - INFO assertbase.py [line:28]: 预计接口返回code为"200.0",实际返回code为:"200"
2022-02-10 14:38:30,772 - INFO assertbase.py [line:31]: 预计接口返回code为"200.0",实际返回code为:"200"
2022-02-10 14:38:30,772 - INFO assertbase.py [line:31]: 预计接口返回code为"200.0",实际返回code为:"200"
2022-02-10 14:38:30,772 - INFO assertbase.py [line:31]: 预计接口返回code为"200.0",实际返回code为:"200"
2022-02-10 14:38:30,772 - INFO assertbase.py [line:31]: 预计接口返回code为"200.0",实际返回code为:"200"
2022-02-10 14:38:30,772 - INFO assertbase.py [line:31]: 预计接口返回code为"200.0",实际返回code为:"200"
2022-02-10 14:38:30,781 - INFO requestbase.py [line:69]: 连通接口"https://supplychain-server-stg.datousoft.com/suppliers/1",接口data为:"",接口json{'enable': 'false'}
2022-02-10 14:38:30,781 - INFO requestbase.py [line:69]: 连通接口"https://supplychain-server-stg.datousoft.com/suppliers/1",接口data为:"",接口json{'enable': 'false'}
2022-02-10 14:38:30,781 - INFO requestbase.py [line:69]: 连通接口"https://supplychain-server-stg.datousoft.com/suppliers/1",接口data为:"",接口json{'enable': 'false'}
2022-02-10 14:38:30,781 - INFO requestbase.py [line:69]: 连通接口"https://supplychain-server-stg.datousoft.com/suppliers/1",接口data为:"",接口json{'enable': 'false'}
2022-02-10 14:38:30,781 - INFO requestbase.py [line:69]: 连通接口"https://supplychain-server-stg.datousoft.com/suppliers/1",接口data为:"",接口json{'enable': 'false'}
2022-02-10 14:38:30,781 - INFO requestbase.py [line:69]: 连通接口"https://supplychain-server-stg.datousoft.com/suppliers/1",接口data为:"",接口json{'enable': 'false'}
2022-02-10 14:38:30,875 - INFO requestbase.py [line:74]: 等待接口"https://supplychain-server-stg.datousoft.com/suppliers/1"时长:0:00:00.091872
2022-02-10 14:38:30,875 - INFO requestbase.py [line:74]: 等待接口"https://supplychain-server-stg.datousoft.com/suppliers/1"时长:0:00:00.091872
2022-02-10 14:38:30,875 - INFO requestbase.py [line:74]: 等待接口"https://supplychain-server-stg.datousoft.com/suppliers/1"时长:0:00:00.091872
2022-02-10 14:38:30,875 - INFO requestbase.py [line:74]: 等待接口"https://supplychain-server-stg.datousoft.com/suppliers/1"时长:0:00:00.091872
2022-02-10 14:38:30,875 - INFO requestbase.py [line:74]: 等待接口"https://supplychain-server-stg.datousoft.com/suppliers/1"时长:0:00:00.091872
2022-02-10 14:38:30,875 - INFO requestbase.py [line:74]: 等待接口"https://supplychain-server-stg.datousoft.com/suppliers/1"时长:0:00:00.091872
2022-02-10 14:38:30,879 - INFO assertbase.py [line:28]: 预计接口返回code为"200.0",实际返回code为:"200"
2022-02-10 14:38:30,879 - INFO assertbase.py [line:28]: 预计接口返回code为"200.0",实际返回code为:"200"
2022-02-10 14:38:30,879 - INFO assertbase.py [line:28]: 预计接口返回code为"200.0",实际返回code为:"200"
2022-02-10 14:38:30,879 - INFO assertbase.py [line:28]: 预计接口返回code为"200.0",实际返回code为:"200"
2022-02-10 14:38:30,879 - INFO assertbase.py [line:28]: 预计接口返回code为"200.0",实际返回code为:"200"
2022-02-10 14:38:30,879 - INFO assertbase.py [line:28]: 预计接口返回code为"200.0",实际返回code为:"200"
2022-02-10 14:38:30,881 - INFO assertbase.py [line:31]: 预计接口返回code为"200.0",实际返回code为:"200"
2022-02-10 14:38:30,881 - INFO assertbase.py [line:31]: 预计接口返回code为"200.0",实际返回code为:"200"
2022-02-10 14:38:30,881 - INFO assertbase.py [line:31]: 预计接口返回code为"200.0",实际返回code为:"200"
2022-02-10 14:38:30,881 - INFO assertbase.py [line:31]: 预计接口返回code为"200.0",实际返回code为:"200"
2022-02-10 14:38:30,881 - INFO assertbase.py [line:31]: 预计接口返回code为"200.0",实际返回code为:"200"
2022-02-10 14:38:30,881 - INFO assertbase.py [line:31]: 预计接口返回code为"200.0",实际返回code为:"200"
