2022-02-10 15:11:07,571 - INFO requestbase.py [line:21]: 连通接口"https://supplychain-server-stg.datousoft.com/items",接口header为:"{'authorization': 'Bearer eyJhbGciOiJIUzUxMiJ9.eyJqdGkiOiIzODBiMjk2MWZiMDQ0NDY0OGUxOWQ1MjYwYzg2MzZjYiIsImF1dGgiOiIiLCJpZCI6NTk5LCJzdWIiOiIxMiJ9.WgMQVn8RKwdX5FxtIlXvz_xP8q4gO2mK8-vSvyTIdUNtmlc7ed5eculAGrv_DiqqU7jzX_mRoqdDL3R-c32URw'}",接口param为：{'pageNum': '1', 'pageSize': '20'}
2022-02-10 15:11:07,772 - INFO requestbase.py [line:26]: 等待接口"https://supplychain-server-stg.datousoft.com/items"时长:0:00:00.198104
2022-02-10 15:11:07,775 - INFO assertbase.py [line:28]: 预计接口返回code为"200.0",实际返回code为:"200"
2022-02-10 15:11:07,777 - INFO assertbase.py [line:31]: 预计接口返回code为"200.0",实际返回code为:"200"
2022-02-10 15:11:07,786 - INFO requestbase.py [line:21]: 连通接口"https://supplychain-server-stg.datousoft.com/groups/current/items/1",接口header为:"{'authorization': 'Bearer eyJhbGciOiJIUzUxMiJ9.eyJqdGkiOiIzODBiMjk2MWZiMDQ0NDY0OGUxOWQ1MjYwYzg2MzZjYiIsImF1dGgiOiIiLCJpZCI6NTk5LCJzdWIiOiIxMiJ9.WgMQVn8RKwdX5FxtIlXvz_xP8q4gO2mK8-vSvyTIdUNtmlc7ed5eculAGrv_DiqqU7jzX_mRoqdDL3R-c32URw'}",接口param为：
2022-02-10 15:11:07,786 - INFO requestbase.py [line:21]: 连通接口"https://supplychain-server-stg.datousoft.com/groups/current/items/1",接口header为:"{'authorization': 'Bearer eyJhbGciOiJIUzUxMiJ9.eyJqdGkiOiIzODBiMjk2MWZiMDQ0NDY0OGUxOWQ1MjYwYzg2MzZjYiIsImF1dGgiOiIiLCJpZCI6NTk5LCJzdWIiOiIxMiJ9.WgMQVn8RKwdX5FxtIlXvz_xP8q4gO2mK8-vSvyTIdUNtmlc7ed5eculAGrv_DiqqU7jzX_mRoqdDL3R-c32URw'}",接口param为：
2022-02-10 15:11:07,867 - INFO requestbase.py [line:26]: 等待接口"https://supplychain-server-stg.datousoft.com/groups/current/items/1"时长:0:00:00.077859
2022-02-10 15:11:07,867 - INFO requestbase.py [line:26]: 等待接口"https://supplychain-server-stg.datousoft.com/groups/current/items/1"时长:0:00:00.077859
2022-02-10 15:11:07,871 - INFO assertbase.py [line:28]: 预计接口返回code为"200.0",实际返回code为:"200"
2022-02-10 15:11:07,871 - INFO assertbase.py [line:28]: 预计接口返回code为"200.0",实际返回code为:"200"
2022-02-10 15:11:07,875 - INFO assertbase.py [line:31]: 预计接口返回code为"200.0",实际返回code为:"200"
2022-02-10 15:11:07,875 - INFO assertbase.py [line:31]: 预计接口返回code为"200.0",实际返回code为:"200"
2022-02-10 15:11:07,889 - INFO requestbase.py [line:69]: 连通接口"https://supplychain-server-stg.datousoft.com/items/1",接口data为:"",接口json{'enable': 'true', 'tags': ['12', '23', '34', '45', '56', '67', '78', '89', '01', '99953816724', '99897524630', '99135297046', '99254607193', '99310649275', '99376528194', '99352478916', '99503247816', '99187059632', '99953042716', '99638017452', '99237065184'], 'enableValidDays': 'true'}
2022-02-10 15:11:07,889 - INFO requestbase.py [line:69]: 连通接口"https://supplychain-server-stg.datousoft.com/items/1",接口data为:"",接口json{'enable': 'true', 'tags': ['12', '23', '34', '45', '56', '67', '78', '89', '01', '99953816724', '99897524630', '99135297046', '99254607193', '99310649275', '99376528194', '99352478916', '99503247816', '99187059632', '99953042716', '99638017452', '99237065184'], 'enableValidDays': 'true'}
2022-02-10 15:11:07,889 - INFO requestbase.py [line:69]: 连通接口"https://supplychain-server-stg.datousoft.com/items/1",接口data为:"",接口json{'enable': 'true', 'tags': ['12', '23', '34', '45', '56', '67', '78', '89', '01', '99953816724', '99897524630', '99135297046', '99254607193', '99310649275', '99376528194', '99352478916', '99503247816', '99187059632', '99953042716', '99638017452', '99237065184'], 'enableValidDays': 'true'}
2022-02-10 15:11:07,971 - INFO requestbase.py [line:74]: 等待接口"https://supplychain-server-stg.datousoft.com/items/1"时长:0:00:00.080543
2022-02-10 15:11:07,971 - INFO requestbase.py [line:74]: 等待接口"https://supplychain-server-stg.datousoft.com/items/1"时长:0:00:00.080543
2022-02-10 15:11:07,971 - INFO requestbase.py [line:74]: 等待接口"https://supplychain-server-stg.datousoft.com/items/1"时长:0:00:00.080543
2022-02-10 15:11:07,976 - INFO assertbase.py [line:28]: 预计接口返回code为"200.0",实际返回code为:"200"
2022-02-10 15:11:07,976 - INFO assertbase.py [line:28]: 预计接口返回code为"200.0",实际返回code为:"200"
2022-02-10 15:11:07,976 - INFO assertbase.py [line:28]: 预计接口返回code为"200.0",实际返回code为:"200"
2022-02-10 15:11:07,980 - INFO assertbase.py [line:31]: 预计接口返回code为"200.0",实际返回code为:"200"
2022-02-10 15:11:07,980 - INFO assertbase.py [line:31]: 预计接口返回code为"200.0",实际返回code为:"200"
2022-02-10 15:11:07,980 - INFO assertbase.py [line:31]: 预计接口返回code为"200.0",实际返回code为:"200"
2022-02-10 15:11:07,993 - INFO requestbase.py [line:69]: 连通接口"https://supplychain-server-stg.datousoft.com/shops/1",接口data为:"",接口json{'deliveryCenterId': 1, 'ownerCompanyId': 1}
2022-02-10 15:11:07,993 - INFO requestbase.py [line:69]: 连通接口"https://supplychain-server-stg.datousoft.com/shops/1",接口data为:"",接口json{'deliveryCenterId': 1, 'ownerCompanyId': 1}
2022-02-10 15:11:07,993 - INFO requestbase.py [line:69]: 连通接口"https://supplychain-server-stg.datousoft.com/shops/1",接口data为:"",接口json{'deliveryCenterId': 1, 'ownerCompanyId': 1}
2022-02-10 15:11:07,993 - INFO requestbase.py [line:69]: 连通接口"https://supplychain-server-stg.datousoft.com/shops/1",接口data为:"",接口json{'deliveryCenterId': 1, 'ownerCompanyId': 1}
2022-02-10 15:11:08,090 - INFO requestbase.py [line:74]: 等待接口"https://supplychain-server-stg.datousoft.com/shops/1"时长:0:00:00.092989
2022-02-10 15:11:08,090 - INFO requestbase.py [line:74]: 等待接口"https://supplychain-server-stg.datousoft.com/shops/1"时长:0:00:00.092989
2022-02-10 15:11:08,090 - INFO requestbase.py [line:74]: 等待接口"https://supplychain-server-stg.datousoft.com/shops/1"时长:0:00:00.092989
2022-02-10 15:11:08,090 - INFO requestbase.py [line:74]: 等待接口"https://supplychain-server-stg.datousoft.com/shops/1"时长:0:00:00.092989
2022-02-10 15:11:08,096 - INFO assertbase.py [line:28]: 预计接口返回code为"200.0",实际返回code为:"200"
2022-02-10 15:11:08,096 - INFO assertbase.py [line:28]: 预计接口返回code为"200.0",实际返回code为:"200"
2022-02-10 15:11:08,096 - INFO assertbase.py [line:28]: 预计接口返回code为"200.0",实际返回code为:"200"
2022-02-10 15:11:08,096 - INFO assertbase.py [line:28]: 预计接口返回code为"200.0",实际返回code为:"200"
2022-02-10 15:11:08,102 - INFO assertbase.py [line:31]: 预计接口返回code为"200.0",实际返回code为:"200"
2022-02-10 15:11:08,102 - INFO assertbase.py [line:31]: 预计接口返回code为"200.0",实际返回code为:"200"
2022-02-10 15:11:08,102 - INFO assertbase.py [line:31]: 预计接口返回code为"200.0",实际返回code为:"200"
2022-02-10 15:11:08,102 - INFO assertbase.py [line:31]: 预计接口返回code为"200.0",实际返回code为:"200"
2022-02-10 15:11:08,116 - INFO requestbase.py [line:21]: 连通接口"https://supplychain-server-stg.datousoft.com/suppliers/1",接口header为:"{'authorization': 'Bearer eyJhbGciOiJIUzUxMiJ9.eyJqdGkiOiIzODBiMjk2MWZiMDQ0NDY0OGUxOWQ1MjYwYzg2MzZjYiIsImF1dGgiOiIiLCJpZCI6NTk5LCJzdWIiOiIxMiJ9.WgMQVn8RKwdX5FxtIlXvz_xP8q4gO2mK8-vSvyTIdUNtmlc7ed5eculAGrv_DiqqU7jzX_mRoqdDL3R-c32URw'}",接口param为：
2022-02-10 15:11:08,116 - INFO requestbase.py [line:21]: 连通接口"https://supplychain-server-stg.datousoft.com/suppliers/1",接口header为:"{'authorization': 'Bearer eyJhbGciOiJIUzUxMiJ9.eyJqdGkiOiIzODBiMjk2MWZiMDQ0NDY0OGUxOWQ1MjYwYzg2MzZjYiIsImF1dGgiOiIiLCJpZCI6NTk5LCJzdWIiOiIxMiJ9.WgMQVn8RKwdX5FxtIlXvz_xP8q4gO2mK8-vSvyTIdUNtmlc7ed5eculAGrv_DiqqU7jzX_mRoqdDL3R-c32URw'}",接口param为：
2022-02-10 15:11:08,116 - INFO requestbase.py [line:21]: 连通接口"https://supplychain-server-stg.datousoft.com/suppliers/1",接口header为:"{'authorization': 'Bearer eyJhbGciOiJIUzUxMiJ9.eyJqdGkiOiIzODBiMjk2MWZiMDQ0NDY0OGUxOWQ1MjYwYzg2MzZjYiIsImF1dGgiOiIiLCJpZCI6NTk5LCJzdWIiOiIxMiJ9.WgMQVn8RKwdX5FxtIlXvz_xP8q4gO2mK8-vSvyTIdUNtmlc7ed5eculAGrv_DiqqU7jzX_mRoqdDL3R-c32URw'}",接口param为：
2022-02-10 15:11:08,116 - INFO requestbase.py [line:21]: 连通接口"https://supplychain-server-stg.datousoft.com/suppliers/1",接口header为:"{'authorization': 'Bearer eyJhbGciOiJIUzUxMiJ9.eyJqdGkiOiIzODBiMjk2MWZiMDQ0NDY0OGUxOWQ1MjYwYzg2MzZjYiIsImF1dGgiOiIiLCJpZCI6NTk5LCJzdWIiOiIxMiJ9.WgMQVn8RKwdX5FxtIlXvz_xP8q4gO2mK8-vSvyTIdUNtmlc7ed5eculAGrv_DiqqU7jzX_mRoqdDL3R-c32URw'}",接口param为：
2022-02-10 15:11:08,190 - INFO requestbase.py [line:26]: 等待接口"https://supplychain-server-stg.datousoft.com/suppliers/1"时长:0:00:00.070020
2022-02-10 15:11:08,190 - INFO requestbase.py [line:26]: 等待接口"https://supplychain-server-stg.datousoft.com/suppliers/1"时长:0:00:00.070020
2022-02-10 15:11:08,190 - INFO requestbase.py [line:26]: 等待接口"https://supplychain-server-stg.datousoft.com/suppliers/1"时长:0:00:00.070020
2022-02-10 15:11:08,190 - INFO requestbase.py [line:26]: 等待接口"https://supplychain-server-stg.datousoft.com/suppliers/1"时长:0:00:00.070020
2022-02-10 15:11:08,193 - INFO assertbase.py [line:28]: 预计接口返回code为"200.0",实际返回code为:"200"
2022-02-10 15:11:08,193 - INFO assertbase.py [line:28]: 预计接口返回code为"200.0",实际返回code为:"200"
2022-02-10 15:11:08,193 - INFO assertbase.py [line:28]: 预计接口返回code为"200.0",实际返回code为:"200"
2022-02-10 15:11:08,193 - INFO assertbase.py [line:28]: 预计接口返回code为"200.0",实际返回code为:"200"
2022-02-10 15:11:08,196 - INFO assertbase.py [line:31]: 预计接口返回code为"200.0",实际返回code为:"200"
2022-02-10 15:11:08,196 - INFO assertbase.py [line:31]: 预计接口返回code为"200.0",实际返回code为:"200"
2022-02-10 15:11:08,196 - INFO assertbase.py [line:31]: 预计接口返回code为"200.0",实际返回code为:"200"
2022-02-10 15:11:08,196 - INFO assertbase.py [line:31]: 预计接口返回code为"200.0",实际返回code为:"200"
2022-02-10 15:11:08,206 - INFO requestbase.py [line:69]: 连通接口"https://supplychain-server-stg.datousoft.com/suppliers/1",接口data为:"",接口json{'enable': 'false'}
2022-02-10 15:11:08,206 - INFO requestbase.py [line:69]: 连通接口"https://supplychain-server-stg.datousoft.com/suppliers/1",接口data为:"",接口json{'enable': 'false'}
2022-02-10 15:11:08,206 - INFO requestbase.py [line:69]: 连通接口"https://supplychain-server-stg.datousoft.com/suppliers/1",接口data为:"",接口json{'enable': 'false'}
2022-02-10 15:11:08,206 - INFO requestbase.py [line:69]: 连通接口"https://supplychain-server-stg.datousoft.com/suppliers/1",接口data为:"",接口json{'enable': 'false'}
2022-02-10 15:11:08,304 - INFO requestbase.py [line:74]: 等待接口"https://supplychain-server-stg.datousoft.com/suppliers/1"时长:0:00:00.094823
2022-02-10 15:11:08,304 - INFO requestbase.py [line:74]: 等待接口"https://supplychain-server-stg.datousoft.com/suppliers/1"时长:0:00:00.094823
2022-02-10 15:11:08,304 - INFO requestbase.py [line:74]: 等待接口"https://supplychain-server-stg.datousoft.com/suppliers/1"时长:0:00:00.094823
2022-02-10 15:11:08,304 - INFO requestbase.py [line:74]: 等待接口"https://supplychain-server-stg.datousoft.com/suppliers/1"时长:0:00:00.094823
2022-02-10 15:11:08,311 - INFO assertbase.py [line:28]: 预计接口返回code为"200.0",实际返回code为:"200"
2022-02-10 15:11:08,311 - INFO assertbase.py [line:28]: 预计接口返回code为"200.0",实际返回code为:"200"
2022-02-10 15:11:08,311 - INFO assertbase.py [line:28]: 预计接口返回code为"200.0",实际返回code为:"200"
2022-02-10 15:11:08,311 - INFO assertbase.py [line:28]: 预计接口返回code为"200.0",实际返回code为:"200"
2022-02-10 15:11:08,317 - INFO assertbase.py [line:31]: 预计接口返回code为"200.0",实际返回code为:"200"
2022-02-10 15:11:08,317 - INFO assertbase.py [line:31]: 预计接口返回code为"200.0",实际返回code为:"200"
2022-02-10 15:11:08,317 - INFO assertbase.py [line:31]: 预计接口返回code为"200.0",实际返回code为:"200"
2022-02-10 15:11:08,317 - INFO assertbase.py [line:31]: 预计接口返回code为"200.0",实际返回code为:"200"
