2022-02-10 15:48:12,393 - INFO requestbase.py [line:33]: 连通接口"https://gateway-stg.datousoft.com/authority/auth/login",接口data为:"",接口json{'groupId': '3', 'username': 'TRtsH2z2egXgbqWAIOTsJBf7E+Z/nA17u7HoVWtUqBIQP3PXpTeNuxcIm2rHTBkpnuCplP+CR/CkjzNFC2oMTKzMgXJWSu97e0qqLOV+Sm8VqntO0HMC0gTlQkHzJ33LLA4x12fDEGJnLcaznG16eCYlZPgssGvazAPGvOO7Wqk=', 'password': 'rlSCBdDGZAeGyaN7qlTWWEsZN0r8dlD7y81u2Waq2IyyUJfIZZ9A8Iua0eJpViQOeEOUQgk4L/5SaZtRQrfv3iJG2ryuw+zv8FX+DS6CY/kkZwmq6jnebMDCeaUhcBkbS+6g3vOM9Q0fCR/5yPLOJ5SQlYAnyL+pd66NSlFkh4M=', 'validate': '', 'challenge': '', 'seccode': ''}
2022-02-10 15:48:12,393 - INFO requestbase.py [line:33]: 连通接口"https://gateway-stg.datousoft.com/authority/auth/login",接口data为:"",接口json{'groupId': '3', 'username': 'TRtsH2z2egXgbqWAIOTsJBf7E+Z/nA17u7HoVWtUqBIQP3PXpTeNuxcIm2rHTBkpnuCplP+CR/CkjzNFC2oMTKzMgXJWSu97e0qqLOV+Sm8VqntO0HMC0gTlQkHzJ33LLA4x12fDEGJnLcaznG16eCYlZPgssGvazAPGvOO7Wqk=', 'password': 'rlSCBdDGZAeGyaN7qlTWWEsZN0r8dlD7y81u2Waq2IyyUJfIZZ9A8Iua0eJpViQOeEOUQgk4L/5SaZtRQrfv3iJG2ryuw+zv8FX+DS6CY/kkZwmq6jnebMDCeaUhcBkbS+6g3vOM9Q0fCR/5yPLOJ5SQlYAnyL+pd66NSlFkh4M=', 'validate': '', 'challenge': '', 'seccode': ''}
2022-02-10 15:48:12,776 - INFO requestbase.py [line:38]: 等待接口"https://gateway-stg.datousoft.com/authority/auth/login"时长:0:00:00.381595
2022-02-10 15:48:12,776 - INFO requestbase.py [line:38]: 等待接口"https://gateway-stg.datousoft.com/authority/auth/login"时长:0:00:00.381595
2022-02-10 15:48:12,786 - INFO requestbase.py [line:21]: 连通接口"https://supplychain-server-stg.datousoft.com/items",接口header为:"{'authorization': 'Bearer eyJhbGciOiJIUzUxMiJ9.eyJqdGkiOiJlNDc4ZDhiYTgxN2E0ZTNkYjZkNTUyOGYzNWQ3OTA2MiIsImF1dGgiOiIiLCJpZCI6NTk5LCJzdWIiOiIxMiJ9.jYW5ucZx5Hu_pvNFyA1kH65RxlZx_OPZIKYTuxRo-XVnyANsyetK88KSubZLy8U7Hs8dipYy8L9g-fC3UD87TQ'}",接口param为：{'pageNum': '1', 'pageSize': '20'}
2022-02-10 15:48:12,786 - INFO requestbase.py [line:21]: 连通接口"https://supplychain-server-stg.datousoft.com/items",接口header为:"{'authorization': 'Bearer eyJhbGciOiJIUzUxMiJ9.eyJqdGkiOiJlNDc4ZDhiYTgxN2E0ZTNkYjZkNTUyOGYzNWQ3OTA2MiIsImF1dGgiOiIiLCJpZCI6NTk5LCJzdWIiOiIxMiJ9.jYW5ucZx5Hu_pvNFyA1kH65RxlZx_OPZIKYTuxRo-XVnyANsyetK88KSubZLy8U7Hs8dipYy8L9g-fC3UD87TQ'}",接口param为：{'pageNum': '1', 'pageSize': '20'}
2022-02-10 15:48:12,786 - INFO requestbase.py [line:21]: 连通接口"https://supplychain-server-stg.datousoft.com/items",接口header为:"{'authorization': 'Bearer eyJhbGciOiJIUzUxMiJ9.eyJqdGkiOiJlNDc4ZDhiYTgxN2E0ZTNkYjZkNTUyOGYzNWQ3OTA2MiIsImF1dGgiOiIiLCJpZCI6NTk5LCJzdWIiOiIxMiJ9.jYW5ucZx5Hu_pvNFyA1kH65RxlZx_OPZIKYTuxRo-XVnyANsyetK88KSubZLy8U7Hs8dipYy8L9g-fC3UD87TQ'}",接口param为：{'pageNum': '1', 'pageSize': '20'}
2022-02-10 15:48:13,014 - INFO requestbase.py [line:26]: 等待接口"https://supplychain-server-stg.datousoft.com/items"时长:0:00:00.226813
2022-02-10 15:48:13,014 - INFO requestbase.py [line:26]: 等待接口"https://supplychain-server-stg.datousoft.com/items"时长:0:00:00.226813
2022-02-10 15:48:13,014 - INFO requestbase.py [line:26]: 等待接口"https://supplychain-server-stg.datousoft.com/items"时长:0:00:00.226813
2022-02-10 15:48:13,014 - INFO assertbase.py [line:28]: 预计接口返回code为"200.0",实际返回code为:"200"
2022-02-10 15:48:13,014 - INFO assertbase.py [line:28]: 预计接口返回code为"200.0",实际返回code为:"200"
2022-02-10 15:48:13,014 - INFO assertbase.py [line:28]: 预计接口返回code为"200.0",实际返回code为:"200"
2022-02-10 15:48:13,014 - INFO assertbase.py [line:31]: 预计接口返回code为"200.0",实际返回code为:"200"
2022-02-10 15:48:13,014 - INFO assertbase.py [line:31]: 预计接口返回code为"200.0",实际返回code为:"200"
2022-02-10 15:48:13,014 - INFO assertbase.py [line:31]: 预计接口返回code为"200.0",实际返回code为:"200"
2022-02-10 15:48:13,022 - INFO requestbase.py [line:21]: 连通接口"https://supplychain-server-stg.datousoft.com/groups/current/items/1",接口header为:"{'authorization': 'Bearer eyJhbGciOiJIUzUxMiJ9.eyJqdGkiOiJlNDc4ZDhiYTgxN2E0ZTNkYjZkNTUyOGYzNWQ3OTA2MiIsImF1dGgiOiIiLCJpZCI6NTk5LCJzdWIiOiIxMiJ9.jYW5ucZx5Hu_pvNFyA1kH65RxlZx_OPZIKYTuxRo-XVnyANsyetK88KSubZLy8U7Hs8dipYy8L9g-fC3UD87TQ'}",接口param为：
2022-02-10 15:48:13,022 - INFO requestbase.py [line:21]: 连通接口"https://supplychain-server-stg.datousoft.com/groups/current/items/1",接口header为:"{'authorization': 'Bearer eyJhbGciOiJIUzUxMiJ9.eyJqdGkiOiJlNDc4ZDhiYTgxN2E0ZTNkYjZkNTUyOGYzNWQ3OTA2MiIsImF1dGgiOiIiLCJpZCI6NTk5LCJzdWIiOiIxMiJ9.jYW5ucZx5Hu_pvNFyA1kH65RxlZx_OPZIKYTuxRo-XVnyANsyetK88KSubZLy8U7Hs8dipYy8L9g-fC3UD87TQ'}",接口param为：
2022-02-10 15:48:13,022 - INFO requestbase.py [line:21]: 连通接口"https://supplychain-server-stg.datousoft.com/groups/current/items/1",接口header为:"{'authorization': 'Bearer eyJhbGciOiJIUzUxMiJ9.eyJqdGkiOiJlNDc4ZDhiYTgxN2E0ZTNkYjZkNTUyOGYzNWQ3OTA2MiIsImF1dGgiOiIiLCJpZCI6NTk5LCJzdWIiOiIxMiJ9.jYW5ucZx5Hu_pvNFyA1kH65RxlZx_OPZIKYTuxRo-XVnyANsyetK88KSubZLy8U7Hs8dipYy8L9g-fC3UD87TQ'}",接口param为：
2022-02-10 15:48:13,106 - INFO requestbase.py [line:26]: 等待接口"https://supplychain-server-stg.datousoft.com/groups/current/items/1"时长:0:00:00.083223
2022-02-10 15:48:13,106 - INFO requestbase.py [line:26]: 等待接口"https://supplychain-server-stg.datousoft.com/groups/current/items/1"时长:0:00:00.083223
2022-02-10 15:48:13,106 - INFO requestbase.py [line:26]: 等待接口"https://supplychain-server-stg.datousoft.com/groups/current/items/1"时长:0:00:00.083223
2022-02-10 15:48:13,106 - INFO assertbase.py [line:28]: 预计接口返回code为"200.0",实际返回code为:"200"
2022-02-10 15:48:13,106 - INFO assertbase.py [line:28]: 预计接口返回code为"200.0",实际返回code为:"200"
2022-02-10 15:48:13,106 - INFO assertbase.py [line:28]: 预计接口返回code为"200.0",实际返回code为:"200"
2022-02-10 15:48:13,106 - INFO assertbase.py [line:31]: 预计接口返回code为"200.0",实际返回code为:"200"
2022-02-10 15:48:13,106 - INFO assertbase.py [line:31]: 预计接口返回code为"200.0",实际返回code为:"200"
2022-02-10 15:48:13,106 - INFO assertbase.py [line:31]: 预计接口返回code为"200.0",实际返回code为:"200"
2022-02-10 15:48:13,113 - INFO requestbase.py [line:69]: 连通接口"https://supplychain-server-stg.datousoft.com/items/1",接口data为:"",接口json{'enable': 'true', 'tags': ['12', '23', '34', '45', '56', '67', '78', '89', '01', '99953816724', '99897524630', '99135297046', '99254607193', '99310649275', '99376528194', '99352478916', '99503247816', '99187059632', '99953042716', '99638017452', '99237065184'], 'enableValidDays': 'true'}
2022-02-10 15:48:13,113 - INFO requestbase.py [line:69]: 连通接口"https://supplychain-server-stg.datousoft.com/items/1",接口data为:"",接口json{'enable': 'true', 'tags': ['12', '23', '34', '45', '56', '67', '78', '89', '01', '99953816724', '99897524630', '99135297046', '99254607193', '99310649275', '99376528194', '99352478916', '99503247816', '99187059632', '99953042716', '99638017452', '99237065184'], 'enableValidDays': 'true'}
2022-02-10 15:48:13,113 - INFO requestbase.py [line:69]: 连通接口"https://supplychain-server-stg.datousoft.com/items/1",接口data为:"",接口json{'enable': 'true', 'tags': ['12', '23', '34', '45', '56', '67', '78', '89', '01', '99953816724', '99897524630', '99135297046', '99254607193', '99310649275', '99376528194', '99352478916', '99503247816', '99187059632', '99953042716', '99638017452', '99237065184'], 'enableValidDays': 'true'}
2022-02-10 15:48:13,203 - INFO requestbase.py [line:74]: 等待接口"https://supplychain-server-stg.datousoft.com/items/1"时长:0:00:00.089705
2022-02-10 15:48:13,203 - INFO requestbase.py [line:74]: 等待接口"https://supplychain-server-stg.datousoft.com/items/1"时长:0:00:00.089705
2022-02-10 15:48:13,203 - INFO requestbase.py [line:74]: 等待接口"https://supplychain-server-stg.datousoft.com/items/1"时长:0:00:00.089705
2022-02-10 15:48:13,204 - INFO assertbase.py [line:28]: 预计接口返回code为"200.0",实际返回code为:"200"
2022-02-10 15:48:13,204 - INFO assertbase.py [line:28]: 预计接口返回code为"200.0",实际返回code为:"200"
2022-02-10 15:48:13,204 - INFO assertbase.py [line:28]: 预计接口返回code为"200.0",实际返回code为:"200"
2022-02-10 15:48:13,205 - INFO assertbase.py [line:31]: 预计接口返回code为"200.0",实际返回code为:"200"
2022-02-10 15:48:13,205 - INFO assertbase.py [line:31]: 预计接口返回code为"200.0",实际返回code为:"200"
2022-02-10 15:48:13,205 - INFO assertbase.py [line:31]: 预计接口返回code为"200.0",实际返回code为:"200"
2022-02-10 15:48:13,216 - INFO requestbase.py [line:69]: 连通接口"https://supplychain-server-stg.datousoft.com/shops/1",接口data为:"",接口json{'deliveryCenterId': 1, 'ownerCompanyId': 1}
2022-02-10 15:48:13,216 - INFO requestbase.py [line:69]: 连通接口"https://supplychain-server-stg.datousoft.com/shops/1",接口data为:"",接口json{'deliveryCenterId': 1, 'ownerCompanyId': 1}
2022-02-10 15:48:13,216 - INFO requestbase.py [line:69]: 连通接口"https://supplychain-server-stg.datousoft.com/shops/1",接口data为:"",接口json{'deliveryCenterId': 1, 'ownerCompanyId': 1}
2022-02-10 15:48:13,298 - INFO requestbase.py [line:74]: 等待接口"https://supplychain-server-stg.datousoft.com/shops/1"时长:0:00:00.080729
2022-02-10 15:48:13,298 - INFO requestbase.py [line:74]: 等待接口"https://supplychain-server-stg.datousoft.com/shops/1"时长:0:00:00.080729
2022-02-10 15:48:13,298 - INFO requestbase.py [line:74]: 等待接口"https://supplychain-server-stg.datousoft.com/shops/1"时长:0:00:00.080729
2022-02-10 15:48:13,298 - INFO assertbase.py [line:28]: 预计接口返回code为"200.0",实际返回code为:"200"
2022-02-10 15:48:13,298 - INFO assertbase.py [line:28]: 预计接口返回code为"200.0",实际返回code为:"200"
2022-02-10 15:48:13,298 - INFO assertbase.py [line:28]: 预计接口返回code为"200.0",实际返回code为:"200"
2022-02-10 15:48:13,299 - INFO assertbase.py [line:31]: 预计接口返回code为"200.0",实际返回code为:"200"
2022-02-10 15:48:13,299 - INFO assertbase.py [line:31]: 预计接口返回code为"200.0",实际返回code为:"200"
2022-02-10 15:48:13,299 - INFO assertbase.py [line:31]: 预计接口返回code为"200.0",实际返回code为:"200"
2022-02-10 15:48:13,306 - INFO requestbase.py [line:21]: 连通接口"https://supplychain-server-stg.datousoft.com/suppliers/1",接口header为:"{'authorization': 'Bearer eyJhbGciOiJIUzUxMiJ9.eyJqdGkiOiJlNDc4ZDhiYTgxN2E0ZTNkYjZkNTUyOGYzNWQ3OTA2MiIsImF1dGgiOiIiLCJpZCI6NTk5LCJzdWIiOiIxMiJ9.jYW5ucZx5Hu_pvNFyA1kH65RxlZx_OPZIKYTuxRo-XVnyANsyetK88KSubZLy8U7Hs8dipYy8L9g-fC3UD87TQ'}",接口param为：
2022-02-10 15:48:13,306 - INFO requestbase.py [line:21]: 连通接口"https://supplychain-server-stg.datousoft.com/suppliers/1",接口header为:"{'authorization': 'Bearer eyJhbGciOiJIUzUxMiJ9.eyJqdGkiOiJlNDc4ZDhiYTgxN2E0ZTNkYjZkNTUyOGYzNWQ3OTA2MiIsImF1dGgiOiIiLCJpZCI6NTk5LCJzdWIiOiIxMiJ9.jYW5ucZx5Hu_pvNFyA1kH65RxlZx_OPZIKYTuxRo-XVnyANsyetK88KSubZLy8U7Hs8dipYy8L9g-fC3UD87TQ'}",接口param为：
2022-02-10 15:48:13,306 - INFO requestbase.py [line:21]: 连通接口"https://supplychain-server-stg.datousoft.com/suppliers/1",接口header为:"{'authorization': 'Bearer eyJhbGciOiJIUzUxMiJ9.eyJqdGkiOiJlNDc4ZDhiYTgxN2E0ZTNkYjZkNTUyOGYzNWQ3OTA2MiIsImF1dGgiOiIiLCJpZCI6NTk5LCJzdWIiOiIxMiJ9.jYW5ucZx5Hu_pvNFyA1kH65RxlZx_OPZIKYTuxRo-XVnyANsyetK88KSubZLy8U7Hs8dipYy8L9g-fC3UD87TQ'}",接口param为：
2022-02-10 15:48:13,393 - INFO requestbase.py [line:26]: 等待接口"https://supplychain-server-stg.datousoft.com/suppliers/1"时长:0:00:00.085785
2022-02-10 15:48:13,393 - INFO requestbase.py [line:26]: 等待接口"https://supplychain-server-stg.datousoft.com/suppliers/1"时长:0:00:00.085785
2022-02-10 15:48:13,393 - INFO requestbase.py [line:26]: 等待接口"https://supplychain-server-stg.datousoft.com/suppliers/1"时长:0:00:00.085785
2022-02-10 15:48:13,393 - INFO assertbase.py [line:28]: 预计接口返回code为"200.0",实际返回code为:"200"
2022-02-10 15:48:13,393 - INFO assertbase.py [line:28]: 预计接口返回code为"200.0",实际返回code为:"200"
2022-02-10 15:48:13,393 - INFO assertbase.py [line:28]: 预计接口返回code为"200.0",实际返回code为:"200"
2022-02-10 15:48:13,394 - INFO assertbase.py [line:31]: 预计接口返回code为"200.0",实际返回code为:"200"
2022-02-10 15:48:13,394 - INFO assertbase.py [line:31]: 预计接口返回code为"200.0",实际返回code为:"200"
2022-02-10 15:48:13,394 - INFO assertbase.py [line:31]: 预计接口返回code为"200.0",实际返回code为:"200"
2022-02-10 15:48:13,402 - INFO requestbase.py [line:69]: 连通接口"https://supplychain-server-stg.datousoft.com/suppliers/1",接口data为:"",接口json{'enable': 'false'}
2022-02-10 15:48:13,402 - INFO requestbase.py [line:69]: 连通接口"https://supplychain-server-stg.datousoft.com/suppliers/1",接口data为:"",接口json{'enable': 'false'}
2022-02-10 15:48:13,402 - INFO requestbase.py [line:69]: 连通接口"https://supplychain-server-stg.datousoft.com/suppliers/1",接口data为:"",接口json{'enable': 'false'}
2022-02-10 15:48:13,506 - INFO requestbase.py [line:74]: 等待接口"https://supplychain-server-stg.datousoft.com/suppliers/1"时长:0:00:00.103651
2022-02-10 15:48:13,506 - INFO requestbase.py [line:74]: 等待接口"https://supplychain-server-stg.datousoft.com/suppliers/1"时长:0:00:00.103651
2022-02-10 15:48:13,506 - INFO requestbase.py [line:74]: 等待接口"https://supplychain-server-stg.datousoft.com/suppliers/1"时长:0:00:00.103651
2022-02-10 15:48:13,507 - INFO assertbase.py [line:28]: 预计接口返回code为"200.0",实际返回code为:"200"
2022-02-10 15:48:13,507 - INFO assertbase.py [line:28]: 预计接口返回code为"200.0",实际返回code为:"200"
2022-02-10 15:48:13,507 - INFO assertbase.py [line:28]: 预计接口返回code为"200.0",实际返回code为:"200"
2022-02-10 15:48:13,508 - INFO assertbase.py [line:31]: 预计接口返回code为"200.0",实际返回code为:"200"
2022-02-10 15:48:13,508 - INFO assertbase.py [line:31]: 预计接口返回code为"200.0",实际返回code为:"200"
2022-02-10 15:48:13,508 - INFO assertbase.py [line:31]: 预计接口返回code为"200.0",实际返回code为:"200"
