2022-02-10 16:33:33,310 - INFO requestbase.py [line:21]: 连通接口"https://supplychain-server-stg.datousoft.com/items",接口header为:"{'authorization': 'Bearer eyJhbGciOiJIUzUxMiJ9.eyJqdGkiOiIyNGViZDM5NWNjODc0ZmI4YmE2NGZhM2Y5YmNmNWFiZCIsImF1dGgiOiIiLCJpZCI6NTk5LCJzdWIiOiIxMiJ9.fHSH47EH06Oop4p8OL_NIhsfcGMGUAvbs2hgV5_0UPGaHR6qgk6zDjrH6UvV7mQR3gpW3RJ31kQxNwK-_6KRjg'}",接口param为：{'pageNum': '1', 'pageSize': '20'}
2022-02-10 16:33:33,521 - INFO requestbase.py [line:26]: 等待接口"https://supplychain-server-stg.datousoft.com/items"时长:0:00:00.210949
2022-02-10 16:33:33,521 - INFO assertbase.py [line:28]: 预计接口返回code为"200.0",实际返回code为:"200"
2022-02-10 16:33:33,521 - INFO assertbase.py [line:31]: 预计接口返回code为"200.0",实际返回code为:"200"
2022-02-10 16:33:33,529 - INFO requestbase.py [line:21]: 连通接口"https://supplychain-server-stg.datousoft.com/groups/current/items/1",接口header为:"{'authorization': 'Bearer eyJhbGciOiJIUzUxMiJ9.eyJqdGkiOiIyNGViZDM5NWNjODc0ZmI4YmE2NGZhM2Y5YmNmNWFiZCIsImF1dGgiOiIiLCJpZCI6NTk5LCJzdWIiOiIxMiJ9.fHSH47EH06Oop4p8OL_NIhsfcGMGUAvbs2hgV5_0UPGaHR6qgk6zDjrH6UvV7mQR3gpW3RJ31kQxNwK-_6KRjg'}",接口param为：
2022-02-10 16:33:33,529 - INFO requestbase.py [line:21]: 连通接口"https://supplychain-server-stg.datousoft.com/groups/current/items/1",接口header为:"{'authorization': 'Bearer eyJhbGciOiJIUzUxMiJ9.eyJqdGkiOiIyNGViZDM5NWNjODc0ZmI4YmE2NGZhM2Y5YmNmNWFiZCIsImF1dGgiOiIiLCJpZCI6NTk5LCJzdWIiOiIxMiJ9.fHSH47EH06Oop4p8OL_NIhsfcGMGUAvbs2hgV5_0UPGaHR6qgk6zDjrH6UvV7mQR3gpW3RJ31kQxNwK-_6KRjg'}",接口param为：
2022-02-10 16:33:33,594 - INFO requestbase.py [line:26]: 等待接口"https://supplychain-server-stg.datousoft.com/groups/current/items/1"时长:0:00:00.064822
2022-02-10 16:33:33,594 - INFO requestbase.py [line:26]: 等待接口"https://supplychain-server-stg.datousoft.com/groups/current/items/1"时长:0:00:00.064822
2022-02-10 16:33:33,594 - INFO assertbase.py [line:28]: 预计接口返回code为"200.0",实际返回code为:"200"
2022-02-10 16:33:33,594 - INFO assertbase.py [line:28]: 预计接口返回code为"200.0",实际返回code为:"200"
2022-02-10 16:33:33,594 - INFO assertbase.py [line:31]: 预计接口返回code为"200.0",实际返回code为:"200"
2022-02-10 16:33:33,594 - INFO assertbase.py [line:31]: 预计接口返回code为"200.0",实际返回code为:"200"
2022-02-10 16:33:33,601 - INFO requestbase.py [line:69]: 连通接口"https://supplychain-server-stg.datousoft.com/items/1",接口data为:"",接口json{'enable': 'true', 'tags': ['12', '23', '34', '45', '56', '67', '78', '89', '01', '99953816724', '99897524630', '99135297046', '99254607193', '99310649275', '99376528194', '99352478916', '99503247816', '99187059632', '99953042716', '99638017452', '99237065184'], 'enableValidDays': 'true'}
2022-02-10 16:33:33,601 - INFO requestbase.py [line:69]: 连通接口"https://supplychain-server-stg.datousoft.com/items/1",接口data为:"",接口json{'enable': 'true', 'tags': ['12', '23', '34', '45', '56', '67', '78', '89', '01', '99953816724', '99897524630', '99135297046', '99254607193', '99310649275', '99376528194', '99352478916', '99503247816', '99187059632', '99953042716', '99638017452', '99237065184'], 'enableValidDays': 'true'}
2022-02-10 16:33:33,601 - INFO requestbase.py [line:69]: 连通接口"https://supplychain-server-stg.datousoft.com/items/1",接口data为:"",接口json{'enable': 'true', 'tags': ['12', '23', '34', '45', '56', '67', '78', '89', '01', '99953816724', '99897524630', '99135297046', '99254607193', '99310649275', '99376528194', '99352478916', '99503247816', '99187059632', '99953042716', '99638017452', '99237065184'], 'enableValidDays': 'true'}
2022-02-10 16:33:33,667 - INFO requestbase.py [line:74]: 等待接口"https://supplychain-server-stg.datousoft.com/items/1"时长:0:00:00.064822
2022-02-10 16:33:33,667 - INFO requestbase.py [line:74]: 等待接口"https://supplychain-server-stg.datousoft.com/items/1"时长:0:00:00.064822
2022-02-10 16:33:33,667 - INFO requestbase.py [line:74]: 等待接口"https://supplychain-server-stg.datousoft.com/items/1"时长:0:00:00.064822
2022-02-10 16:33:33,667 - INFO assertbase.py [line:28]: 预计接口返回code为"200.0",实际返回code为:"200"
2022-02-10 16:33:33,667 - INFO assertbase.py [line:28]: 预计接口返回code为"200.0",实际返回code为:"200"
2022-02-10 16:33:33,667 - INFO assertbase.py [line:28]: 预计接口返回code为"200.0",实际返回code为:"200"
2022-02-10 16:33:33,667 - INFO assertbase.py [line:31]: 预计接口返回code为"200.0",实际返回code为:"200"
2022-02-10 16:33:33,667 - INFO assertbase.py [line:31]: 预计接口返回code为"200.0",实际返回code为:"200"
2022-02-10 16:33:33,667 - INFO assertbase.py [line:31]: 预计接口返回code为"200.0",实际返回code为:"200"
2022-02-10 16:33:33,673 - INFO requestbase.py [line:69]: 连通接口"https://supplychain-server-stg.datousoft.com/shops/1",接口data为:"",接口json{'deliveryCenterId': 1, 'ownerCompanyId': 1}
2022-02-10 16:33:33,673 - INFO requestbase.py [line:69]: 连通接口"https://supplychain-server-stg.datousoft.com/shops/1",接口data为:"",接口json{'deliveryCenterId': 1, 'ownerCompanyId': 1}
2022-02-10 16:33:33,673 - INFO requestbase.py [line:69]: 连通接口"https://supplychain-server-stg.datousoft.com/shops/1",接口data为:"",接口json{'deliveryCenterId': 1, 'ownerCompanyId': 1}
2022-02-10 16:33:33,673 - INFO requestbase.py [line:69]: 连通接口"https://supplychain-server-stg.datousoft.com/shops/1",接口data为:"",接口json{'deliveryCenterId': 1, 'ownerCompanyId': 1}
2022-02-10 16:33:33,745 - INFO requestbase.py [line:74]: 等待接口"https://supplychain-server-stg.datousoft.com/shops/1"时长:0:00:00.071807
2022-02-10 16:33:33,745 - INFO requestbase.py [line:74]: 等待接口"https://supplychain-server-stg.datousoft.com/shops/1"时长:0:00:00.071807
2022-02-10 16:33:33,745 - INFO requestbase.py [line:74]: 等待接口"https://supplychain-server-stg.datousoft.com/shops/1"时长:0:00:00.071807
2022-02-10 16:33:33,745 - INFO requestbase.py [line:74]: 等待接口"https://supplychain-server-stg.datousoft.com/shops/1"时长:0:00:00.071807
2022-02-10 16:33:33,746 - INFO assertbase.py [line:28]: 预计接口返回code为"200.0",实际返回code为:"200"
2022-02-10 16:33:33,746 - INFO assertbase.py [line:28]: 预计接口返回code为"200.0",实际返回code为:"200"
2022-02-10 16:33:33,746 - INFO assertbase.py [line:28]: 预计接口返回code为"200.0",实际返回code为:"200"
2022-02-10 16:33:33,746 - INFO assertbase.py [line:28]: 预计接口返回code为"200.0",实际返回code为:"200"
2022-02-10 16:33:33,746 - INFO assertbase.py [line:31]: 预计接口返回code为"200.0",实际返回code为:"200"
2022-02-10 16:33:33,746 - INFO assertbase.py [line:31]: 预计接口返回code为"200.0",实际返回code为:"200"
2022-02-10 16:33:33,746 - INFO assertbase.py [line:31]: 预计接口返回code为"200.0",实际返回code为:"200"
2022-02-10 16:33:33,746 - INFO assertbase.py [line:31]: 预计接口返回code为"200.0",实际返回code为:"200"
2022-02-10 16:33:33,752 - INFO requestbase.py [line:21]: 连通接口"https://supplychain-server-stg.datousoft.com/suppliers/1",接口header为:"{'authorization': 'Bearer eyJhbGciOiJIUzUxMiJ9.eyJqdGkiOiIyNGViZDM5NWNjODc0ZmI4YmE2NGZhM2Y5YmNmNWFiZCIsImF1dGgiOiIiLCJpZCI6NTk5LCJzdWIiOiIxMiJ9.fHSH47EH06Oop4p8OL_NIhsfcGMGUAvbs2hgV5_0UPGaHR6qgk6zDjrH6UvV7mQR3gpW3RJ31kQxNwK-_6KRjg'}",接口param为：
2022-02-10 16:33:33,752 - INFO requestbase.py [line:21]: 连通接口"https://supplychain-server-stg.datousoft.com/suppliers/1",接口header为:"{'authorization': 'Bearer eyJhbGciOiJIUzUxMiJ9.eyJqdGkiOiIyNGViZDM5NWNjODc0ZmI4YmE2NGZhM2Y5YmNmNWFiZCIsImF1dGgiOiIiLCJpZCI6NTk5LCJzdWIiOiIxMiJ9.fHSH47EH06Oop4p8OL_NIhsfcGMGUAvbs2hgV5_0UPGaHR6qgk6zDjrH6UvV7mQR3gpW3RJ31kQxNwK-_6KRjg'}",接口param为：
2022-02-10 16:33:33,752 - INFO requestbase.py [line:21]: 连通接口"https://supplychain-server-stg.datousoft.com/suppliers/1",接口header为:"{'authorization': 'Bearer eyJhbGciOiJIUzUxMiJ9.eyJqdGkiOiIyNGViZDM5NWNjODc0ZmI4YmE2NGZhM2Y5YmNmNWFiZCIsImF1dGgiOiIiLCJpZCI6NTk5LCJzdWIiOiIxMiJ9.fHSH47EH06Oop4p8OL_NIhsfcGMGUAvbs2hgV5_0UPGaHR6qgk6zDjrH6UvV7mQR3gpW3RJ31kQxNwK-_6KRjg'}",接口param为：
2022-02-10 16:33:33,752 - INFO requestbase.py [line:21]: 连通接口"https://supplychain-server-stg.datousoft.com/suppliers/1",接口header为:"{'authorization': 'Bearer eyJhbGciOiJIUzUxMiJ9.eyJqdGkiOiIyNGViZDM5NWNjODc0ZmI4YmE2NGZhM2Y5YmNmNWFiZCIsImF1dGgiOiIiLCJpZCI6NTk5LCJzdWIiOiIxMiJ9.fHSH47EH06Oop4p8OL_NIhsfcGMGUAvbs2hgV5_0UPGaHR6qgk6zDjrH6UvV7mQR3gpW3RJ31kQxNwK-_6KRjg'}",接口param为：
2022-02-10 16:33:33,752 - INFO requestbase.py [line:21]: 连通接口"https://supplychain-server-stg.datousoft.com/suppliers/1",接口header为:"{'authorization': 'Bearer eyJhbGciOiJIUzUxMiJ9.eyJqdGkiOiIyNGViZDM5NWNjODc0ZmI4YmE2NGZhM2Y5YmNmNWFiZCIsImF1dGgiOiIiLCJpZCI6NTk5LCJzdWIiOiIxMiJ9.fHSH47EH06Oop4p8OL_NIhsfcGMGUAvbs2hgV5_0UPGaHR6qgk6zDjrH6UvV7mQR3gpW3RJ31kQxNwK-_6KRjg'}",接口param为：
2022-02-10 16:33:33,812 - INFO requestbase.py [line:26]: 等待接口"https://supplychain-server-stg.datousoft.com/suppliers/1"时长:0:00:00.060837
2022-02-10 16:33:33,812 - INFO requestbase.py [line:26]: 等待接口"https://supplychain-server-stg.datousoft.com/suppliers/1"时长:0:00:00.060837
2022-02-10 16:33:33,812 - INFO requestbase.py [line:26]: 等待接口"https://supplychain-server-stg.datousoft.com/suppliers/1"时长:0:00:00.060837
2022-02-10 16:33:33,812 - INFO requestbase.py [line:26]: 等待接口"https://supplychain-server-stg.datousoft.com/suppliers/1"时长:0:00:00.060837
2022-02-10 16:33:33,812 - INFO requestbase.py [line:26]: 等待接口"https://supplychain-server-stg.datousoft.com/suppliers/1"时长:0:00:00.060837
2022-02-10 16:33:33,812 - INFO assertbase.py [line:28]: 预计接口返回code为"200.0",实际返回code为:"200"
2022-02-10 16:33:33,812 - INFO assertbase.py [line:28]: 预计接口返回code为"200.0",实际返回code为:"200"
2022-02-10 16:33:33,812 - INFO assertbase.py [line:28]: 预计接口返回code为"200.0",实际返回code为:"200"
2022-02-10 16:33:33,812 - INFO assertbase.py [line:28]: 预计接口返回code为"200.0",实际返回code为:"200"
2022-02-10 16:33:33,812 - INFO assertbase.py [line:28]: 预计接口返回code为"200.0",实际返回code为:"200"
2022-02-10 16:33:33,813 - INFO assertbase.py [line:31]: 预计接口返回code为"200.0",实际返回code为:"200"
2022-02-10 16:33:33,813 - INFO assertbase.py [line:31]: 预计接口返回code为"200.0",实际返回code为:"200"
2022-02-10 16:33:33,813 - INFO assertbase.py [line:31]: 预计接口返回code为"200.0",实际返回code为:"200"
2022-02-10 16:33:33,813 - INFO assertbase.py [line:31]: 预计接口返回code为"200.0",实际返回code为:"200"
2022-02-10 16:33:33,813 - INFO assertbase.py [line:31]: 预计接口返回code为"200.0",实际返回code为:"200"
2022-02-10 16:33:33,819 - INFO requestbase.py [line:69]: 连通接口"https://supplychain-server-stg.datousoft.com/suppliers/1",接口data为:"",接口json{'enable': 'false'}
2022-02-10 16:33:33,819 - INFO requestbase.py [line:69]: 连通接口"https://supplychain-server-stg.datousoft.com/suppliers/1",接口data为:"",接口json{'enable': 'false'}
2022-02-10 16:33:33,819 - INFO requestbase.py [line:69]: 连通接口"https://supplychain-server-stg.datousoft.com/suppliers/1",接口data为:"",接口json{'enable': 'false'}
2022-02-10 16:33:33,819 - INFO requestbase.py [line:69]: 连通接口"https://supplychain-server-stg.datousoft.com/suppliers/1",接口data为:"",接口json{'enable': 'false'}
2022-02-10 16:33:33,819 - INFO requestbase.py [line:69]: 连通接口"https://supplychain-server-stg.datousoft.com/suppliers/1",接口data为:"",接口json{'enable': 'false'}
2022-02-10 16:33:33,819 - INFO requestbase.py [line:69]: 连通接口"https://supplychain-server-stg.datousoft.com/suppliers/1",接口data为:"",接口json{'enable': 'false'}
2022-02-10 16:33:33,901 - INFO requestbase.py [line:74]: 等待接口"https://supplychain-server-stg.datousoft.com/suppliers/1"时长:0:00:00.080783
2022-02-10 16:33:33,901 - INFO requestbase.py [line:74]: 等待接口"https://supplychain-server-stg.datousoft.com/suppliers/1"时长:0:00:00.080783
2022-02-10 16:33:33,901 - INFO requestbase.py [line:74]: 等待接口"https://supplychain-server-stg.datousoft.com/suppliers/1"时长:0:00:00.080783
2022-02-10 16:33:33,901 - INFO requestbase.py [line:74]: 等待接口"https://supplychain-server-stg.datousoft.com/suppliers/1"时长:0:00:00.080783
2022-02-10 16:33:33,901 - INFO requestbase.py [line:74]: 等待接口"https://supplychain-server-stg.datousoft.com/suppliers/1"时长:0:00:00.080783
2022-02-10 16:33:33,901 - INFO requestbase.py [line:74]: 等待接口"https://supplychain-server-stg.datousoft.com/suppliers/1"时长:0:00:00.080783
2022-02-10 16:33:33,901 - INFO assertbase.py [line:28]: 预计接口返回code为"200.0",实际返回code为:"200"
2022-02-10 16:33:33,901 - INFO assertbase.py [line:28]: 预计接口返回code为"200.0",实际返回code为:"200"
2022-02-10 16:33:33,901 - INFO assertbase.py [line:28]: 预计接口返回code为"200.0",实际返回code为:"200"
2022-02-10 16:33:33,901 - INFO assertbase.py [line:28]: 预计接口返回code为"200.0",实际返回code为:"200"
2022-02-10 16:33:33,901 - INFO assertbase.py [line:28]: 预计接口返回code为"200.0",实际返回code为:"200"
2022-02-10 16:33:33,901 - INFO assertbase.py [line:28]: 预计接口返回code为"200.0",实际返回code为:"200"
2022-02-10 16:33:33,902 - INFO assertbase.py [line:31]: 预计接口返回code为"200.0",实际返回code为:"200"
2022-02-10 16:33:33,902 - INFO assertbase.py [line:31]: 预计接口返回code为"200.0",实际返回code为:"200"
2022-02-10 16:33:33,902 - INFO assertbase.py [line:31]: 预计接口返回code为"200.0",实际返回code为:"200"
2022-02-10 16:33:33,902 - INFO assertbase.py [line:31]: 预计接口返回code为"200.0",实际返回code为:"200"
2022-02-10 16:33:33,902 - INFO assertbase.py [line:31]: 预计接口返回code为"200.0",实际返回code为:"200"
2022-02-10 16:33:33,902 - INFO assertbase.py [line:31]: 预计接口返回code为"200.0",实际返回code为:"200"
