2022-01-07 11:13:27,245 - INFO basePage.py [line:68]: 查找"输入账号"元素，元素定位:('xpath', "//*[@id='app']/div/div[1]/div[2]/form/div[2]/div/div/input")
2022-01-07 11:13:27,245 - INFO basePage.py [line:68]: 查找"输入账号"元素，元素定位:('xpath', "//*[@id='app']/div/div[1]/div[2]/form/div[2]/div/div/input")
2022-01-07 11:13:27,262 - INFO basePage.py [line:93]: 在"输入账号"输入"pengjie",元素定位:('xpath', "//*[@id='app']/div/div[1]/div[2]/form/div[2]/div/div/input")
2022-01-07 11:13:27,262 - INFO basePage.py [line:93]: 在"输入账号"输入"pengjie",元素定位:('xpath', "//*[@id='app']/div/div[1]/div[2]/form/div[2]/div/div/input")
2022-01-07 11:13:27,339 - INFO basePage.py [line:68]: 查找"输入密码"元素，元素定位:('xpath', "//*[@id='app']/div/div[1]/div[2]/form/div[3]/div/div/input")
2022-01-07 11:13:27,339 - INFO basePage.py [line:68]: 查找"输入密码"元素，元素定位:('xpath', "//*[@id='app']/div/div[1]/div[2]/form/div[3]/div/div/input")
2022-01-07 11:13:27,350 - INFO basePage.py [line:93]: 在"输入密码"输入"Qq123456",元素定位:('xpath', "//*[@id='app']/div/div[1]/div[2]/form/div[3]/div/div/input")
2022-01-07 11:13:27,350 - INFO basePage.py [line:93]: 在"输入密码"输入"Qq123456",元素定位:('xpath', "//*[@id='app']/div/div[1]/div[2]/form/div[3]/div/div/input")
2022-01-07 11:13:27,415 - INFO basePage.py [line:68]: 查找"点击登录"元素，元素定位:('xpath', "//*[@id='app']/div/div[1]/div[2]/form/button")
2022-01-07 11:13:27,415 - INFO basePage.py [line:68]: 查找"点击登录"元素，元素定位:('xpath', "//*[@id='app']/div/div[1]/div[2]/form/button")
2022-01-07 11:13:27,424 - INFO basePage.py [line:120]: 点击"点击登录",元素定位:('xpath', "//*[@id='app']/div/div[1]/div[2]/form/button")
2022-01-07 11:13:27,424 - INFO basePage.py [line:120]: 点击"点击登录",元素定位:('xpath', "//*[@id='app']/div/div[1]/div[2]/form/button")
2022-01-07 11:13:30,486 - INFO basePage.py [line:33]: 等待"断言"元素,定位方式:('xpath', "//*[@id='app']/div/div[2]/div/div[1]/div[3]/div[2]/span/span/button/span")
2022-01-07 11:13:30,486 - INFO basePage.py [line:33]: 等待"断言"元素,定位方式:('xpath', "//*[@id='app']/div/div[2]/div/div[1]/div[3]/div[2]/span/span/button/span")
2022-01-07 11:13:30,525 - INFO basePage.py [line:38]: 等待"断言"时长:0:00:00.038176
2022-01-07 11:13:30,525 - INFO basePage.py [line:38]: 等待"断言"时长:0:00:00.038176
2022-01-07 11:13:50,698 - INFO basePage.py [line:68]: 查找"输入账号"元素，元素定位:('xpath', "//*[@id='app']/div/div[1]/div[2]/form/div[2]/div/div/input")
2022-01-07 11:13:50,698 - INFO basePage.py [line:68]: 查找"输入账号"元素，元素定位:('xpath', "//*[@id='app']/div/div[1]/div[2]/form/div[2]/div/div/input")
2022-01-07 11:13:50,718 - INFO basePage.py [line:93]: 在"输入账号"输入"pengjie32",元素定位:('xpath', "//*[@id='app']/div/div[1]/div[2]/form/div[2]/div/div/input")
2022-01-07 11:13:50,718 - INFO basePage.py [line:93]: 在"输入账号"输入"pengjie32",元素定位:('xpath', "//*[@id='app']/div/div[1]/div[2]/form/div[2]/div/div/input")
2022-01-07 11:13:50,828 - INFO basePage.py [line:68]: 查找"输入密码"元素，元素定位:('xpath', "//*[@id='app']/div/div[1]/div[2]/form/div[3]/div/div/input")
2022-01-07 11:13:50,828 - INFO basePage.py [line:68]: 查找"输入密码"元素，元素定位:('xpath', "//*[@id='app']/div/div[1]/div[2]/form/div[3]/div/div/input")
2022-01-07 11:13:50,839 - INFO basePage.py [line:93]: 在"输入密码"输入"Qq123456",元素定位:('xpath', "//*[@id='app']/div/div[1]/div[2]/form/div[3]/div/div/input")
2022-01-07 11:13:50,839 - INFO basePage.py [line:93]: 在"输入密码"输入"Qq123456",元素定位:('xpath', "//*[@id='app']/div/div[1]/div[2]/form/div[3]/div/div/input")
2022-01-07 11:13:50,907 - INFO basePage.py [line:68]: 查找"点击登录"元素，元素定位:('xpath', "//*[@id='app']/div/div[1]/div[2]/form/button")
2022-01-07 11:13:50,907 - INFO basePage.py [line:68]: 查找"点击登录"元素，元素定位:('xpath', "//*[@id='app']/div/div[1]/div[2]/form/button")
2022-01-07 11:13:50,916 - INFO basePage.py [line:120]: 点击"点击登录",元素定位:('xpath', "//*[@id='app']/div/div[1]/div[2]/form/button")
2022-01-07 11:13:50,916 - INFO basePage.py [line:120]: 点击"点击登录",元素定位:('xpath', "//*[@id='app']/div/div[1]/div[2]/form/button")
2022-01-07 11:13:53,970 - INFO basePage.py [line:54]: 等待"None"消失,元素定位:('xpath', "//*[@id='app']/div/div[2]/div/div[1]/div[3]/div[2]/span/span/button/span")
2022-01-07 11:13:53,970 - INFO basePage.py [line:54]: 等待"None"消失,元素定位:('xpath', "//*[@id='app']/div/div[2]/div/div[1]/div[3]/div[2]/span/span/button/span")
2022-01-07 11:14:04,027 - INFO basePage.py [line:59]: 等待"None"时长:0:00:10.057721
2022-01-07 11:14:04,027 - INFO basePage.py [line:59]: 等待"None"时长:0:00:10.057721
2022-01-07 11:14:23,154 - INFO basePage.py [line:68]: 查找"输入账号"元素，元素定位:('xpath', "//*[@id='app']/div/div[1]/div[2]/form/div[2]/div/div/input")
2022-01-07 11:14:23,154 - INFO basePage.py [line:68]: 查找"输入账号"元素，元素定位:('xpath', "//*[@id='app']/div/div[1]/div[2]/form/div[2]/div/div/input")
2022-01-07 11:14:23,179 - INFO basePage.py [line:93]: 在"输入账号"输入"pengjie",元素定位:('xpath', "//*[@id='app']/div/div[1]/div[2]/form/div[2]/div/div/input")
2022-01-07 11:14:23,179 - INFO basePage.py [line:93]: 在"输入账号"输入"pengjie",元素定位:('xpath', "//*[@id='app']/div/div[1]/div[2]/form/div[2]/div/div/input")
2022-01-07 11:14:23,278 - INFO basePage.py [line:68]: 查找"输入密码"元素，元素定位:('xpath', "//*[@id='app']/div/div[1]/div[2]/form/div[3]/div/div/input")
2022-01-07 11:14:23,278 - INFO basePage.py [line:68]: 查找"输入密码"元素，元素定位:('xpath', "//*[@id='app']/div/div[1]/div[2]/form/div[3]/div/div/input")
2022-01-07 11:14:23,289 - INFO basePage.py [line:93]: 在"输入密码"输入"qq123",元素定位:('xpath', "//*[@id='app']/div/div[1]/div[2]/form/div[3]/div/div/input")
2022-01-07 11:14:23,289 - INFO basePage.py [line:93]: 在"输入密码"输入"qq123",元素定位:('xpath', "//*[@id='app']/div/div[1]/div[2]/form/div[3]/div/div/input")
2022-01-07 11:14:23,369 - INFO basePage.py [line:68]: 查找"点击登录"元素，元素定位:('xpath', "//*[@id='app']/div/div[1]/div[2]/form/button")
2022-01-07 11:14:23,369 - INFO basePage.py [line:68]: 查找"点击登录"元素，元素定位:('xpath', "//*[@id='app']/div/div[1]/div[2]/form/button")
2022-01-07 11:14:23,381 - INFO basePage.py [line:120]: 点击"点击登录",元素定位:('xpath', "//*[@id='app']/div/div[1]/div[2]/form/button")
2022-01-07 11:14:23,381 - INFO basePage.py [line:120]: 点击"点击登录",元素定位:('xpath', "//*[@id='app']/div/div[1]/div[2]/form/button")
2022-01-07 11:14:26,431 - INFO basePage.py [line:54]: 等待"None"消失,元素定位:('xpath', "//*[@id='app']/div/div[2]/div/div[1]/div[3]/div[2]/span/span/button/span")
2022-01-07 11:14:26,431 - INFO basePage.py [line:54]: 等待"None"消失,元素定位:('xpath', "//*[@id='app']/div/div[2]/div/div[1]/div[3]/div[2]/span/span/button/span")
2022-01-07 11:14:36,450 - INFO basePage.py [line:59]: 等待"None"时长:0:00:10.019335
2022-01-07 11:14:36,450 - INFO basePage.py [line:59]: 等待"None"时长:0:00:10.019335
