2022-01-07 11:37:11,850 - INFO basePage.py [line:68]: 查找"输入账号"元素，元素定位:('xpath', "//*[@id='app']/div/div[1]/div[2]/form/div[2]/div/div/input")
2022-01-07 11:37:11,850 - INFO basePage.py [line:68]: 查找"输入账号"元素，元素定位:('xpath', "//*[@id='app']/div/div[1]/div[2]/form/div[2]/div/div/input")
2022-01-07 11:37:11,883 - INFO basePage.py [line:93]: 在"输入账号"输入"pengjie",元素定位:('xpath', "//*[@id='app']/div/div[1]/div[2]/form/div[2]/div/div/input")
2022-01-07 11:37:11,883 - INFO basePage.py [line:93]: 在"输入账号"输入"pengjie",元素定位:('xpath', "//*[@id='app']/div/div[1]/div[2]/form/div[2]/div/div/input")
2022-01-07 11:37:12,006 - INFO basePage.py [line:68]: 查找"输入密码"元素，元素定位:('xpath', "//*[@id='app']/div/div[1]/div[2]/form/div[3]/div/div/input")
2022-01-07 11:37:12,006 - INFO basePage.py [line:68]: 查找"输入密码"元素，元素定位:('xpath', "//*[@id='app']/div/div[1]/div[2]/form/div[3]/div/div/input")
2022-01-07 11:37:12,017 - INFO basePage.py [line:93]: 在"输入密码"输入"Qq123456",元素定位:('xpath', "//*[@id='app']/div/div[1]/div[2]/form/div[3]/div/div/input")
2022-01-07 11:37:12,017 - INFO basePage.py [line:93]: 在"输入密码"输入"Qq123456",元素定位:('xpath', "//*[@id='app']/div/div[1]/div[2]/form/div[3]/div/div/input")
2022-01-07 11:37:12,097 - INFO basePage.py [line:68]: 查找"点击登录"元素，元素定位:('xpath', "//*[@id='app']/div/div[1]/div[2]/form/button")
2022-01-07 11:37:12,097 - INFO basePage.py [line:68]: 查找"点击登录"元素，元素定位:('xpath', "//*[@id='app']/div/div[1]/div[2]/form/button")
2022-01-07 11:37:12,111 - INFO basePage.py [line:120]: 点击"点击登录",元素定位:('xpath', "//*[@id='app']/div/div[1]/div[2]/form/button")
2022-01-07 11:37:12,111 - INFO basePage.py [line:120]: 点击"点击登录",元素定位:('xpath', "//*[@id='app']/div/div[1]/div[2]/form/button")
2022-01-07 11:37:14,152 - INFO basePage.py [line:68]: 查找"供应链管理"元素，元素定位:('xpath', "//*[@id='app']/div/div[1]/div[2]/div[1]/div/ul/div[11]/li/div")
2022-01-07 11:37:14,152 - INFO basePage.py [line:68]: 查找"供应链管理"元素，元素定位:('xpath', "//*[@id='app']/div/div[1]/div[2]/div[1]/div/ul/div[11]/li/div")
2022-01-07 11:37:14,166 - INFO basePage.py [line:120]: 点击"供应链管理",元素定位:('xpath', "//*[@id='app']/div/div[1]/div[2]/div[1]/div/ul/div[11]/li/div")
2022-01-07 11:37:14,166 - INFO basePage.py [line:120]: 点击"供应链管理",元素定位:('xpath', "//*[@id='app']/div/div[1]/div[2]/div[1]/div/ul/div[11]/li/div")
2022-01-07 11:37:14,212 - INFO basePage.py [line:68]: 查找"品项管理"元素，元素定位:('xpath', "//*[@id='app']/div/div[1]/div[2]/div[1]/div/ul/div[11]/li/ul/div[1]/a/li/span")
2022-01-07 11:37:14,212 - INFO basePage.py [line:68]: 查找"品项管理"元素，元素定位:('xpath', "//*[@id='app']/div/div[1]/div[2]/div[1]/div/ul/div[11]/li/ul/div[1]/a/li/span")
2022-01-07 11:37:14,230 - INFO basePage.py [line:120]: 点击"品项管理",元素定位:('xpath', "//*[@id='app']/div/div[1]/div[2]/div[1]/div/ul/div[11]/li/ul/div[1]/a/li/span")
2022-01-07 11:37:14,230 - INFO basePage.py [line:120]: 点击"品项管理",元素定位:('xpath', "//*[@id='app']/div/div[1]/div[2]/div[1]/div/ul/div[11]/li/ul/div[1]/a/li/span")
