2022-01-30 09:36:29,049 - INFO requestbase.py [line:33]: 连通接口"https://gateway-stg.jmj1995.com/authority/auth/login",接口data为:"",接口json{'groupId': '3', 'username': 'zaBjHxGvRVWGsVQ/zHecPnJqslj4HcDGZK7ETczs2779Znband2qnM9dVgyq2G9slLX69nVKb2HBQ51VgVuivFK5oizx/RSIgSmZlSQDaHHL4IHAnbwoGNWO85ERBFxOerLaNhP0EYrSkNABcJOfqiCRfazIXSxUKQd4XOx3H7c=', 'password': 'NXn+tGp/+m3dtqV2Em2fqAs21CQIjm0F05JqPWzNjKUiRvvZG/MTcmilW3xymwqUzfCgM8vNMdOgVqffnD4piFrh3araElM6AW8GcyoUBz+hpEBoYY0X+ZBCXLSHTMWMc1UYbZxnMM9BNng9Mpj9kEgnuc9jE76yN6nE0fNPkvs=', 'validate': '', 'challenge': '', 'seccode': ''}
2022-01-30 09:36:29,049 - INFO requestbase.py [line:33]: 连通接口"https://gateway-stg.jmj1995.com/authority/auth/login",接口data为:"",接口json{'groupId': '3', 'username': 'zaBjHxGvRVWGsVQ/zHecPnJqslj4HcDGZK7ETczs2779Znband2qnM9dVgyq2G9slLX69nVKb2HBQ51VgVuivFK5oizx/RSIgSmZlSQDaHHL4IHAnbwoGNWO85ERBFxOerLaNhP0EYrSkNABcJOfqiCRfazIXSxUKQd4XOx3H7c=', 'password': 'NXn+tGp/+m3dtqV2Em2fqAs21CQIjm0F05JqPWzNjKUiRvvZG/MTcmilW3xymwqUzfCgM8vNMdOgVqffnD4piFrh3araElM6AW8GcyoUBz+hpEBoYY0X+ZBCXLSHTMWMc1UYbZxnMM9BNng9Mpj9kEgnuc9jE76yN6nE0fNPkvs=', 'validate': '', 'challenge': '', 'seccode': ''}
2022-01-30 09:36:29,400 - INFO requestbase.py [line:38]: 等待接口"https://gateway-stg.jmj1995.com/authority/auth/login"时长:0:00:00.350083
2022-01-30 09:36:29,400 - INFO requestbase.py [line:38]: 等待接口"https://gateway-stg.jmj1995.com/authority/auth/login"时长:0:00:00.350083
2022-01-30 09:36:29,425 - INFO requestbase.py [line:21]: 连通接口"https://supplychain-server-stg.jmj1995.com/items",接口header为:"{'authorization': 'Bearer eyJhbGciOiJIUzUxMiJ9.eyJqdGkiOiI1MzAwYjU1ZmNkZWM0ODdhYWJhYWM2OTQ4ZGNhZDJkZSIsImF1dGgiOiIiLCJpZCI6NTk2LCJzdWIiOiIxMiJ9.wTNzzv91eiC_NT4Rj5d5mnabqJn4q3DE_hEifpFqLd3VJxmAok7bmJ4TaBUpd3p6XoMQ-QjUaeWNxLypMv9C5A'}",接口param为：{'pageNum': '1', 'pageSize': '20'}
2022-01-30 09:36:29,425 - INFO requestbase.py [line:21]: 连通接口"https://supplychain-server-stg.jmj1995.com/items",接口header为:"{'authorization': 'Bearer eyJhbGciOiJIUzUxMiJ9.eyJqdGkiOiI1MzAwYjU1ZmNkZWM0ODdhYWJhYWM2OTQ4ZGNhZDJkZSIsImF1dGgiOiIiLCJpZCI6NTk2LCJzdWIiOiIxMiJ9.wTNzzv91eiC_NT4Rj5d5mnabqJn4q3DE_hEifpFqLd3VJxmAok7bmJ4TaBUpd3p6XoMQ-QjUaeWNxLypMv9C5A'}",接口param为：{'pageNum': '1', 'pageSize': '20'}
2022-01-30 09:36:29,425 - INFO requestbase.py [line:21]: 连通接口"https://supplychain-server-stg.jmj1995.com/items",接口header为:"{'authorization': 'Bearer eyJhbGciOiJIUzUxMiJ9.eyJqdGkiOiI1MzAwYjU1ZmNkZWM0ODdhYWJhYWM2OTQ4ZGNhZDJkZSIsImF1dGgiOiIiLCJpZCI6NTk2LCJzdWIiOiIxMiJ9.wTNzzv91eiC_NT4Rj5d5mnabqJn4q3DE_hEifpFqLd3VJxmAok7bmJ4TaBUpd3p6XoMQ-QjUaeWNxLypMv9C5A'}",接口param为：{'pageNum': '1', 'pageSize': '20'}
2022-01-30 09:36:29,678 - INFO requestbase.py [line:26]: 等待接口"https://supplychain-server-stg.jmj1995.com/items"时长:0:00:00.251716
2022-01-30 09:36:29,678 - INFO requestbase.py [line:26]: 等待接口"https://supplychain-server-stg.jmj1995.com/items"时长:0:00:00.251716
2022-01-30 09:36:29,678 - INFO requestbase.py [line:26]: 等待接口"https://supplychain-server-stg.jmj1995.com/items"时长:0:00:00.251716
2022-01-30 09:36:29,678 - INFO assertbase.py [line:28]: 预计接口返回code为"200.0",实际返回code为:"200"
2022-01-30 09:36:29,678 - INFO assertbase.py [line:28]: 预计接口返回code为"200.0",实际返回code为:"200"
2022-01-30 09:36:29,678 - INFO assertbase.py [line:28]: 预计接口返回code为"200.0",实际返回code为:"200"
2022-01-30 09:36:29,678 - INFO assertbase.py [line:31]: 预计接口返回code为"200.0",实际返回code为:"200"
2022-01-30 09:36:29,678 - INFO assertbase.py [line:31]: 预计接口返回code为"200.0",实际返回code为:"200"
2022-01-30 09:36:29,678 - INFO assertbase.py [line:31]: 预计接口返回code为"200.0",实际返回code为:"200"
2022-01-30 09:36:29,686 - INFO requestbase.py [line:21]: 连通接口"https://supplychain-server-stg.jmj1995.com/items/1/belongingStandardAlternativeItemGroup",接口header为:"{'authorization': 'Bearer eyJhbGciOiJIUzUxMiJ9.eyJqdGkiOiI1MzAwYjU1ZmNkZWM0ODdhYWJhYWM2OTQ4ZGNhZDJkZSIsImF1dGgiOiIiLCJpZCI6NTk2LCJzdWIiOiIxMiJ9.wTNzzv91eiC_NT4Rj5d5mnabqJn4q3DE_hEifpFqLd3VJxmAok7bmJ4TaBUpd3p6XoMQ-QjUaeWNxLypMv9C5A'}",接口param为：
2022-01-30 09:36:29,686 - INFO requestbase.py [line:21]: 连通接口"https://supplychain-server-stg.jmj1995.com/items/1/belongingStandardAlternativeItemGroup",接口header为:"{'authorization': 'Bearer eyJhbGciOiJIUzUxMiJ9.eyJqdGkiOiI1MzAwYjU1ZmNkZWM0ODdhYWJhYWM2OTQ4ZGNhZDJkZSIsImF1dGgiOiIiLCJpZCI6NTk2LCJzdWIiOiIxMiJ9.wTNzzv91eiC_NT4Rj5d5mnabqJn4q3DE_hEifpFqLd3VJxmAok7bmJ4TaBUpd3p6XoMQ-QjUaeWNxLypMv9C5A'}",接口param为：
2022-01-30 09:36:29,686 - INFO requestbase.py [line:21]: 连通接口"https://supplychain-server-stg.jmj1995.com/items/1/belongingStandardAlternativeItemGroup",接口header为:"{'authorization': 'Bearer eyJhbGciOiJIUzUxMiJ9.eyJqdGkiOiI1MzAwYjU1ZmNkZWM0ODdhYWJhYWM2OTQ4ZGNhZDJkZSIsImF1dGgiOiIiLCJpZCI6NTk2LCJzdWIiOiIxMiJ9.wTNzzv91eiC_NT4Rj5d5mnabqJn4q3DE_hEifpFqLd3VJxmAok7bmJ4TaBUpd3p6XoMQ-QjUaeWNxLypMv9C5A'}",接口param为：
2022-01-30 09:36:29,686 - INFO requestbase.py [line:21]: 连通接口"https://supplychain-server-stg.jmj1995.com/items/1/belongingStandardAlternativeItemGroup",接口header为:"{'authorization': 'Bearer eyJhbGciOiJIUzUxMiJ9.eyJqdGkiOiI1MzAwYjU1ZmNkZWM0ODdhYWJhYWM2OTQ4ZGNhZDJkZSIsImF1dGgiOiIiLCJpZCI6NTk2LCJzdWIiOiIxMiJ9.wTNzzv91eiC_NT4Rj5d5mnabqJn4q3DE_hEifpFqLd3VJxmAok7bmJ4TaBUpd3p6XoMQ-QjUaeWNxLypMv9C5A'}",接口param为：
2022-01-30 09:36:29,778 - INFO requestbase.py [line:26]: 等待接口"https://supplychain-server-stg.jmj1995.com/items/1/belongingStandardAlternativeItemGroup"时长:0:00:00.091727
2022-01-30 09:36:29,778 - INFO requestbase.py [line:26]: 等待接口"https://supplychain-server-stg.jmj1995.com/items/1/belongingStandardAlternativeItemGroup"时长:0:00:00.091727
2022-01-30 09:36:29,778 - INFO requestbase.py [line:26]: 等待接口"https://supplychain-server-stg.jmj1995.com/items/1/belongingStandardAlternativeItemGroup"时长:0:00:00.091727
2022-01-30 09:36:29,778 - INFO requestbase.py [line:26]: 等待接口"https://supplychain-server-stg.jmj1995.com/items/1/belongingStandardAlternativeItemGroup"时长:0:00:00.091727
2022-01-30 09:36:29,778 - INFO assertbase.py [line:28]: 预计接口返回code为"200.0",实际返回code为:"200"
2022-01-30 09:36:29,778 - INFO assertbase.py [line:28]: 预计接口返回code为"200.0",实际返回code为:"200"
2022-01-30 09:36:29,778 - INFO assertbase.py [line:28]: 预计接口返回code为"200.0",实际返回code为:"200"
2022-01-30 09:36:29,778 - INFO assertbase.py [line:28]: 预计接口返回code为"200.0",实际返回code为:"200"
2022-01-30 09:36:29,778 - INFO assertbase.py [line:31]: 预计接口返回code为"200.0",实际返回code为:"200"
2022-01-30 09:36:29,778 - INFO assertbase.py [line:31]: 预计接口返回code为"200.0",实际返回code为:"200"
2022-01-30 09:36:29,778 - INFO assertbase.py [line:31]: 预计接口返回code为"200.0",实际返回code为:"200"
2022-01-30 09:36:29,778 - INFO assertbase.py [line:31]: 预计接口返回code为"200.0",实际返回code为:"200"
2022-01-30 09:36:29,785 - INFO requestbase.py [line:69]: 连通接口"https://supplychain-server-stg.jmj1995.com/items/1",接口data为:"",接口json{'enable': 'true', 'tags': ['12', '23', '34', '45', '56', '67', '78', '89', '01', '99953816724', '99897524630', '99135297046', '99254607193', '99310649275', '99376528194', '99352478916', '99503247816', '99187059632', '99953042716', '99638017452', '99237065184'], 'enableValidDays': 'true'}
2022-01-30 09:36:29,785 - INFO requestbase.py [line:69]: 连通接口"https://supplychain-server-stg.jmj1995.com/items/1",接口data为:"",接口json{'enable': 'true', 'tags': ['12', '23', '34', '45', '56', '67', '78', '89', '01', '99953816724', '99897524630', '99135297046', '99254607193', '99310649275', '99376528194', '99352478916', '99503247816', '99187059632', '99953042716', '99638017452', '99237065184'], 'enableValidDays': 'true'}
2022-01-30 09:36:29,785 - INFO requestbase.py [line:69]: 连通接口"https://supplychain-server-stg.jmj1995.com/items/1",接口data为:"",接口json{'enable': 'true', 'tags': ['12', '23', '34', '45', '56', '67', '78', '89', '01', '99953816724', '99897524630', '99135297046', '99254607193', '99310649275', '99376528194', '99352478916', '99503247816', '99187059632', '99953042716', '99638017452', '99237065184'], 'enableValidDays': 'true'}
2022-01-30 09:36:29,785 - INFO requestbase.py [line:69]: 连通接口"https://supplychain-server-stg.jmj1995.com/items/1",接口data为:"",接口json{'enable': 'true', 'tags': ['12', '23', '34', '45', '56', '67', '78', '89', '01', '99953816724', '99897524630', '99135297046', '99254607193', '99310649275', '99376528194', '99352478916', '99503247816', '99187059632', '99953042716', '99638017452', '99237065184'], 'enableValidDays': 'true'}
2022-01-30 09:36:29,785 - INFO requestbase.py [line:69]: 连通接口"https://supplychain-server-stg.jmj1995.com/items/1",接口data为:"",接口json{'enable': 'true', 'tags': ['12', '23', '34', '45', '56', '67', '78', '89', '01', '99953816724', '99897524630', '99135297046', '99254607193', '99310649275', '99376528194', '99352478916', '99503247816', '99187059632', '99953042716', '99638017452', '99237065184'], 'enableValidDays': 'true'}
2022-01-30 09:36:29,875 - INFO requestbase.py [line:74]: 等待接口"https://supplychain-server-stg.jmj1995.com/items/1"时长:0:00:00.089788
2022-01-30 09:36:29,875 - INFO requestbase.py [line:74]: 等待接口"https://supplychain-server-stg.jmj1995.com/items/1"时长:0:00:00.089788
2022-01-30 09:36:29,875 - INFO requestbase.py [line:74]: 等待接口"https://supplychain-server-stg.jmj1995.com/items/1"时长:0:00:00.089788
2022-01-30 09:36:29,875 - INFO requestbase.py [line:74]: 等待接口"https://supplychain-server-stg.jmj1995.com/items/1"时长:0:00:00.089788
2022-01-30 09:36:29,875 - INFO requestbase.py [line:74]: 等待接口"https://supplychain-server-stg.jmj1995.com/items/1"时长:0:00:00.089788
2022-01-30 09:36:29,875 - INFO assertbase.py [line:28]: 预计接口返回code为"200.0",实际返回code为:"200"
2022-01-30 09:36:29,875 - INFO assertbase.py [line:28]: 预计接口返回code为"200.0",实际返回code为:"200"
2022-01-30 09:36:29,875 - INFO assertbase.py [line:28]: 预计接口返回code为"200.0",实际返回code为:"200"
2022-01-30 09:36:29,875 - INFO assertbase.py [line:28]: 预计接口返回code为"200.0",实际返回code为:"200"
2022-01-30 09:36:29,875 - INFO assertbase.py [line:28]: 预计接口返回code为"200.0",实际返回code为:"200"
2022-01-30 09:36:29,876 - INFO assertbase.py [line:31]: 预计接口返回code为"200.0",实际返回code为:"200"
2022-01-30 09:36:29,876 - INFO assertbase.py [line:31]: 预计接口返回code为"200.0",实际返回code为:"200"
2022-01-30 09:36:29,876 - INFO assertbase.py [line:31]: 预计接口返回code为"200.0",实际返回code为:"200"
2022-01-30 09:36:29,876 - INFO assertbase.py [line:31]: 预计接口返回code为"200.0",实际返回code为:"200"
2022-01-30 09:36:29,876 - INFO assertbase.py [line:31]: 预计接口返回code为"200.0",实际返回code为:"200"
2022-01-30 09:36:29,883 - INFO requestbase.py [line:69]: 连通接口"https://supplychain-server-stg.jmj1995.com/shops/1",接口data为:"",接口json{'deliveryCenterId': 1, 'ownerCompanyId': 1}
2022-01-30 09:36:29,883 - INFO requestbase.py [line:69]: 连通接口"https://supplychain-server-stg.jmj1995.com/shops/1",接口data为:"",接口json{'deliveryCenterId': 1, 'ownerCompanyId': 1}
2022-01-30 09:36:29,883 - INFO requestbase.py [line:69]: 连通接口"https://supplychain-server-stg.jmj1995.com/shops/1",接口data为:"",接口json{'deliveryCenterId': 1, 'ownerCompanyId': 1}
2022-01-30 09:36:29,883 - INFO requestbase.py [line:69]: 连通接口"https://supplychain-server-stg.jmj1995.com/shops/1",接口data为:"",接口json{'deliveryCenterId': 1, 'ownerCompanyId': 1}
2022-01-30 09:36:29,883 - INFO requestbase.py [line:69]: 连通接口"https://supplychain-server-stg.jmj1995.com/shops/1",接口data为:"",接口json{'deliveryCenterId': 1, 'ownerCompanyId': 1}
2022-01-30 09:36:29,883 - INFO requestbase.py [line:69]: 连通接口"https://supplychain-server-stg.jmj1995.com/shops/1",接口data为:"",接口json{'deliveryCenterId': 1, 'ownerCompanyId': 1}
2022-01-30 09:36:29,965 - INFO requestbase.py [line:74]: 等待接口"https://supplychain-server-stg.jmj1995.com/shops/1"时长:0:00:00.080781
2022-01-30 09:36:29,965 - INFO requestbase.py [line:74]: 等待接口"https://supplychain-server-stg.jmj1995.com/shops/1"时长:0:00:00.080781
2022-01-30 09:36:29,965 - INFO requestbase.py [line:74]: 等待接口"https://supplychain-server-stg.jmj1995.com/shops/1"时长:0:00:00.080781
2022-01-30 09:36:29,965 - INFO requestbase.py [line:74]: 等待接口"https://supplychain-server-stg.jmj1995.com/shops/1"时长:0:00:00.080781
2022-01-30 09:36:29,965 - INFO requestbase.py [line:74]: 等待接口"https://supplychain-server-stg.jmj1995.com/shops/1"时长:0:00:00.080781
2022-01-30 09:36:29,965 - INFO requestbase.py [line:74]: 等待接口"https://supplychain-server-stg.jmj1995.com/shops/1"时长:0:00:00.080781
2022-01-30 09:36:29,966 - INFO assertbase.py [line:28]: 预计接口返回code为"200.0",实际返回code为:"200"
2022-01-30 09:36:29,966 - INFO assertbase.py [line:28]: 预计接口返回code为"200.0",实际返回code为:"200"
2022-01-30 09:36:29,966 - INFO assertbase.py [line:28]: 预计接口返回code为"200.0",实际返回code为:"200"
2022-01-30 09:36:29,966 - INFO assertbase.py [line:28]: 预计接口返回code为"200.0",实际返回code为:"200"
2022-01-30 09:36:29,966 - INFO assertbase.py [line:28]: 预计接口返回code为"200.0",实际返回code为:"200"
2022-01-30 09:36:29,966 - INFO assertbase.py [line:28]: 预计接口返回code为"200.0",实际返回code为:"200"
2022-01-30 09:36:29,966 - INFO assertbase.py [line:31]: 预计接口返回code为"200.0",实际返回code为:"200"
2022-01-30 09:36:29,966 - INFO assertbase.py [line:31]: 预计接口返回code为"200.0",实际返回code为:"200"
2022-01-30 09:36:29,966 - INFO assertbase.py [line:31]: 预计接口返回code为"200.0",实际返回code为:"200"
2022-01-30 09:36:29,966 - INFO assertbase.py [line:31]: 预计接口返回code为"200.0",实际返回code为:"200"
2022-01-30 09:36:29,966 - INFO assertbase.py [line:31]: 预计接口返回code为"200.0",实际返回code为:"200"
2022-01-30 09:36:29,966 - INFO assertbase.py [line:31]: 预计接口返回code为"200.0",实际返回code为:"200"
2022-01-30 09:36:29,973 - INFO requestbase.py [line:21]: 连通接口"https://supplychain-server-stg.jmj1995.com/suppliers/1",接口header为:"{'authorization': 'Bearer eyJhbGciOiJIUzUxMiJ9.eyJqdGkiOiI1MzAwYjU1ZmNkZWM0ODdhYWJhYWM2OTQ4ZGNhZDJkZSIsImF1dGgiOiIiLCJpZCI6NTk2LCJzdWIiOiIxMiJ9.wTNzzv91eiC_NT4Rj5d5mnabqJn4q3DE_hEifpFqLd3VJxmAok7bmJ4TaBUpd3p6XoMQ-QjUaeWNxLypMv9C5A'}",接口param为：
2022-01-30 09:36:29,973 - INFO requestbase.py [line:21]: 连通接口"https://supplychain-server-stg.jmj1995.com/suppliers/1",接口header为:"{'authorization': 'Bearer eyJhbGciOiJIUzUxMiJ9.eyJqdGkiOiI1MzAwYjU1ZmNkZWM0ODdhYWJhYWM2OTQ4ZGNhZDJkZSIsImF1dGgiOiIiLCJpZCI6NTk2LCJzdWIiOiIxMiJ9.wTNzzv91eiC_NT4Rj5d5mnabqJn4q3DE_hEifpFqLd3VJxmAok7bmJ4TaBUpd3p6XoMQ-QjUaeWNxLypMv9C5A'}",接口param为：
2022-01-30 09:36:29,973 - INFO requestbase.py [line:21]: 连通接口"https://supplychain-server-stg.jmj1995.com/suppliers/1",接口header为:"{'authorization': 'Bearer eyJhbGciOiJIUzUxMiJ9.eyJqdGkiOiI1MzAwYjU1ZmNkZWM0ODdhYWJhYWM2OTQ4ZGNhZDJkZSIsImF1dGgiOiIiLCJpZCI6NTk2LCJzdWIiOiIxMiJ9.wTNzzv91eiC_NT4Rj5d5mnabqJn4q3DE_hEifpFqLd3VJxmAok7bmJ4TaBUpd3p6XoMQ-QjUaeWNxLypMv9C5A'}",接口param为：
2022-01-30 09:36:29,973 - INFO requestbase.py [line:21]: 连通接口"https://supplychain-server-stg.jmj1995.com/suppliers/1",接口header为:"{'authorization': 'Bearer eyJhbGciOiJIUzUxMiJ9.eyJqdGkiOiI1MzAwYjU1ZmNkZWM0ODdhYWJhYWM2OTQ4ZGNhZDJkZSIsImF1dGgiOiIiLCJpZCI6NTk2LCJzdWIiOiIxMiJ9.wTNzzv91eiC_NT4Rj5d5mnabqJn4q3DE_hEifpFqLd3VJxmAok7bmJ4TaBUpd3p6XoMQ-QjUaeWNxLypMv9C5A'}",接口param为：
2022-01-30 09:36:29,973 - INFO requestbase.py [line:21]: 连通接口"https://supplychain-server-stg.jmj1995.com/suppliers/1",接口header为:"{'authorization': 'Bearer eyJhbGciOiJIUzUxMiJ9.eyJqdGkiOiI1MzAwYjU1ZmNkZWM0ODdhYWJhYWM2OTQ4ZGNhZDJkZSIsImF1dGgiOiIiLCJpZCI6NTk2LCJzdWIiOiIxMiJ9.wTNzzv91eiC_NT4Rj5d5mnabqJn4q3DE_hEifpFqLd3VJxmAok7bmJ4TaBUpd3p6XoMQ-QjUaeWNxLypMv9C5A'}",接口param为：
2022-01-30 09:36:29,973 - INFO requestbase.py [line:21]: 连通接口"https://supplychain-server-stg.jmj1995.com/suppliers/1",接口header为:"{'authorization': 'Bearer eyJhbGciOiJIUzUxMiJ9.eyJqdGkiOiI1MzAwYjU1ZmNkZWM0ODdhYWJhYWM2OTQ4ZGNhZDJkZSIsImF1dGgiOiIiLCJpZCI6NTk2LCJzdWIiOiIxMiJ9.wTNzzv91eiC_NT4Rj5d5mnabqJn4q3DE_hEifpFqLd3VJxmAok7bmJ4TaBUpd3p6XoMQ-QjUaeWNxLypMv9C5A'}",接口param为：
2022-01-30 09:36:29,973 - INFO requestbase.py [line:21]: 连通接口"https://supplychain-server-stg.jmj1995.com/suppliers/1",接口header为:"{'authorization': 'Bearer eyJhbGciOiJIUzUxMiJ9.eyJqdGkiOiI1MzAwYjU1ZmNkZWM0ODdhYWJhYWM2OTQ4ZGNhZDJkZSIsImF1dGgiOiIiLCJpZCI6NTk2LCJzdWIiOiIxMiJ9.wTNzzv91eiC_NT4Rj5d5mnabqJn4q3DE_hEifpFqLd3VJxmAok7bmJ4TaBUpd3p6XoMQ-QjUaeWNxLypMv9C5A'}",接口param为：
2022-01-30 09:36:30,045 - INFO requestbase.py [line:26]: 等待接口"https://supplychain-server-stg.jmj1995.com/suppliers/1"时长:0:00:00.070803
2022-01-30 09:36:30,045 - INFO requestbase.py [line:26]: 等待接口"https://supplychain-server-stg.jmj1995.com/suppliers/1"时长:0:00:00.070803
2022-01-30 09:36:30,045 - INFO requestbase.py [line:26]: 等待接口"https://supplychain-server-stg.jmj1995.com/suppliers/1"时长:0:00:00.070803
2022-01-30 09:36:30,045 - INFO requestbase.py [line:26]: 等待接口"https://supplychain-server-stg.jmj1995.com/suppliers/1"时长:0:00:00.070803
2022-01-30 09:36:30,045 - INFO requestbase.py [line:26]: 等待接口"https://supplychain-server-stg.jmj1995.com/suppliers/1"时长:0:00:00.070803
2022-01-30 09:36:30,045 - INFO requestbase.py [line:26]: 等待接口"https://supplychain-server-stg.jmj1995.com/suppliers/1"时长:0:00:00.070803
2022-01-30 09:36:30,045 - INFO requestbase.py [line:26]: 等待接口"https://supplychain-server-stg.jmj1995.com/suppliers/1"时长:0:00:00.070803
2022-01-30 09:36:30,046 - INFO assertbase.py [line:28]: 预计接口返回code为"200.0",实际返回code为:"200"
2022-01-30 09:36:30,046 - INFO assertbase.py [line:28]: 预计接口返回code为"200.0",实际返回code为:"200"
2022-01-30 09:36:30,046 - INFO assertbase.py [line:28]: 预计接口返回code为"200.0",实际返回code为:"200"
2022-01-30 09:36:30,046 - INFO assertbase.py [line:28]: 预计接口返回code为"200.0",实际返回code为:"200"
2022-01-30 09:36:30,046 - INFO assertbase.py [line:28]: 预计接口返回code为"200.0",实际返回code为:"200"
2022-01-30 09:36:30,046 - INFO assertbase.py [line:28]: 预计接口返回code为"200.0",实际返回code为:"200"
2022-01-30 09:36:30,046 - INFO assertbase.py [line:28]: 预计接口返回code为"200.0",实际返回code为:"200"
2022-01-30 09:36:30,046 - INFO assertbase.py [line:31]: 预计接口返回code为"200.0",实际返回code为:"200"
2022-01-30 09:36:30,046 - INFO assertbase.py [line:31]: 预计接口返回code为"200.0",实际返回code为:"200"
2022-01-30 09:36:30,046 - INFO assertbase.py [line:31]: 预计接口返回code为"200.0",实际返回code为:"200"
2022-01-30 09:36:30,046 - INFO assertbase.py [line:31]: 预计接口返回code为"200.0",实际返回code为:"200"
2022-01-30 09:36:30,046 - INFO assertbase.py [line:31]: 预计接口返回code为"200.0",实际返回code为:"200"
2022-01-30 09:36:30,046 - INFO assertbase.py [line:31]: 预计接口返回code为"200.0",实际返回code为:"200"
2022-01-30 09:36:30,046 - INFO assertbase.py [line:31]: 预计接口返回code为"200.0",实际返回code为:"200"
