2022-01-30 11:28:04,108 - INFO requestbase.py [line:21]: 连通接口"https://supplychain-server-stg.jmj1995.com/items/1/belongingStandardAlternativeItemGroup",接口header为:"{'authorization': 'Bearer eyJhbGciOiJIUzUxMiJ9.eyJqdGkiOiJmY2Y2NjRjMzI5NTc0ZWM4YTZkODkxMDAwOGVhZDkzOSIsImF1dGgiOiIiLCJpZCI6NTk2LCJzdWIiOiIxMiJ9.boS9IXvRTqtparwf14rWDT6dyvl4ez4flCrdxMXlpcy0-c9VqXrpueaQn1xxyoh9n4bDKRpttSoJ3opPjAQW8A'}",接口param为：
2022-01-30 11:28:04,184 - INFO requestbase.py [line:26]: 等待接口"https://supplychain-server-stg.jmj1995.com/items/1/belongingStandardAlternativeItemGroup"时长:0:00:00.068834
2022-01-30 11:28:04,187 - INFO assertbase.py [line:28]: 预计接口返回code为"200.0",实际返回code为:"200"
2022-01-30 11:28:04,189 - INFO assertbase.py [line:31]: 预计接口返回code为"200.0",实际返回code为:"200"
2022-01-30 11:28:04,198 - INFO requestbase.py [line:69]: 连通接口"https://supplychain-server-stg.jmj1995.com/items/1",接口data为:"",接口json{'enable': 'true', 'tags': ['12', '23', '34', '45', '56', '67', '78', '89', '01', '99953816724', '99897524630', '99135297046', '99254607193', '99310649275', '99376528194', '99352478916', '99503247816', '99187059632', '99953042716', '99638017452', '99237065184'], 'enableValidDays': 'true'}
2022-01-30 11:28:04,198 - INFO requestbase.py [line:69]: 连通接口"https://supplychain-server-stg.jmj1995.com/items/1",接口data为:"",接口json{'enable': 'true', 'tags': ['12', '23', '34', '45', '56', '67', '78', '89', '01', '99953816724', '99897524630', '99135297046', '99254607193', '99310649275', '99376528194', '99352478916', '99503247816', '99187059632', '99953042716', '99638017452', '99237065184'], 'enableValidDays': 'true'}
2022-01-30 11:28:04,273 - INFO requestbase.py [line:74]: 等待接口"https://supplychain-server-stg.jmj1995.com/items/1"时长:0:00:00.071769
2022-01-30 11:28:04,273 - INFO requestbase.py [line:74]: 等待接口"https://supplychain-server-stg.jmj1995.com/items/1"时长:0:00:00.071769
2022-01-30 11:28:04,275 - INFO assertbase.py [line:28]: 预计接口返回code为"200.0",实际返回code为:"200"
2022-01-30 11:28:04,275 - INFO assertbase.py [line:28]: 预计接口返回code为"200.0",实际返回code为:"200"
2022-01-30 11:28:04,278 - INFO assertbase.py [line:31]: 预计接口返回code为"200.0",实际返回code为:"200"
2022-01-30 11:28:04,278 - INFO assertbase.py [line:31]: 预计接口返回code为"200.0",实际返回code为:"200"
2022-01-30 11:28:04,286 - INFO requestbase.py [line:69]: 连通接口"https://supplychain-server-stg.jmj1995.com/shops/1",接口data为:"",接口json{'deliveryCenterId': 1, 'ownerCompanyId': 1}
2022-01-30 11:28:04,286 - INFO requestbase.py [line:69]: 连通接口"https://supplychain-server-stg.jmj1995.com/shops/1",接口data为:"",接口json{'deliveryCenterId': 1, 'ownerCompanyId': 1}
2022-01-30 11:28:04,286 - INFO requestbase.py [line:69]: 连通接口"https://supplychain-server-stg.jmj1995.com/shops/1",接口data为:"",接口json{'deliveryCenterId': 1, 'ownerCompanyId': 1}
2022-01-30 11:28:04,366 - INFO requestbase.py [line:74]: 等待接口"https://supplychain-server-stg.jmj1995.com/shops/1"时长:0:00:00.075794
2022-01-30 11:28:04,366 - INFO requestbase.py [line:74]: 等待接口"https://supplychain-server-stg.jmj1995.com/shops/1"时长:0:00:00.075794
2022-01-30 11:28:04,366 - INFO requestbase.py [line:74]: 等待接口"https://supplychain-server-stg.jmj1995.com/shops/1"时长:0:00:00.075794
2022-01-30 11:28:04,370 - INFO assertbase.py [line:28]: 预计接口返回code为"200.0",实际返回code为:"200"
2022-01-30 11:28:04,370 - INFO assertbase.py [line:28]: 预计接口返回code为"200.0",实际返回code为:"200"
2022-01-30 11:28:04,370 - INFO assertbase.py [line:28]: 预计接口返回code为"200.0",实际返回code为:"200"
2022-01-30 11:28:04,373 - INFO assertbase.py [line:31]: 预计接口返回code为"200.0",实际返回code为:"200"
2022-01-30 11:28:04,373 - INFO assertbase.py [line:31]: 预计接口返回code为"200.0",实际返回code为:"200"
2022-01-30 11:28:04,373 - INFO assertbase.py [line:31]: 预计接口返回code为"200.0",实际返回code为:"200"
2022-01-30 11:28:04,385 - INFO requestbase.py [line:21]: 连通接口"https://supplychain-server-stg.jmj1995.com/suppliers/1",接口header为:"{'authorization': 'Bearer eyJhbGciOiJIUzUxMiJ9.eyJqdGkiOiJmY2Y2NjRjMzI5NTc0ZWM4YTZkODkxMDAwOGVhZDkzOSIsImF1dGgiOiIiLCJpZCI6NTk2LCJzdWIiOiIxMiJ9.boS9IXvRTqtparwf14rWDT6dyvl4ez4flCrdxMXlpcy0-c9VqXrpueaQn1xxyoh9n4bDKRpttSoJ3opPjAQW8A'}",接口param为：
2022-01-30 11:28:04,385 - INFO requestbase.py [line:21]: 连通接口"https://supplychain-server-stg.jmj1995.com/suppliers/1",接口header为:"{'authorization': 'Bearer eyJhbGciOiJIUzUxMiJ9.eyJqdGkiOiJmY2Y2NjRjMzI5NTc0ZWM4YTZkODkxMDAwOGVhZDkzOSIsImF1dGgiOiIiLCJpZCI6NTk2LCJzdWIiOiIxMiJ9.boS9IXvRTqtparwf14rWDT6dyvl4ez4flCrdxMXlpcy0-c9VqXrpueaQn1xxyoh9n4bDKRpttSoJ3opPjAQW8A'}",接口param为：
2022-01-30 11:28:04,385 - INFO requestbase.py [line:21]: 连通接口"https://supplychain-server-stg.jmj1995.com/suppliers/1",接口header为:"{'authorization': 'Bearer eyJhbGciOiJIUzUxMiJ9.eyJqdGkiOiJmY2Y2NjRjMzI5NTc0ZWM4YTZkODkxMDAwOGVhZDkzOSIsImF1dGgiOiIiLCJpZCI6NTk2LCJzdWIiOiIxMiJ9.boS9IXvRTqtparwf14rWDT6dyvl4ez4flCrdxMXlpcy0-c9VqXrpueaQn1xxyoh9n4bDKRpttSoJ3opPjAQW8A'}",接口param为：
2022-01-30 11:28:04,385 - INFO requestbase.py [line:21]: 连通接口"https://supplychain-server-stg.jmj1995.com/suppliers/1",接口header为:"{'authorization': 'Bearer eyJhbGciOiJIUzUxMiJ9.eyJqdGkiOiJmY2Y2NjRjMzI5NTc0ZWM4YTZkODkxMDAwOGVhZDkzOSIsImF1dGgiOiIiLCJpZCI6NTk2LCJzdWIiOiIxMiJ9.boS9IXvRTqtparwf14rWDT6dyvl4ez4flCrdxMXlpcy0-c9VqXrpueaQn1xxyoh9n4bDKRpttSoJ3opPjAQW8A'}",接口param为：
2022-01-30 11:28:04,454 - INFO requestbase.py [line:26]: 等待接口"https://supplychain-server-stg.jmj1995.com/suppliers/1"时长:0:00:00.064827
2022-01-30 11:28:04,454 - INFO requestbase.py [line:26]: 等待接口"https://supplychain-server-stg.jmj1995.com/suppliers/1"时长:0:00:00.064827
2022-01-30 11:28:04,454 - INFO requestbase.py [line:26]: 等待接口"https://supplychain-server-stg.jmj1995.com/suppliers/1"时长:0:00:00.064827
2022-01-30 11:28:04,454 - INFO requestbase.py [line:26]: 等待接口"https://supplychain-server-stg.jmj1995.com/suppliers/1"时长:0:00:00.064827
2022-01-30 11:28:04,458 - INFO assertbase.py [line:28]: 预计接口返回code为"200.0",实际返回code为:"200"
2022-01-30 11:28:04,458 - INFO assertbase.py [line:28]: 预计接口返回code为"200.0",实际返回code为:"200"
2022-01-30 11:28:04,458 - INFO assertbase.py [line:28]: 预计接口返回code为"200.0",实际返回code为:"200"
2022-01-30 11:28:04,458 - INFO assertbase.py [line:28]: 预计接口返回code为"200.0",实际返回code为:"200"
2022-01-30 11:28:04,462 - INFO assertbase.py [line:31]: 预计接口返回code为"200.0",实际返回code为:"200"
2022-01-30 11:28:04,462 - INFO assertbase.py [line:31]: 预计接口返回code为"200.0",实际返回code为:"200"
2022-01-30 11:28:04,462 - INFO assertbase.py [line:31]: 预计接口返回code为"200.0",实际返回code为:"200"
2022-01-30 11:28:04,462 - INFO assertbase.py [line:31]: 预计接口返回code为"200.0",实际返回code为:"200"
2022-01-30 11:28:04,473 - INFO requestbase.py [line:69]: 连通接口"https://supplychain-server-stg.jmj1995.com/suppliers/1",接口data为:"",接口json{'enable': 'false'}
2022-01-30 11:28:04,473 - INFO requestbase.py [line:69]: 连通接口"https://supplychain-server-stg.jmj1995.com/suppliers/1",接口data为:"",接口json{'enable': 'false'}
2022-01-30 11:28:04,473 - INFO requestbase.py [line:69]: 连通接口"https://supplychain-server-stg.jmj1995.com/suppliers/1",接口data为:"",接口json{'enable': 'false'}
2022-01-30 11:28:04,473 - INFO requestbase.py [line:69]: 连通接口"https://supplychain-server-stg.jmj1995.com/suppliers/1",接口data为:"",接口json{'enable': 'false'}
2022-01-30 11:28:04,473 - INFO requestbase.py [line:69]: 连通接口"https://supplychain-server-stg.jmj1995.com/suppliers/1",接口data为:"",接口json{'enable': 'false'}
2022-01-30 11:28:04,560 - INFO requestbase.py [line:74]: 等待接口"https://supplychain-server-stg.jmj1995.com/suppliers/1"时长:0:00:00.082778
2022-01-30 11:28:04,560 - INFO requestbase.py [line:74]: 等待接口"https://supplychain-server-stg.jmj1995.com/suppliers/1"时长:0:00:00.082778
2022-01-30 11:28:04,560 - INFO requestbase.py [line:74]: 等待接口"https://supplychain-server-stg.jmj1995.com/suppliers/1"时长:0:00:00.082778
2022-01-30 11:28:04,560 - INFO requestbase.py [line:74]: 等待接口"https://supplychain-server-stg.jmj1995.com/suppliers/1"时长:0:00:00.082778
2022-01-30 11:28:04,560 - INFO requestbase.py [line:74]: 等待接口"https://supplychain-server-stg.jmj1995.com/suppliers/1"时长:0:00:00.082778
2022-01-30 11:28:04,563 - INFO assertbase.py [line:28]: 预计接口返回code为"200.0",实际返回code为:"200"
2022-01-30 11:28:04,563 - INFO assertbase.py [line:28]: 预计接口返回code为"200.0",实际返回code为:"200"
2022-01-30 11:28:04,563 - INFO assertbase.py [line:28]: 预计接口返回code为"200.0",实际返回code为:"200"
2022-01-30 11:28:04,563 - INFO assertbase.py [line:28]: 预计接口返回code为"200.0",实际返回code为:"200"
2022-01-30 11:28:04,563 - INFO assertbase.py [line:28]: 预计接口返回code为"200.0",实际返回code为:"200"
2022-01-30 11:28:04,566 - INFO assertbase.py [line:31]: 预计接口返回code为"200.0",实际返回code为:"200"
2022-01-30 11:28:04,566 - INFO assertbase.py [line:31]: 预计接口返回code为"200.0",实际返回code为:"200"
2022-01-30 11:28:04,566 - INFO assertbase.py [line:31]: 预计接口返回code为"200.0",实际返回code为:"200"
2022-01-30 11:28:04,566 - INFO assertbase.py [line:31]: 预计接口返回code为"200.0",实际返回code为:"200"
2022-01-30 11:28:04,566 - INFO assertbase.py [line:31]: 预计接口返回code为"200.0",实际返回code为:"200"
