2022-01-30 10:19:15,026 - INFO requestbase.py [line:33]: 连通接口"https://gateway-stg.jmj1995.com/authority/auth/login",接口data为:"",接口json{'groupId': '3', 'username': 'zaBjHxGvRVWGsVQ/zHecPnJqslj4HcDGZK7ETczs2779Znband2qnM9dVgyq2G9slLX69nVKb2HBQ51VgVuivFK5oizx/RSIgSmZlSQDaHHL4IHAnbwoGNWO85ERBFxOerLaNhP0EYrSkNABcJOfqiCRfazIXSxUKQd4XOx3H7c=', 'password': 'NXn+tGp/+m3dtqV2Em2fqAs21CQIjm0F05JqPWzNjKUiRvvZG/MTcmilW3xymwqUzfCgM8vNMdOgVqffnD4piFrh3araElM6AW8GcyoUBz+hpEBoYY0X+ZBCXLSHTMWMc1UYbZxnMM9BNng9Mpj9kEgnuc9jE76yN6nE0fNPkvs=', 'validate': '', 'challenge': '', 'seccode': ''}
2022-01-30 10:19:15,026 - INFO requestbase.py [line:33]: 连通接口"https://gateway-stg.jmj1995.com/authority/auth/login",接口data为:"",接口json{'groupId': '3', 'username': 'zaBjHxGvRVWGsVQ/zHecPnJqslj4HcDGZK7ETczs2779Znband2qnM9dVgyq2G9slLX69nVKb2HBQ51VgVuivFK5oizx/RSIgSmZlSQDaHHL4IHAnbwoGNWO85ERBFxOerLaNhP0EYrSkNABcJOfqiCRfazIXSxUKQd4XOx3H7c=', 'password': 'NXn+tGp/+m3dtqV2Em2fqAs21CQIjm0F05JqPWzNjKUiRvvZG/MTcmilW3xymwqUzfCgM8vNMdOgVqffnD4piFrh3araElM6AW8GcyoUBz+hpEBoYY0X+ZBCXLSHTMWMc1UYbZxnMM9BNng9Mpj9kEgnuc9jE76yN6nE0fNPkvs=', 'validate': '', 'challenge': '', 'seccode': ''}
2022-01-30 10:19:15,399 - INFO requestbase.py [line:38]: 等待接口"https://gateway-stg.jmj1995.com/authority/auth/login"时长:0:00:00.363725
2022-01-30 10:19:15,399 - INFO requestbase.py [line:38]: 等待接口"https://gateway-stg.jmj1995.com/authority/auth/login"时长:0:00:00.363725
2022-01-30 10:19:15,417 - INFO requestbase.py [line:21]: 连通接口"https://supplychain-server-stg.jmj1995.com/items",接口header为:"{'authorization': 'Bearer eyJhbGciOiJIUzUxMiJ9.eyJqdGkiOiJiZDI5YzBiMGY3ZGI0OGJhOTFlY2NlNjUzMDhmOGVmOCIsImF1dGgiOiIiLCJpZCI6NTk2LCJzdWIiOiIxMiJ9.Lx9lBZdIPc0dEokIqaw16zDe38XB_9VP3CxkFkylu4Mv1Od8p6bw35M8bbpJyMXbZ4LoBcJ0nFcvlG2xrrkBrw'}",接口param为：{"pageNum":"1","pageSize":"20"}
2022-01-30 10:19:15,417 - INFO requestbase.py [line:21]: 连通接口"https://supplychain-server-stg.jmj1995.com/items",接口header为:"{'authorization': 'Bearer eyJhbGciOiJIUzUxMiJ9.eyJqdGkiOiJiZDI5YzBiMGY3ZGI0OGJhOTFlY2NlNjUzMDhmOGVmOCIsImF1dGgiOiIiLCJpZCI6NTk2LCJzdWIiOiIxMiJ9.Lx9lBZdIPc0dEokIqaw16zDe38XB_9VP3CxkFkylu4Mv1Od8p6bw35M8bbpJyMXbZ4LoBcJ0nFcvlG2xrrkBrw'}",接口param为：{"pageNum":"1","pageSize":"20"}
2022-01-30 10:19:15,417 - INFO requestbase.py [line:21]: 连通接口"https://supplychain-server-stg.jmj1995.com/items",接口header为:"{'authorization': 'Bearer eyJhbGciOiJIUzUxMiJ9.eyJqdGkiOiJiZDI5YzBiMGY3ZGI0OGJhOTFlY2NlNjUzMDhmOGVmOCIsImF1dGgiOiIiLCJpZCI6NTk2LCJzdWIiOiIxMiJ9.Lx9lBZdIPc0dEokIqaw16zDe38XB_9VP3CxkFkylu4Mv1Od8p6bw35M8bbpJyMXbZ4LoBcJ0nFcvlG2xrrkBrw'}",接口param为：{"pageNum":"1","pageSize":"20"}
2022-01-30 10:19:15,518 - INFO requestbase.py [line:26]: 等待接口"https://supplychain-server-stg.jmj1995.com/items"时长:0:00:00.097763
2022-01-30 10:19:15,518 - INFO requestbase.py [line:26]: 等待接口"https://supplychain-server-stg.jmj1995.com/items"时长:0:00:00.097763
2022-01-30 10:19:15,518 - INFO requestbase.py [line:26]: 等待接口"https://supplychain-server-stg.jmj1995.com/items"时长:0:00:00.097763
2022-01-30 10:19:15,520 - INFO assertbase.py [line:28]: 预计接口返回code为"200.0",实际返回code为:"400"
2022-01-30 10:19:15,520 - INFO assertbase.py [line:28]: 预计接口返回code为"200.0",实际返回code为:"400"
2022-01-30 10:19:15,520 - INFO assertbase.py [line:28]: 预计接口返回code为"200.0",实际返回code为:"400"
2022-01-30 10:19:15,523 - ERROR assertbase.py [line:33]: 预计接口返回code为"200.0",实际返回code为:"400",失败
2022-01-30 10:19:15,523 - ERROR assertbase.py [line:33]: 预计接口返回code为"200.0",实际返回code为:"400",失败
2022-01-30 10:19:15,523 - ERROR assertbase.py [line:33]: 预计接口返回code为"200.0",实际返回code为:"400",失败
2022-01-30 10:19:15,661 - INFO requestbase.py [line:21]: 连通接口"https://supplychain-server-stg.jmj1995.com/items/1/belongingStandardAlternativeItemGroup",接口header为:"{'authorization': 'Bearer eyJhbGciOiJIUzUxMiJ9.eyJqdGkiOiJiZDI5YzBiMGY3ZGI0OGJhOTFlY2NlNjUzMDhmOGVmOCIsImF1dGgiOiIiLCJpZCI6NTk2LCJzdWIiOiIxMiJ9.Lx9lBZdIPc0dEokIqaw16zDe38XB_9VP3CxkFkylu4Mv1Od8p6bw35M8bbpJyMXbZ4LoBcJ0nFcvlG2xrrkBrw'}",接口param为：
2022-01-30 10:19:15,661 - INFO requestbase.py [line:21]: 连通接口"https://supplychain-server-stg.jmj1995.com/items/1/belongingStandardAlternativeItemGroup",接口header为:"{'authorization': 'Bearer eyJhbGciOiJIUzUxMiJ9.eyJqdGkiOiJiZDI5YzBiMGY3ZGI0OGJhOTFlY2NlNjUzMDhmOGVmOCIsImF1dGgiOiIiLCJpZCI6NTk2LCJzdWIiOiIxMiJ9.Lx9lBZdIPc0dEokIqaw16zDe38XB_9VP3CxkFkylu4Mv1Od8p6bw35M8bbpJyMXbZ4LoBcJ0nFcvlG2xrrkBrw'}",接口param为：
2022-01-30 10:19:15,661 - INFO requestbase.py [line:21]: 连通接口"https://supplychain-server-stg.jmj1995.com/items/1/belongingStandardAlternativeItemGroup",接口header为:"{'authorization': 'Bearer eyJhbGciOiJIUzUxMiJ9.eyJqdGkiOiJiZDI5YzBiMGY3ZGI0OGJhOTFlY2NlNjUzMDhmOGVmOCIsImF1dGgiOiIiLCJpZCI6NTk2LCJzdWIiOiIxMiJ9.Lx9lBZdIPc0dEokIqaw16zDe38XB_9VP3CxkFkylu4Mv1Od8p6bw35M8bbpJyMXbZ4LoBcJ0nFcvlG2xrrkBrw'}",接口param为：
2022-01-30 10:19:15,661 - INFO requestbase.py [line:21]: 连通接口"https://supplychain-server-stg.jmj1995.com/items/1/belongingStandardAlternativeItemGroup",接口header为:"{'authorization': 'Bearer eyJhbGciOiJIUzUxMiJ9.eyJqdGkiOiJiZDI5YzBiMGY3ZGI0OGJhOTFlY2NlNjUzMDhmOGVmOCIsImF1dGgiOiIiLCJpZCI6NTk2LCJzdWIiOiIxMiJ9.Lx9lBZdIPc0dEokIqaw16zDe38XB_9VP3CxkFkylu4Mv1Od8p6bw35M8bbpJyMXbZ4LoBcJ0nFcvlG2xrrkBrw'}",接口param为：
2022-01-30 10:19:15,836 - INFO requestbase.py [line:26]: 等待接口"https://supplychain-server-stg.jmj1995.com/items/1/belongingStandardAlternativeItemGroup"时长:0:00:00.172572
2022-01-30 10:19:15,836 - INFO requestbase.py [line:26]: 等待接口"https://supplychain-server-stg.jmj1995.com/items/1/belongingStandardAlternativeItemGroup"时长:0:00:00.172572
2022-01-30 10:19:15,836 - INFO requestbase.py [line:26]: 等待接口"https://supplychain-server-stg.jmj1995.com/items/1/belongingStandardAlternativeItemGroup"时长:0:00:00.172572
2022-01-30 10:19:15,836 - INFO requestbase.py [line:26]: 等待接口"https://supplychain-server-stg.jmj1995.com/items/1/belongingStandardAlternativeItemGroup"时长:0:00:00.172572
2022-01-30 10:19:15,838 - INFO assertbase.py [line:28]: 预计接口返回code为"200.0",实际返回code为:"200"
2022-01-30 10:19:15,838 - INFO assertbase.py [line:28]: 预计接口返回code为"200.0",实际返回code为:"200"
2022-01-30 10:19:15,838 - INFO assertbase.py [line:28]: 预计接口返回code为"200.0",实际返回code为:"200"
2022-01-30 10:19:15,838 - INFO assertbase.py [line:28]: 预计接口返回code为"200.0",实际返回code为:"200"
2022-01-30 10:19:15,840 - INFO assertbase.py [line:31]: 预计接口返回code为"200.0",实际返回code为:"200"
2022-01-30 10:19:15,840 - INFO assertbase.py [line:31]: 预计接口返回code为"200.0",实际返回code为:"200"
2022-01-30 10:19:15,840 - INFO assertbase.py [line:31]: 预计接口返回code为"200.0",实际返回code为:"200"
2022-01-30 10:19:15,840 - INFO assertbase.py [line:31]: 预计接口返回code为"200.0",实际返回code为:"200"
