2022-01-30 09:24:00,616 - INFO requestbase.py [line:33]: 连通接口"https://gateway-stg.jmj1995.com/authority/auth/login",接口data为:"",接口json{'groupId': '3', 'username': 'zaBjHxGvRVWGsVQ/zHecPnJqslj4HcDGZK7ETczs2779Znband2qnM9dVgyq2G9slLX69nVKb2HBQ51VgVuivFK5oizx/RSIgSmZlSQDaHHL4IHAnbwoGNWO85ERBFxOerLaNhP0EYrSkNABcJOfqiCRfazIXSxUKQd4XOx3H7c=', 'password': 'NXn+tGp/+m3dtqV2Em2fqAs21CQIjm0F05JqPWzNjKUiRvvZG/MTcmilW3xymwqUzfCgM8vNMdOgVqffnD4piFrh3araElM6AW8GcyoUBz+hpEBoYY0X+ZBCXLSHTMWMc1UYbZxnMM9BNng9Mpj9kEgnuc9jE76yN6nE0fNPkvs=', 'validate': '', 'challenge': '', 'seccode': ''}
2022-01-30 09:24:00,616 - INFO requestbase.py [line:33]: 连通接口"https://gateway-stg.jmj1995.com/authority/auth/login",接口data为:"",接口json{'groupId': '3', 'username': 'zaBjHxGvRVWGsVQ/zHecPnJqslj4HcDGZK7ETczs2779Znband2qnM9dVgyq2G9slLX69nVKb2HBQ51VgVuivFK5oizx/RSIgSmZlSQDaHHL4IHAnbwoGNWO85ERBFxOerLaNhP0EYrSkNABcJOfqiCRfazIXSxUKQd4XOx3H7c=', 'password': 'NXn+tGp/+m3dtqV2Em2fqAs21CQIjm0F05JqPWzNjKUiRvvZG/MTcmilW3xymwqUzfCgM8vNMdOgVqffnD4piFrh3araElM6AW8GcyoUBz+hpEBoYY0X+ZBCXLSHTMWMc1UYbZxnMM9BNng9Mpj9kEgnuc9jE76yN6nE0fNPkvs=', 'validate': '', 'challenge': '', 'seccode': ''}
2022-01-30 09:24:00,906 - INFO requestbase.py [line:38]: 等待接口"https://gateway-stg.jmj1995.com/authority/auth/login"时长:0:00:00.289481
2022-01-30 09:24:00,906 - INFO requestbase.py [line:38]: 等待接口"https://gateway-stg.jmj1995.com/authority/auth/login"时长:0:00:00.289481
2022-01-30 09:24:00,930 - INFO requestbase.py [line:21]: 连通接口"https://supplychain-server-stg.jmj1995.com/items",接口header为:"{'authorization': 'Bearer eyJhbGciOiJIUzUxMiJ9.eyJqdGkiOiJjNDlhNGQxODM1MWI0MjgzYWY4NWJiYWYxNmM4MWNlOSIsImF1dGgiOiIiLCJpZCI6NTk2LCJzdWIiOiIxMiJ9.0CAQmn9gVCKHOxzRRokWpZjf1eRJ96Y892MF-2L6nNUSSCadwHUp9MM6AAssADrlejN2ZwCbIDghWUmGfdTDJA'}",接口param为：{'pageNum': '1', 'pageSize': '20'}
2022-01-30 09:24:00,930 - INFO requestbase.py [line:21]: 连通接口"https://supplychain-server-stg.jmj1995.com/items",接口header为:"{'authorization': 'Bearer eyJhbGciOiJIUzUxMiJ9.eyJqdGkiOiJjNDlhNGQxODM1MWI0MjgzYWY4NWJiYWYxNmM4MWNlOSIsImF1dGgiOiIiLCJpZCI6NTk2LCJzdWIiOiIxMiJ9.0CAQmn9gVCKHOxzRRokWpZjf1eRJ96Y892MF-2L6nNUSSCadwHUp9MM6AAssADrlejN2ZwCbIDghWUmGfdTDJA'}",接口param为：{'pageNum': '1', 'pageSize': '20'}
2022-01-30 09:24:00,930 - INFO requestbase.py [line:21]: 连通接口"https://supplychain-server-stg.jmj1995.com/items",接口header为:"{'authorization': 'Bearer eyJhbGciOiJIUzUxMiJ9.eyJqdGkiOiJjNDlhNGQxODM1MWI0MjgzYWY4NWJiYWYxNmM4MWNlOSIsImF1dGgiOiIiLCJpZCI6NTk2LCJzdWIiOiIxMiJ9.0CAQmn9gVCKHOxzRRokWpZjf1eRJ96Y892MF-2L6nNUSSCadwHUp9MM6AAssADrlejN2ZwCbIDghWUmGfdTDJA'}",接口param为：{'pageNum': '1', 'pageSize': '20'}
2022-01-30 09:24:01,170 - INFO requestbase.py [line:26]: 等待接口"https://supplychain-server-stg.jmj1995.com/items"时长:0:00:00.238389
2022-01-30 09:24:01,170 - INFO requestbase.py [line:26]: 等待接口"https://supplychain-server-stg.jmj1995.com/items"时长:0:00:00.238389
2022-01-30 09:24:01,170 - INFO requestbase.py [line:26]: 等待接口"https://supplychain-server-stg.jmj1995.com/items"时长:0:00:00.238389
2022-01-30 09:24:01,171 - INFO assertbase.py [line:28]: 预计接口返回code为"200.0",实际返回code为:"200"
2022-01-30 09:24:01,171 - INFO assertbase.py [line:28]: 预计接口返回code为"200.0",实际返回code为:"200"
2022-01-30 09:24:01,171 - INFO assertbase.py [line:28]: 预计接口返回code为"200.0",实际返回code为:"200"
2022-01-30 09:24:01,171 - INFO assertbase.py [line:31]: 预计接口返回code为"200.0",实际返回code为:"200"
2022-01-30 09:24:01,171 - INFO assertbase.py [line:31]: 预计接口返回code为"200.0",实际返回code为:"200"
2022-01-30 09:24:01,171 - INFO assertbase.py [line:31]: 预计接口返回code为"200.0",实际返回code为:"200"
2022-01-30 09:24:01,178 - INFO requestbase.py [line:21]: 连通接口"https://supplychain-server-stg.jmj1995.com/items/1/belongingStandardAlternativeItemGroup",接口header为:"{'authorization': 'Bearer eyJhbGciOiJIUzUxMiJ9.eyJqdGkiOiJjNDlhNGQxODM1MWI0MjgzYWY4NWJiYWYxNmM4MWNlOSIsImF1dGgiOiIiLCJpZCI6NTk2LCJzdWIiOiIxMiJ9.0CAQmn9gVCKHOxzRRokWpZjf1eRJ96Y892MF-2L6nNUSSCadwHUp9MM6AAssADrlejN2ZwCbIDghWUmGfdTDJA'}",接口param为：
2022-01-30 09:24:01,178 - INFO requestbase.py [line:21]: 连通接口"https://supplychain-server-stg.jmj1995.com/items/1/belongingStandardAlternativeItemGroup",接口header为:"{'authorization': 'Bearer eyJhbGciOiJIUzUxMiJ9.eyJqdGkiOiJjNDlhNGQxODM1MWI0MjgzYWY4NWJiYWYxNmM4MWNlOSIsImF1dGgiOiIiLCJpZCI6NTk2LCJzdWIiOiIxMiJ9.0CAQmn9gVCKHOxzRRokWpZjf1eRJ96Y892MF-2L6nNUSSCadwHUp9MM6AAssADrlejN2ZwCbIDghWUmGfdTDJA'}",接口param为：
2022-01-30 09:24:01,178 - INFO requestbase.py [line:21]: 连通接口"https://supplychain-server-stg.jmj1995.com/items/1/belongingStandardAlternativeItemGroup",接口header为:"{'authorization': 'Bearer eyJhbGciOiJIUzUxMiJ9.eyJqdGkiOiJjNDlhNGQxODM1MWI0MjgzYWY4NWJiYWYxNmM4MWNlOSIsImF1dGgiOiIiLCJpZCI6NTk2LCJzdWIiOiIxMiJ9.0CAQmn9gVCKHOxzRRokWpZjf1eRJ96Y892MF-2L6nNUSSCadwHUp9MM6AAssADrlejN2ZwCbIDghWUmGfdTDJA'}",接口param为：
2022-01-30 09:24:01,268 - INFO requestbase.py [line:26]: 等待接口"https://supplychain-server-stg.jmj1995.com/items/1/belongingStandardAlternativeItemGroup"时长:0:00:00.090757
2022-01-30 09:24:01,268 - INFO requestbase.py [line:26]: 等待接口"https://supplychain-server-stg.jmj1995.com/items/1/belongingStandardAlternativeItemGroup"时长:0:00:00.090757
2022-01-30 09:24:01,268 - INFO requestbase.py [line:26]: 等待接口"https://supplychain-server-stg.jmj1995.com/items/1/belongingStandardAlternativeItemGroup"时长:0:00:00.090757
2022-01-30 09:24:01,268 - INFO assertbase.py [line:28]: 预计接口返回code为"200.0",实际返回code为:"200"
2022-01-30 09:24:01,268 - INFO assertbase.py [line:28]: 预计接口返回code为"200.0",实际返回code为:"200"
2022-01-30 09:24:01,268 - INFO assertbase.py [line:28]: 预计接口返回code为"200.0",实际返回code为:"200"
2022-01-30 09:24:01,268 - INFO assertbase.py [line:31]: 预计接口返回code为"200.0",实际返回code为:"200"
2022-01-30 09:24:01,268 - INFO assertbase.py [line:31]: 预计接口返回code为"200.0",实际返回code为:"200"
2022-01-30 09:24:01,268 - INFO assertbase.py [line:31]: 预计接口返回code为"200.0",实际返回code为:"200"
2022-01-30 09:24:01,274 - INFO requestbase.py [line:69]: 连通接口"https://supplychain-server-stg.jmj1995.com/items/1",接口data为:"",接口json{'enable': 'true', 'tags': ['12', '23', '34', '45', '56', '67', '78', '89', '01', '99953816724', '99897524630', '99135297046', '99254607193', '99310649275', '99376528194', '99352478916', '99503247816', '99187059632', '99953042716', '99638017452', '99237065184'], 'enableValidDays': 'true'}
2022-01-30 09:24:01,274 - INFO requestbase.py [line:69]: 连通接口"https://supplychain-server-stg.jmj1995.com/items/1",接口data为:"",接口json{'enable': 'true', 'tags': ['12', '23', '34', '45', '56', '67', '78', '89', '01', '99953816724', '99897524630', '99135297046', '99254607193', '99310649275', '99376528194', '99352478916', '99503247816', '99187059632', '99953042716', '99638017452', '99237065184'], 'enableValidDays': 'true'}
2022-01-30 09:24:01,274 - INFO requestbase.py [line:69]: 连通接口"https://supplychain-server-stg.jmj1995.com/items/1",接口data为:"",接口json{'enable': 'true', 'tags': ['12', '23', '34', '45', '56', '67', '78', '89', '01', '99953816724', '99897524630', '99135297046', '99254607193', '99310649275', '99376528194', '99352478916', '99503247816', '99187059632', '99953042716', '99638017452', '99237065184'], 'enableValidDays': 'true'}
2022-01-30 09:24:01,367 - INFO requestbase.py [line:74]: 等待接口"https://supplychain-server-stg.jmj1995.com/items/1"时长:0:00:00.091756
2022-01-30 09:24:01,367 - INFO requestbase.py [line:74]: 等待接口"https://supplychain-server-stg.jmj1995.com/items/1"时长:0:00:00.091756
2022-01-30 09:24:01,367 - INFO requestbase.py [line:74]: 等待接口"https://supplychain-server-stg.jmj1995.com/items/1"时长:0:00:00.091756
2022-01-30 09:24:01,367 - INFO assertbase.py [line:28]: 预计接口返回code为"200.0",实际返回code为:"200"
2022-01-30 09:24:01,367 - INFO assertbase.py [line:28]: 预计接口返回code为"200.0",实际返回code为:"200"
2022-01-30 09:24:01,367 - INFO assertbase.py [line:28]: 预计接口返回code为"200.0",实际返回code为:"200"
2022-01-30 09:24:01,368 - INFO assertbase.py [line:31]: 预计接口返回code为"200.0",实际返回code为:"200"
2022-01-30 09:24:01,368 - INFO assertbase.py [line:31]: 预计接口返回code为"200.0",实际返回code为:"200"
2022-01-30 09:24:01,368 - INFO assertbase.py [line:31]: 预计接口返回code为"200.0",实际返回code为:"200"
2022-01-30 09:24:01,374 - INFO requestbase.py [line:69]: 连通接口"https://supplychain-server-stg.jmj1995.com/shops/1",接口data为:"",接口json{'deliveryCenterId': 1, 'ownerCompanyId': 1}
2022-01-30 09:24:01,374 - INFO requestbase.py [line:69]: 连通接口"https://supplychain-server-stg.jmj1995.com/shops/1",接口data为:"",接口json{'deliveryCenterId': 1, 'ownerCompanyId': 1}
2022-01-30 09:24:01,374 - INFO requestbase.py [line:69]: 连通接口"https://supplychain-server-stg.jmj1995.com/shops/1",接口data为:"",接口json{'deliveryCenterId': 1, 'ownerCompanyId': 1}
2022-01-30 09:24:01,466 - INFO requestbase.py [line:74]: 等待接口"https://supplychain-server-stg.jmj1995.com/shops/1"时长:0:00:00.090755
2022-01-30 09:24:01,466 - INFO requestbase.py [line:74]: 等待接口"https://supplychain-server-stg.jmj1995.com/shops/1"时长:0:00:00.090755
2022-01-30 09:24:01,466 - INFO requestbase.py [line:74]: 等待接口"https://supplychain-server-stg.jmj1995.com/shops/1"时长:0:00:00.090755
2022-01-30 09:24:01,467 - INFO assertbase.py [line:28]: 预计接口返回code为"200.0",实际返回code为:"200"
2022-01-30 09:24:01,467 - INFO assertbase.py [line:28]: 预计接口返回code为"200.0",实际返回code为:"200"
2022-01-30 09:24:01,467 - INFO assertbase.py [line:28]: 预计接口返回code为"200.0",实际返回code为:"200"
2022-01-30 09:24:01,467 - INFO assertbase.py [line:31]: 预计接口返回code为"200.0",实际返回code为:"200"
2022-01-30 09:24:01,467 - INFO assertbase.py [line:31]: 预计接口返回code为"200.0",实际返回code为:"200"
2022-01-30 09:24:01,467 - INFO assertbase.py [line:31]: 预计接口返回code为"200.0",实际返回code为:"200"
