2022-02-09 15:26:48,758 - INFO requestbase.py [line:21]: 连通接口"https://supplychain-server-stg.datousoft.com/items",接口header为:"{'authorization': 'Bearer eyJhbGciOiJIUzUxMiJ9.eyJqdGkiOiI5ZGZjYzhkM2ZhYTE0YzliYWVmOTI2YmY3ODU1ZWUyZiIsImF1dGgiOiIiLCJpZCI6NTk5LCJzdWIiOiIxMiJ9.RsFOqIYJhlGzMDQhnrRdJG3tJnqOaCrupnW1t0JwXYefhjUUkA90bZikkygjRRzIeBktayVsL223ctUoLFpbdQ'}",接口param为：{'pageNum': '1', 'pageSize': '20'}
2022-02-09 15:26:48,925 - INFO requestbase.py [line:26]: 等待接口"https://supplychain-server-stg.datousoft.com/items"时长:0:00:00.164675
2022-02-09 15:26:48,928 - INFO assertbase.py [line:28]: 预计接口返回code为"200.0",实际返回code为:"200"
2022-02-09 15:26:48,930 - INFO assertbase.py [line:31]: 预计接口返回code为"200.0",实际返回code为:"200"
2022-02-09 15:26:48,946 - INFO requestbase.py [line:21]: 连通接口"https://supplychain-server-stg.datousoft.com/groups/current/items/1",接口header为:"{'authorization': 'Bearer eyJhbGciOiJIUzUxMiJ9.eyJqdGkiOiI5ZGZjYzhkM2ZhYTE0YzliYWVmOTI2YmY3ODU1ZWUyZiIsImF1dGgiOiIiLCJpZCI6NTk5LCJzdWIiOiIxMiJ9.RsFOqIYJhlGzMDQhnrRdJG3tJnqOaCrupnW1t0JwXYefhjUUkA90bZikkygjRRzIeBktayVsL223ctUoLFpbdQ'}",接口param为：
2022-02-09 15:26:48,946 - INFO requestbase.py [line:21]: 连通接口"https://supplychain-server-stg.datousoft.com/groups/current/items/1",接口header为:"{'authorization': 'Bearer eyJhbGciOiJIUzUxMiJ9.eyJqdGkiOiI5ZGZjYzhkM2ZhYTE0YzliYWVmOTI2YmY3ODU1ZWUyZiIsImF1dGgiOiIiLCJpZCI6NTk5LCJzdWIiOiIxMiJ9.RsFOqIYJhlGzMDQhnrRdJG3tJnqOaCrupnW1t0JwXYefhjUUkA90bZikkygjRRzIeBktayVsL223ctUoLFpbdQ'}",接口param为：
2022-02-09 15:26:49,027 - INFO requestbase.py [line:26]: 等待接口"https://supplychain-server-stg.datousoft.com/groups/current/items/1"时长:0:00:00.080317
2022-02-09 15:26:49,027 - INFO requestbase.py [line:26]: 等待接口"https://supplychain-server-stg.datousoft.com/groups/current/items/1"时长:0:00:00.080317
2022-02-09 15:26:49,028 - INFO assertbase.py [line:28]: 预计接口返回code为"200.0",实际返回code为:"200"
2022-02-09 15:26:49,028 - INFO assertbase.py [line:28]: 预计接口返回code为"200.0",实际返回code为:"200"
2022-02-09 15:26:49,029 - INFO assertbase.py [line:31]: 预计接口返回code为"200.0",实际返回code为:"200"
2022-02-09 15:26:49,029 - INFO assertbase.py [line:31]: 预计接口返回code为"200.0",实际返回code为:"200"
2022-02-09 15:26:49,038 - INFO requestbase.py [line:69]: 连通接口"https://supplychain-server-stg.datousoft.com/items/1",接口data为:"",接口json{'enable': 'true', 'tags': ['12', '23', '34', '45', '56', '67', '78', '89', '01', '99953816724', '99897524630', '99135297046', '99254607193', '99310649275', '99376528194', '99352478916', '99503247816', '99187059632', '99953042716', '99638017452', '99237065184'], 'enableValidDays': 'true'}
2022-02-09 15:26:49,038 - INFO requestbase.py [line:69]: 连通接口"https://supplychain-server-stg.datousoft.com/items/1",接口data为:"",接口json{'enable': 'true', 'tags': ['12', '23', '34', '45', '56', '67', '78', '89', '01', '99953816724', '99897524630', '99135297046', '99254607193', '99310649275', '99376528194', '99352478916', '99503247816', '99187059632', '99953042716', '99638017452', '99237065184'], 'enableValidDays': 'true'}
2022-02-09 15:26:49,130 - INFO requestbase.py [line:74]: 等待接口"https://supplychain-server-stg.datousoft.com/items/1"时长:0:00:00.090361
2022-02-09 15:26:49,130 - INFO requestbase.py [line:74]: 等待接口"https://supplychain-server-stg.datousoft.com/items/1"时长:0:00:00.090361
2022-02-09 15:26:49,131 - INFO assertbase.py [line:28]: 预计接口返回code为"200.0",实际返回code为:"200"
2022-02-09 15:26:49,131 - INFO assertbase.py [line:28]: 预计接口返回code为"200.0",实际返回code为:"200"
2022-02-09 15:26:49,132 - INFO assertbase.py [line:31]: 预计接口返回code为"200.0",实际返回code为:"200"
2022-02-09 15:26:49,132 - INFO assertbase.py [line:31]: 预计接口返回code为"200.0",实际返回code为:"200"
2022-02-09 15:26:49,138 - INFO requestbase.py [line:69]: 连通接口"https://supplychain-server-stg.datousoft.com/shops/1",接口data为:"",接口json{'deliveryCenterId': 1, 'ownerCompanyId': 1}
2022-02-09 15:26:49,138 - INFO requestbase.py [line:69]: 连通接口"https://supplychain-server-stg.datousoft.com/shops/1",接口data为:"",接口json{'deliveryCenterId': 1, 'ownerCompanyId': 1}
2022-02-09 15:26:49,228 - INFO requestbase.py [line:74]: 等待接口"https://supplychain-server-stg.datousoft.com/shops/1"时长:0:00:00.088787
2022-02-09 15:26:49,228 - INFO requestbase.py [line:74]: 等待接口"https://supplychain-server-stg.datousoft.com/shops/1"时长:0:00:00.088787
2022-02-09 15:26:49,229 - INFO assertbase.py [line:28]: 预计接口返回code为"200.0",实际返回code为:"200"
2022-02-09 15:26:49,229 - INFO assertbase.py [line:28]: 预计接口返回code为"200.0",实际返回code为:"200"
2022-02-09 15:26:49,230 - INFO assertbase.py [line:31]: 预计接口返回code为"200.0",实际返回code为:"200"
2022-02-09 15:26:49,230 - INFO assertbase.py [line:31]: 预计接口返回code为"200.0",实际返回code为:"200"
2022-02-09 15:26:49,239 - INFO requestbase.py [line:21]: 连通接口"https://supplychain-server-stg.datousoft.com/suppliers/1",接口header为:"{'authorization': 'Bearer eyJhbGciOiJIUzUxMiJ9.eyJqdGkiOiI5ZGZjYzhkM2ZhYTE0YzliYWVmOTI2YmY3ODU1ZWUyZiIsImF1dGgiOiIiLCJpZCI6NTk5LCJzdWIiOiIxMiJ9.RsFOqIYJhlGzMDQhnrRdJG3tJnqOaCrupnW1t0JwXYefhjUUkA90bZikkygjRRzIeBktayVsL223ctUoLFpbdQ'}",接口param为：
2022-02-09 15:26:49,239 - INFO requestbase.py [line:21]: 连通接口"https://supplychain-server-stg.datousoft.com/suppliers/1",接口header为:"{'authorization': 'Bearer eyJhbGciOiJIUzUxMiJ9.eyJqdGkiOiI5ZGZjYzhkM2ZhYTE0YzliYWVmOTI2YmY3ODU1ZWUyZiIsImF1dGgiOiIiLCJpZCI6NTk5LCJzdWIiOiIxMiJ9.RsFOqIYJhlGzMDQhnrRdJG3tJnqOaCrupnW1t0JwXYefhjUUkA90bZikkygjRRzIeBktayVsL223ctUoLFpbdQ'}",接口param为：
2022-02-09 15:26:49,308 - INFO requestbase.py [line:26]: 等待接口"https://supplychain-server-stg.datousoft.com/suppliers/1"时长:0:00:00.067865
2022-02-09 15:26:49,308 - INFO requestbase.py [line:26]: 等待接口"https://supplychain-server-stg.datousoft.com/suppliers/1"时长:0:00:00.067865
2022-02-09 15:26:49,309 - INFO assertbase.py [line:28]: 预计接口返回code为"200.0",实际返回code为:"200"
2022-02-09 15:26:49,309 - INFO assertbase.py [line:28]: 预计接口返回code为"200.0",实际返回code为:"200"
2022-02-09 15:26:49,310 - INFO assertbase.py [line:31]: 预计接口返回code为"200.0",实际返回code为:"200"
2022-02-09 15:26:49,310 - INFO assertbase.py [line:31]: 预计接口返回code为"200.0",实际返回code为:"200"
2022-02-09 15:26:49,316 - INFO requestbase.py [line:69]: 连通接口"https://supplychain-server-stg.datousoft.com/suppliers/1",接口data为:"",接口json{'enable': 'false'}
2022-02-09 15:26:49,316 - INFO requestbase.py [line:69]: 连通接口"https://supplychain-server-stg.datousoft.com/suppliers/1",接口data为:"",接口json{'enable': 'false'}
2022-02-09 15:26:49,439 - INFO requestbase.py [line:74]: 等待接口"https://supplychain-server-stg.datousoft.com/suppliers/1"时长:0:00:00.120461
2022-02-09 15:26:49,439 - INFO requestbase.py [line:74]: 等待接口"https://supplychain-server-stg.datousoft.com/suppliers/1"时长:0:00:00.120461
2022-02-09 15:26:49,440 - INFO assertbase.py [line:28]: 预计接口返回code为"200.0",实际返回code为:"200"
2022-02-09 15:26:49,440 - INFO assertbase.py [line:28]: 预计接口返回code为"200.0",实际返回code为:"200"
2022-02-09 15:26:49,441 - INFO assertbase.py [line:31]: 预计接口返回code为"200.0",实际返回code为:"200"
2022-02-09 15:26:49,441 - INFO assertbase.py [line:31]: 预计接口返回code为"200.0",实际返回code为:"200"
