2022-02-09 16:47:09,930 - INFO basePage.py [line:88]: 查找"输入账号"元素，元素定位:('xpath', "//*[@id='app']/div/div[1]/div[2]/form/div[2]/div/div/input")
2022-02-09 16:47:09,930 - INFO basePage.py [line:88]: 查找"输入账号"元素，元素定位:('xpath', "//*[@id='app']/div/div[1]/div[2]/form/div[2]/div/div/input")
2022-02-09 16:47:09,952 - INFO basePage.py [line:113]: 在"输入账号"输入"oms1213",元素定位:('xpath', "//*[@id='app']/div/div[1]/div[2]/form/div[2]/div/div/input")
2022-02-09 16:47:09,952 - INFO basePage.py [line:113]: 在"输入账号"输入"oms1213",元素定位:('xpath', "//*[@id='app']/div/div[1]/div[2]/form/div[2]/div/div/input")
2022-02-09 16:47:10,017 - INFO basePage.py [line:88]: 查找"输入密码"元素，元素定位:('xpath', "//*[@id='app']/div/div[1]/div[2]/form/div[3]/div/div/input")
2022-02-09 16:47:10,017 - INFO basePage.py [line:88]: 查找"输入密码"元素，元素定位:('xpath', "//*[@id='app']/div/div[1]/div[2]/form/div[3]/div/div/input")
2022-02-09 16:47:10,029 - INFO basePage.py [line:113]: 在"输入密码"输入"Qq123456",元素定位:('xpath', "//*[@id='app']/div/div[1]/div[2]/form/div[3]/div/div/input")
2022-02-09 16:47:10,029 - INFO basePage.py [line:113]: 在"输入密码"输入"Qq123456",元素定位:('xpath', "//*[@id='app']/div/div[1]/div[2]/form/div[3]/div/div/input")
2022-02-09 16:47:10,083 - INFO basePage.py [line:88]: 查找"点击登录"元素，元素定位:('xpath', "//*[@id='app']/div/div[1]/div[2]/form/button")
2022-02-09 16:47:10,083 - INFO basePage.py [line:88]: 查找"点击登录"元素，元素定位:('xpath', "//*[@id='app']/div/div[1]/div[2]/form/button")
2022-02-09 16:47:10,093 - INFO basePage.py [line:140]: 点击"点击登录",元素定位:('xpath', "//*[@id='app']/div/div[1]/div[2]/form/button")
2022-02-09 16:47:10,093 - INFO basePage.py [line:140]: 点击"点击登录",元素定位:('xpath', "//*[@id='app']/div/div[1]/div[2]/form/button")
2022-02-09 16:47:13,149 - INFO basePage.py [line:88]: 查找"供应链管理"元素，元素定位:('xpath', "//*[@id='app']/div/div[1]/div[2]/div[1]/div/ul/div[2]/li/div")
2022-02-09 16:47:13,149 - INFO basePage.py [line:88]: 查找"供应链管理"元素，元素定位:('xpath', "//*[@id='app']/div/div[1]/div[2]/div[1]/div/ul/div[2]/li/div")
2022-02-09 16:47:13,207 - INFO basePage.py [line:140]: 点击"供应链管理",元素定位:('xpath', "//*[@id='app']/div/div[1]/div[2]/div[1]/div/ul/div[2]/li/div")
2022-02-09 16:47:13,207 - INFO basePage.py [line:140]: 点击"供应链管理",元素定位:('xpath', "//*[@id='app']/div/div[1]/div[2]/div[1]/div/ul/div[2]/li/div")
2022-02-09 16:47:13,287 - INFO basePage.py [line:88]: 查找"成本卡管理"元素，元素定位:('xpath', "//*[@id='app']/div/div[1]/div[2]/div[1]/div/ul/div[2]/li/ul/div[14]/a/li")
2022-02-09 16:47:13,287 - INFO basePage.py [line:88]: 查找"成本卡管理"元素，元素定位:('xpath', "//*[@id='app']/div/div[1]/div[2]/div[1]/div/ul/div[2]/li/ul/div[14]/a/li")
2022-02-09 16:47:13,314 - INFO basePage.py [line:140]: 点击"成本卡管理",元素定位:('xpath', "//*[@id='app']/div/div[1]/div[2]/div[1]/div/ul/div[2]/li/ul/div[14]/a/li")
2022-02-09 16:47:13,314 - INFO basePage.py [line:140]: 点击"成本卡管理",元素定位:('xpath', "//*[@id='app']/div/div[1]/div[2]/div[1]/div/ul/div[2]/li/ul/div[14]/a/li")
