2022-02-09 14:50:07,680 - INFO requestbase.py [line:33]: 连通接口"https://gateway-stg.datousoft.com/authority/auth/login",接口data为:"",接口json{'groupId': '3', 'username': 'TRtsH2z2egXgbqWAIOTsJBf7E+Z/nA17u7HoVWtUqBIQP3PXpTeNuxcIm2rHTBkpnuCplP+CR/CkjzNFC2oMTKzMgXJWSu97e0qqLOV+Sm8VqntO0HMC0gTlQkHzJ33LLA4x12fDEGJnLcaznG16eCYlZPgssGvazAPGvOO7Wqk=', 'password': 'rlSCBdDGZAeGyaN7qlTWWEsZN0r8dlD7y81u2Waq2IyyUJfIZZ9A8Iua0eJpViQOeEOUQgk4L/5SaZtRQrfv3iJG2ryuw+zv8FX+DS6CY/kkZwmq6jnebMDCeaUhcBkbS+6g3vOM9Q0fCR/5yPLOJ5SQlYAnyL+pd66NSlFkh4M=', 'validate': '', 'challenge': '', 'seccode': ''}
2022-02-09 14:50:07,680 - INFO requestbase.py [line:33]: 连通接口"https://gateway-stg.datousoft.com/authority/auth/login",接口data为:"",接口json{'groupId': '3', 'username': 'TRtsH2z2egXgbqWAIOTsJBf7E+Z/nA17u7HoVWtUqBIQP3PXpTeNuxcIm2rHTBkpnuCplP+CR/CkjzNFC2oMTKzMgXJWSu97e0qqLOV+Sm8VqntO0HMC0gTlQkHzJ33LLA4x12fDEGJnLcaznG16eCYlZPgssGvazAPGvOO7Wqk=', 'password': 'rlSCBdDGZAeGyaN7qlTWWEsZN0r8dlD7y81u2Waq2IyyUJfIZZ9A8Iua0eJpViQOeEOUQgk4L/5SaZtRQrfv3iJG2ryuw+zv8FX+DS6CY/kkZwmq6jnebMDCeaUhcBkbS+6g3vOM9Q0fCR/5yPLOJ5SQlYAnyL+pd66NSlFkh4M=', 'validate': '', 'challenge': '', 'seccode': ''}
2022-02-09 14:50:07,960 - INFO requestbase.py [line:38]: 等待接口"https://gateway-stg.datousoft.com/authority/auth/login"时长:0:00:00.279757
2022-02-09 14:50:07,960 - INFO requestbase.py [line:38]: 等待接口"https://gateway-stg.datousoft.com/authority/auth/login"时长:0:00:00.279757
2022-02-09 14:50:07,986 - INFO requestbase.py [line:21]: 连通接口"https://supplychain-server-stg.datousoft.com/items",接口header为:"{'authorization': 'Bearer eyJhbGciOiJIUzUxMiJ9.eyJqdGkiOiIyYjFlZDM4YjA0NjA0OWZiYmVhN2I2MzM3NDhlMTBmNSIsImF1dGgiOiIiLCJpZCI6NTk5LCJzdWIiOiIxMiJ9.klj745Um2L_R6bA_Z5rxPZrhKcPRHNb6XImuAmcBFqmssKezeTQu4X9bcwpA-tjyToiDkq_Cu8lFfDSrWOhwYw'}",接口param为：{'pageNum': '1', 'pageSize': '20'}
2022-02-09 14:50:07,986 - INFO requestbase.py [line:21]: 连通接口"https://supplychain-server-stg.datousoft.com/items",接口header为:"{'authorization': 'Bearer eyJhbGciOiJIUzUxMiJ9.eyJqdGkiOiIyYjFlZDM4YjA0NjA0OWZiYmVhN2I2MzM3NDhlMTBmNSIsImF1dGgiOiIiLCJpZCI6NTk5LCJzdWIiOiIxMiJ9.klj745Um2L_R6bA_Z5rxPZrhKcPRHNb6XImuAmcBFqmssKezeTQu4X9bcwpA-tjyToiDkq_Cu8lFfDSrWOhwYw'}",接口param为：{'pageNum': '1', 'pageSize': '20'}
2022-02-09 14:50:07,986 - INFO requestbase.py [line:21]: 连通接口"https://supplychain-server-stg.datousoft.com/items",接口header为:"{'authorization': 'Bearer eyJhbGciOiJIUzUxMiJ9.eyJqdGkiOiIyYjFlZDM4YjA0NjA0OWZiYmVhN2I2MzM3NDhlMTBmNSIsImF1dGgiOiIiLCJpZCI6NTk5LCJzdWIiOiIxMiJ9.klj745Um2L_R6bA_Z5rxPZrhKcPRHNb6XImuAmcBFqmssKezeTQu4X9bcwpA-tjyToiDkq_Cu8lFfDSrWOhwYw'}",接口param为：{'pageNum': '1', 'pageSize': '20'}
2022-02-09 14:50:08,215 - INFO requestbase.py [line:26]: 等待接口"https://supplychain-server-stg.datousoft.com/items"时长:0:00:00.228387
2022-02-09 14:50:08,215 - INFO requestbase.py [line:26]: 等待接口"https://supplychain-server-stg.datousoft.com/items"时长:0:00:00.228387
2022-02-09 14:50:08,215 - INFO requestbase.py [line:26]: 等待接口"https://supplychain-server-stg.datousoft.com/items"时长:0:00:00.228387
2022-02-09 14:50:08,215 - INFO assertbase.py [line:28]: 预计接口返回code为"200.0",实际返回code为:"200"
2022-02-09 14:50:08,215 - INFO assertbase.py [line:28]: 预计接口返回code为"200.0",实际返回code为:"200"
2022-02-09 14:50:08,215 - INFO assertbase.py [line:28]: 预计接口返回code为"200.0",实际返回code为:"200"
2022-02-09 14:50:08,215 - INFO assertbase.py [line:31]: 预计接口返回code为"200.0",实际返回code为:"200"
2022-02-09 14:50:08,215 - INFO assertbase.py [line:31]: 预计接口返回code为"200.0",实际返回code为:"200"
2022-02-09 14:50:08,215 - INFO assertbase.py [line:31]: 预计接口返回code为"200.0",实际返回code为:"200"
2022-02-09 14:50:08,222 - INFO requestbase.py [line:21]: 连通接口"https://supplychain-server-stg.datousoft.com/groups/current/items/1",接口header为:"{'authorization': 'Bearer eyJhbGciOiJIUzUxMiJ9.eyJqdGkiOiIyYjFlZDM4YjA0NjA0OWZiYmVhN2I2MzM3NDhlMTBmNSIsImF1dGgiOiIiLCJpZCI6NTk5LCJzdWIiOiIxMiJ9.klj745Um2L_R6bA_Z5rxPZrhKcPRHNb6XImuAmcBFqmssKezeTQu4X9bcwpA-tjyToiDkq_Cu8lFfDSrWOhwYw'}",接口param为：
2022-02-09 14:50:08,222 - INFO requestbase.py [line:21]: 连通接口"https://supplychain-server-stg.datousoft.com/groups/current/items/1",接口header为:"{'authorization': 'Bearer eyJhbGciOiJIUzUxMiJ9.eyJqdGkiOiIyYjFlZDM4YjA0NjA0OWZiYmVhN2I2MzM3NDhlMTBmNSIsImF1dGgiOiIiLCJpZCI6NTk5LCJzdWIiOiIxMiJ9.klj745Um2L_R6bA_Z5rxPZrhKcPRHNb6XImuAmcBFqmssKezeTQu4X9bcwpA-tjyToiDkq_Cu8lFfDSrWOhwYw'}",接口param为：
2022-02-09 14:50:08,222 - INFO requestbase.py [line:21]: 连通接口"https://supplychain-server-stg.datousoft.com/groups/current/items/1",接口header为:"{'authorization': 'Bearer eyJhbGciOiJIUzUxMiJ9.eyJqdGkiOiIyYjFlZDM4YjA0NjA0OWZiYmVhN2I2MzM3NDhlMTBmNSIsImF1dGgiOiIiLCJpZCI6NTk5LCJzdWIiOiIxMiJ9.klj745Um2L_R6bA_Z5rxPZrhKcPRHNb6XImuAmcBFqmssKezeTQu4X9bcwpA-tjyToiDkq_Cu8lFfDSrWOhwYw'}",接口param为：
2022-02-09 14:50:08,308 - INFO requestbase.py [line:26]: 等待接口"https://supplychain-server-stg.datousoft.com/groups/current/items/1"时长:0:00:00.085770
2022-02-09 14:50:08,308 - INFO requestbase.py [line:26]: 等待接口"https://supplychain-server-stg.datousoft.com/groups/current/items/1"时长:0:00:00.085770
2022-02-09 14:50:08,308 - INFO requestbase.py [line:26]: 等待接口"https://supplychain-server-stg.datousoft.com/groups/current/items/1"时长:0:00:00.085770
2022-02-09 14:50:08,308 - INFO assertbase.py [line:28]: 预计接口返回code为"200.0",实际返回code为:"200"
2022-02-09 14:50:08,308 - INFO assertbase.py [line:28]: 预计接口返回code为"200.0",实际返回code为:"200"
2022-02-09 14:50:08,308 - INFO assertbase.py [line:28]: 预计接口返回code为"200.0",实际返回code为:"200"
2022-02-09 14:50:08,309 - INFO assertbase.py [line:31]: 预计接口返回code为"200.0",实际返回code为:"200"
2022-02-09 14:50:08,309 - INFO assertbase.py [line:31]: 预计接口返回code为"200.0",实际返回code为:"200"
2022-02-09 14:50:08,309 - INFO assertbase.py [line:31]: 预计接口返回code为"200.0",实际返回code为:"200"
2022-02-09 14:50:08,315 - INFO requestbase.py [line:69]: 连通接口"https://supplychain-server-stg.datousoft.com/items/1",接口data为:"",接口json{'enable': 'true', 'tags': ['12', '23', '34', '45', '56', '67', '78', '89', '01', '99953816724', '99897524630', '99135297046', '99254607193', '99310649275', '99376528194', '99352478916', '99503247816', '99187059632', '99953042716', '99638017452', '99237065184'], 'enableValidDays': 'true'}
2022-02-09 14:50:08,315 - INFO requestbase.py [line:69]: 连通接口"https://supplychain-server-stg.datousoft.com/items/1",接口data为:"",接口json{'enable': 'true', 'tags': ['12', '23', '34', '45', '56', '67', '78', '89', '01', '99953816724', '99897524630', '99135297046', '99254607193', '99310649275', '99376528194', '99352478916', '99503247816', '99187059632', '99953042716', '99638017452', '99237065184'], 'enableValidDays': 'true'}
2022-02-09 14:50:08,315 - INFO requestbase.py [line:69]: 连通接口"https://supplychain-server-stg.datousoft.com/items/1",接口data为:"",接口json{'enable': 'true', 'tags': ['12', '23', '34', '45', '56', '67', '78', '89', '01', '99953816724', '99897524630', '99135297046', '99254607193', '99310649275', '99376528194', '99352478916', '99503247816', '99187059632', '99953042716', '99638017452', '99237065184'], 'enableValidDays': 'true'}
2022-02-09 14:50:08,390 - INFO requestbase.py [line:74]: 等待接口"https://supplychain-server-stg.datousoft.com/items/1"时长:0:00:00.074827
2022-02-09 14:50:08,390 - INFO requestbase.py [line:74]: 等待接口"https://supplychain-server-stg.datousoft.com/items/1"时长:0:00:00.074827
2022-02-09 14:50:08,390 - INFO requestbase.py [line:74]: 等待接口"https://supplychain-server-stg.datousoft.com/items/1"时长:0:00:00.074827
2022-02-09 14:50:08,391 - INFO assertbase.py [line:28]: 预计接口返回code为"200.0",实际返回code为:"200"
2022-02-09 14:50:08,391 - INFO assertbase.py [line:28]: 预计接口返回code为"200.0",实际返回code为:"200"
2022-02-09 14:50:08,391 - INFO assertbase.py [line:28]: 预计接口返回code为"200.0",实际返回code为:"200"
2022-02-09 14:50:08,392 - INFO assertbase.py [line:31]: 预计接口返回code为"200.0",实际返回code为:"200"
2022-02-09 14:50:08,392 - INFO assertbase.py [line:31]: 预计接口返回code为"200.0",实际返回code为:"200"
2022-02-09 14:50:08,392 - INFO assertbase.py [line:31]: 预计接口返回code为"200.0",实际返回code为:"200"
2022-02-09 14:50:08,399 - INFO requestbase.py [line:69]: 连通接口"https://supplychain-server-stg.datousoft.com/shops/1",接口data为:"",接口json{'deliveryCenterId': 1, 'ownerCompanyId': 1}
2022-02-09 14:50:08,399 - INFO requestbase.py [line:69]: 连通接口"https://supplychain-server-stg.datousoft.com/shops/1",接口data为:"",接口json{'deliveryCenterId': 1, 'ownerCompanyId': 1}
2022-02-09 14:50:08,399 - INFO requestbase.py [line:69]: 连通接口"https://supplychain-server-stg.datousoft.com/shops/1",接口data为:"",接口json{'deliveryCenterId': 1, 'ownerCompanyId': 1}
2022-02-09 14:50:08,477 - INFO requestbase.py [line:74]: 等待接口"https://supplychain-server-stg.datousoft.com/shops/1"时长:0:00:00.077789
2022-02-09 14:50:08,477 - INFO requestbase.py [line:74]: 等待接口"https://supplychain-server-stg.datousoft.com/shops/1"时长:0:00:00.077789
2022-02-09 14:50:08,477 - INFO requestbase.py [line:74]: 等待接口"https://supplychain-server-stg.datousoft.com/shops/1"时长:0:00:00.077789
2022-02-09 14:50:08,477 - INFO assertbase.py [line:28]: 预计接口返回code为"200.0",实际返回code为:"200"
2022-02-09 14:50:08,477 - INFO assertbase.py [line:28]: 预计接口返回code为"200.0",实际返回code为:"200"
2022-02-09 14:50:08,477 - INFO assertbase.py [line:28]: 预计接口返回code为"200.0",实际返回code为:"200"
2022-02-09 14:50:08,478 - INFO assertbase.py [line:31]: 预计接口返回code为"200.0",实际返回code为:"200"
2022-02-09 14:50:08,478 - INFO assertbase.py [line:31]: 预计接口返回code为"200.0",实际返回code为:"200"
2022-02-09 14:50:08,478 - INFO assertbase.py [line:31]: 预计接口返回code为"200.0",实际返回code为:"200"
2022-02-09 14:50:08,484 - INFO requestbase.py [line:21]: 连通接口"https://supplychain-server-stg.datousoft.com/suppliers/1",接口header为:"{'authorization': 'Bearer eyJhbGciOiJIUzUxMiJ9.eyJqdGkiOiIyYjFlZDM4YjA0NjA0OWZiYmVhN2I2MzM3NDhlMTBmNSIsImF1dGgiOiIiLCJpZCI6NTk5LCJzdWIiOiIxMiJ9.klj745Um2L_R6bA_Z5rxPZrhKcPRHNb6XImuAmcBFqmssKezeTQu4X9bcwpA-tjyToiDkq_Cu8lFfDSrWOhwYw'}",接口param为：
2022-02-09 14:50:08,484 - INFO requestbase.py [line:21]: 连通接口"https://supplychain-server-stg.datousoft.com/suppliers/1",接口header为:"{'authorization': 'Bearer eyJhbGciOiJIUzUxMiJ9.eyJqdGkiOiIyYjFlZDM4YjA0NjA0OWZiYmVhN2I2MzM3NDhlMTBmNSIsImF1dGgiOiIiLCJpZCI6NTk5LCJzdWIiOiIxMiJ9.klj745Um2L_R6bA_Z5rxPZrhKcPRHNb6XImuAmcBFqmssKezeTQu4X9bcwpA-tjyToiDkq_Cu8lFfDSrWOhwYw'}",接口param为：
2022-02-09 14:50:08,484 - INFO requestbase.py [line:21]: 连通接口"https://supplychain-server-stg.datousoft.com/suppliers/1",接口header为:"{'authorization': 'Bearer eyJhbGciOiJIUzUxMiJ9.eyJqdGkiOiIyYjFlZDM4YjA0NjA0OWZiYmVhN2I2MzM3NDhlMTBmNSIsImF1dGgiOiIiLCJpZCI6NTk5LCJzdWIiOiIxMiJ9.klj745Um2L_R6bA_Z5rxPZrhKcPRHNb6XImuAmcBFqmssKezeTQu4X9bcwpA-tjyToiDkq_Cu8lFfDSrWOhwYw'}",接口param为：
2022-02-09 14:50:08,567 - INFO requestbase.py [line:26]: 等待接口"https://supplychain-server-stg.datousoft.com/suppliers/1"时长:0:00:00.082806
2022-02-09 14:50:08,567 - INFO requestbase.py [line:26]: 等待接口"https://supplychain-server-stg.datousoft.com/suppliers/1"时长:0:00:00.082806
2022-02-09 14:50:08,567 - INFO requestbase.py [line:26]: 等待接口"https://supplychain-server-stg.datousoft.com/suppliers/1"时长:0:00:00.082806
2022-02-09 14:50:08,567 - INFO assertbase.py [line:28]: 预计接口返回code为"200.0",实际返回code为:"200"
2022-02-09 14:50:08,567 - INFO assertbase.py [line:28]: 预计接口返回code为"200.0",实际返回code为:"200"
2022-02-09 14:50:08,567 - INFO assertbase.py [line:28]: 预计接口返回code为"200.0",实际返回code为:"200"
2022-02-09 14:50:08,568 - INFO assertbase.py [line:31]: 预计接口返回code为"200.0",实际返回code为:"200"
2022-02-09 14:50:08,568 - INFO assertbase.py [line:31]: 预计接口返回code为"200.0",实际返回code为:"200"
2022-02-09 14:50:08,568 - INFO assertbase.py [line:31]: 预计接口返回code为"200.0",实际返回code为:"200"
2022-02-09 14:50:08,574 - INFO requestbase.py [line:69]: 连通接口"https://supplychain-server-stg.datousoft.com/suppliers/1",接口data为:"",接口json{'enable': 'false'}
2022-02-09 14:50:08,574 - INFO requestbase.py [line:69]: 连通接口"https://supplychain-server-stg.datousoft.com/suppliers/1",接口data为:"",接口json{'enable': 'false'}
2022-02-09 14:50:08,574 - INFO requestbase.py [line:69]: 连通接口"https://supplychain-server-stg.datousoft.com/suppliers/1",接口data为:"",接口json{'enable': 'false'}
2022-02-09 14:50:08,696 - INFO requestbase.py [line:74]: 等待接口"https://supplychain-server-stg.datousoft.com/suppliers/1"时长:0:00:00.122334
2022-02-09 14:50:08,696 - INFO requestbase.py [line:74]: 等待接口"https://supplychain-server-stg.datousoft.com/suppliers/1"时长:0:00:00.122334
2022-02-09 14:50:08,696 - INFO requestbase.py [line:74]: 等待接口"https://supplychain-server-stg.datousoft.com/suppliers/1"时长:0:00:00.122334
2022-02-09 14:50:08,697 - INFO assertbase.py [line:28]: 预计接口返回code为"200.0",实际返回code为:"200"
2022-02-09 14:50:08,697 - INFO assertbase.py [line:28]: 预计接口返回code为"200.0",实际返回code为:"200"
2022-02-09 14:50:08,697 - INFO assertbase.py [line:28]: 预计接口返回code为"200.0",实际返回code为:"200"
2022-02-09 14:50:08,698 - INFO assertbase.py [line:31]: 预计接口返回code为"200.0",实际返回code为:"200"
2022-02-09 14:50:08,698 - INFO assertbase.py [line:31]: 预计接口返回code为"200.0",实际返回code为:"200"
2022-02-09 14:50:08,698 - INFO assertbase.py [line:31]: 预计接口返回code为"200.0",实际返回code为:"200"
