2022-02-09 14:54:04,236 - INFO requestbase.py [line:21]: 连通接口"https://supplychain-server-stg.datousoft.com/items",接口header为:"{'authorization': 'Bearer eyJhbGciOiJIUzUxMiJ9.eyJqdGkiOiJkNjMyNGFhMjNhNTI0NTY4OGY4YWUxZWNkNmQwMzI3MCIsImF1dGgiOiIiLCJpZCI6NTk5LCJzdWIiOiIxMiJ9.-GcAL1_h2pvNFVLoqz9ReexK0E2nKox323_9NO2zmvWWJerLiJXs9jjMxfKNWoo6BphlcHs4YVejozHPIT3MJg'}",接口param为：{'pageNum': '1', 'pageSize': '20'}
2022-02-09 14:54:04,305 - INFO requestbase.py [line:26]: 等待接口"https://supplychain-server-stg.datousoft.com/items"时长:0:00:00.067881
2022-02-09 14:54:04,306 - INFO assertbase.py [line:28]: 预计接口返回code为"200.0",实际返回code为:"401"
2022-02-09 14:54:04,307 - ERROR assertbase.py [line:33]: 预计接口返回code为"200.0",实际返回code为:"401",失败
2022-02-09 14:54:04,325 - INFO requestbase.py [line:21]: 连通接口"https://supplychain-server-stg.datousoft.com/groups/current/items/1",接口header为:"{'authorization': 'Bearer eyJhbGciOiJIUzUxMiJ9.eyJqdGkiOiJkNjMyNGFhMjNhNTI0NTY4OGY4YWUxZWNkNmQwMzI3MCIsImF1dGgiOiIiLCJpZCI6NTk5LCJzdWIiOiIxMiJ9.-GcAL1_h2pvNFVLoqz9ReexK0E2nKox323_9NO2zmvWWJerLiJXs9jjMxfKNWoo6BphlcHs4YVejozHPIT3MJg'}",接口param为：
2022-02-09 14:54:04,325 - INFO requestbase.py [line:21]: 连通接口"https://supplychain-server-stg.datousoft.com/groups/current/items/1",接口header为:"{'authorization': 'Bearer eyJhbGciOiJIUzUxMiJ9.eyJqdGkiOiJkNjMyNGFhMjNhNTI0NTY4OGY4YWUxZWNkNmQwMzI3MCIsImF1dGgiOiIiLCJpZCI6NTk5LCJzdWIiOiIxMiJ9.-GcAL1_h2pvNFVLoqz9ReexK0E2nKox323_9NO2zmvWWJerLiJXs9jjMxfKNWoo6BphlcHs4YVejozHPIT3MJg'}",接口param为：
2022-02-09 14:54:04,398 - INFO requestbase.py [line:26]: 等待接口"https://supplychain-server-stg.datousoft.com/groups/current/items/1"时长:0:00:00.070873
2022-02-09 14:54:04,398 - INFO requestbase.py [line:26]: 等待接口"https://supplychain-server-stg.datousoft.com/groups/current/items/1"时长:0:00:00.070873
2022-02-09 14:54:04,399 - INFO assertbase.py [line:28]: 预计接口返回code为"200.0",实际返回code为:"401"
2022-02-09 14:54:04,399 - INFO assertbase.py [line:28]: 预计接口返回code为"200.0",实际返回code为:"401"
2022-02-09 14:54:04,400 - ERROR assertbase.py [line:33]: 预计接口返回code为"200.0",实际返回code为:"401",失败
2022-02-09 14:54:04,400 - ERROR assertbase.py [line:33]: 预计接口返回code为"200.0",实际返回code为:"401",失败
2022-02-09 14:54:04,412 - INFO requestbase.py [line:69]: 连通接口"https://supplychain-server-stg.datousoft.com/items/1",接口data为:"",接口json{'enable': 'true', 'tags': ['12', '23', '34', '45', '56', '67', '78', '89', '01', '99953816724', '99897524630', '99135297046', '99254607193', '99310649275', '99376528194', '99352478916', '99503247816', '99187059632', '99953042716', '99638017452', '99237065184'], 'enableValidDays': 'true'}
2022-02-09 14:54:04,412 - INFO requestbase.py [line:69]: 连通接口"https://supplychain-server-stg.datousoft.com/items/1",接口data为:"",接口json{'enable': 'true', 'tags': ['12', '23', '34', '45', '56', '67', '78', '89', '01', '99953816724', '99897524630', '99135297046', '99254607193', '99310649275', '99376528194', '99352478916', '99503247816', '99187059632', '99953042716', '99638017452', '99237065184'], 'enableValidDays': 'true'}
2022-02-09 14:54:04,412 - INFO requestbase.py [line:69]: 连通接口"https://supplychain-server-stg.datousoft.com/items/1",接口data为:"",接口json{'enable': 'true', 'tags': ['12', '23', '34', '45', '56', '67', '78', '89', '01', '99953816724', '99897524630', '99135297046', '99254607193', '99310649275', '99376528194', '99352478916', '99503247816', '99187059632', '99953042716', '99638017452', '99237065184'], 'enableValidDays': 'true'}
2022-02-09 14:54:04,543 - INFO requestbase.py [line:74]: 等待接口"https://supplychain-server-stg.datousoft.com/items/1"时长:0:00:00.129823
2022-02-09 14:54:04,543 - INFO requestbase.py [line:74]: 等待接口"https://supplychain-server-stg.datousoft.com/items/1"时长:0:00:00.129823
2022-02-09 14:54:04,543 - INFO requestbase.py [line:74]: 等待接口"https://supplychain-server-stg.datousoft.com/items/1"时长:0:00:00.129823
2022-02-09 14:54:04,546 - INFO assertbase.py [line:28]: 预计接口返回code为"200.0",实际返回code为:"401"
2022-02-09 14:54:04,546 - INFO assertbase.py [line:28]: 预计接口返回code为"200.0",实际返回code为:"401"
2022-02-09 14:54:04,546 - INFO assertbase.py [line:28]: 预计接口返回code为"200.0",实际返回code为:"401"
2022-02-09 14:54:04,549 - ERROR assertbase.py [line:33]: 预计接口返回code为"200.0",实际返回code为:"401",失败
2022-02-09 14:54:04,549 - ERROR assertbase.py [line:33]: 预计接口返回code为"200.0",实际返回code为:"401",失败
2022-02-09 14:54:04,549 - ERROR assertbase.py [line:33]: 预计接口返回code为"200.0",实际返回code为:"401",失败
2022-02-09 14:54:04,574 - INFO requestbase.py [line:69]: 连通接口"https://supplychain-server-stg.datousoft.com/shops/1",接口data为:"",接口json{'deliveryCenterId': 1, 'ownerCompanyId': 1}
2022-02-09 14:54:04,574 - INFO requestbase.py [line:69]: 连通接口"https://supplychain-server-stg.datousoft.com/shops/1",接口data为:"",接口json{'deliveryCenterId': 1, 'ownerCompanyId': 1}
2022-02-09 14:54:04,574 - INFO requestbase.py [line:69]: 连通接口"https://supplychain-server-stg.datousoft.com/shops/1",接口data为:"",接口json{'deliveryCenterId': 1, 'ownerCompanyId': 1}
2022-02-09 14:54:04,574 - INFO requestbase.py [line:69]: 连通接口"https://supplychain-server-stg.datousoft.com/shops/1",接口data为:"",接口json{'deliveryCenterId': 1, 'ownerCompanyId': 1}
2022-02-09 14:54:04,657 - INFO requestbase.py [line:74]: 等待接口"https://supplychain-server-stg.datousoft.com/shops/1"时长:0:00:00.082175
2022-02-09 14:54:04,657 - INFO requestbase.py [line:74]: 等待接口"https://supplychain-server-stg.datousoft.com/shops/1"时长:0:00:00.082175
2022-02-09 14:54:04,657 - INFO requestbase.py [line:74]: 等待接口"https://supplychain-server-stg.datousoft.com/shops/1"时长:0:00:00.082175
2022-02-09 14:54:04,657 - INFO requestbase.py [line:74]: 等待接口"https://supplychain-server-stg.datousoft.com/shops/1"时长:0:00:00.082175
2022-02-09 14:54:04,658 - INFO assertbase.py [line:28]: 预计接口返回code为"200.0",实际返回code为:"401"
2022-02-09 14:54:04,658 - INFO assertbase.py [line:28]: 预计接口返回code为"200.0",实际返回code为:"401"
2022-02-09 14:54:04,658 - INFO assertbase.py [line:28]: 预计接口返回code为"200.0",实际返回code为:"401"
2022-02-09 14:54:04,658 - INFO assertbase.py [line:28]: 预计接口返回code为"200.0",实际返回code为:"401"
2022-02-09 14:54:04,659 - ERROR assertbase.py [line:33]: 预计接口返回code为"200.0",实际返回code为:"401",失败
2022-02-09 14:54:04,659 - ERROR assertbase.py [line:33]: 预计接口返回code为"200.0",实际返回code为:"401",失败
2022-02-09 14:54:04,659 - ERROR assertbase.py [line:33]: 预计接口返回code为"200.0",实际返回code为:"401",失败
2022-02-09 14:54:04,659 - ERROR assertbase.py [line:33]: 预计接口返回code为"200.0",实际返回code为:"401",失败
2022-02-09 14:54:04,671 - INFO requestbase.py [line:21]: 连通接口"https://supplychain-server-stg.datousoft.com/suppliers/1",接口header为:"{'authorization': 'Bearer eyJhbGciOiJIUzUxMiJ9.eyJqdGkiOiJkNjMyNGFhMjNhNTI0NTY4OGY4YWUxZWNkNmQwMzI3MCIsImF1dGgiOiIiLCJpZCI6NTk5LCJzdWIiOiIxMiJ9.-GcAL1_h2pvNFVLoqz9ReexK0E2nKox323_9NO2zmvWWJerLiJXs9jjMxfKNWoo6BphlcHs4YVejozHPIT3MJg'}",接口param为：
2022-02-09 14:54:04,671 - INFO requestbase.py [line:21]: 连通接口"https://supplychain-server-stg.datousoft.com/suppliers/1",接口header为:"{'authorization': 'Bearer eyJhbGciOiJIUzUxMiJ9.eyJqdGkiOiJkNjMyNGFhMjNhNTI0NTY4OGY4YWUxZWNkNmQwMzI3MCIsImF1dGgiOiIiLCJpZCI6NTk5LCJzdWIiOiIxMiJ9.-GcAL1_h2pvNFVLoqz9ReexK0E2nKox323_9NO2zmvWWJerLiJXs9jjMxfKNWoo6BphlcHs4YVejozHPIT3MJg'}",接口param为：
2022-02-09 14:54:04,671 - INFO requestbase.py [line:21]: 连通接口"https://supplychain-server-stg.datousoft.com/suppliers/1",接口header为:"{'authorization': 'Bearer eyJhbGciOiJIUzUxMiJ9.eyJqdGkiOiJkNjMyNGFhMjNhNTI0NTY4OGY4YWUxZWNkNmQwMzI3MCIsImF1dGgiOiIiLCJpZCI6NTk5LCJzdWIiOiIxMiJ9.-GcAL1_h2pvNFVLoqz9ReexK0E2nKox323_9NO2zmvWWJerLiJXs9jjMxfKNWoo6BphlcHs4YVejozHPIT3MJg'}",接口param为：
2022-02-09 14:54:04,671 - INFO requestbase.py [line:21]: 连通接口"https://supplychain-server-stg.datousoft.com/suppliers/1",接口header为:"{'authorization': 'Bearer eyJhbGciOiJIUzUxMiJ9.eyJqdGkiOiJkNjMyNGFhMjNhNTI0NTY4OGY4YWUxZWNkNmQwMzI3MCIsImF1dGgiOiIiLCJpZCI6NTk5LCJzdWIiOiIxMiJ9.-GcAL1_h2pvNFVLoqz9ReexK0E2nKox323_9NO2zmvWWJerLiJXs9jjMxfKNWoo6BphlcHs4YVejozHPIT3MJg'}",接口param为：
2022-02-09 14:54:04,671 - INFO requestbase.py [line:21]: 连通接口"https://supplychain-server-stg.datousoft.com/suppliers/1",接口header为:"{'authorization': 'Bearer eyJhbGciOiJIUzUxMiJ9.eyJqdGkiOiJkNjMyNGFhMjNhNTI0NTY4OGY4YWUxZWNkNmQwMzI3MCIsImF1dGgiOiIiLCJpZCI6NTk5LCJzdWIiOiIxMiJ9.-GcAL1_h2pvNFVLoqz9ReexK0E2nKox323_9NO2zmvWWJerLiJXs9jjMxfKNWoo6BphlcHs4YVejozHPIT3MJg'}",接口param为：
2022-02-09 14:54:04,750 - INFO requestbase.py [line:26]: 等待接口"https://supplychain-server-stg.datousoft.com/suppliers/1"时长:0:00:00.077159
2022-02-09 14:54:04,750 - INFO requestbase.py [line:26]: 等待接口"https://supplychain-server-stg.datousoft.com/suppliers/1"时长:0:00:00.077159
2022-02-09 14:54:04,750 - INFO requestbase.py [line:26]: 等待接口"https://supplychain-server-stg.datousoft.com/suppliers/1"时长:0:00:00.077159
2022-02-09 14:54:04,750 - INFO requestbase.py [line:26]: 等待接口"https://supplychain-server-stg.datousoft.com/suppliers/1"时长:0:00:00.077159
2022-02-09 14:54:04,750 - INFO requestbase.py [line:26]: 等待接口"https://supplychain-server-stg.datousoft.com/suppliers/1"时长:0:00:00.077159
2022-02-09 14:54:04,751 - INFO assertbase.py [line:28]: 预计接口返回code为"200.0",实际返回code为:"401"
2022-02-09 14:54:04,751 - INFO assertbase.py [line:28]: 预计接口返回code为"200.0",实际返回code为:"401"
2022-02-09 14:54:04,751 - INFO assertbase.py [line:28]: 预计接口返回code为"200.0",实际返回code为:"401"
2022-02-09 14:54:04,751 - INFO assertbase.py [line:28]: 预计接口返回code为"200.0",实际返回code为:"401"
2022-02-09 14:54:04,751 - INFO assertbase.py [line:28]: 预计接口返回code为"200.0",实际返回code为:"401"
2022-02-09 14:54:04,752 - ERROR assertbase.py [line:33]: 预计接口返回code为"200.0",实际返回code为:"401",失败
2022-02-09 14:54:04,752 - ERROR assertbase.py [line:33]: 预计接口返回code为"200.0",实际返回code为:"401",失败
2022-02-09 14:54:04,752 - ERROR assertbase.py [line:33]: 预计接口返回code为"200.0",实际返回code为:"401",失败
2022-02-09 14:54:04,752 - ERROR assertbase.py [line:33]: 预计接口返回code为"200.0",实际返回code为:"401",失败
2022-02-09 14:54:04,752 - ERROR assertbase.py [line:33]: 预计接口返回code为"200.0",实际返回code为:"401",失败
2022-02-09 14:54:04,764 - INFO requestbase.py [line:69]: 连通接口"https://supplychain-server-stg.datousoft.com/suppliers/1",接口data为:"",接口json{'enable': 'false'}
2022-02-09 14:54:04,764 - INFO requestbase.py [line:69]: 连通接口"https://supplychain-server-stg.datousoft.com/suppliers/1",接口data为:"",接口json{'enable': 'false'}
2022-02-09 14:54:04,764 - INFO requestbase.py [line:69]: 连通接口"https://supplychain-server-stg.datousoft.com/suppliers/1",接口data为:"",接口json{'enable': 'false'}
2022-02-09 14:54:04,764 - INFO requestbase.py [line:69]: 连通接口"https://supplychain-server-stg.datousoft.com/suppliers/1",接口data为:"",接口json{'enable': 'false'}
2022-02-09 14:54:04,764 - INFO requestbase.py [line:69]: 连通接口"https://supplychain-server-stg.datousoft.com/suppliers/1",接口data为:"",接口json{'enable': 'false'}
2022-02-09 14:54:04,764 - INFO requestbase.py [line:69]: 连通接口"https://supplychain-server-stg.datousoft.com/suppliers/1",接口data为:"",接口json{'enable': 'false'}
2022-02-09 14:54:04,841 - INFO requestbase.py [line:74]: 等待接口"https://supplychain-server-stg.datousoft.com/suppliers/1"时长:0:00:00.075053
2022-02-09 14:54:04,841 - INFO requestbase.py [line:74]: 等待接口"https://supplychain-server-stg.datousoft.com/suppliers/1"时长:0:00:00.075053
2022-02-09 14:54:04,841 - INFO requestbase.py [line:74]: 等待接口"https://supplychain-server-stg.datousoft.com/suppliers/1"时长:0:00:00.075053
2022-02-09 14:54:04,841 - INFO requestbase.py [line:74]: 等待接口"https://supplychain-server-stg.datousoft.com/suppliers/1"时长:0:00:00.075053
2022-02-09 14:54:04,841 - INFO requestbase.py [line:74]: 等待接口"https://supplychain-server-stg.datousoft.com/suppliers/1"时长:0:00:00.075053
2022-02-09 14:54:04,841 - INFO requestbase.py [line:74]: 等待接口"https://supplychain-server-stg.datousoft.com/suppliers/1"时长:0:00:00.075053
2022-02-09 14:54:04,842 - INFO assertbase.py [line:28]: 预计接口返回code为"200.0",实际返回code为:"401"
2022-02-09 14:54:04,842 - INFO assertbase.py [line:28]: 预计接口返回code为"200.0",实际返回code为:"401"
2022-02-09 14:54:04,842 - INFO assertbase.py [line:28]: 预计接口返回code为"200.0",实际返回code为:"401"
2022-02-09 14:54:04,842 - INFO assertbase.py [line:28]: 预计接口返回code为"200.0",实际返回code为:"401"
2022-02-09 14:54:04,842 - INFO assertbase.py [line:28]: 预计接口返回code为"200.0",实际返回code为:"401"
2022-02-09 14:54:04,842 - INFO assertbase.py [line:28]: 预计接口返回code为"200.0",实际返回code为:"401"
2022-02-09 14:54:04,844 - ERROR assertbase.py [line:33]: 预计接口返回code为"200.0",实际返回code为:"401",失败
2022-02-09 14:54:04,844 - ERROR assertbase.py [line:33]: 预计接口返回code为"200.0",实际返回code为:"401",失败
2022-02-09 14:54:04,844 - ERROR assertbase.py [line:33]: 预计接口返回code为"200.0",实际返回code为:"401",失败
2022-02-09 14:54:04,844 - ERROR assertbase.py [line:33]: 预计接口返回code为"200.0",实际返回code为:"401",失败
2022-02-09 14:54:04,844 - ERROR assertbase.py [line:33]: 预计接口返回code为"200.0",实际返回code为:"401",失败
2022-02-09 14:54:04,844 - ERROR assertbase.py [line:33]: 预计接口返回code为"200.0",实际返回code为:"401",失败
