2022-02-09 14:50:08,222 - INFO requestbase.py [line:21]: 连通接口"https://supplychain-server-stg.datousoft.com/groups/current/items/1",接口header为:"{'authorization': 'Bearer eyJhbGciOiJIUzUxMiJ9.eyJqdGkiOiIyYjFlZDM4YjA0NjA0OWZiYmVhN2I2MzM3NDhlMTBmNSIsImF1dGgiOiIiLCJpZCI6NTk5LCJzdWIiOiIxMiJ9.klj745Um2L_R6bA_Z5rxPZrhKcPRHNb6XImuAmcBFqmssKezeTQu4X9bcwpA-tjyToiDkq_Cu8lFfDSrWOhwYw'}",接口param为：
2022-02-09 14:50:08,308 - INFO requestbase.py [line:26]: 等待接口"https://supplychain-server-stg.datousoft.com/groups/current/items/1"时长:0:00:00.085770
2022-02-09 14:50:08,308 - INFO assertbase.py [line:28]: 预计接口返回code为"200.0",实际返回code为:"200"
2022-02-09 14:50:08,309 - INFO assertbase.py [line:31]: 预计接口返回code为"200.0",实际返回code为:"200"
2022-02-09 14:50:08,315 - INFO requestbase.py [line:69]: 连通接口"https://supplychain-server-stg.datousoft.com/items/1",接口data为:"",接口json{'enable': 'true', 'tags': ['12', '23', '34', '45', '56', '67', '78', '89', '01', '99953816724', '99897524630', '99135297046', '99254607193', '99310649275', '99376528194', '99352478916', '99503247816', '99187059632', '99953042716', '99638017452', '99237065184'], 'enableValidDays': 'true'}
2022-02-09 14:50:08,315 - INFO requestbase.py [line:69]: 连通接口"https://supplychain-server-stg.datousoft.com/items/1",接口data为:"",接口json{'enable': 'true', 'tags': ['12', '23', '34', '45', '56', '67', '78', '89', '01', '99953816724', '99897524630', '99135297046', '99254607193', '99310649275', '99376528194', '99352478916', '99503247816', '99187059632', '99953042716', '99638017452', '99237065184'], 'enableValidDays': 'true'}
2022-02-09 14:50:08,390 - INFO requestbase.py [line:74]: 等待接口"https://supplychain-server-stg.datousoft.com/items/1"时长:0:00:00.074827
2022-02-09 14:50:08,390 - INFO requestbase.py [line:74]: 等待接口"https://supplychain-server-stg.datousoft.com/items/1"时长:0:00:00.074827
2022-02-09 14:50:08,391 - INFO assertbase.py [line:28]: 预计接口返回code为"200.0",实际返回code为:"200"
2022-02-09 14:50:08,391 - INFO assertbase.py [line:28]: 预计接口返回code为"200.0",实际返回code为:"200"
2022-02-09 14:50:08,392 - INFO assertbase.py [line:31]: 预计接口返回code为"200.0",实际返回code为:"200"
2022-02-09 14:50:08,392 - INFO assertbase.py [line:31]: 预计接口返回code为"200.0",实际返回code为:"200"
2022-02-09 14:50:08,399 - INFO requestbase.py [line:69]: 连通接口"https://supplychain-server-stg.datousoft.com/shops/1",接口data为:"",接口json{'deliveryCenterId': 1, 'ownerCompanyId': 1}
2022-02-09 14:50:08,399 - INFO requestbase.py [line:69]: 连通接口"https://supplychain-server-stg.datousoft.com/shops/1",接口data为:"",接口json{'deliveryCenterId': 1, 'ownerCompanyId': 1}
2022-02-09 14:50:08,399 - INFO requestbase.py [line:69]: 连通接口"https://supplychain-server-stg.datousoft.com/shops/1",接口data为:"",接口json{'deliveryCenterId': 1, 'ownerCompanyId': 1}
2022-02-09 14:50:08,477 - INFO requestbase.py [line:74]: 等待接口"https://supplychain-server-stg.datousoft.com/shops/1"时长:0:00:00.077789
2022-02-09 14:50:08,477 - INFO requestbase.py [line:74]: 等待接口"https://supplychain-server-stg.datousoft.com/shops/1"时长:0:00:00.077789
2022-02-09 14:50:08,477 - INFO requestbase.py [line:74]: 等待接口"https://supplychain-server-stg.datousoft.com/shops/1"时长:0:00:00.077789
2022-02-09 14:50:08,477 - INFO assertbase.py [line:28]: 预计接口返回code为"200.0",实际返回code为:"200"
2022-02-09 14:50:08,477 - INFO assertbase.py [line:28]: 预计接口返回code为"200.0",实际返回code为:"200"
2022-02-09 14:50:08,477 - INFO assertbase.py [line:28]: 预计接口返回code为"200.0",实际返回code为:"200"
2022-02-09 14:50:08,478 - INFO assertbase.py [line:31]: 预计接口返回code为"200.0",实际返回code为:"200"
2022-02-09 14:50:08,478 - INFO assertbase.py [line:31]: 预计接口返回code为"200.0",实际返回code为:"200"
2022-02-09 14:50:08,478 - INFO assertbase.py [line:31]: 预计接口返回code为"200.0",实际返回code为:"200"
2022-02-09 14:50:08,484 - INFO requestbase.py [line:21]: 连通接口"https://supplychain-server-stg.datousoft.com/suppliers/1",接口header为:"{'authorization': 'Bearer eyJhbGciOiJIUzUxMiJ9.eyJqdGkiOiIyYjFlZDM4YjA0NjA0OWZiYmVhN2I2MzM3NDhlMTBmNSIsImF1dGgiOiIiLCJpZCI6NTk5LCJzdWIiOiIxMiJ9.klj745Um2L_R6bA_Z5rxPZrhKcPRHNb6XImuAmcBFqmssKezeTQu4X9bcwpA-tjyToiDkq_Cu8lFfDSrWOhwYw'}",接口param为：
2022-02-09 14:50:08,484 - INFO requestbase.py [line:21]: 连通接口"https://supplychain-server-stg.datousoft.com/suppliers/1",接口header为:"{'authorization': 'Bearer eyJhbGciOiJIUzUxMiJ9.eyJqdGkiOiIyYjFlZDM4YjA0NjA0OWZiYmVhN2I2MzM3NDhlMTBmNSIsImF1dGgiOiIiLCJpZCI6NTk5LCJzdWIiOiIxMiJ9.klj745Um2L_R6bA_Z5rxPZrhKcPRHNb6XImuAmcBFqmssKezeTQu4X9bcwpA-tjyToiDkq_Cu8lFfDSrWOhwYw'}",接口param为：
2022-02-09 14:50:08,484 - INFO requestbase.py [line:21]: 连通接口"https://supplychain-server-stg.datousoft.com/suppliers/1",接口header为:"{'authorization': 'Bearer eyJhbGciOiJIUzUxMiJ9.eyJqdGkiOiIyYjFlZDM4YjA0NjA0OWZiYmVhN2I2MzM3NDhlMTBmNSIsImF1dGgiOiIiLCJpZCI6NTk5LCJzdWIiOiIxMiJ9.klj745Um2L_R6bA_Z5rxPZrhKcPRHNb6XImuAmcBFqmssKezeTQu4X9bcwpA-tjyToiDkq_Cu8lFfDSrWOhwYw'}",接口param为：
2022-02-09 14:50:08,484 - INFO requestbase.py [line:21]: 连通接口"https://supplychain-server-stg.datousoft.com/suppliers/1",接口header为:"{'authorization': 'Bearer eyJhbGciOiJIUzUxMiJ9.eyJqdGkiOiIyYjFlZDM4YjA0NjA0OWZiYmVhN2I2MzM3NDhlMTBmNSIsImF1dGgiOiIiLCJpZCI6NTk5LCJzdWIiOiIxMiJ9.klj745Um2L_R6bA_Z5rxPZrhKcPRHNb6XImuAmcBFqmssKezeTQu4X9bcwpA-tjyToiDkq_Cu8lFfDSrWOhwYw'}",接口param为：
2022-02-09 14:50:08,567 - INFO requestbase.py [line:26]: 等待接口"https://supplychain-server-stg.datousoft.com/suppliers/1"时长:0:00:00.082806
2022-02-09 14:50:08,567 - INFO requestbase.py [line:26]: 等待接口"https://supplychain-server-stg.datousoft.com/suppliers/1"时长:0:00:00.082806
2022-02-09 14:50:08,567 - INFO requestbase.py [line:26]: 等待接口"https://supplychain-server-stg.datousoft.com/suppliers/1"时长:0:00:00.082806
2022-02-09 14:50:08,567 - INFO requestbase.py [line:26]: 等待接口"https://supplychain-server-stg.datousoft.com/suppliers/1"时长:0:00:00.082806
2022-02-09 14:50:08,567 - INFO assertbase.py [line:28]: 预计接口返回code为"200.0",实际返回code为:"200"
2022-02-09 14:50:08,567 - INFO assertbase.py [line:28]: 预计接口返回code为"200.0",实际返回code为:"200"
2022-02-09 14:50:08,567 - INFO assertbase.py [line:28]: 预计接口返回code为"200.0",实际返回code为:"200"
2022-02-09 14:50:08,567 - INFO assertbase.py [line:28]: 预计接口返回code为"200.0",实际返回code为:"200"
2022-02-09 14:50:08,568 - INFO assertbase.py [line:31]: 预计接口返回code为"200.0",实际返回code为:"200"
2022-02-09 14:50:08,568 - INFO assertbase.py [line:31]: 预计接口返回code为"200.0",实际返回code为:"200"
2022-02-09 14:50:08,568 - INFO assertbase.py [line:31]: 预计接口返回code为"200.0",实际返回code为:"200"
2022-02-09 14:50:08,568 - INFO assertbase.py [line:31]: 预计接口返回code为"200.0",实际返回code为:"200"
2022-02-09 14:50:08,574 - INFO requestbase.py [line:69]: 连通接口"https://supplychain-server-stg.datousoft.com/suppliers/1",接口data为:"",接口json{'enable': 'false'}
2022-02-09 14:50:08,574 - INFO requestbase.py [line:69]: 连通接口"https://supplychain-server-stg.datousoft.com/suppliers/1",接口data为:"",接口json{'enable': 'false'}
2022-02-09 14:50:08,574 - INFO requestbase.py [line:69]: 连通接口"https://supplychain-server-stg.datousoft.com/suppliers/1",接口data为:"",接口json{'enable': 'false'}
2022-02-09 14:50:08,574 - INFO requestbase.py [line:69]: 连通接口"https://supplychain-server-stg.datousoft.com/suppliers/1",接口data为:"",接口json{'enable': 'false'}
2022-02-09 14:50:08,574 - INFO requestbase.py [line:69]: 连通接口"https://supplychain-server-stg.datousoft.com/suppliers/1",接口data为:"",接口json{'enable': 'false'}
2022-02-09 14:50:08,696 - INFO requestbase.py [line:74]: 等待接口"https://supplychain-server-stg.datousoft.com/suppliers/1"时长:0:00:00.122334
2022-02-09 14:50:08,696 - INFO requestbase.py [line:74]: 等待接口"https://supplychain-server-stg.datousoft.com/suppliers/1"时长:0:00:00.122334
2022-02-09 14:50:08,696 - INFO requestbase.py [line:74]: 等待接口"https://supplychain-server-stg.datousoft.com/suppliers/1"时长:0:00:00.122334
2022-02-09 14:50:08,696 - INFO requestbase.py [line:74]: 等待接口"https://supplychain-server-stg.datousoft.com/suppliers/1"时长:0:00:00.122334
2022-02-09 14:50:08,696 - INFO requestbase.py [line:74]: 等待接口"https://supplychain-server-stg.datousoft.com/suppliers/1"时长:0:00:00.122334
2022-02-09 14:50:08,697 - INFO assertbase.py [line:28]: 预计接口返回code为"200.0",实际返回code为:"200"
2022-02-09 14:50:08,697 - INFO assertbase.py [line:28]: 预计接口返回code为"200.0",实际返回code为:"200"
2022-02-09 14:50:08,697 - INFO assertbase.py [line:28]: 预计接口返回code为"200.0",实际返回code为:"200"
2022-02-09 14:50:08,697 - INFO assertbase.py [line:28]: 预计接口返回code为"200.0",实际返回code为:"200"
2022-02-09 14:50:08,697 - INFO assertbase.py [line:28]: 预计接口返回code为"200.0",实际返回code为:"200"
2022-02-09 14:50:08,698 - INFO assertbase.py [line:31]: 预计接口返回code为"200.0",实际返回code为:"200"
2022-02-09 14:50:08,698 - INFO assertbase.py [line:31]: 预计接口返回code为"200.0",实际返回code为:"200"
2022-02-09 14:50:08,698 - INFO assertbase.py [line:31]: 预计接口返回code为"200.0",实际返回code为:"200"
2022-02-09 14:50:08,698 - INFO assertbase.py [line:31]: 预计接口返回code为"200.0",实际返回code为:"200"
2022-02-09 14:50:08,698 - INFO assertbase.py [line:31]: 预计接口返回code为"200.0",实际返回code为:"200"
