2022-02-09 17:33:10,740 - INFO basePage.py [line:88]: 查找"输入账号"元素，元素定位:('xpath', "//*[@id='app']/div/div[1]/div[2]/form/div[2]/div/div/input")
2022-02-09 17:33:10,740 - INFO basePage.py [line:88]: 查找"输入账号"元素，元素定位:('xpath', "//*[@id='app']/div/div[1]/div[2]/form/div[2]/div/div/input")
2022-02-09 17:33:10,752 - INFO basePage.py [line:113]: 在"输入账号"输入"oms1213",元素定位:('xpath', "//*[@id='app']/div/div[1]/div[2]/form/div[2]/div/div/input")
2022-02-09 17:33:10,752 - INFO basePage.py [line:113]: 在"输入账号"输入"oms1213",元素定位:('xpath', "//*[@id='app']/div/div[1]/div[2]/form/div[2]/div/div/input")
2022-02-09 17:33:10,827 - INFO basePage.py [line:88]: 查找"输入密码"元素，元素定位:('xpath', "//*[@id='app']/div/div[1]/div[2]/form/div[3]/div/div/input")
2022-02-09 17:33:10,827 - INFO basePage.py [line:88]: 查找"输入密码"元素，元素定位:('xpath', "//*[@id='app']/div/div[1]/div[2]/form/div[3]/div/div/input")
2022-02-09 17:33:10,838 - INFO basePage.py [line:113]: 在"输入密码"输入"Qq123456",元素定位:('xpath', "//*[@id='app']/div/div[1]/div[2]/form/div[3]/div/div/input")
2022-02-09 17:33:10,838 - INFO basePage.py [line:113]: 在"输入密码"输入"Qq123456",元素定位:('xpath', "//*[@id='app']/div/div[1]/div[2]/form/div[3]/div/div/input")
2022-02-09 17:33:10,900 - INFO basePage.py [line:88]: 查找"点击登录"元素，元素定位:('xpath', "//*[@id='app']/div/div[1]/div[2]/form/button")
2022-02-09 17:33:10,900 - INFO basePage.py [line:88]: 查找"点击登录"元素，元素定位:('xpath', "//*[@id='app']/div/div[1]/div[2]/form/button")
2022-02-09 17:33:10,910 - INFO basePage.py [line:140]: 点击"点击登录",元素定位:('xpath', "//*[@id='app']/div/div[1]/div[2]/form/button")
2022-02-09 17:33:10,910 - INFO basePage.py [line:140]: 点击"点击登录",元素定位:('xpath', "//*[@id='app']/div/div[1]/div[2]/form/button")
2022-02-09 17:33:13,961 - INFO basePage.py [line:88]: 查找"供应链管理"元素，元素定位:('xpath', "//*[@id='app']/div/div[1]/div[2]/div[1]/div/ul/div[2]/li/div")
2022-02-09 17:33:13,961 - INFO basePage.py [line:88]: 查找"供应链管理"元素，元素定位:('xpath', "//*[@id='app']/div/div[1]/div[2]/div[1]/div/ul/div[2]/li/div")
2022-02-09 17:33:13,982 - INFO basePage.py [line:140]: 点击"供应链管理",元素定位:('xpath', "//*[@id='app']/div/div[1]/div[2]/div[1]/div/ul/div[2]/li/div")
2022-02-09 17:33:13,982 - INFO basePage.py [line:140]: 点击"供应链管理",元素定位:('xpath', "//*[@id='app']/div/div[1]/div[2]/div[1]/div/ul/div[2]/li/div")
2022-02-09 17:33:14,022 - INFO basePage.py [line:88]: 查找"成本卡管理"元素，元素定位:('xpath', "//*[@id='app']/div/div[1]/div[2]/div[1]/div/ul/div[2]/li/ul/div[14]/a/li")
2022-02-09 17:33:14,022 - INFO basePage.py [line:88]: 查找"成本卡管理"元素，元素定位:('xpath', "//*[@id='app']/div/div[1]/div[2]/div[1]/div/ul/div[2]/li/ul/div[14]/a/li")
2022-02-09 17:33:14,034 - INFO basePage.py [line:140]: 点击"成本卡管理",元素定位:('xpath', "//*[@id='app']/div/div[1]/div[2]/div[1]/div/ul/div[2]/li/ul/div[14]/a/li")
2022-02-09 17:33:14,034 - INFO basePage.py [line:140]: 点击"成本卡管理",元素定位:('xpath', "//*[@id='app']/div/div[1]/div[2]/div[1]/div/ul/div[2]/li/ul/div[14]/a/li")
2022-02-09 17:33:16,344 - INFO basePage.py [line:88]: 查找"点击新增成本卡"元素，元素定位:('xpath', "//*[@id='app']/div/div[2]/section/div/section/main/div[2]/section/main/div/div[2]/div[3]/table/tbody/tr[1]/td[8]/div/button/span")
2022-02-09 17:33:16,344 - INFO basePage.py [line:88]: 查找"点击新增成本卡"元素，元素定位:('xpath', "//*[@id='app']/div/div[2]/section/div/section/main/div[2]/section/main/div/div[2]/div[3]/table/tbody/tr[1]/td[8]/div/button/span")
2022-02-09 17:33:19,857 - INFO basePage.py [line:140]: 点击"点击新增成本卡",元素定位:('xpath', "//*[@id='app']/div/div[2]/section/div/section/main/div[2]/section/main/div/div[2]/div[3]/table/tbody/tr[1]/td[8]/div/button/span")
2022-02-09 17:33:19,857 - INFO basePage.py [line:140]: 点击"点击新增成本卡",元素定位:('xpath', "//*[@id='app']/div/div[2]/section/div/section/main/div[2]/section/main/div/div[2]/div[3]/table/tbody/tr[1]/td[8]/div/button/span")
2022-02-09 17:33:20,131 - INFO basePage.py [line:88]: 查找"输入成本卡名称"元素，元素定位:('xpath', "//*[@id='app']/div/div[2]/section/div/section/div/div/div[2]/form/div[1]/div[1]/div/div/div/input")
2022-02-09 17:33:20,131 - INFO basePage.py [line:88]: 查找"输入成本卡名称"元素，元素定位:('xpath', "//*[@id='app']/div/div[2]/section/div/section/div/div/div[2]/form/div[1]/div[1]/div/div/div/input")
2022-02-09 17:33:20,150 - INFO basePage.py [line:113]: 在"输入成本卡名称"输入"99014926875",元素定位:('xpath', "//*[@id='app']/div/div[2]/section/div/section/div/div/div[2]/form/div[1]/div[1]/div/div/div/input")
2022-02-09 17:33:20,150 - INFO basePage.py [line:113]: 在"输入成本卡名称"输入"99014926875",元素定位:('xpath', "//*[@id='app']/div/div[2]/section/div/section/div/div/div[2]/form/div[1]/div[1]/div/div/div/input")
2022-02-09 17:33:20,253 - INFO basePage.py [line:88]: 查找"取消默认成本卡的勾选"元素，元素定位:('xpath', "//*[@id='app']/div/div[2]/section/div/section/div/div/div[2]/form/div[2]/div[3]/div/div/label/span")
2022-02-09 17:33:20,253 - INFO basePage.py [line:88]: 查找"取消默认成本卡的勾选"元素，元素定位:('xpath', "//*[@id='app']/div/div[2]/section/div/section/div/div/div[2]/form/div[2]/div[3]/div/div/label/span")
2022-02-09 17:33:20,266 - INFO basePage.py [line:140]: 点击"取消默认成本卡的勾选",元素定位:('xpath', "//*[@id='app']/div/div[2]/section/div/section/div/div/div[2]/form/div[2]/div[3]/div/div/label/span")
2022-02-09 17:33:20,266 - INFO basePage.py [line:140]: 点击"取消默认成本卡的勾选",元素定位:('xpath', "//*[@id='app']/div/div[2]/section/div/section/div/div/div[2]/form/div[2]/div[3]/div/div/label/span")
2022-02-09 17:33:20,300 - INFO basePage.py [line:88]: 查找"选择品项"元素，元素定位:('xpath', "//*[@id='app']/div/div[2]/section/div/section/div/div/div[2]/div/div[3]/div/span/div/button/span")
2022-02-09 17:33:20,300 - INFO basePage.py [line:88]: 查找"选择品项"元素，元素定位:('xpath', "//*[@id='app']/div/div[2]/section/div/section/div/div/div[2]/div/div[3]/div/span/div/button/span")
2022-02-09 17:33:20,312 - INFO basePage.py [line:140]: 点击"选择品项",元素定位:('xpath', "//*[@id='app']/div/div[2]/section/div/section/div/div/div[2]/div/div[3]/div/span/div/button/span")
2022-02-09 17:33:20,312 - INFO basePage.py [line:140]: 点击"选择品项",元素定位:('xpath', "//*[@id='app']/div/div[2]/section/div/section/div/div/div[2]/div/div[3]/div/span/div/button/span")
2022-02-09 17:33:23,620 - INFO basePage.py [line:88]: 查找"输入净量"元素，元素定位:('xpath', "//*[@id='input-0-0-child-input']")
2022-02-09 17:33:23,620 - INFO basePage.py [line:88]: 查找"输入净量"元素，元素定位:('xpath', "//*[@id='input-0-0-child-input']")
2022-02-09 17:33:23,756 - INFO basePage.py [line:113]: 在"输入净量"输入"10",元素定位:('xpath', "//*[@id='input-0-0-child-input']")
2022-02-09 17:33:23,756 - INFO basePage.py [line:113]: 在"输入净量"输入"10",元素定位:('xpath', "//*[@id='input-0-0-child-input']")
2022-02-09 17:33:23,803 - INFO basePage.py [line:88]: 查找"点击确定"元素，元素定位:('xpath', "//*[@id='app']/div/div[2]/section/div/section/div/div/div[3]/div/button[2]/span")
2022-02-09 17:33:23,803 - INFO basePage.py [line:88]: 查找"点击确定"元素，元素定位:('xpath', "//*[@id='app']/div/div[2]/section/div/section/div/div/div[3]/div/button[2]/span")
2022-02-09 17:33:23,817 - INFO basePage.py [line:140]: 点击"点击确定",元素定位:('xpath', "//*[@id='app']/div/div[2]/section/div/section/div/div/div[3]/div/button[2]/span")
2022-02-09 17:33:23,817 - INFO basePage.py [line:140]: 点击"点击确定",元素定位:('xpath', "//*[@id='app']/div/div[2]/section/div/section/div/div/div[3]/div/button[2]/span")
2022-02-09 17:33:24,142 - INFO basePage.py [line:74]: 等待"断言"元素,定位方式:('xpath', '/html/body/div[3]/p')
2022-02-09 17:33:24,142 - INFO basePage.py [line:74]: 等待"断言"元素,定位方式:('xpath', '/html/body/div[3]/p')
2022-02-09 17:33:24,504 - INFO basePage.py [line:79]: 等待"断言"时长:0:00:00.361400
2022-02-09 17:33:24,504 - INFO basePage.py [line:79]: 等待"断言"时长:0:00:00.361400
2022-02-09 17:33:50,038 - INFO basePage.py [line:88]: 查找"输入账号"元素，元素定位:('xpath', "//*[@id='app']/div/div[1]/div[2]/form/div[2]/div/div/input")
2022-02-09 17:33:50,038 - INFO basePage.py [line:88]: 查找"输入账号"元素，元素定位:('xpath', "//*[@id='app']/div/div[1]/div[2]/form/div[2]/div/div/input")
2022-02-09 17:33:50,050 - INFO basePage.py [line:113]: 在"输入账号"输入"oms1213",元素定位:('xpath', "//*[@id='app']/div/div[1]/div[2]/form/div[2]/div/div/input")
2022-02-09 17:33:50,050 - INFO basePage.py [line:113]: 在"输入账号"输入"oms1213",元素定位:('xpath', "//*[@id='app']/div/div[1]/div[2]/form/div[2]/div/div/input")
2022-02-09 17:33:50,133 - INFO basePage.py [line:88]: 查找"输入密码"元素，元素定位:('xpath', "//*[@id='app']/div/div[1]/div[2]/form/div[3]/div/div/input")
2022-02-09 17:33:50,133 - INFO basePage.py [line:88]: 查找"输入密码"元素，元素定位:('xpath', "//*[@id='app']/div/div[1]/div[2]/form/div[3]/div/div/input")
2022-02-09 17:33:50,148 - INFO basePage.py [line:113]: 在"输入密码"输入"Qq123456",元素定位:('xpath', "//*[@id='app']/div/div[1]/div[2]/form/div[3]/div/div/input")
2022-02-09 17:33:50,148 - INFO basePage.py [line:113]: 在"输入密码"输入"Qq123456",元素定位:('xpath', "//*[@id='app']/div/div[1]/div[2]/form/div[3]/div/div/input")
2022-02-09 17:33:50,222 - INFO basePage.py [line:88]: 查找"点击登录"元素，元素定位:('xpath', "//*[@id='app']/div/div[1]/div[2]/form/button")
2022-02-09 17:33:50,222 - INFO basePage.py [line:88]: 查找"点击登录"元素，元素定位:('xpath', "//*[@id='app']/div/div[1]/div[2]/form/button")
2022-02-09 17:33:50,233 - INFO basePage.py [line:140]: 点击"点击登录",元素定位:('xpath', "//*[@id='app']/div/div[1]/div[2]/form/button")
2022-02-09 17:33:50,233 - INFO basePage.py [line:140]: 点击"点击登录",元素定位:('xpath', "//*[@id='app']/div/div[1]/div[2]/form/button")
2022-02-09 17:33:53,301 - INFO basePage.py [line:88]: 查找"供应链管理"元素，元素定位:('xpath', "//*[@id='app']/div/div[1]/div[2]/div[1]/div/ul/div[2]/li/div")
2022-02-09 17:33:53,301 - INFO basePage.py [line:88]: 查找"供应链管理"元素，元素定位:('xpath', "//*[@id='app']/div/div[1]/div[2]/div[1]/div/ul/div[2]/li/div")
2022-02-09 17:33:53,315 - INFO basePage.py [line:140]: 点击"供应链管理",元素定位:('xpath', "//*[@id='app']/div/div[1]/div[2]/div[1]/div/ul/div[2]/li/div")
2022-02-09 17:33:53,315 - INFO basePage.py [line:140]: 点击"供应链管理",元素定位:('xpath', "//*[@id='app']/div/div[1]/div[2]/div[1]/div/ul/div[2]/li/div")
2022-02-09 17:33:53,350 - INFO basePage.py [line:88]: 查找"成本卡管理"元素，元素定位:('xpath', "//*[@id='app']/div/div[1]/div[2]/div[1]/div/ul/div[2]/li/ul/div[14]/a/li")
2022-02-09 17:33:53,350 - INFO basePage.py [line:88]: 查找"成本卡管理"元素，元素定位:('xpath', "//*[@id='app']/div/div[1]/div[2]/div[1]/div/ul/div[2]/li/ul/div[14]/a/li")
2022-02-09 17:33:53,362 - INFO basePage.py [line:140]: 点击"成本卡管理",元素定位:('xpath', "//*[@id='app']/div/div[1]/div[2]/div[1]/div/ul/div[2]/li/ul/div[14]/a/li")
2022-02-09 17:33:53,362 - INFO basePage.py [line:140]: 点击"成本卡管理",元素定位:('xpath', "//*[@id='app']/div/div[1]/div[2]/div[1]/div/ul/div[2]/li/ul/div[14]/a/li")
2022-02-09 17:33:56,318 - INFO basePage.py [line:88]: 查找"点击确定"元素，元素定位:('xpath', '/html/body/div[2]/div/div[3]/div/button[2]/span')
2022-02-09 17:33:56,318 - INFO basePage.py [line:88]: 查找"点击确定"元素，元素定位:('xpath', '/html/body/div[2]/div/div[3]/div/button[2]/span')
2022-02-09 17:33:56,463 - INFO basePage.py [line:140]: 点击"点击确定",元素定位:('xpath', '/html/body/div[2]/div/div[3]/div/button[2]/span')
2022-02-09 17:33:56,463 - INFO basePage.py [line:140]: 点击"点击确定",元素定位:('xpath', '/html/body/div[2]/div/div[3]/div/button[2]/span')
2022-02-09 17:33:56,525 - INFO basePage.py [line:74]: 等待"断言"元素,定位方式:('xpath', '/html/body/div[3]/p')
2022-02-09 17:33:56,525 - INFO basePage.py [line:74]: 等待"断言"元素,定位方式:('xpath', '/html/body/div[3]/p')
2022-02-09 17:33:56,980 - INFO basePage.py [line:79]: 等待"断言"时长:0:00:00.453785
2022-02-09 17:33:56,980 - INFO basePage.py [line:79]: 等待"断言"时长:0:00:00.453785
2022-02-09 17:34:15,406 - INFO basePage.py [line:88]: 查找"输入账号"元素，元素定位:('xpath', "//*[@id='app']/div/div[1]/div[2]/form/div[2]/div/div/input")
2022-02-09 17:34:15,406 - INFO basePage.py [line:88]: 查找"输入账号"元素，元素定位:('xpath', "//*[@id='app']/div/div[1]/div[2]/form/div[2]/div/div/input")
2022-02-09 17:34:15,420 - INFO basePage.py [line:113]: 在"输入账号"输入"oms1213",元素定位:('xpath', "//*[@id='app']/div/div[1]/div[2]/form/div[2]/div/div/input")
2022-02-09 17:34:15,420 - INFO basePage.py [line:113]: 在"输入账号"输入"oms1213",元素定位:('xpath', "//*[@id='app']/div/div[1]/div[2]/form/div[2]/div/div/input")
2022-02-09 17:34:15,532 - INFO basePage.py [line:88]: 查找"输入密码"元素，元素定位:('xpath', "//*[@id='app']/div/div[1]/div[2]/form/div[3]/div/div/input")
2022-02-09 17:34:15,532 - INFO basePage.py [line:88]: 查找"输入密码"元素，元素定位:('xpath', "//*[@id='app']/div/div[1]/div[2]/form/div[3]/div/div/input")
2022-02-09 17:34:15,547 - INFO basePage.py [line:113]: 在"输入密码"输入"Qq123456",元素定位:('xpath', "//*[@id='app']/div/div[1]/div[2]/form/div[3]/div/div/input")
2022-02-09 17:34:15,547 - INFO basePage.py [line:113]: 在"输入密码"输入"Qq123456",元素定位:('xpath', "//*[@id='app']/div/div[1]/div[2]/form/div[3]/div/div/input")
2022-02-09 17:34:15,610 - INFO basePage.py [line:88]: 查找"点击登录"元素，元素定位:('xpath', "//*[@id='app']/div/div[1]/div[2]/form/button")
2022-02-09 17:34:15,610 - INFO basePage.py [line:88]: 查找"点击登录"元素，元素定位:('xpath', "//*[@id='app']/div/div[1]/div[2]/form/button")
2022-02-09 17:34:15,629 - INFO basePage.py [line:140]: 点击"点击登录",元素定位:('xpath', "//*[@id='app']/div/div[1]/div[2]/form/button")
2022-02-09 17:34:15,629 - INFO basePage.py [line:140]: 点击"点击登录",元素定位:('xpath', "//*[@id='app']/div/div[1]/div[2]/form/button")
2022-02-09 17:34:18,753 - INFO basePage.py [line:88]: 查找"供应链管理"元素，元素定位:('xpath', "//*[@id='app']/div/div[1]/div[2]/div[1]/div/ul/div[2]/li/div")
2022-02-09 17:34:18,753 - INFO basePage.py [line:88]: 查找"供应链管理"元素，元素定位:('xpath', "//*[@id='app']/div/div[1]/div[2]/div[1]/div/ul/div[2]/li/div")
2022-02-09 17:34:18,791 - INFO basePage.py [line:140]: 点击"供应链管理",元素定位:('xpath', "//*[@id='app']/div/div[1]/div[2]/div[1]/div/ul/div[2]/li/div")
2022-02-09 17:34:18,791 - INFO basePage.py [line:140]: 点击"供应链管理",元素定位:('xpath', "//*[@id='app']/div/div[1]/div[2]/div[1]/div/ul/div[2]/li/div")
2022-02-09 17:34:18,837 - INFO basePage.py [line:88]: 查找"成本卡管理"元素，元素定位:('xpath', "//*[@id='app']/div/div[1]/div[2]/div[1]/div/ul/div[2]/li/ul/div[14]/a/li")
2022-02-09 17:34:18,837 - INFO basePage.py [line:88]: 查找"成本卡管理"元素，元素定位:('xpath', "//*[@id='app']/div/div[1]/div[2]/div[1]/div/ul/div[2]/li/ul/div[14]/a/li")
2022-02-09 17:34:18,849 - INFO basePage.py [line:140]: 点击"成本卡管理",元素定位:('xpath', "//*[@id='app']/div/div[1]/div[2]/div[1]/div/ul/div[2]/li/ul/div[14]/a/li")
2022-02-09 17:34:18,849 - INFO basePage.py [line:140]: 点击"成本卡管理",元素定位:('xpath', "//*[@id='app']/div/div[1]/div[2]/div[1]/div/ul/div[2]/li/ul/div[14]/a/li")
2022-02-09 17:34:21,619 - INFO basePage.py [line:88]: 查找"清除净量"元素，元素定位:('xpath', "//*[@id='input-0-0-child-input']")
2022-02-09 17:34:21,619 - INFO basePage.py [line:88]: 查找"清除净量"元素，元素定位:('xpath', "//*[@id='input-0-0-child-input']")
2022-02-09 17:34:21,694 - INFO basePage.py [line:126]: 清除"清除净量",元素定位:('xpath', "//*[@id='input-0-0-child-input']")
2022-02-09 17:34:21,694 - INFO basePage.py [line:126]: 清除"清除净量",元素定位:('xpath', "//*[@id='input-0-0-child-input']")
2022-02-09 17:34:21,763 - INFO basePage.py [line:88]: 查找"输入净量"元素，元素定位:('xpath', "//*[@id='input-0-0-child-input']")
2022-02-09 17:34:21,763 - INFO basePage.py [line:88]: 查找"输入净量"元素，元素定位:('xpath', "//*[@id='input-0-0-child-input']")
2022-02-09 17:34:21,771 - INFO basePage.py [line:113]: 在"输入净量"输入"10",元素定位:('xpath', "//*[@id='input-0-0-child-input']")
2022-02-09 17:34:21,771 - INFO basePage.py [line:113]: 在"输入净量"输入"10",元素定位:('xpath', "//*[@id='input-0-0-child-input']")
2022-02-09 17:34:21,811 - INFO basePage.py [line:88]: 查找"点击确定"元素，元素定位:('xpath', "//*[@id='app']/div/div[2]/section/div/section/div/div/div[3]/div/button[2]/span")
2022-02-09 17:34:21,811 - INFO basePage.py [line:88]: 查找"点击确定"元素，元素定位:('xpath', "//*[@id='app']/div/div[2]/section/div/section/div/div/div[3]/div/button[2]/span")
2022-02-09 17:34:21,823 - INFO basePage.py [line:140]: 点击"点击确定",元素定位:('xpath', "//*[@id='app']/div/div[2]/section/div/section/div/div/div[3]/div/button[2]/span")
2022-02-09 17:34:21,823 - INFO basePage.py [line:140]: 点击"点击确定",元素定位:('xpath', "//*[@id='app']/div/div[2]/section/div/section/div/div/div[3]/div/button[2]/span")
2022-02-09 17:34:21,882 - INFO basePage.py [line:74]: 等待"断言"元素,定位方式:('xpath', '/html/body/div[3]/p')
2022-02-09 17:34:21,882 - INFO basePage.py [line:74]: 等待"断言"元素,定位方式:('xpath', '/html/body/div[3]/p')
2022-02-09 17:34:32,281 - ERROR basePage.py [line:81]: 等待"断言"元素失败,定位方式:('xpath', '/html/body/div[3]/p')
Traceback (most recent call last):
  File "e:\12\Common\basePage.py", line 77, in wait_text
    WebDriverWait(self.driver, timeout, poll_frequency).until(EC.text_to_be_present_in_element(loc,text))
  File "C:\Users\bonjour\AppData\Local\Programs\Python\Python39\lib\site-packages\selenium\webdriver\support\wait.py", line 80, in until
    raise TimeoutException(message, screen, stacktrace)
selenium.common.exceptions.TimeoutException: Message: 

2022-02-09 17:34:32,281 - ERROR basePage.py [line:81]: 等待"断言"元素失败,定位方式:('xpath', '/html/body/div[3]/p')
Traceback (most recent call last):
  File "e:\12\Common\basePage.py", line 77, in wait_text
    WebDriverWait(self.driver, timeout, poll_frequency).until(EC.text_to_be_present_in_element(loc,text))
  File "C:\Users\bonjour\AppData\Local\Programs\Python\Python39\lib\site-packages\selenium\webdriver\support\wait.py", line 80, in until
    raise TimeoutException(message, screen, stacktrace)
selenium.common.exceptions.TimeoutException: Message: 

2022-02-09 17:34:32,460 - INFO basePage.py [line:247]: 截屏成功,图片路径为E:\12\Screenshots\2022-02-09\等待元素[断言]出现异常_20220209_173432.png
2022-02-09 17:34:32,460 - INFO basePage.py [line:247]: 截屏成功,图片路径为E:\12\Screenshots\2022-02-09\等待元素[断言]出现异常_20220209_173432.png
2022-02-09 17:35:01,037 - INFO basePage.py [line:88]: 查找"输入账号"元素，元素定位:('xpath', "//*[@id='app']/div/div[1]/div[2]/form/div[2]/div/div/input")
2022-02-09 17:35:01,037 - INFO basePage.py [line:88]: 查找"输入账号"元素，元素定位:('xpath', "//*[@id='app']/div/div[1]/div[2]/form/div[2]/div/div/input")
2022-02-09 17:35:01,057 - INFO basePage.py [line:113]: 在"输入账号"输入"oms1213",元素定位:('xpath', "//*[@id='app']/div/div[1]/div[2]/form/div[2]/div/div/input")
2022-02-09 17:35:01,057 - INFO basePage.py [line:113]: 在"输入账号"输入"oms1213",元素定位:('xpath', "//*[@id='app']/div/div[1]/div[2]/form/div[2]/div/div/input")
2022-02-09 17:35:01,154 - INFO basePage.py [line:88]: 查找"输入密码"元素，元素定位:('xpath', "//*[@id='app']/div/div[1]/div[2]/form/div[3]/div/div/input")
2022-02-09 17:35:01,154 - INFO basePage.py [line:88]: 查找"输入密码"元素，元素定位:('xpath', "//*[@id='app']/div/div[1]/div[2]/form/div[3]/div/div/input")
2022-02-09 17:35:01,167 - INFO basePage.py [line:113]: 在"输入密码"输入"Qq123456",元素定位:('xpath', "//*[@id='app']/div/div[1]/div[2]/form/div[3]/div/div/input")
2022-02-09 17:35:01,167 - INFO basePage.py [line:113]: 在"输入密码"输入"Qq123456",元素定位:('xpath', "//*[@id='app']/div/div[1]/div[2]/form/div[3]/div/div/input")
2022-02-09 17:35:01,250 - INFO basePage.py [line:88]: 查找"点击登录"元素，元素定位:('xpath', "//*[@id='app']/div/div[1]/div[2]/form/button")
2022-02-09 17:35:01,250 - INFO basePage.py [line:88]: 查找"点击登录"元素，元素定位:('xpath', "//*[@id='app']/div/div[1]/div[2]/form/button")
2022-02-09 17:35:01,264 - INFO basePage.py [line:140]: 点击"点击登录",元素定位:('xpath', "//*[@id='app']/div/div[1]/div[2]/form/button")
2022-02-09 17:35:01,264 - INFO basePage.py [line:140]: 点击"点击登录",元素定位:('xpath', "//*[@id='app']/div/div[1]/div[2]/form/button")
2022-02-09 17:35:04,335 - INFO basePage.py [line:88]: 查找"供应链管理"元素，元素定位:('xpath', "//*[@id='app']/div/div[1]/div[2]/div[1]/div/ul/div[2]/li/div")
2022-02-09 17:35:04,335 - INFO basePage.py [line:88]: 查找"供应链管理"元素，元素定位:('xpath', "//*[@id='app']/div/div[1]/div[2]/div[1]/div/ul/div[2]/li/div")
2022-02-09 17:35:04,362 - INFO basePage.py [line:140]: 点击"供应链管理",元素定位:('xpath', "//*[@id='app']/div/div[1]/div[2]/div[1]/div/ul/div[2]/li/div")
2022-02-09 17:35:04,362 - INFO basePage.py [line:140]: 点击"供应链管理",元素定位:('xpath', "//*[@id='app']/div/div[1]/div[2]/div[1]/div/ul/div[2]/li/div")
2022-02-09 17:35:04,402 - INFO basePage.py [line:88]: 查找"成本卡管理"元素，元素定位:('xpath', "//*[@id='app']/div/div[1]/div[2]/div[1]/div/ul/div[2]/li/ul/div[14]/a/li")
2022-02-09 17:35:04,402 - INFO basePage.py [line:88]: 查找"成本卡管理"元素，元素定位:('xpath', "//*[@id='app']/div/div[1]/div[2]/div[1]/div/ul/div[2]/li/ul/div[14]/a/li")
2022-02-09 17:35:04,413 - INFO basePage.py [line:140]: 点击"成本卡管理",元素定位:('xpath', "//*[@id='app']/div/div[1]/div[2]/div[1]/div/ul/div[2]/li/ul/div[14]/a/li")
2022-02-09 17:35:04,413 - INFO basePage.py [line:140]: 点击"成本卡管理",元素定位:('xpath', "//*[@id='app']/div/div[1]/div[2]/div[1]/div/ul/div[2]/li/ul/div[14]/a/li")
2022-02-09 17:35:07,380 - INFO basePage.py [line:88]: 查找"清除净量"元素，元素定位:('xpath', "//*[@id='input-0-0-child-input']")
2022-02-09 17:35:07,380 - INFO basePage.py [line:88]: 查找"清除净量"元素，元素定位:('xpath', "//*[@id='input-0-0-child-input']")
2022-02-09 17:35:07,452 - INFO basePage.py [line:126]: 清除"清除净量",元素定位:('xpath', "//*[@id='input-0-0-child-input']")
2022-02-09 17:35:07,452 - INFO basePage.py [line:126]: 清除"清除净量",元素定位:('xpath', "//*[@id='input-0-0-child-input']")
2022-02-09 17:35:07,485 - INFO basePage.py [line:88]: 查找"输入净量"元素，元素定位:('xpath', "//*[@id='input-0-0-child-input']")
2022-02-09 17:35:07,485 - INFO basePage.py [line:88]: 查找"输入净量"元素，元素定位:('xpath', "//*[@id='input-0-0-child-input']")
2022-02-09 17:35:07,495 - INFO basePage.py [line:113]: 在"输入净量"输入"10",元素定位:('xpath', "//*[@id='input-0-0-child-input']")
2022-02-09 17:35:07,495 - INFO basePage.py [line:113]: 在"输入净量"输入"10",元素定位:('xpath', "//*[@id='input-0-0-child-input']")
2022-02-09 17:35:07,535 - INFO basePage.py [line:88]: 查找"点击确定"元素，元素定位:('xpath', "//*[@id='app']/div/div[2]/section/div/section/div/div/div[3]/div/button[2]/span")
2022-02-09 17:35:07,535 - INFO basePage.py [line:88]: 查找"点击确定"元素，元素定位:('xpath', "//*[@id='app']/div/div[2]/section/div/section/div/div/div[3]/div/button[2]/span")
2022-02-09 17:35:07,546 - INFO basePage.py [line:140]: 点击"点击确定",元素定位:('xpath', "//*[@id='app']/div/div[2]/section/div/section/div/div/div[3]/div/button[2]/span")
2022-02-09 17:35:07,546 - INFO basePage.py [line:140]: 点击"点击确定",元素定位:('xpath', "//*[@id='app']/div/div[2]/section/div/section/div/div/div[3]/div/button[2]/span")
2022-02-09 17:35:07,601 - INFO basePage.py [line:74]: 等待"断言"元素,定位方式:('xpath', '/html/body/div[3]/p')
2022-02-09 17:35:07,601 - INFO basePage.py [line:74]: 等待"断言"元素,定位方式:('xpath', '/html/body/div[3]/p')
2022-02-09 17:35:18,081 - ERROR basePage.py [line:81]: 等待"断言"元素失败,定位方式:('xpath', '/html/body/div[3]/p')
Traceback (most recent call last):
  File "e:\12\Common\basePage.py", line 77, in wait_text
    WebDriverWait(self.driver, timeout, poll_frequency).until(EC.text_to_be_present_in_element(loc,text))
  File "C:\Users\bonjour\AppData\Local\Programs\Python\Python39\lib\site-packages\selenium\webdriver\support\wait.py", line 80, in until
    raise TimeoutException(message, screen, stacktrace)
selenium.common.exceptions.TimeoutException: Message: 

2022-02-09 17:35:18,081 - ERROR basePage.py [line:81]: 等待"断言"元素失败,定位方式:('xpath', '/html/body/div[3]/p')
Traceback (most recent call last):
  File "e:\12\Common\basePage.py", line 77, in wait_text
    WebDriverWait(self.driver, timeout, poll_frequency).until(EC.text_to_be_present_in_element(loc,text))
  File "C:\Users\bonjour\AppData\Local\Programs\Python\Python39\lib\site-packages\selenium\webdriver\support\wait.py", line 80, in until
    raise TimeoutException(message, screen, stacktrace)
selenium.common.exceptions.TimeoutException: Message: 

2022-02-09 17:35:18,328 - INFO basePage.py [line:247]: 截屏成功,图片路径为E:\12\Screenshots\2022-02-09\等待元素[断言]出现异常_20220209_173518.png
2022-02-09 17:35:18,328 - INFO basePage.py [line:247]: 截屏成功,图片路径为E:\12\Screenshots\2022-02-09\等待元素[断言]出现异常_20220209_173518.png
