2022-02-09 14:47:43,603 - INFO requestbase.py [line:33]: 连通接口"https://gateway-stg.datousoft.com/authority/auth/login",接口data为:"",接口json{'groupId': '3', 'username': 'TRtsH2z2egXgbqWAIOTsJBf7E+Z/nA17u7HoVWtUqBIQP3PXpTeNuxcIm2rHTBkpnuCplP+CR/CkjzNFC2oMTKzMgXJWSu97e0qqLOV+Sm8VqntO0HMC0gTlQkHzJ33LLA4x12fDEGJnLcaznG16eCYlZPgssGvazAPGvOO7Wqk=', 'password': 'rlSCBdDGZAeGyaN7qlTWWEsZN0r8dlD7y81u2Waq2IyyUJfIZZ9A8Iua0eJpViQOeEOUQgk4L/5SaZtRQrfv3iJG2ryuw+zv8FX+DS6CY/kkZwmq6jnebMDCeaUhcBkbS+6g3vOM9Q0fCR/5yPLOJ5SQlYAnyL+pd66NSlFkh4M=', 'validate': '', 'challenge': '', 'seccode': ''}
2022-02-09 14:47:43,603 - INFO requestbase.py [line:33]: 连通接口"https://gateway-stg.datousoft.com/authority/auth/login",接口data为:"",接口json{'groupId': '3', 'username': 'TRtsH2z2egXgbqWAIOTsJBf7E+Z/nA17u7HoVWtUqBIQP3PXpTeNuxcIm2rHTBkpnuCplP+CR/CkjzNFC2oMTKzMgXJWSu97e0qqLOV+Sm8VqntO0HMC0gTlQkHzJ33LLA4x12fDEGJnLcaznG16eCYlZPgssGvazAPGvOO7Wqk=', 'password': 'rlSCBdDGZAeGyaN7qlTWWEsZN0r8dlD7y81u2Waq2IyyUJfIZZ9A8Iua0eJpViQOeEOUQgk4L/5SaZtRQrfv3iJG2ryuw+zv8FX+DS6CY/kkZwmq6jnebMDCeaUhcBkbS+6g3vOM9Q0fCR/5yPLOJ5SQlYAnyL+pd66NSlFkh4M=', 'validate': '', 'challenge': '', 'seccode': ''}
2022-02-09 14:47:43,856 - INFO requestbase.py [line:38]: 等待接口"https://gateway-stg.datousoft.com/authority/auth/login"时长:0:00:00.245353
2022-02-09 14:47:43,856 - INFO requestbase.py [line:38]: 等待接口"https://gateway-stg.datousoft.com/authority/auth/login"时长:0:00:00.245353
2022-02-09 14:47:43,882 - INFO requestbase.py [line:21]: 连通接口"https://supplychain-server-stg.datousoft.com/items",接口header为:"{'authorization': 'Bearer eyJhbGciOiJIUzUxMiJ9.eyJqdGkiOiIwYzRiNzQyZjlhOGU0MmI0ODJiOWRmZjg0OGE2ZDhlMiIsImF1dGgiOiIiLCJpZCI6NTk5LCJzdWIiOiIxMiJ9.UmK_Ae03yW-MjbPRAWeeU3ID0xRoxycPc5QJ3W3aFVbWp_vxf5dSuct2r5aqyOVh_zuO3PuxkbHwOIfpI7a45Q'}",接口param为：{'pageNum': '1', 'pageSize': '20'}
2022-02-09 14:47:43,882 - INFO requestbase.py [line:21]: 连通接口"https://supplychain-server-stg.datousoft.com/items",接口header为:"{'authorization': 'Bearer eyJhbGciOiJIUzUxMiJ9.eyJqdGkiOiIwYzRiNzQyZjlhOGU0MmI0ODJiOWRmZjg0OGE2ZDhlMiIsImF1dGgiOiIiLCJpZCI6NTk5LCJzdWIiOiIxMiJ9.UmK_Ae03yW-MjbPRAWeeU3ID0xRoxycPc5QJ3W3aFVbWp_vxf5dSuct2r5aqyOVh_zuO3PuxkbHwOIfpI7a45Q'}",接口param为：{'pageNum': '1', 'pageSize': '20'}
2022-02-09 14:47:43,882 - INFO requestbase.py [line:21]: 连通接口"https://supplychain-server-stg.datousoft.com/items",接口header为:"{'authorization': 'Bearer eyJhbGciOiJIUzUxMiJ9.eyJqdGkiOiIwYzRiNzQyZjlhOGU0MmI0ODJiOWRmZjg0OGE2ZDhlMiIsImF1dGgiOiIiLCJpZCI6NTk5LCJzdWIiOiIxMiJ9.UmK_Ae03yW-MjbPRAWeeU3ID0xRoxycPc5QJ3W3aFVbWp_vxf5dSuct2r5aqyOVh_zuO3PuxkbHwOIfpI7a45Q'}",接口param为：{'pageNum': '1', 'pageSize': '20'}
2022-02-09 14:47:44,156 - INFO requestbase.py [line:26]: 等待接口"https://supplychain-server-stg.datousoft.com/items"时长:0:00:00.269672
2022-02-09 14:47:44,156 - INFO requestbase.py [line:26]: 等待接口"https://supplychain-server-stg.datousoft.com/items"时长:0:00:00.269672
2022-02-09 14:47:44,156 - INFO requestbase.py [line:26]: 等待接口"https://supplychain-server-stg.datousoft.com/items"时长:0:00:00.269672
2022-02-09 14:47:44,159 - INFO assertbase.py [line:28]: 预计接口返回code为"200.0",实际返回code为:"200"
2022-02-09 14:47:44,159 - INFO assertbase.py [line:28]: 预计接口返回code为"200.0",实际返回code为:"200"
2022-02-09 14:47:44,159 - INFO assertbase.py [line:28]: 预计接口返回code为"200.0",实际返回code为:"200"
2022-02-09 14:47:44,162 - INFO assertbase.py [line:31]: 预计接口返回code为"200.0",实际返回code为:"200"
2022-02-09 14:47:44,162 - INFO assertbase.py [line:31]: 预计接口返回code为"200.0",实际返回code为:"200"
2022-02-09 14:47:44,162 - INFO assertbase.py [line:31]: 预计接口返回code为"200.0",实际返回code为:"200"
2022-02-09 14:47:44,172 - INFO requestbase.py [line:21]: 连通接口"https://supplychain-server-stg.datousoft.com/groups/current/items/1",接口header为:"{'authorization': 'Bearer eyJhbGciOiJIUzUxMiJ9.eyJqdGkiOiIwYzRiNzQyZjlhOGU0MmI0ODJiOWRmZjg0OGE2ZDhlMiIsImF1dGgiOiIiLCJpZCI6NTk5LCJzdWIiOiIxMiJ9.UmK_Ae03yW-MjbPRAWeeU3ID0xRoxycPc5QJ3W3aFVbWp_vxf5dSuct2r5aqyOVh_zuO3PuxkbHwOIfpI7a45Q'}",接口param为：
2022-02-09 14:47:44,172 - INFO requestbase.py [line:21]: 连通接口"https://supplychain-server-stg.datousoft.com/groups/current/items/1",接口header为:"{'authorization': 'Bearer eyJhbGciOiJIUzUxMiJ9.eyJqdGkiOiIwYzRiNzQyZjlhOGU0MmI0ODJiOWRmZjg0OGE2ZDhlMiIsImF1dGgiOiIiLCJpZCI6NTk5LCJzdWIiOiIxMiJ9.UmK_Ae03yW-MjbPRAWeeU3ID0xRoxycPc5QJ3W3aFVbWp_vxf5dSuct2r5aqyOVh_zuO3PuxkbHwOIfpI7a45Q'}",接口param为：
2022-02-09 14:47:44,172 - INFO requestbase.py [line:21]: 连通接口"https://supplychain-server-stg.datousoft.com/groups/current/items/1",接口header为:"{'authorization': 'Bearer eyJhbGciOiJIUzUxMiJ9.eyJqdGkiOiIwYzRiNzQyZjlhOGU0MmI0ODJiOWRmZjg0OGE2ZDhlMiIsImF1dGgiOiIiLCJpZCI6NTk5LCJzdWIiOiIxMiJ9.UmK_Ae03yW-MjbPRAWeeU3ID0xRoxycPc5QJ3W3aFVbWp_vxf5dSuct2r5aqyOVh_zuO3PuxkbHwOIfpI7a45Q'}",接口param为：
2022-02-09 14:47:44,251 - INFO requestbase.py [line:26]: 等待接口"https://supplychain-server-stg.datousoft.com/groups/current/items/1"时长:0:00:00.073800
2022-02-09 14:47:44,251 - INFO requestbase.py [line:26]: 等待接口"https://supplychain-server-stg.datousoft.com/groups/current/items/1"时长:0:00:00.073800
2022-02-09 14:47:44,251 - INFO requestbase.py [line:26]: 等待接口"https://supplychain-server-stg.datousoft.com/groups/current/items/1"时长:0:00:00.073800
2022-02-09 14:47:44,253 - INFO assertbase.py [line:28]: 预计接口返回code为"200.0",实际返回code为:"200"
2022-02-09 14:47:44,253 - INFO assertbase.py [line:28]: 预计接口返回code为"200.0",实际返回code为:"200"
2022-02-09 14:47:44,253 - INFO assertbase.py [line:28]: 预计接口返回code为"200.0",实际返回code为:"200"
2022-02-09 14:47:44,255 - INFO assertbase.py [line:31]: 预计接口返回code为"200.0",实际返回code为:"200"
2022-02-09 14:47:44,255 - INFO assertbase.py [line:31]: 预计接口返回code为"200.0",实际返回code为:"200"
2022-02-09 14:47:44,255 - INFO assertbase.py [line:31]: 预计接口返回code为"200.0",实际返回code为:"200"
2022-02-09 14:47:44,267 - INFO requestbase.py [line:69]: 连通接口"https://supplychain-server-stg.datousoft.com/items/1",接口data为:"",接口json{'enable': 'true', 'tags': ['12', '23', '34', '45', '56', '67', '78', '89', '01', '99953816724', '99897524630', '99135297046', '99254607193', '99310649275', '99376528194', '99352478916', '99503247816', '99187059632', '99953042716', '99638017452', '99237065184'], 'enableValidDays': 'true'}
2022-02-09 14:47:44,267 - INFO requestbase.py [line:69]: 连通接口"https://supplychain-server-stg.datousoft.com/items/1",接口data为:"",接口json{'enable': 'true', 'tags': ['12', '23', '34', '45', '56', '67', '78', '89', '01', '99953816724', '99897524630', '99135297046', '99254607193', '99310649275', '99376528194', '99352478916', '99503247816', '99187059632', '99953042716', '99638017452', '99237065184'], 'enableValidDays': 'true'}
2022-02-09 14:47:44,267 - INFO requestbase.py [line:69]: 连通接口"https://supplychain-server-stg.datousoft.com/items/1",接口data为:"",接口json{'enable': 'true', 'tags': ['12', '23', '34', '45', '56', '67', '78', '89', '01', '99953816724', '99897524630', '99135297046', '99254607193', '99310649275', '99376528194', '99352478916', '99503247816', '99187059632', '99953042716', '99638017452', '99237065184'], 'enableValidDays': 'true'}
2022-02-09 14:47:44,346 - INFO requestbase.py [line:74]: 等待接口"https://supplychain-server-stg.datousoft.com/items/1"时长:0:00:00.076769
2022-02-09 14:47:44,346 - INFO requestbase.py [line:74]: 等待接口"https://supplychain-server-stg.datousoft.com/items/1"时长:0:00:00.076769
2022-02-09 14:47:44,346 - INFO requestbase.py [line:74]: 等待接口"https://supplychain-server-stg.datousoft.com/items/1"时长:0:00:00.076769
2022-02-09 14:47:44,348 - INFO assertbase.py [line:28]: 预计接口返回code为"200.0",实际返回code为:"200"
2022-02-09 14:47:44,348 - INFO assertbase.py [line:28]: 预计接口返回code为"200.0",实际返回code为:"200"
2022-02-09 14:47:44,348 - INFO assertbase.py [line:28]: 预计接口返回code为"200.0",实际返回code为:"200"
2022-02-09 14:47:44,350 - INFO assertbase.py [line:31]: 预计接口返回code为"200.0",实际返回code为:"200"
2022-02-09 14:47:44,350 - INFO assertbase.py [line:31]: 预计接口返回code为"200.0",实际返回code为:"200"
2022-02-09 14:47:44,350 - INFO assertbase.py [line:31]: 预计接口返回code为"200.0",实际返回code为:"200"
2022-02-09 14:47:44,359 - INFO requestbase.py [line:69]: 连通接口"https://supplychain-server-stg.datousoft.com/shops/1",接口data为:"",接口json{'deliveryCenterId': 1, 'ownerCompanyId': 1}
2022-02-09 14:47:44,359 - INFO requestbase.py [line:69]: 连通接口"https://supplychain-server-stg.datousoft.com/shops/1",接口data为:"",接口json{'deliveryCenterId': 1, 'ownerCompanyId': 1}
2022-02-09 14:47:44,359 - INFO requestbase.py [line:69]: 连通接口"https://supplychain-server-stg.datousoft.com/shops/1",接口data为:"",接口json{'deliveryCenterId': 1, 'ownerCompanyId': 1}
2022-02-09 14:47:44,431 - INFO requestbase.py [line:74]: 等待接口"https://supplychain-server-stg.datousoft.com/shops/1"时长:0:00:00.068805
2022-02-09 14:47:44,431 - INFO requestbase.py [line:74]: 等待接口"https://supplychain-server-stg.datousoft.com/shops/1"时长:0:00:00.068805
2022-02-09 14:47:44,431 - INFO requestbase.py [line:74]: 等待接口"https://supplychain-server-stg.datousoft.com/shops/1"时长:0:00:00.068805
2022-02-09 14:47:44,433 - INFO assertbase.py [line:28]: 预计接口返回code为"200.0",实际返回code为:"200"
2022-02-09 14:47:44,433 - INFO assertbase.py [line:28]: 预计接口返回code为"200.0",实际返回code为:"200"
2022-02-09 14:47:44,433 - INFO assertbase.py [line:28]: 预计接口返回code为"200.0",实际返回code为:"200"
2022-02-09 14:47:44,435 - INFO assertbase.py [line:31]: 预计接口返回code为"200.0",实际返回code为:"200"
2022-02-09 14:47:44,435 - INFO assertbase.py [line:31]: 预计接口返回code为"200.0",实际返回code为:"200"
2022-02-09 14:47:44,435 - INFO assertbase.py [line:31]: 预计接口返回code为"200.0",实际返回code为:"200"
2022-02-09 14:47:44,444 - INFO requestbase.py [line:21]: 连通接口"https://supplychain-server-stg.datousoft.com/suppliers/1",接口header为:"{'authorization': 'Bearer eyJhbGciOiJIUzUxMiJ9.eyJqdGkiOiIwYzRiNzQyZjlhOGU0MmI0ODJiOWRmZjg0OGE2ZDhlMiIsImF1dGgiOiIiLCJpZCI6NTk5LCJzdWIiOiIxMiJ9.UmK_Ae03yW-MjbPRAWeeU3ID0xRoxycPc5QJ3W3aFVbWp_vxf5dSuct2r5aqyOVh_zuO3PuxkbHwOIfpI7a45Q'}",接口param为：
2022-02-09 14:47:44,444 - INFO requestbase.py [line:21]: 连通接口"https://supplychain-server-stg.datousoft.com/suppliers/1",接口header为:"{'authorization': 'Bearer eyJhbGciOiJIUzUxMiJ9.eyJqdGkiOiIwYzRiNzQyZjlhOGU0MmI0ODJiOWRmZjg0OGE2ZDhlMiIsImF1dGgiOiIiLCJpZCI6NTk5LCJzdWIiOiIxMiJ9.UmK_Ae03yW-MjbPRAWeeU3ID0xRoxycPc5QJ3W3aFVbWp_vxf5dSuct2r5aqyOVh_zuO3PuxkbHwOIfpI7a45Q'}",接口param为：
2022-02-09 14:47:44,444 - INFO requestbase.py [line:21]: 连通接口"https://supplychain-server-stg.datousoft.com/suppliers/1",接口header为:"{'authorization': 'Bearer eyJhbGciOiJIUzUxMiJ9.eyJqdGkiOiIwYzRiNzQyZjlhOGU0MmI0ODJiOWRmZjg0OGE2ZDhlMiIsImF1dGgiOiIiLCJpZCI6NTk5LCJzdWIiOiIxMiJ9.UmK_Ae03yW-MjbPRAWeeU3ID0xRoxycPc5QJ3W3aFVbWp_vxf5dSuct2r5aqyOVh_zuO3PuxkbHwOIfpI7a45Q'}",接口param为：
2022-02-09 14:47:44,508 - INFO requestbase.py [line:26]: 等待接口"https://supplychain-server-stg.datousoft.com/suppliers/1"时长:0:00:00.060833
2022-02-09 14:47:44,508 - INFO requestbase.py [line:26]: 等待接口"https://supplychain-server-stg.datousoft.com/suppliers/1"时长:0:00:00.060833
2022-02-09 14:47:44,508 - INFO requestbase.py [line:26]: 等待接口"https://supplychain-server-stg.datousoft.com/suppliers/1"时长:0:00:00.060833
2022-02-09 14:47:44,511 - INFO assertbase.py [line:28]: 预计接口返回code为"200.0",实际返回code为:"200"
2022-02-09 14:47:44,511 - INFO assertbase.py [line:28]: 预计接口返回code为"200.0",实际返回code为:"200"
2022-02-09 14:47:44,511 - INFO assertbase.py [line:28]: 预计接口返回code为"200.0",实际返回code为:"200"
2022-02-09 14:47:44,513 - INFO assertbase.py [line:31]: 预计接口返回code为"200.0",实际返回code为:"200"
2022-02-09 14:47:44,513 - INFO assertbase.py [line:31]: 预计接口返回code为"200.0",实际返回code为:"200"
2022-02-09 14:47:44,513 - INFO assertbase.py [line:31]: 预计接口返回code为"200.0",实际返回code为:"200"
2022-02-09 14:47:44,521 - INFO requestbase.py [line:69]: 连通接口"https://supplychain-server-stg.datousoft.com/suppliers/1",接口data为:"",接口json{'enable': 'false'}
2022-02-09 14:47:44,521 - INFO requestbase.py [line:69]: 连通接口"https://supplychain-server-stg.datousoft.com/suppliers/1",接口data为:"",接口json{'enable': 'false'}
2022-02-09 14:47:44,521 - INFO requestbase.py [line:69]: 连通接口"https://supplychain-server-stg.datousoft.com/suppliers/1",接口data为:"",接口json{'enable': 'false'}
2022-02-09 14:47:44,615 - INFO requestbase.py [line:74]: 等待接口"https://supplychain-server-stg.datousoft.com/suppliers/1"时长:0:00:00.090759
2022-02-09 14:47:44,615 - INFO requestbase.py [line:74]: 等待接口"https://supplychain-server-stg.datousoft.com/suppliers/1"时长:0:00:00.090759
2022-02-09 14:47:44,615 - INFO requestbase.py [line:74]: 等待接口"https://supplychain-server-stg.datousoft.com/suppliers/1"时长:0:00:00.090759
2022-02-09 14:47:44,617 - INFO assertbase.py [line:28]: 预计接口返回code为"200.0",实际返回code为:"200"
2022-02-09 14:47:44,617 - INFO assertbase.py [line:28]: 预计接口返回code为"200.0",实际返回code为:"200"
2022-02-09 14:47:44,617 - INFO assertbase.py [line:28]: 预计接口返回code为"200.0",实际返回code为:"200"
2022-02-09 14:47:44,619 - INFO assertbase.py [line:31]: 预计接口返回code为"200.0",实际返回code为:"200"
2022-02-09 14:47:44,619 - INFO assertbase.py [line:31]: 预计接口返回code为"200.0",实际返回code为:"200"
2022-02-09 14:47:44,619 - INFO assertbase.py [line:31]: 预计接口返回code为"200.0",实际返回code为:"200"
