2022-02-09 16:23:10,094 - INFO basePage.py [line:88]: 查找"输入账号"元素，元素定位:('xpath', "//*[@id='app']/div/div[1]/div[2]/form/div[2]/div/div/input")
2022-02-09 16:23:10,094 - INFO basePage.py [line:88]: 查找"输入账号"元素，元素定位:('xpath', "//*[@id='app']/div/div[1]/div[2]/form/div[2]/div/div/input")
2022-02-09 16:23:10,113 - INFO basePage.py [line:113]: 在"输入账号"输入"oms1213",元素定位:('xpath', "//*[@id='app']/div/div[1]/div[2]/form/div[2]/div/div/input")
2022-02-09 16:23:10,113 - INFO basePage.py [line:113]: 在"输入账号"输入"oms1213",元素定位:('xpath', "//*[@id='app']/div/div[1]/div[2]/form/div[2]/div/div/input")
2022-02-09 16:23:10,184 - INFO basePage.py [line:88]: 查找"输入密码"元素，元素定位:('xpath', "//*[@id='app']/div/div[1]/div[2]/form/div[3]/div/div/input")
2022-02-09 16:23:10,184 - INFO basePage.py [line:88]: 查找"输入密码"元素，元素定位:('xpath', "//*[@id='app']/div/div[1]/div[2]/form/div[3]/div/div/input")
2022-02-09 16:23:10,200 - INFO basePage.py [line:113]: 在"输入密码"输入"Qq123456",元素定位:('xpath', "//*[@id='app']/div/div[1]/div[2]/form/div[3]/div/div/input")
2022-02-09 16:23:10,200 - INFO basePage.py [line:113]: 在"输入密码"输入"Qq123456",元素定位:('xpath', "//*[@id='app']/div/div[1]/div[2]/form/div[3]/div/div/input")
2022-02-09 16:23:10,261 - INFO basePage.py [line:88]: 查找"点击登录"元素，元素定位:('xpath', "//*[@id='app']/div/div[1]/div[2]/form/button")
2022-02-09 16:23:10,261 - INFO basePage.py [line:88]: 查找"点击登录"元素，元素定位:('xpath', "//*[@id='app']/div/div[1]/div[2]/form/button")
2022-02-09 16:23:10,271 - INFO basePage.py [line:140]: 点击"点击登录",元素定位:('xpath', "//*[@id='app']/div/div[1]/div[2]/form/button")
2022-02-09 16:23:10,271 - INFO basePage.py [line:140]: 点击"点击登录",元素定位:('xpath', "//*[@id='app']/div/div[1]/div[2]/form/button")
2022-02-09 16:23:13,330 - INFO basePage.py [line:88]: 查找"供应链管理"元素，元素定位:('xpath', "//*[@id='app']/div/div[1]/div[2]/div[1]/div/ul/div[2]/li/div")
2022-02-09 16:23:13,330 - INFO basePage.py [line:88]: 查找"供应链管理"元素，元素定位:('xpath', "//*[@id='app']/div/div[1]/div[2]/div[1]/div/ul/div[2]/li/div")
2022-02-09 16:23:13,342 - INFO basePage.py [line:140]: 点击"供应链管理",元素定位:('xpath', "//*[@id='app']/div/div[1]/div[2]/div[1]/div/ul/div[2]/li/div")
2022-02-09 16:23:13,342 - INFO basePage.py [line:140]: 点击"供应链管理",元素定位:('xpath', "//*[@id='app']/div/div[1]/div[2]/div[1]/div/ul/div[2]/li/div")
2022-02-09 16:23:13,386 - INFO basePage.py [line:88]: 查找"成本卡管理"元素，元素定位:('xpath', "//*[@id='app']/div/div[1]/div[2]/div[1]/div/ul/div[2]/li/ul/div[14]/a/li")
2022-02-09 16:23:13,386 - INFO basePage.py [line:88]: 查找"成本卡管理"元素，元素定位:('xpath', "//*[@id='app']/div/div[1]/div[2]/div[1]/div/ul/div[2]/li/ul/div[14]/a/li")
2022-02-09 16:23:13,398 - INFO basePage.py [line:140]: 点击"成本卡管理",元素定位:('xpath', "//*[@id='app']/div/div[1]/div[2]/div[1]/div/ul/div[2]/li/ul/div[14]/a/li")
2022-02-09 16:23:13,398 - INFO basePage.py [line:140]: 点击"成本卡管理",元素定位:('xpath', "//*[@id='app']/div/div[1]/div[2]/div[1]/div/ul/div[2]/li/ul/div[14]/a/li")
2022-02-09 16:23:14,683 - INFO basePage.py [line:88]: 查找"点击新增成本卡"元素，元素定位:('xpath', "//*[@id='app']/div/div[2]/section/div/section/main/div[2]/section/main/div/div[2]/div[3]/table/tbody/tr[1]/td[8]/div/button/span")
2022-02-09 16:23:14,683 - INFO basePage.py [line:88]: 查找"点击新增成本卡"元素，元素定位:('xpath', "//*[@id='app']/div/div[2]/section/div/section/main/div[2]/section/main/div/div[2]/div[3]/table/tbody/tr[1]/td[8]/div/button/span")
2022-02-09 16:23:15,732 - INFO basePage.py [line:140]: 点击"点击新增成本卡",元素定位:('xpath', "//*[@id='app']/div/div[2]/section/div/section/main/div[2]/section/main/div/div[2]/div[3]/table/tbody/tr[1]/td[8]/div/button/span")
2022-02-09 16:23:15,732 - INFO basePage.py [line:140]: 点击"点击新增成本卡",元素定位:('xpath', "//*[@id='app']/div/div[2]/section/div/section/main/div[2]/section/main/div/div[2]/div[3]/table/tbody/tr[1]/td[8]/div/button/span")
2022-02-09 16:23:15,924 - INFO basePage.py [line:88]: 查找"输入成本卡名称"元素，元素定位:('xpath', "//*[@id='app']/div/div[2]/section/div/section/div/div/div[2]/form/div[1]/div[1]/div/div/div/input")
2022-02-09 16:23:15,924 - INFO basePage.py [line:88]: 查找"输入成本卡名称"元素，元素定位:('xpath', "//*[@id='app']/div/div[2]/section/div/section/div/div/div[2]/form/div[1]/div[1]/div/div/div/input")
2022-02-09 16:23:15,943 - INFO basePage.py [line:113]: 在"输入成本卡名称"输入"99328705164",元素定位:('xpath', "//*[@id='app']/div/div[2]/section/div/section/div/div/div[2]/form/div[1]/div[1]/div/div/div/input")
2022-02-09 16:23:15,943 - INFO basePage.py [line:113]: 在"输入成本卡名称"输入"99328705164",元素定位:('xpath', "//*[@id='app']/div/div[2]/section/div/section/div/div/div[2]/form/div[1]/div[1]/div/div/div/input")
2022-02-09 16:23:16,084 - INFO basePage.py [line:88]: 查找"取消默认成本卡的勾选"元素，元素定位:('xpath', "//*[@id='app']/div/div[2]/section/div/section/div/div/div[2]/form/div[2]/div[3]/div/div/label/span")
2022-02-09 16:23:16,084 - INFO basePage.py [line:88]: 查找"取消默认成本卡的勾选"元素，元素定位:('xpath', "//*[@id='app']/div/div[2]/section/div/section/div/div/div[2]/form/div[2]/div[3]/div/div/label/span")
2022-02-09 16:23:16,098 - INFO basePage.py [line:140]: 点击"取消默认成本卡的勾选",元素定位:('xpath', "//*[@id='app']/div/div[2]/section/div/section/div/div/div[2]/form/div[2]/div[3]/div/div/label/span")
2022-02-09 16:23:16,098 - INFO basePage.py [line:140]: 点击"取消默认成本卡的勾选",元素定位:('xpath', "//*[@id='app']/div/div[2]/section/div/section/div/div/div[2]/form/div[2]/div[3]/div/div/label/span")
2022-02-09 16:23:16,133 - INFO basePage.py [line:88]: 查找"选择品项"元素，元素定位:('xpath', "//*[@id='app']/div/div[2]/section/div/section/div/div/div[2]/div/div[3]/div/span/div/button/span")
2022-02-09 16:23:16,133 - INFO basePage.py [line:88]: 查找"选择品项"元素，元素定位:('xpath', "//*[@id='app']/div/div[2]/section/div/section/div/div/div[2]/div/div[3]/div/span/div/button/span")
2022-02-09 16:23:16,144 - INFO basePage.py [line:140]: 点击"选择品项",元素定位:('xpath', "//*[@id='app']/div/div[2]/section/div/section/div/div/div[2]/div/div[3]/div/span/div/button/span")
2022-02-09 16:23:16,144 - INFO basePage.py [line:140]: 点击"选择品项",元素定位:('xpath', "//*[@id='app']/div/div[2]/section/div/section/div/div/div[2]/div/div[3]/div/span/div/button/span")
2022-02-09 16:23:19,422 - INFO basePage.py [line:88]: 查找"输入净量"元素，元素定位:('xpath', "//*[@id='input-0-0-child-input']")
2022-02-09 16:23:19,422 - INFO basePage.py [line:88]: 查找"输入净量"元素，元素定位:('xpath', "//*[@id='input-0-0-child-input']")
2022-02-09 16:23:19,566 - INFO basePage.py [line:113]: 在"输入净量"输入"10",元素定位:('xpath', "//*[@id='input-0-0-child-input']")
2022-02-09 16:23:19,566 - INFO basePage.py [line:113]: 在"输入净量"输入"10",元素定位:('xpath', "//*[@id='input-0-0-child-input']")
2022-02-09 16:23:19,615 - INFO basePage.py [line:88]: 查找"点击确定"元素，元素定位:('xpath', "//*[@id='app']/div/div[2]/section/div/section/div/div/div[3]/div/button[2]/span")
2022-02-09 16:23:19,615 - INFO basePage.py [line:88]: 查找"点击确定"元素，元素定位:('xpath', "//*[@id='app']/div/div[2]/section/div/section/div/div/div[3]/div/button[2]/span")
2022-02-09 16:23:19,630 - INFO basePage.py [line:140]: 点击"点击确定",元素定位:('xpath', "//*[@id='app']/div/div[2]/section/div/section/div/div/div[3]/div/button[2]/span")
2022-02-09 16:23:19,630 - INFO basePage.py [line:140]: 点击"点击确定",元素定位:('xpath', "//*[@id='app']/div/div[2]/section/div/section/div/div/div[3]/div/button[2]/span")
2022-02-09 16:23:19,980 - INFO basePage.py [line:74]: 等待"断言"元素,定位方式:('xpath', '/html/body/div[3]/p')
2022-02-09 16:23:19,980 - INFO basePage.py [line:74]: 等待"断言"元素,定位方式:('xpath', '/html/body/div[3]/p')
2022-02-09 16:23:20,375 - INFO basePage.py [line:79]: 等待"断言"时长:0:00:00.394322
2022-02-09 16:23:20,375 - INFO basePage.py [line:79]: 等待"断言"时长:0:00:00.394322
