2022-02-09 11:57:55,692 - INFO requestbase.py [line:21]: 连通接口"https://supplychain-server-stg.datousoft.com/items",接口header为:"{'authorization': 'Bearer eyJhbGciOiJIUzUxMiJ9.eyJqdGkiOiJkZTdiOTBhODg3ZWI0MjdmYTEzMzkzNjFhMWUzNjRkMSIsImF1dGgiOiIiLCJpZCI6NTk5LCJzdWIiOiIxMiJ9.RQWDBYFSbwfkLFgB_3MDkfch0uRf1hRe_ccmSdVNydmPu2YJGZUc2t2woWnnPOPlGxIlKxZYF2V7P7-ZIW6DFg'}",接口param为：{'pageNum': '1', 'pageSize': '20'}
2022-02-09 11:57:55,773 - INFO requestbase.py [line:26]: 等待接口"https://supplychain-server-stg.datousoft.com/items"时长:0:00:00.076308
2022-02-09 11:57:55,775 - INFO assertbase.py [line:28]: 预计接口返回code为"200.0",实际返回code为:"401"
2022-02-09 11:57:55,776 - ERROR assertbase.py [line:33]: 预计接口返回code为"200.0",实际返回code为:"401",失败
2022-02-09 11:57:55,791 - INFO requestbase.py [line:21]: 连通接口"https://supplychain-server-stg.datousoft.com/groups/current/items/1",接口header为:"{'authorization': 'Bearer eyJhbGciOiJIUzUxMiJ9.eyJqdGkiOiJkZTdiOTBhODg3ZWI0MjdmYTEzMzkzNjFhMWUzNjRkMSIsImF1dGgiOiIiLCJpZCI6NTk5LCJzdWIiOiIxMiJ9.RQWDBYFSbwfkLFgB_3MDkfch0uRf1hRe_ccmSdVNydmPu2YJGZUc2t2woWnnPOPlGxIlKxZYF2V7P7-ZIW6DFg'}",接口param为：
2022-02-09 11:57:55,791 - INFO requestbase.py [line:21]: 连通接口"https://supplychain-server-stg.datousoft.com/groups/current/items/1",接口header为:"{'authorization': 'Bearer eyJhbGciOiJIUzUxMiJ9.eyJqdGkiOiJkZTdiOTBhODg3ZWI0MjdmYTEzMzkzNjFhMWUzNjRkMSIsImF1dGgiOiIiLCJpZCI6NTk5LCJzdWIiOiIxMiJ9.RQWDBYFSbwfkLFgB_3MDkfch0uRf1hRe_ccmSdVNydmPu2YJGZUc2t2woWnnPOPlGxIlKxZYF2V7P7-ZIW6DFg'}",接口param为：
2022-02-09 11:57:55,878 - INFO requestbase.py [line:26]: 等待接口"https://supplychain-server-stg.datousoft.com/groups/current/items/1"时长:0:00:00.084980
2022-02-09 11:57:55,878 - INFO requestbase.py [line:26]: 等待接口"https://supplychain-server-stg.datousoft.com/groups/current/items/1"时长:0:00:00.084980
2022-02-09 11:57:55,882 - INFO assertbase.py [line:28]: 预计接口返回code为"200.0",实际返回code为:"401"
2022-02-09 11:57:55,882 - INFO assertbase.py [line:28]: 预计接口返回code为"200.0",实际返回code为:"401"
2022-02-09 11:57:55,884 - ERROR assertbase.py [line:33]: 预计接口返回code为"200.0",实际返回code为:"401",失败
2022-02-09 11:57:55,884 - ERROR assertbase.py [line:33]: 预计接口返回code为"200.0",实际返回code为:"401",失败
2022-02-09 11:57:55,901 - INFO requestbase.py [line:69]: 连通接口"https://supplychain-server-stg.datousoft.com/items/1",接口data为:"",接口json{'enable': 'true', 'tags': ['12', '23', '34', '45', '56', '67', '78', '89', '01', '99953816724', '99897524630', '99135297046', '99254607193', '99310649275', '99376528194', '99352478916', '99503247816', '99187059632', '99953042716', '99638017452', '99237065184'], 'enableValidDays': 'true'}
2022-02-09 11:57:55,901 - INFO requestbase.py [line:69]: 连通接口"https://supplychain-server-stg.datousoft.com/items/1",接口data为:"",接口json{'enable': 'true', 'tags': ['12', '23', '34', '45', '56', '67', '78', '89', '01', '99953816724', '99897524630', '99135297046', '99254607193', '99310649275', '99376528194', '99352478916', '99503247816', '99187059632', '99953042716', '99638017452', '99237065184'], 'enableValidDays': 'true'}
2022-02-09 11:57:55,901 - INFO requestbase.py [line:69]: 连通接口"https://supplychain-server-stg.datousoft.com/items/1",接口data为:"",接口json{'enable': 'true', 'tags': ['12', '23', '34', '45', '56', '67', '78', '89', '01', '99953816724', '99897524630', '99135297046', '99254607193', '99310649275', '99376528194', '99352478916', '99503247816', '99187059632', '99953042716', '99638017452', '99237065184'], 'enableValidDays': 'true'}
2022-02-09 11:57:55,989 - INFO requestbase.py [line:74]: 等待接口"https://supplychain-server-stg.datousoft.com/items/1"时长:0:00:00.085490
2022-02-09 11:57:55,989 - INFO requestbase.py [line:74]: 等待接口"https://supplychain-server-stg.datousoft.com/items/1"时长:0:00:00.085490
2022-02-09 11:57:55,989 - INFO requestbase.py [line:74]: 等待接口"https://supplychain-server-stg.datousoft.com/items/1"时长:0:00:00.085490
2022-02-09 11:57:55,991 - INFO assertbase.py [line:28]: 预计接口返回code为"200.0",实际返回code为:"401"
2022-02-09 11:57:55,991 - INFO assertbase.py [line:28]: 预计接口返回code为"200.0",实际返回code为:"401"
2022-02-09 11:57:55,991 - INFO assertbase.py [line:28]: 预计接口返回code为"200.0",实际返回code为:"401"
2022-02-09 11:57:55,994 - ERROR assertbase.py [line:33]: 预计接口返回code为"200.0",实际返回code为:"401",失败
2022-02-09 11:57:55,994 - ERROR assertbase.py [line:33]: 预计接口返回code为"200.0",实际返回code为:"401",失败
2022-02-09 11:57:55,994 - ERROR assertbase.py [line:33]: 预计接口返回code为"200.0",实际返回code为:"401",失败
2022-02-09 11:57:56,009 - INFO requestbase.py [line:69]: 连通接口"https://supplychain-server-stg.datousoft.com/shops/1",接口data为:"",接口json{'deliveryCenterId': 1, 'ownerCompanyId': 1}
2022-02-09 11:57:56,009 - INFO requestbase.py [line:69]: 连通接口"https://supplychain-server-stg.datousoft.com/shops/1",接口data为:"",接口json{'deliveryCenterId': 1, 'ownerCompanyId': 1}
2022-02-09 11:57:56,009 - INFO requestbase.py [line:69]: 连通接口"https://supplychain-server-stg.datousoft.com/shops/1",接口data为:"",接口json{'deliveryCenterId': 1, 'ownerCompanyId': 1}
2022-02-09 11:57:56,084 - INFO requestbase.py [line:74]: 等待接口"https://supplychain-server-stg.datousoft.com/shops/1"时长:0:00:00.073601
2022-02-09 11:57:56,084 - INFO requestbase.py [line:74]: 等待接口"https://supplychain-server-stg.datousoft.com/shops/1"时长:0:00:00.073601
2022-02-09 11:57:56,084 - INFO requestbase.py [line:74]: 等待接口"https://supplychain-server-stg.datousoft.com/shops/1"时长:0:00:00.073601
2022-02-09 11:57:56,087 - INFO assertbase.py [line:28]: 预计接口返回code为"200.0",实际返回code为:"401"
2022-02-09 11:57:56,087 - INFO assertbase.py [line:28]: 预计接口返回code为"200.0",实际返回code为:"401"
2022-02-09 11:57:56,087 - INFO assertbase.py [line:28]: 预计接口返回code为"200.0",实际返回code为:"401"
2022-02-09 11:57:56,089 - ERROR assertbase.py [line:33]: 预计接口返回code为"200.0",实际返回code为:"401",失败
2022-02-09 11:57:56,089 - ERROR assertbase.py [line:33]: 预计接口返回code为"200.0",实际返回code为:"401",失败
2022-02-09 11:57:56,089 - ERROR assertbase.py [line:33]: 预计接口返回code为"200.0",实际返回code为:"401",失败
2022-02-09 11:57:56,104 - INFO requestbase.py [line:21]: 连通接口"https://supplychain-server-stg.datousoft.com/suppliers/1",接口header为:"{'authorization': 'Bearer eyJhbGciOiJIUzUxMiJ9.eyJqdGkiOiJkZTdiOTBhODg3ZWI0MjdmYTEzMzkzNjFhMWUzNjRkMSIsImF1dGgiOiIiLCJpZCI6NTk5LCJzdWIiOiIxMiJ9.RQWDBYFSbwfkLFgB_3MDkfch0uRf1hRe_ccmSdVNydmPu2YJGZUc2t2woWnnPOPlGxIlKxZYF2V7P7-ZIW6DFg'}",接口param为：
2022-02-09 11:57:56,104 - INFO requestbase.py [line:21]: 连通接口"https://supplychain-server-stg.datousoft.com/suppliers/1",接口header为:"{'authorization': 'Bearer eyJhbGciOiJIUzUxMiJ9.eyJqdGkiOiJkZTdiOTBhODg3ZWI0MjdmYTEzMzkzNjFhMWUzNjRkMSIsImF1dGgiOiIiLCJpZCI6NTk5LCJzdWIiOiIxMiJ9.RQWDBYFSbwfkLFgB_3MDkfch0uRf1hRe_ccmSdVNydmPu2YJGZUc2t2woWnnPOPlGxIlKxZYF2V7P7-ZIW6DFg'}",接口param为：
2022-02-09 11:57:56,104 - INFO requestbase.py [line:21]: 连通接口"https://supplychain-server-stg.datousoft.com/suppliers/1",接口header为:"{'authorization': 'Bearer eyJhbGciOiJIUzUxMiJ9.eyJqdGkiOiJkZTdiOTBhODg3ZWI0MjdmYTEzMzkzNjFhMWUzNjRkMSIsImF1dGgiOiIiLCJpZCI6NTk5LCJzdWIiOiIxMiJ9.RQWDBYFSbwfkLFgB_3MDkfch0uRf1hRe_ccmSdVNydmPu2YJGZUc2t2woWnnPOPlGxIlKxZYF2V7P7-ZIW6DFg'}",接口param为：
2022-02-09 11:57:56,173 - INFO requestbase.py [line:26]: 等待接口"https://supplychain-server-stg.datousoft.com/suppliers/1"时长:0:00:00.066093
2022-02-09 11:57:56,173 - INFO requestbase.py [line:26]: 等待接口"https://supplychain-server-stg.datousoft.com/suppliers/1"时长:0:00:00.066093
2022-02-09 11:57:56,173 - INFO requestbase.py [line:26]: 等待接口"https://supplychain-server-stg.datousoft.com/suppliers/1"时长:0:00:00.066093
2022-02-09 11:57:56,175 - INFO assertbase.py [line:28]: 预计接口返回code为"200.0",实际返回code为:"401"
2022-02-09 11:57:56,175 - INFO assertbase.py [line:28]: 预计接口返回code为"200.0",实际返回code为:"401"
2022-02-09 11:57:56,175 - INFO assertbase.py [line:28]: 预计接口返回code为"200.0",实际返回code为:"401"
2022-02-09 11:57:56,177 - ERROR assertbase.py [line:33]: 预计接口返回code为"200.0",实际返回code为:"401",失败
2022-02-09 11:57:56,177 - ERROR assertbase.py [line:33]: 预计接口返回code为"200.0",实际返回code为:"401",失败
2022-02-09 11:57:56,177 - ERROR assertbase.py [line:33]: 预计接口返回code为"200.0",实际返回code为:"401",失败
2022-02-09 11:57:56,190 - INFO requestbase.py [line:69]: 连通接口"https://supplychain-server-stg.datousoft.com/suppliers/1",接口data为:"",接口json{'enable': 'false'}
2022-02-09 11:57:56,190 - INFO requestbase.py [line:69]: 连通接口"https://supplychain-server-stg.datousoft.com/suppliers/1",接口data为:"",接口json{'enable': 'false'}
2022-02-09 11:57:56,190 - INFO requestbase.py [line:69]: 连通接口"https://supplychain-server-stg.datousoft.com/suppliers/1",接口data为:"",接口json{'enable': 'false'}
2022-02-09 11:57:56,285 - INFO requestbase.py [line:74]: 等待接口"https://supplychain-server-stg.datousoft.com/suppliers/1"时长:0:00:00.092898
2022-02-09 11:57:56,285 - INFO requestbase.py [line:74]: 等待接口"https://supplychain-server-stg.datousoft.com/suppliers/1"时长:0:00:00.092898
2022-02-09 11:57:56,285 - INFO requestbase.py [line:74]: 等待接口"https://supplychain-server-stg.datousoft.com/suppliers/1"时长:0:00:00.092898
2022-02-09 11:57:56,289 - INFO assertbase.py [line:28]: 预计接口返回code为"200.0",实际返回code为:"401"
2022-02-09 11:57:56,289 - INFO assertbase.py [line:28]: 预计接口返回code为"200.0",实际返回code为:"401"
2022-02-09 11:57:56,289 - INFO assertbase.py [line:28]: 预计接口返回code为"200.0",实际返回code为:"401"
2022-02-09 11:57:56,293 - ERROR assertbase.py [line:33]: 预计接口返回code为"200.0",实际返回code为:"401",失败
2022-02-09 11:57:56,293 - ERROR assertbase.py [line:33]: 预计接口返回code为"200.0",实际返回code为:"401",失败
2022-02-09 11:57:56,293 - ERROR assertbase.py [line:33]: 预计接口返回code为"200.0",实际返回code为:"401",失败
