2022-01-04 15:59:23,197 - INFO test_001_baiduSearch.py [line:21]: 
WebDriver 正在初始化...
2022-01-04 15:59:23,707 - INFO test_001_baiduSearch.py [line:23]: 打开链接: https://www.baidu.com/...
2022-01-04 15:59:23,939 - INFO test_001_baiduSearch.py [line:28]: WebDriver 初始化完成！
2022-01-04 15:59:23,940 - INFO baiduIndex.py [line:30]: 【===搜索操作===】
2022-01-04 15:59:23,940 - INFO basePage.py [line:38]: 等待"搜索框"元素,定位方式:('id', 'kw')
2022-01-04 15:59:23,973 - INFO basePage.py [line:43]: 等待"搜索框"时长:0:00:00.032701
2022-01-04 15:59:23,974 - INFO basePage.py [line:73]: 查找"搜索框"元素，元素定位:('id', 'kw')
2022-01-04 15:59:23,992 - INFO basePage.py [line:98]: 在"搜索框"输入"阿崔",元素定位:('id', 'kw')
2022-01-04 15:59:24,072 - INFO basePage.py [line:73]: 查找"搜索框"元素，元素定位:('id', 'kw')
2022-01-04 15:59:24,080 - INFO basePage.py [line:111]: 清除"搜索框",元素定位:('id', 'kw')
2022-01-04 15:59:24,105 - INFO basePage.py [line:73]: 查找"搜索框"元素，元素定位:('id', 'kw')
2022-01-04 15:59:24,113 - INFO basePage.py [line:98]: 在"搜索框"输入"哈哈",元素定位:('id', 'kw')
2022-01-04 15:59:24,158 - INFO basePage.py [line:38]: 等待""百度一下"搜索按钮"元素,定位方式:('id', 'su')
2022-01-04 15:59:24,178 - INFO basePage.py [line:43]: 等待""百度一下"搜索按钮"时长:0:00:00.020625
2022-01-04 15:59:24,178 - INFO basePage.py [line:73]: 查找""百度一下"搜索按钮"元素，元素定位:('id', 'su')
2022-01-04 15:59:24,185 - INFO basePage.py [line:125]: 点击""百度一下"搜索按钮",元素定位:('id', 'su')
2022-01-04 15:59:27,239 - INFO baiduIndex.py [line:30]: 【===搜索操作===】
2022-01-04 15:59:27,239 - INFO basePage.py [line:38]: 等待"搜索框"元素,定位方式:('id', 'kw')
2022-01-04 15:59:27,261 - INFO basePage.py [line:43]: 等待"搜索框"时长:0:00:00.021939
2022-01-04 15:59:27,261 - INFO basePage.py [line:73]: 查找"搜索框"元素，元素定位:('id', 'kw')
2022-01-04 15:59:27,277 - INFO basePage.py [line:98]: 在"搜索框"输入"阿崔",元素定位:('id', 'kw')
2022-01-04 15:59:27,330 - INFO basePage.py [line:73]: 查找"搜索框"元素，元素定位:('id', 'kw')
2022-01-04 15:59:27,337 - INFO basePage.py [line:111]: 清除"搜索框",元素定位:('id', 'kw')
2022-01-04 15:59:27,360 - INFO basePage.py [line:73]: 查找"搜索框"元素，元素定位:('id', 'kw')
2022-01-04 15:59:27,367 - INFO basePage.py [line:98]: 在"搜索框"输入"呵呵",元素定位:('id', 'kw')
2022-01-04 15:59:27,400 - INFO basePage.py [line:38]: 等待""百度一下"搜索按钮"元素,定位方式:('id', 'su')
2022-01-04 15:59:27,416 - INFO basePage.py [line:43]: 等待""百度一下"搜索按钮"时长:0:00:00.016422
2022-01-04 15:59:27,416 - INFO basePage.py [line:73]: 查找""百度一下"搜索按钮"元素，元素定位:('id', 'su')
2022-01-04 15:59:27,423 - INFO basePage.py [line:125]: 点击""百度一下"搜索按钮",元素定位:('id', 'su')
2022-01-04 15:59:32,783 - INFO test_001_baiduSearch.py [line:31]: WebDriver 成功退出...
2022-01-04 15:59:47,908 - INFO basePage.py [line:73]: 查找"输入账号"元素，元素定位:('xpath', "//*[@id='app']/div/div[1]/div[2]/form/div[2]/div/div/input")
2022-01-04 15:59:47,933 - INFO basePage.py [line:98]: 在"输入账号"输入"pengjie",元素定位:('xpath', "//*[@id='app']/div/div[1]/div[2]/form/div[2]/div/div/input")
2022-01-04 15:59:48,028 - INFO basePage.py [line:73]: 查找"输入密码"元素，元素定位:('xpath', "//*[@id='app']/div/div[1]/div[2]/form/div[3]/div/div/input")
2022-01-04 15:59:48,045 - INFO basePage.py [line:98]: 在"输入密码"输入"Qq123456",元素定位:('xpath', "//*[@id='app']/div/div[1]/div[2]/form/div[3]/div/div/input")
2022-01-04 15:59:48,124 - INFO basePage.py [line:73]: 查找"点击登录"元素，元素定位:('xpath', "//*[@id='app']/div/div[1]/div[2]/form/button")
2022-01-04 15:59:48,133 - INFO basePage.py [line:125]: 点击"点击登录",元素定位:('xpath', "//*[@id='app']/div/div[1]/div[2]/form/button")
2022-01-04 15:59:51,188 - INFO basePage.py [line:38]: 等待"None"元素,定位方式:('xpath', "//*[@id='app']/div/div[2]/div/div[1]/div[3]/div[2]/span/span/button/span")
2022-01-04 15:59:51,213 - INFO basePage.py [line:43]: 等待"None"时长:0:00:00.024935
2022-01-04 16:00:12,538 - INFO basePage.py [line:73]: 查找"输入账号"元素，元素定位:('xpath', "//*[@id='app']/div/div[1]/div[2]/form/div[2]/div/div/input")
2022-01-04 16:00:12,557 - INFO basePage.py [line:98]: 在"输入账号"输入"pengjie32",元素定位:('xpath', "//*[@id='app']/div/div[1]/div[2]/form/div[2]/div/div/input")
2022-01-04 16:00:12,654 - INFO basePage.py [line:73]: 查找"输入密码"元素，元素定位:('xpath', "//*[@id='app']/div/div[1]/div[2]/form/div[3]/div/div/input")
2022-01-04 16:00:12,669 - INFO basePage.py [line:98]: 在"输入密码"输入"Qq123456",元素定位:('xpath', "//*[@id='app']/div/div[1]/div[2]/form/div[3]/div/div/input")
2022-01-04 16:00:12,730 - INFO basePage.py [line:73]: 查找"点击登录"元素，元素定位:('xpath', "//*[@id='app']/div/div[1]/div[2]/form/button")
2022-01-04 16:00:12,740 - INFO basePage.py [line:125]: 点击"点击登录",元素定位:('xpath', "//*[@id='app']/div/div[1]/div[2]/form/button")
2022-01-04 16:00:15,789 - INFO basePage.py [line:59]: 等待"None"消失,元素定位:('xpath', "//*[@id='app']/div/div[2]/div/div[1]/div[3]/div[2]/span/span/button/span")
2022-01-04 16:00:25,840 - INFO basePage.py [line:64]: 等待"None"时长:0:00:10.051171
2022-01-04 16:00:47,962 - INFO basePage.py [line:73]: 查找"输入账号"元素，元素定位:('xpath', "//*[@id='app']/div/div[1]/div[2]/form/div[2]/div/div/input")
2022-01-04 16:00:47,976 - INFO basePage.py [line:98]: 在"输入账号"输入"pengjie",元素定位:('xpath', "//*[@id='app']/div/div[1]/div[2]/form/div[2]/div/div/input")
2022-01-04 16:00:48,038 - INFO basePage.py [line:73]: 查找"输入密码"元素，元素定位:('xpath', "//*[@id='app']/div/div[1]/div[2]/form/div[3]/div/div/input")
2022-01-04 16:00:48,050 - INFO basePage.py [line:98]: 在"输入密码"输入"qq123",元素定位:('xpath', "//*[@id='app']/div/div[1]/div[2]/form/div[3]/div/div/input")
2022-01-04 16:00:48,105 - INFO basePage.py [line:73]: 查找"点击登录"元素，元素定位:('xpath', "//*[@id='app']/div/div[1]/div[2]/form/button")
2022-01-04 16:00:48,122 - INFO basePage.py [line:125]: 点击"点击登录",元素定位:('xpath', "//*[@id='app']/div/div[1]/div[2]/form/button")
2022-01-04 16:00:51,168 - INFO basePage.py [line:59]: 等待"None"消失,元素定位:('xpath', "//*[@id='app']/div/div[2]/div/div[1]/div[3]/div[2]/span/span/button/span")
2022-01-04 16:01:01,203 - INFO basePage.py [line:64]: 等待"None"时长:0:00:10.031951
