2022-01-04 15:57:36,799 - INFO basePage.py [line:73]: 查找"输入账号"元素，元素定位:('xpath', "//*[@id='app']/div/div[1]/div[2]/form/div[2]/div/div/input")
2022-01-04 15:57:36,799 - INFO basePage.py [line:73]: 查找"输入账号"元素，元素定位:('xpath', "//*[@id='app']/div/div[1]/div[2]/form/div[2]/div/div/input")
2022-01-04 15:57:36,811 - INFO basePage.py [line:98]: 在"输入账号"输入"pengjie",元素定位:('xpath', "//*[@id='app']/div/div[1]/div[2]/form/div[2]/div/div/input")
2022-01-04 15:57:36,811 - INFO basePage.py [line:98]: 在"输入账号"输入"pengjie",元素定位:('xpath', "//*[@id='app']/div/div[1]/div[2]/form/div[2]/div/div/input")
2022-01-04 15:57:36,877 - INFO basePage.py [line:73]: 查找"输入密码"元素，元素定位:('xpath', "//*[@id='app']/div/div[1]/div[2]/form/div[3]/div/div/input")
2022-01-04 15:57:36,877 - INFO basePage.py [line:73]: 查找"输入密码"元素，元素定位:('xpath', "//*[@id='app']/div/div[1]/div[2]/form/div[3]/div/div/input")
2022-01-04 15:57:36,887 - INFO basePage.py [line:98]: 在"输入密码"输入"Qq123456",元素定位:('xpath', "//*[@id='app']/div/div[1]/div[2]/form/div[3]/div/div/input")
2022-01-04 15:57:36,887 - INFO basePage.py [line:98]: 在"输入密码"输入"Qq123456",元素定位:('xpath', "//*[@id='app']/div/div[1]/div[2]/form/div[3]/div/div/input")
2022-01-04 15:57:36,950 - INFO basePage.py [line:73]: 查找"点击登录"元素，元素定位:('xpath', "//*[@id='app']/div/div[1]/div[2]/form/button")
2022-01-04 15:57:36,950 - INFO basePage.py [line:73]: 查找"点击登录"元素，元素定位:('xpath', "//*[@id='app']/div/div[1]/div[2]/form/button")
2022-01-04 15:57:36,960 - INFO basePage.py [line:125]: 点击"点击登录",元素定位:('xpath', "//*[@id='app']/div/div[1]/div[2]/form/button")
2022-01-04 15:57:36,960 - INFO basePage.py [line:125]: 点击"点击登录",元素定位:('xpath', "//*[@id='app']/div/div[1]/div[2]/form/button")
2022-01-04 15:57:40,011 - INFO basePage.py [line:38]: 等待"None"元素,定位方式:('xpath', "//*[@id='app']/div/div[2]/div/div[1]/div[3]/div[2]/span/span/button/span")
2022-01-04 15:57:40,011 - INFO basePage.py [line:38]: 等待"None"元素,定位方式:('xpath', "//*[@id='app']/div/div[2]/div/div[1]/div[3]/div[2]/span/span/button/span")
2022-01-04 15:57:40,041 - INFO basePage.py [line:43]: 等待"None"时长:0:00:00.030303
2022-01-04 15:57:40,041 - INFO basePage.py [line:43]: 等待"None"时长:0:00:00.030303
2022-01-04 15:58:01,729 - INFO basePage.py [line:73]: 查找"输入账号"元素，元素定位:('xpath', "//*[@id='app']/div/div[1]/div[2]/form/div[2]/div/div/input")
2022-01-04 15:58:01,729 - INFO basePage.py [line:73]: 查找"输入账号"元素，元素定位:('xpath', "//*[@id='app']/div/div[1]/div[2]/form/div[2]/div/div/input")
2022-01-04 15:58:01,756 - INFO basePage.py [line:98]: 在"输入账号"输入"pengjie32",元素定位:('xpath', "//*[@id='app']/div/div[1]/div[2]/form/div[2]/div/div/input")
2022-01-04 15:58:01,756 - INFO basePage.py [line:98]: 在"输入账号"输入"pengjie32",元素定位:('xpath', "//*[@id='app']/div/div[1]/div[2]/form/div[2]/div/div/input")
2022-01-04 15:58:01,889 - INFO basePage.py [line:73]: 查找"输入密码"元素，元素定位:('xpath', "//*[@id='app']/div/div[1]/div[2]/form/div[3]/div/div/input")
2022-01-04 15:58:01,889 - INFO basePage.py [line:73]: 查找"输入密码"元素，元素定位:('xpath', "//*[@id='app']/div/div[1]/div[2]/form/div[3]/div/div/input")
2022-01-04 15:58:01,900 - INFO basePage.py [line:98]: 在"输入密码"输入"Qq123456",元素定位:('xpath', "//*[@id='app']/div/div[1]/div[2]/form/div[3]/div/div/input")
2022-01-04 15:58:01,900 - INFO basePage.py [line:98]: 在"输入密码"输入"Qq123456",元素定位:('xpath', "//*[@id='app']/div/div[1]/div[2]/form/div[3]/div/div/input")
2022-01-04 15:58:01,976 - INFO basePage.py [line:73]: 查找"点击登录"元素，元素定位:('xpath', "//*[@id='app']/div/div[1]/div[2]/form/button")
2022-01-04 15:58:01,976 - INFO basePage.py [line:73]: 查找"点击登录"元素，元素定位:('xpath', "//*[@id='app']/div/div[1]/div[2]/form/button")
2022-01-04 15:58:01,985 - INFO basePage.py [line:125]: 点击"点击登录",元素定位:('xpath', "//*[@id='app']/div/div[1]/div[2]/form/button")
2022-01-04 15:58:01,985 - INFO basePage.py [line:125]: 点击"点击登录",元素定位:('xpath', "//*[@id='app']/div/div[1]/div[2]/form/button")
2022-01-04 15:58:05,032 - INFO basePage.py [line:59]: 等待"None"消失,元素定位:('xpath', "//*[@id='app']/div/div[2]/div/div[1]/div[3]/div[2]/span/span/button/span")
2022-01-04 15:58:05,032 - INFO basePage.py [line:59]: 等待"None"消失,元素定位:('xpath', "//*[@id='app']/div/div[2]/div/div[1]/div[3]/div[2]/span/span/button/span")
2022-01-04 15:58:15,068 - INFO basePage.py [line:64]: 等待"None"时长:0:00:10.035940
2022-01-04 15:58:15,068 - INFO basePage.py [line:64]: 等待"None"时长:0:00:10.035940
2022-01-04 15:58:37,405 - INFO basePage.py [line:73]: 查找"输入账号"元素，元素定位:('xpath', "//*[@id='app']/div/div[1]/div[2]/form/div[2]/div/div/input")
2022-01-04 15:58:37,405 - INFO basePage.py [line:73]: 查找"输入账号"元素，元素定位:('xpath', "//*[@id='app']/div/div[1]/div[2]/form/div[2]/div/div/input")
2022-01-04 15:58:37,432 - INFO basePage.py [line:98]: 在"输入账号"输入"pengjie",元素定位:('xpath', "//*[@id='app']/div/div[1]/div[2]/form/div[2]/div/div/input")
2022-01-04 15:58:37,432 - INFO basePage.py [line:98]: 在"输入账号"输入"pengjie",元素定位:('xpath', "//*[@id='app']/div/div[1]/div[2]/form/div[2]/div/div/input")
2022-01-04 15:58:37,554 - INFO basePage.py [line:73]: 查找"输入密码"元素，元素定位:('xpath', "//*[@id='app']/div/div[1]/div[2]/form/div[3]/div/div/input")
2022-01-04 15:58:37,554 - INFO basePage.py [line:73]: 查找"输入密码"元素，元素定位:('xpath', "//*[@id='app']/div/div[1]/div[2]/form/div[3]/div/div/input")
2022-01-04 15:58:37,565 - INFO basePage.py [line:98]: 在"输入密码"输入"qq123",元素定位:('xpath', "//*[@id='app']/div/div[1]/div[2]/form/div[3]/div/div/input")
2022-01-04 15:58:37,565 - INFO basePage.py [line:98]: 在"输入密码"输入"qq123",元素定位:('xpath', "//*[@id='app']/div/div[1]/div[2]/form/div[3]/div/div/input")
2022-01-04 15:58:37,630 - INFO basePage.py [line:73]: 查找"点击登录"元素，元素定位:('xpath', "//*[@id='app']/div/div[1]/div[2]/form/button")
2022-01-04 15:58:37,630 - INFO basePage.py [line:73]: 查找"点击登录"元素，元素定位:('xpath', "//*[@id='app']/div/div[1]/div[2]/form/button")
2022-01-04 15:58:37,640 - INFO basePage.py [line:125]: 点击"点击登录",元素定位:('xpath', "//*[@id='app']/div/div[1]/div[2]/form/button")
2022-01-04 15:58:37,640 - INFO basePage.py [line:125]: 点击"点击登录",元素定位:('xpath', "//*[@id='app']/div/div[1]/div[2]/form/button")
2022-01-04 15:58:40,694 - INFO basePage.py [line:59]: 等待"None"消失,元素定位:('xpath', "//*[@id='app']/div/div[2]/div/div[1]/div[3]/div[2]/span/span/button/span")
2022-01-04 15:58:40,694 - INFO basePage.py [line:59]: 等待"None"消失,元素定位:('xpath', "//*[@id='app']/div/div[2]/div/div[1]/div[3]/div[2]/span/span/button/span")
2022-01-04 15:58:50,721 - INFO basePage.py [line:64]: 等待"None"时长:0:00:10.026709
2022-01-04 15:58:50,721 - INFO basePage.py [line:64]: 等待"None"时长:0:00:10.026709
