2022-01-04 17:03:39,598 - INFO basePage.py [line:73]: 查找"输入账号"元素，元素定位:('xpath', "//*[@id='app']/div/div[1]/div[2]/form/div[2]/div/div/input")
2022-01-04 17:03:39,598 - INFO basePage.py [line:73]: 查找"输入账号"元素，元素定位:('xpath', "//*[@id='app']/div/div[1]/div[2]/form/div[2]/div/div/input")
2022-01-04 17:03:39,620 - INFO basePage.py [line:98]: 在"输入账号"输入"pengjie32",元素定位:('xpath', "//*[@id='app']/div/div[1]/div[2]/form/div[2]/div/div/input")
2022-01-04 17:03:39,620 - INFO basePage.py [line:98]: 在"输入账号"输入"pengjie32",元素定位:('xpath', "//*[@id='app']/div/div[1]/div[2]/form/div[2]/div/div/input")
2022-01-04 17:03:39,726 - INFO basePage.py [line:73]: 查找"输入密码"元素，元素定位:('xpath', "//*[@id='app']/div/div[1]/div[2]/form/div[3]/div/div/input")
2022-01-04 17:03:39,726 - INFO basePage.py [line:73]: 查找"输入密码"元素，元素定位:('xpath', "//*[@id='app']/div/div[1]/div[2]/form/div[3]/div/div/input")
2022-01-04 17:03:39,744 - INFO basePage.py [line:98]: 在"输入密码"输入"Qq123456",元素定位:('xpath', "//*[@id='app']/div/div[1]/div[2]/form/div[3]/div/div/input")
2022-01-04 17:03:39,744 - INFO basePage.py [line:98]: 在"输入密码"输入"Qq123456",元素定位:('xpath', "//*[@id='app']/div/div[1]/div[2]/form/div[3]/div/div/input")
2022-01-04 17:03:39,810 - INFO basePage.py [line:73]: 查找"点击登录"元素，元素定位:('xpath', "//*[@id='app']/div/div[1]/div[2]/form/button")
2022-01-04 17:03:39,810 - INFO basePage.py [line:73]: 查找"点击登录"元素，元素定位:('xpath', "//*[@id='app']/div/div[1]/div[2]/form/button")
2022-01-04 17:03:39,821 - INFO basePage.py [line:125]: 点击"点击登录",元素定位:('xpath', "//*[@id='app']/div/div[1]/div[2]/form/button")
2022-01-04 17:03:39,821 - INFO basePage.py [line:125]: 点击"点击登录",元素定位:('xpath', "//*[@id='app']/div/div[1]/div[2]/form/button")
2022-01-04 17:03:42,871 - INFO basePage.py [line:59]: 等待"None"消失,元素定位:('xpath', "//*[@id='app']/div/div[2]/div/div[1]/div[3]/div[2]/span/span/button/span")
2022-01-04 17:03:42,871 - INFO basePage.py [line:59]: 等待"None"消失,元素定位:('xpath', "//*[@id='app']/div/div[2]/div/div[1]/div[3]/div[2]/span/span/button/span")
2022-01-04 17:03:52,891 - INFO basePage.py [line:64]: 等待"None"时长:0:00:10.019497
2022-01-04 17:03:52,891 - INFO basePage.py [line:64]: 等待"None"时长:0:00:10.019497
2022-01-04 17:04:15,104 - INFO basePage.py [line:73]: 查找"输入账号"元素，元素定位:('xpath', "//*[@id='app']/div/div[1]/div[2]/form/div[2]/div/div/input")
2022-01-04 17:04:15,104 - INFO basePage.py [line:73]: 查找"输入账号"元素，元素定位:('xpath', "//*[@id='app']/div/div[1]/div[2]/form/div[2]/div/div/input")
2022-01-04 17:04:15,139 - INFO basePage.py [line:98]: 在"输入账号"输入"pengjie",元素定位:('xpath', "//*[@id='app']/div/div[1]/div[2]/form/div[2]/div/div/input")
2022-01-04 17:04:15,139 - INFO basePage.py [line:98]: 在"输入账号"输入"pengjie",元素定位:('xpath', "//*[@id='app']/div/div[1]/div[2]/form/div[2]/div/div/input")
2022-01-04 17:04:15,271 - INFO basePage.py [line:73]: 查找"输入密码"元素，元素定位:('xpath', "//*[@id='app']/div/div[1]/div[2]/form/div[3]/div/div/input")
2022-01-04 17:04:15,271 - INFO basePage.py [line:73]: 查找"输入密码"元素，元素定位:('xpath', "//*[@id='app']/div/div[1]/div[2]/form/div[3]/div/div/input")
2022-01-04 17:04:15,283 - INFO basePage.py [line:98]: 在"输入密码"输入"qq123",元素定位:('xpath', "//*[@id='app']/div/div[1]/div[2]/form/div[3]/div/div/input")
2022-01-04 17:04:15,283 - INFO basePage.py [line:98]: 在"输入密码"输入"qq123",元素定位:('xpath', "//*[@id='app']/div/div[1]/div[2]/form/div[3]/div/div/input")
2022-01-04 17:04:15,354 - INFO basePage.py [line:73]: 查找"点击登录"元素，元素定位:('xpath', "//*[@id='app']/div/div[1]/div[2]/form/button")
2022-01-04 17:04:15,354 - INFO basePage.py [line:73]: 查找"点击登录"元素，元素定位:('xpath', "//*[@id='app']/div/div[1]/div[2]/form/button")
2022-01-04 17:04:15,364 - INFO basePage.py [line:125]: 点击"点击登录",元素定位:('xpath', "//*[@id='app']/div/div[1]/div[2]/form/button")
2022-01-04 17:04:15,364 - INFO basePage.py [line:125]: 点击"点击登录",元素定位:('xpath', "//*[@id='app']/div/div[1]/div[2]/form/button")
2022-01-04 17:04:18,406 - INFO basePage.py [line:59]: 等待"None"消失,元素定位:('xpath', "//*[@id='app']/div/div[2]/div/div[1]/div[3]/div[2]/span/span/button/span")
2022-01-04 17:04:18,406 - INFO basePage.py [line:59]: 等待"None"消失,元素定位:('xpath', "//*[@id='app']/div/div[2]/div/div[1]/div[3]/div[2]/span/span/button/span")
2022-01-04 17:04:28,446 - INFO basePage.py [line:64]: 等待"None"时长:0:00:10.038544
2022-01-04 17:04:28,446 - INFO basePage.py [line:64]: 等待"None"时长:0:00:10.038544
