2022-01-04 15:24:32,631 - INFO test_001_baiduSearch.py [line:21]: 
WebDriver 正在初始化...
2022-01-04 15:24:33,115 - INFO test_001_baiduSearch.py [line:23]: 打开链接: https://www.baidu.com/...
2022-01-04 15:24:33,344 - INFO test_001_baiduSearch.py [line:28]: WebDriver 初始化完成！
2022-01-04 15:24:33,348 - INFO baiduIndex.py [line:30]: 【===搜索操作===】
2022-01-04 15:24:33,348 - INFO basePage.py [line:38]: 等待"搜索框"元素,定位方式:('id', 'kw')
2022-01-04 15:24:33,399 - INFO basePage.py [line:43]: 等待"搜索框"时长:0:00:00.050468
2022-01-04 15:24:33,400 - INFO basePage.py [line:73]: 查找"搜索框"元素，元素定位:('id', 'kw')
2022-01-04 15:24:33,405 - INFO basePage.py [line:98]: 在"搜索框"输入"阿崔",元素定位:('id', 'kw')
2022-01-04 15:24:33,469 - INFO basePage.py [line:73]: 查找"搜索框"元素，元素定位:('id', 'kw')
2022-01-04 15:24:33,475 - INFO basePage.py [line:111]: 清除"搜索框",元素定位:('id', 'kw')
2022-01-04 15:24:33,503 - INFO basePage.py [line:73]: 查找"搜索框"元素，元素定位:('id', 'kw')
2022-01-04 15:24:33,512 - INFO basePage.py [line:98]: 在"搜索框"输入"哈哈",元素定位:('id', 'kw')
2022-01-04 15:24:33,554 - INFO basePage.py [line:38]: 等待""百度一下"搜索按钮"元素,定位方式:('id', 'su')
2022-01-04 15:24:33,577 - INFO basePage.py [line:43]: 等待""百度一下"搜索按钮"时长:0:00:00.021957
2022-01-04 15:24:33,578 - INFO basePage.py [line:73]: 查找""百度一下"搜索按钮"元素，元素定位:('id', 'su')
2022-01-04 15:24:33,584 - INFO basePage.py [line:125]: 点击""百度一下"搜索按钮",元素定位:('id', 'su')
2022-01-04 15:24:36,662 - INFO baiduIndex.py [line:30]: 【===搜索操作===】
2022-01-04 15:24:36,662 - INFO basePage.py [line:38]: 等待"搜索框"元素,定位方式:('id', 'kw')
2022-01-04 15:24:36,681 - INFO basePage.py [line:43]: 等待"搜索框"时长:0:00:00.017949
2022-01-04 15:24:36,681 - INFO basePage.py [line:73]: 查找"搜索框"元素，元素定位:('id', 'kw')
2022-01-04 15:24:36,687 - INFO basePage.py [line:98]: 在"搜索框"输入"阿崔",元素定位:('id', 'kw')
2022-01-04 15:24:36,755 - INFO basePage.py [line:73]: 查找"搜索框"元素，元素定位:('id', 'kw')
2022-01-04 15:24:36,769 - INFO basePage.py [line:111]: 清除"搜索框",元素定位:('id', 'kw')
2022-01-04 15:24:36,812 - INFO basePage.py [line:73]: 查找"搜索框"元素，元素定位:('id', 'kw')
2022-01-04 15:24:36,831 - INFO basePage.py [line:98]: 在"搜索框"输入"呵呵",元素定位:('id', 'kw')
2022-01-04 15:24:36,882 - INFO basePage.py [line:38]: 等待""百度一下"搜索按钮"元素,定位方式:('id', 'su')
2022-01-04 15:24:36,898 - INFO basePage.py [line:43]: 等待""百度一下"搜索按钮"时长:0:00:00.015401
2022-01-04 15:24:36,899 - INFO basePage.py [line:73]: 查找""百度一下"搜索按钮"元素，元素定位:('id', 'su')
2022-01-04 15:24:36,904 - INFO basePage.py [line:125]: 点击""百度一下"搜索按钮",元素定位:('id', 'su')
2022-01-04 15:24:42,285 - INFO test_001_baiduSearch.py [line:31]: WebDriver 成功退出...
2022-01-04 15:24:56,586 - INFO basePage.py [line:73]: 查找"输入账号"元素，元素定位:('xpath', "//*[@id='app']/div/div[1]/div[2]/form/div[2]/div/div/input")
2022-01-04 15:24:56,599 - INFO basePage.py [line:98]: 在"输入账号"输入"pengjie",元素定位:('xpath', "//*[@id='app']/div/div[1]/div[2]/form/div[2]/div/div/input")
2022-01-04 15:24:56,672 - INFO basePage.py [line:73]: 查找"输入密码"元素，元素定位:('xpath', "//*[@id='app']/div/div[1]/div[2]/form/div[3]/div/div/input")
2022-01-04 15:24:56,685 - INFO basePage.py [line:98]: 在"输入密码"输入"Qq123456",元素定位:('xpath', "//*[@id='app']/div/div[1]/div[2]/form/div[3]/div/div/input")
2022-01-04 15:24:56,758 - INFO basePage.py [line:73]: 查找"点击登录"元素，元素定位:('xpath', "//*[@id='app']/div/div[1]/div[2]/form/button")
2022-01-04 15:24:56,770 - INFO basePage.py [line:125]: 点击"点击登录",元素定位:('xpath', "//*[@id='app']/div/div[1]/div[2]/form/button")
2022-01-04 15:24:59,819 - INFO basePage.py [line:38]: 等待"None"元素,定位方式:('xpath', "//*[@id='app']/div/div[2]/div/div[1]/div[3]/div[2]/span/span/button/span", '视角')
2022-01-04 15:25:18,480 - INFO basePage.py [line:73]: 查找"输入账号"元素，元素定位:('xpath', "//*[@id='app']/div/div[1]/div[2]/form/div[2]/div/div/input")
2022-01-04 15:25:18,492 - INFO basePage.py [line:98]: 在"输入账号"输入"pengjie32",元素定位:('xpath', "//*[@id='app']/div/div[1]/div[2]/form/div[2]/div/div/input")
2022-01-04 15:25:18,561 - INFO basePage.py [line:73]: 查找"输入密码"元素，元素定位:('xpath', "//*[@id='app']/div/div[1]/div[2]/form/div[3]/div/div/input")
2022-01-04 15:25:18,572 - INFO basePage.py [line:98]: 在"输入密码"输入"Qq123456",元素定位:('xpath', "//*[@id='app']/div/div[1]/div[2]/form/div[3]/div/div/input")
2022-01-04 15:25:18,649 - INFO basePage.py [line:73]: 查找"点击登录"元素，元素定位:('xpath', "//*[@id='app']/div/div[1]/div[2]/form/button")
2022-01-04 15:25:18,660 - INFO basePage.py [line:125]: 点击"点击登录",元素定位:('xpath', "//*[@id='app']/div/div[1]/div[2]/form/button")
2022-01-04 15:25:21,714 - INFO basePage.py [line:59]: 等待"None"消失,元素定位:('xpath', "//*[@id='app']/div/div[2]/div/div[1]/div[3]/div[2]/span/span/button/span", '视角')
2022-01-04 15:25:41,026 - INFO basePage.py [line:73]: 查找"输入账号"元素，元素定位:('xpath', "//*[@id='app']/div/div[1]/div[2]/form/div[2]/div/div/input")
2022-01-04 15:25:41,071 - INFO basePage.py [line:98]: 在"输入账号"输入"pengjie",元素定位:('xpath', "//*[@id='app']/div/div[1]/div[2]/form/div[2]/div/div/input")
2022-01-04 15:25:41,143 - INFO basePage.py [line:73]: 查找"输入密码"元素，元素定位:('xpath', "//*[@id='app']/div/div[1]/div[2]/form/div[3]/div/div/input")
2022-01-04 15:25:41,156 - INFO basePage.py [line:98]: 在"输入密码"输入"qq123",元素定位:('xpath', "//*[@id='app']/div/div[1]/div[2]/form/div[3]/div/div/input")
2022-01-04 15:25:41,211 - INFO basePage.py [line:73]: 查找"点击登录"元素，元素定位:('xpath', "//*[@id='app']/div/div[1]/div[2]/form/button")
2022-01-04 15:25:41,221 - INFO basePage.py [line:125]: 点击"点击登录",元素定位:('xpath', "//*[@id='app']/div/div[1]/div[2]/form/button")
2022-01-04 15:25:44,279 - INFO basePage.py [line:59]: 等待"None"消失,元素定位:('xpath', "//*[@id='app']/div/div[2]/div/div[1]/div[3]/div[2]/span/span/button/span", '视角')
