2022-02-07 10:32:46,997 - INFO requestbase.py [line:21]: 连通接口"https://supplychain-server-stg.jmj1995.com/items",接口header为:"{'authorization': 'Bearer eyJhbGciOiJIUzUxMiJ9.eyJqdGkiOiIzN2Q5ZGNmYmZkNzY0NzVkOGYyNzljNGM2ODQyOTczOSIsImF1dGgiOiIiLCJpZCI6NTk2LCJzdWIiOiIxMiJ9.qE5ge57vKUjzaFNDno81cTuIKNlHDMWVuOsxHIFjPGuhcwK_5NghDU0avi19xxzNQvki0LRhLMs5a02Vi8J1SQ'}",接口param为：{'pageNum': '1', 'pageSize': '20'}
2022-02-07 10:32:47,275 - INFO requestbase.py [line:26]: 等待接口"https://supplychain-server-stg.jmj1995.com/items"时长:0:00:00.275583
2022-02-07 10:32:47,286 - INFO assertbase.py [line:28]: 预计接口返回code为"200.0",实际返回code为:"200"
2022-02-07 10:32:47,292 - INFO assertbase.py [line:31]: 预计接口返回code为"200.0",实际返回code为:"200"
2022-02-07 10:32:47,306 - INFO requestbase.py [line:21]: 连通接口"https://supplychain-server-stg.jmj1995.com/items/1/belongingStandardAlternativeItemGroup",接口header为:"{'authorization': 'Bearer eyJhbGciOiJIUzUxMiJ9.eyJqdGkiOiIzN2Q5ZGNmYmZkNzY0NzVkOGYyNzljNGM2ODQyOTczOSIsImF1dGgiOiIiLCJpZCI6NTk2LCJzdWIiOiIxMiJ9.qE5ge57vKUjzaFNDno81cTuIKNlHDMWVuOsxHIFjPGuhcwK_5NghDU0avi19xxzNQvki0LRhLMs5a02Vi8J1SQ'}",接口param为：
2022-02-07 10:32:47,415 - INFO requestbase.py [line:26]: 等待接口"https://supplychain-server-stg.jmj1995.com/items/1/belongingStandardAlternativeItemGroup"时长:0:00:00.105972
2022-02-07 10:32:47,418 - INFO assertbase.py [line:28]: 预计接口返回code为"200.0",实际返回code为:"200"
2022-02-07 10:32:47,421 - INFO assertbase.py [line:31]: 预计接口返回code为"200.0",实际返回code为:"200"
2022-02-07 10:32:47,432 - INFO requestbase.py [line:69]: 连通接口"https://supplychain-server-stg.jmj1995.com/items/1",接口data为:"",接口json{'enable': 'true', 'tags': ['12', '23', '34', '45', '56', '67', '78', '89', '01', '99953816724', '99897524630', '99135297046', '99254607193', '99310649275', '99376528194', '99352478916', '99503247816', '99187059632', '99953042716', '99638017452', '99237065184'], 'enableValidDays': 'true'}
2022-02-07 10:32:47,565 - INFO requestbase.py [line:74]: 等待接口"https://supplychain-server-stg.jmj1995.com/items/1"时长:0:00:00.130262
2022-02-07 10:32:47,576 - INFO assertbase.py [line:28]: 预计接口返回code为"200.0",实际返回code为:"200"
2022-02-07 10:32:47,584 - INFO assertbase.py [line:31]: 预计接口返回code为"200.0",实际返回code为:"200"
2022-02-07 10:32:47,597 - INFO requestbase.py [line:69]: 连通接口"https://supplychain-server-stg.jmj1995.com/shops/1",接口data为:"",接口json{'deliveryCenterId': 1, 'ownerCompanyId': 1}
2022-02-07 10:32:47,798 - INFO requestbase.py [line:74]: 等待接口"https://supplychain-server-stg.jmj1995.com/shops/1"时长:0:00:00.197594
2022-02-07 10:32:47,801 - INFO assertbase.py [line:28]: 预计接口返回code为"200.0",实际返回code为:"200"
2022-02-07 10:32:47,804 - INFO assertbase.py [line:31]: 预计接口返回code为"200.0",实际返回code为:"200"
2022-02-07 10:32:47,813 - INFO requestbase.py [line:21]: 连通接口"https://supplychain-server-stg.jmj1995.com/suppliers/1",接口header为:"{'authorization': 'Bearer eyJhbGciOiJIUzUxMiJ9.eyJqdGkiOiIzN2Q5ZGNmYmZkNzY0NzVkOGYyNzljNGM2ODQyOTczOSIsImF1dGgiOiIiLCJpZCI6NTk2LCJzdWIiOiIxMiJ9.qE5ge57vKUjzaFNDno81cTuIKNlHDMWVuOsxHIFjPGuhcwK_5NghDU0avi19xxzNQvki0LRhLMs5a02Vi8J1SQ'}",接口param为：
2022-02-07 10:32:48,472 - INFO requestbase.py [line:26]: 等待接口"https://supplychain-server-stg.jmj1995.com/suppliers/1"时长:0:00:00.656536
2022-02-07 10:32:48,475 - INFO assertbase.py [line:28]: 预计接口返回code为"200.0",实际返回code为:"200"
2022-02-07 10:32:48,478 - INFO assertbase.py [line:31]: 预计接口返回code为"200.0",实际返回code为:"200"
2022-02-07 10:32:48,487 - INFO requestbase.py [line:69]: 连通接口"https://supplychain-server-stg.jmj1995.com/suppliers/1",接口data为:"",接口json{'enable': 'false'}
2022-02-07 10:32:48,636 - INFO requestbase.py [line:74]: 等待接口"https://supplychain-server-stg.jmj1995.com/suppliers/1"时长:0:00:00.146019
2022-02-07 10:32:48,644 - INFO assertbase.py [line:28]: 预计接口返回code为"200.0",实际返回code为:"200"
2022-02-07 10:32:48,651 - INFO assertbase.py [line:31]: 预计接口返回code为"200.0",实际返回code为:"200"
