2022-02-07 10:31:58,530 - INFO basePage.py [line:88]: 查找"输入账号"元素，元素定位:('xpath', "//*[@id='app']/div/div[1]/div[2]/form/div[2]/div/div/input")
2022-02-07 10:31:58,530 - INFO basePage.py [line:88]: 查找"输入账号"元素，元素定位:('xpath', "//*[@id='app']/div/div[1]/div[2]/form/div[2]/div/div/input")
2022-02-07 10:32:08,594 - ERROR basePage.py [line:92]: 查找"输入账号"元素失败,定位方式:('xpath', "//*[@id='app']/div/div[1]/div[2]/form/div[2]/div/div/input")
Traceback (most recent call last):
  File "..\Common\basePage.py", line 90, in find_element
    return self.driver.find_element(*loc)
  File "C:\Users\bonjour\AppData\Local\Programs\Python\Python39\lib\site-packages\selenium\webdriver\remote\webdriver.py", line 976, in find_element
    return self.execute(Command.FIND_ELEMENT, {
  File "C:\Users\bonjour\AppData\Local\Programs\Python\Python39\lib\site-packages\selenium\webdriver\remote\webdriver.py", line 321, in execute
    self.error_handler.check_response(response)
  File "C:\Users\bonjour\AppData\Local\Programs\Python\Python39\lib\site-packages\selenium\webdriver\remote\errorhandler.py", line 242, in check_response
    raise exception_class(message, screen, stacktrace)
selenium.common.exceptions.NoSuchElementException: Message: no such element: Unable to locate element: {"method":"xpath","selector":"//*[@id='app']/div/div[1]/div[2]/form/div[2]/div/div/input"}
  (Session info: headless chrome=97.0.4692.99)

2022-02-07 10:32:08,594 - ERROR basePage.py [line:92]: 查找"输入账号"元素失败,定位方式:('xpath', "//*[@id='app']/div/div[1]/div[2]/form/div[2]/div/div/input")
Traceback (most recent call last):
  File "..\Common\basePage.py", line 90, in find_element
    return self.driver.find_element(*loc)
  File "C:\Users\bonjour\AppData\Local\Programs\Python\Python39\lib\site-packages\selenium\webdriver\remote\webdriver.py", line 976, in find_element
    return self.execute(Command.FIND_ELEMENT, {
  File "C:\Users\bonjour\AppData\Local\Programs\Python\Python39\lib\site-packages\selenium\webdriver\remote\webdriver.py", line 321, in execute
    self.error_handler.check_response(response)
  File "C:\Users\bonjour\AppData\Local\Programs\Python\Python39\lib\site-packages\selenium\webdriver\remote\errorhandler.py", line 242, in check_response
    raise exception_class(message, screen, stacktrace)
selenium.common.exceptions.NoSuchElementException: Message: no such element: Unable to locate element: {"method":"xpath","selector":"//*[@id='app']/div/div[1]/div[2]/form/div[2]/div/div/input"}
  (Session info: headless chrome=97.0.4692.99)

2022-02-07 10:32:08,726 - INFO basePage.py [line:247]: 截屏成功,图片路径为E:\12\Screenshots\2022-02-07\查找元素[输入账号]异常_20220207_103208.png
2022-02-07 10:32:08,726 - INFO basePage.py [line:247]: 截屏成功,图片路径为E:\12\Screenshots\2022-02-07\查找元素[输入账号]异常_20220207_103208.png
2022-02-07 10:32:15,109 - INFO basePage.py [line:88]: 查找"输入账号"元素，元素定位:('xpath', "//*[@id='app']/div/div[1]/div[2]/form/div[2]/div/div/input")
2022-02-07 10:32:15,109 - INFO basePage.py [line:88]: 查找"输入账号"元素，元素定位:('xpath', "//*[@id='app']/div/div[1]/div[2]/form/div[2]/div/div/input")
2022-02-07 10:32:25,170 - ERROR basePage.py [line:92]: 查找"输入账号"元素失败,定位方式:('xpath', "//*[@id='app']/div/div[1]/div[2]/form/div[2]/div/div/input")
Traceback (most recent call last):
  File "..\Common\basePage.py", line 90, in find_element
    return self.driver.find_element(*loc)
  File "C:\Users\bonjour\AppData\Local\Programs\Python\Python39\lib\site-packages\selenium\webdriver\remote\webdriver.py", line 976, in find_element
    return self.execute(Command.FIND_ELEMENT, {
  File "C:\Users\bonjour\AppData\Local\Programs\Python\Python39\lib\site-packages\selenium\webdriver\remote\webdriver.py", line 321, in execute
    self.error_handler.check_response(response)
  File "C:\Users\bonjour\AppData\Local\Programs\Python\Python39\lib\site-packages\selenium\webdriver\remote\errorhandler.py", line 242, in check_response
    raise exception_class(message, screen, stacktrace)
selenium.common.exceptions.NoSuchElementException: Message: no such element: Unable to locate element: {"method":"xpath","selector":"//*[@id='app']/div/div[1]/div[2]/form/div[2]/div/div/input"}
  (Session info: headless chrome=97.0.4692.99)

2022-02-07 10:32:25,170 - ERROR basePage.py [line:92]: 查找"输入账号"元素失败,定位方式:('xpath', "//*[@id='app']/div/div[1]/div[2]/form/div[2]/div/div/input")
Traceback (most recent call last):
  File "..\Common\basePage.py", line 90, in find_element
    return self.driver.find_element(*loc)
  File "C:\Users\bonjour\AppData\Local\Programs\Python\Python39\lib\site-packages\selenium\webdriver\remote\webdriver.py", line 976, in find_element
    return self.execute(Command.FIND_ELEMENT, {
  File "C:\Users\bonjour\AppData\Local\Programs\Python\Python39\lib\site-packages\selenium\webdriver\remote\webdriver.py", line 321, in execute
    self.error_handler.check_response(response)
  File "C:\Users\bonjour\AppData\Local\Programs\Python\Python39\lib\site-packages\selenium\webdriver\remote\errorhandler.py", line 242, in check_response
    raise exception_class(message, screen, stacktrace)
selenium.common.exceptions.NoSuchElementException: Message: no such element: Unable to locate element: {"method":"xpath","selector":"//*[@id='app']/div/div[1]/div[2]/form/div[2]/div/div/input"}
  (Session info: headless chrome=97.0.4692.99)

2022-02-07 10:32:25,314 - INFO basePage.py [line:247]: 截屏成功,图片路径为E:\12\Screenshots\2022-02-07\查找元素[输入账号]异常_20220207_103225.png
2022-02-07 10:32:25,314 - INFO basePage.py [line:247]: 截屏成功,图片路径为E:\12\Screenshots\2022-02-07\查找元素[输入账号]异常_20220207_103225.png
2022-02-07 10:32:31,691 - INFO basePage.py [line:88]: 查找"输入账号"元素，元素定位:('xpath', "//*[@id='app']/div/div[1]/div[2]/form/div[2]/div/div/input")
2022-02-07 10:32:31,691 - INFO basePage.py [line:88]: 查找"输入账号"元素，元素定位:('xpath', "//*[@id='app']/div/div[1]/div[2]/form/div[2]/div/div/input")
2022-02-07 10:32:41,730 - ERROR basePage.py [line:92]: 查找"输入账号"元素失败,定位方式:('xpath', "//*[@id='app']/div/div[1]/div[2]/form/div[2]/div/div/input")
Traceback (most recent call last):
  File "..\Common\basePage.py", line 90, in find_element
    return self.driver.find_element(*loc)
  File "C:\Users\bonjour\AppData\Local\Programs\Python\Python39\lib\site-packages\selenium\webdriver\remote\webdriver.py", line 976, in find_element
    return self.execute(Command.FIND_ELEMENT, {
  File "C:\Users\bonjour\AppData\Local\Programs\Python\Python39\lib\site-packages\selenium\webdriver\remote\webdriver.py", line 321, in execute
    self.error_handler.check_response(response)
  File "C:\Users\bonjour\AppData\Local\Programs\Python\Python39\lib\site-packages\selenium\webdriver\remote\errorhandler.py", line 242, in check_response
    raise exception_class(message, screen, stacktrace)
selenium.common.exceptions.NoSuchElementException: Message: no such element: Unable to locate element: {"method":"xpath","selector":"//*[@id='app']/div/div[1]/div[2]/form/div[2]/div/div/input"}
  (Session info: headless chrome=97.0.4692.99)

2022-02-07 10:32:41,730 - ERROR basePage.py [line:92]: 查找"输入账号"元素失败,定位方式:('xpath', "//*[@id='app']/div/div[1]/div[2]/form/div[2]/div/div/input")
Traceback (most recent call last):
  File "..\Common\basePage.py", line 90, in find_element
    return self.driver.find_element(*loc)
  File "C:\Users\bonjour\AppData\Local\Programs\Python\Python39\lib\site-packages\selenium\webdriver\remote\webdriver.py", line 976, in find_element
    return self.execute(Command.FIND_ELEMENT, {
  File "C:\Users\bonjour\AppData\Local\Programs\Python\Python39\lib\site-packages\selenium\webdriver\remote\webdriver.py", line 321, in execute
    self.error_handler.check_response(response)
  File "C:\Users\bonjour\AppData\Local\Programs\Python\Python39\lib\site-packages\selenium\webdriver\remote\errorhandler.py", line 242, in check_response
    raise exception_class(message, screen, stacktrace)
selenium.common.exceptions.NoSuchElementException: Message: no such element: Unable to locate element: {"method":"xpath","selector":"//*[@id='app']/div/div[1]/div[2]/form/div[2]/div/div/input"}
  (Session info: headless chrome=97.0.4692.99)

2022-02-07 10:32:41,853 - INFO basePage.py [line:247]: 截屏成功,图片路径为E:\12\Screenshots\2022-02-07\查找元素[输入账号]异常_20220207_103241.png
2022-02-07 10:32:41,853 - INFO basePage.py [line:247]: 截屏成功,图片路径为E:\12\Screenshots\2022-02-07\查找元素[输入账号]异常_20220207_103241.png
2022-02-07 10:32:46,997 - INFO requestbase.py [line:21]: 连通接口"https://supplychain-server-stg.jmj1995.com/items",接口header为:"{'authorization': 'Bearer eyJhbGciOiJIUzUxMiJ9.eyJqdGkiOiIzN2Q5ZGNmYmZkNzY0NzVkOGYyNzljNGM2ODQyOTczOSIsImF1dGgiOiIiLCJpZCI6NTk2LCJzdWIiOiIxMiJ9.qE5ge57vKUjzaFNDno81cTuIKNlHDMWVuOsxHIFjPGuhcwK_5NghDU0avi19xxzNQvki0LRhLMs5a02Vi8J1SQ'}",接口param为：{'pageNum': '1', 'pageSize': '20'}
2022-02-07 10:32:46,997 - INFO requestbase.py [line:21]: 连通接口"https://supplychain-server-stg.jmj1995.com/items",接口header为:"{'authorization': 'Bearer eyJhbGciOiJIUzUxMiJ9.eyJqdGkiOiIzN2Q5ZGNmYmZkNzY0NzVkOGYyNzljNGM2ODQyOTczOSIsImF1dGgiOiIiLCJpZCI6NTk2LCJzdWIiOiIxMiJ9.qE5ge57vKUjzaFNDno81cTuIKNlHDMWVuOsxHIFjPGuhcwK_5NghDU0avi19xxzNQvki0LRhLMs5a02Vi8J1SQ'}",接口param为：{'pageNum': '1', 'pageSize': '20'}
2022-02-07 10:32:47,275 - INFO requestbase.py [line:26]: 等待接口"https://supplychain-server-stg.jmj1995.com/items"时长:0:00:00.275583
2022-02-07 10:32:47,275 - INFO requestbase.py [line:26]: 等待接口"https://supplychain-server-stg.jmj1995.com/items"时长:0:00:00.275583
2022-02-07 10:32:47,286 - INFO assertbase.py [line:28]: 预计接口返回code为"200.0",实际返回code为:"200"
2022-02-07 10:32:47,286 - INFO assertbase.py [line:28]: 预计接口返回code为"200.0",实际返回code为:"200"
2022-02-07 10:32:47,292 - INFO assertbase.py [line:31]: 预计接口返回code为"200.0",实际返回code为:"200"
2022-02-07 10:32:47,292 - INFO assertbase.py [line:31]: 预计接口返回code为"200.0",实际返回code为:"200"
2022-02-07 10:32:47,306 - INFO requestbase.py [line:21]: 连通接口"https://supplychain-server-stg.jmj1995.com/items/1/belongingStandardAlternativeItemGroup",接口header为:"{'authorization': 'Bearer eyJhbGciOiJIUzUxMiJ9.eyJqdGkiOiIzN2Q5ZGNmYmZkNzY0NzVkOGYyNzljNGM2ODQyOTczOSIsImF1dGgiOiIiLCJpZCI6NTk2LCJzdWIiOiIxMiJ9.qE5ge57vKUjzaFNDno81cTuIKNlHDMWVuOsxHIFjPGuhcwK_5NghDU0avi19xxzNQvki0LRhLMs5a02Vi8J1SQ'}",接口param为：
2022-02-07 10:32:47,306 - INFO requestbase.py [line:21]: 连通接口"https://supplychain-server-stg.jmj1995.com/items/1/belongingStandardAlternativeItemGroup",接口header为:"{'authorization': 'Bearer eyJhbGciOiJIUzUxMiJ9.eyJqdGkiOiIzN2Q5ZGNmYmZkNzY0NzVkOGYyNzljNGM2ODQyOTczOSIsImF1dGgiOiIiLCJpZCI6NTk2LCJzdWIiOiIxMiJ9.qE5ge57vKUjzaFNDno81cTuIKNlHDMWVuOsxHIFjPGuhcwK_5NghDU0avi19xxzNQvki0LRhLMs5a02Vi8J1SQ'}",接口param为：
2022-02-07 10:32:47,415 - INFO requestbase.py [line:26]: 等待接口"https://supplychain-server-stg.jmj1995.com/items/1/belongingStandardAlternativeItemGroup"时长:0:00:00.105972
2022-02-07 10:32:47,415 - INFO requestbase.py [line:26]: 等待接口"https://supplychain-server-stg.jmj1995.com/items/1/belongingStandardAlternativeItemGroup"时长:0:00:00.105972
2022-02-07 10:32:47,418 - INFO assertbase.py [line:28]: 预计接口返回code为"200.0",实际返回code为:"200"
2022-02-07 10:32:47,418 - INFO assertbase.py [line:28]: 预计接口返回code为"200.0",实际返回code为:"200"
2022-02-07 10:32:47,421 - INFO assertbase.py [line:31]: 预计接口返回code为"200.0",实际返回code为:"200"
2022-02-07 10:32:47,421 - INFO assertbase.py [line:31]: 预计接口返回code为"200.0",实际返回code为:"200"
2022-02-07 10:32:47,432 - INFO requestbase.py [line:69]: 连通接口"https://supplychain-server-stg.jmj1995.com/items/1",接口data为:"",接口json{'enable': 'true', 'tags': ['12', '23', '34', '45', '56', '67', '78', '89', '01', '99953816724', '99897524630', '99135297046', '99254607193', '99310649275', '99376528194', '99352478916', '99503247816', '99187059632', '99953042716', '99638017452', '99237065184'], 'enableValidDays': 'true'}
2022-02-07 10:32:47,432 - INFO requestbase.py [line:69]: 连通接口"https://supplychain-server-stg.jmj1995.com/items/1",接口data为:"",接口json{'enable': 'true', 'tags': ['12', '23', '34', '45', '56', '67', '78', '89', '01', '99953816724', '99897524630', '99135297046', '99254607193', '99310649275', '99376528194', '99352478916', '99503247816', '99187059632', '99953042716', '99638017452', '99237065184'], 'enableValidDays': 'true'}
2022-02-07 10:32:47,565 - INFO requestbase.py [line:74]: 等待接口"https://supplychain-server-stg.jmj1995.com/items/1"时长:0:00:00.130262
2022-02-07 10:32:47,565 - INFO requestbase.py [line:74]: 等待接口"https://supplychain-server-stg.jmj1995.com/items/1"时长:0:00:00.130262
2022-02-07 10:32:47,576 - INFO assertbase.py [line:28]: 预计接口返回code为"200.0",实际返回code为:"200"
2022-02-07 10:32:47,576 - INFO assertbase.py [line:28]: 预计接口返回code为"200.0",实际返回code为:"200"
2022-02-07 10:32:47,584 - INFO assertbase.py [line:31]: 预计接口返回code为"200.0",实际返回code为:"200"
2022-02-07 10:32:47,584 - INFO assertbase.py [line:31]: 预计接口返回code为"200.0",实际返回code为:"200"
2022-02-07 10:32:47,597 - INFO requestbase.py [line:69]: 连通接口"https://supplychain-server-stg.jmj1995.com/shops/1",接口data为:"",接口json{'deliveryCenterId': 1, 'ownerCompanyId': 1}
2022-02-07 10:32:47,597 - INFO requestbase.py [line:69]: 连通接口"https://supplychain-server-stg.jmj1995.com/shops/1",接口data为:"",接口json{'deliveryCenterId': 1, 'ownerCompanyId': 1}
2022-02-07 10:32:47,798 - INFO requestbase.py [line:74]: 等待接口"https://supplychain-server-stg.jmj1995.com/shops/1"时长:0:00:00.197594
2022-02-07 10:32:47,798 - INFO requestbase.py [line:74]: 等待接口"https://supplychain-server-stg.jmj1995.com/shops/1"时长:0:00:00.197594
2022-02-07 10:32:47,801 - INFO assertbase.py [line:28]: 预计接口返回code为"200.0",实际返回code为:"200"
2022-02-07 10:32:47,801 - INFO assertbase.py [line:28]: 预计接口返回code为"200.0",实际返回code为:"200"
2022-02-07 10:32:47,804 - INFO assertbase.py [line:31]: 预计接口返回code为"200.0",实际返回code为:"200"
2022-02-07 10:32:47,804 - INFO assertbase.py [line:31]: 预计接口返回code为"200.0",实际返回code为:"200"
2022-02-07 10:32:47,813 - INFO requestbase.py [line:21]: 连通接口"https://supplychain-server-stg.jmj1995.com/suppliers/1",接口header为:"{'authorization': 'Bearer eyJhbGciOiJIUzUxMiJ9.eyJqdGkiOiIzN2Q5ZGNmYmZkNzY0NzVkOGYyNzljNGM2ODQyOTczOSIsImF1dGgiOiIiLCJpZCI6NTk2LCJzdWIiOiIxMiJ9.qE5ge57vKUjzaFNDno81cTuIKNlHDMWVuOsxHIFjPGuhcwK_5NghDU0avi19xxzNQvki0LRhLMs5a02Vi8J1SQ'}",接口param为：
2022-02-07 10:32:47,813 - INFO requestbase.py [line:21]: 连通接口"https://supplychain-server-stg.jmj1995.com/suppliers/1",接口header为:"{'authorization': 'Bearer eyJhbGciOiJIUzUxMiJ9.eyJqdGkiOiIzN2Q5ZGNmYmZkNzY0NzVkOGYyNzljNGM2ODQyOTczOSIsImF1dGgiOiIiLCJpZCI6NTk2LCJzdWIiOiIxMiJ9.qE5ge57vKUjzaFNDno81cTuIKNlHDMWVuOsxHIFjPGuhcwK_5NghDU0avi19xxzNQvki0LRhLMs5a02Vi8J1SQ'}",接口param为：
2022-02-07 10:32:48,472 - INFO requestbase.py [line:26]: 等待接口"https://supplychain-server-stg.jmj1995.com/suppliers/1"时长:0:00:00.656536
2022-02-07 10:32:48,472 - INFO requestbase.py [line:26]: 等待接口"https://supplychain-server-stg.jmj1995.com/suppliers/1"时长:0:00:00.656536
2022-02-07 10:32:48,475 - INFO assertbase.py [line:28]: 预计接口返回code为"200.0",实际返回code为:"200"
2022-02-07 10:32:48,475 - INFO assertbase.py [line:28]: 预计接口返回code为"200.0",实际返回code为:"200"
2022-02-07 10:32:48,478 - INFO assertbase.py [line:31]: 预计接口返回code为"200.0",实际返回code为:"200"
2022-02-07 10:32:48,478 - INFO assertbase.py [line:31]: 预计接口返回code为"200.0",实际返回code为:"200"
2022-02-07 10:32:48,487 - INFO requestbase.py [line:69]: 连通接口"https://supplychain-server-stg.jmj1995.com/suppliers/1",接口data为:"",接口json{'enable': 'false'}
2022-02-07 10:32:48,487 - INFO requestbase.py [line:69]: 连通接口"https://supplychain-server-stg.jmj1995.com/suppliers/1",接口data为:"",接口json{'enable': 'false'}
2022-02-07 10:32:48,636 - INFO requestbase.py [line:74]: 等待接口"https://supplychain-server-stg.jmj1995.com/suppliers/1"时长:0:00:00.146019
2022-02-07 10:32:48,636 - INFO requestbase.py [line:74]: 等待接口"https://supplychain-server-stg.jmj1995.com/suppliers/1"时长:0:00:00.146019
2022-02-07 10:32:48,644 - INFO assertbase.py [line:28]: 预计接口返回code为"200.0",实际返回code为:"200"
2022-02-07 10:32:48,644 - INFO assertbase.py [line:28]: 预计接口返回code为"200.0",实际返回code为:"200"
2022-02-07 10:32:48,651 - INFO assertbase.py [line:31]: 预计接口返回code为"200.0",实际返回code为:"200"
2022-02-07 10:32:48,651 - INFO assertbase.py [line:31]: 预计接口返回code为"200.0",实际返回code为:"200"
