2022-03-04 17:40:27,587 - INFO basePage.py [line:88]: 查找"输入账号"元素，元素定位:('xpath', "//*[@id='app']/div/div[1]/div[2]/form/div[2]/div/div/input")
2022-03-04 17:40:27,587 - INFO basePage.py [line:88]: 查找"输入账号"元素，元素定位:('xpath', "//*[@id='app']/div/div[1]/div[2]/form/div[2]/div/div/input")
2022-03-04 17:40:27,607 - INFO basePage.py [line:112]: 在"输入账号"输入"oms1213",元素定位:('xpath', "//*[@id='app']/div/div[1]/div[2]/form/div[2]/div/div/input")
2022-03-04 17:40:27,607 - INFO basePage.py [line:112]: 在"输入账号"输入"oms1213",元素定位:('xpath', "//*[@id='app']/div/div[1]/div[2]/form/div[2]/div/div/input")
2022-03-04 17:40:27,681 - INFO basePage.py [line:88]: 查找"输入密码"元素，元素定位:('xpath', "//*[@id='app']/div/div[1]/div[2]/form/div[3]/div/div/input")
2022-03-04 17:40:27,681 - INFO basePage.py [line:88]: 查找"输入密码"元素，元素定位:('xpath', "//*[@id='app']/div/div[1]/div[2]/form/div[3]/div/div/input")
2022-03-04 17:40:27,694 - INFO basePage.py [line:112]: 在"输入密码"输入"Qq123456",元素定位:('xpath', "//*[@id='app']/div/div[1]/div[2]/form/div[3]/div/div/input")
2022-03-04 17:40:27,694 - INFO basePage.py [line:112]: 在"输入密码"输入"Qq123456",元素定位:('xpath', "//*[@id='app']/div/div[1]/div[2]/form/div[3]/div/div/input")
2022-03-04 17:40:27,756 - INFO basePage.py [line:88]: 查找"点击登录"元素，元素定位:('xpath', "//*[@id='app']/div/div[1]/div[2]/form/button")
2022-03-04 17:40:27,756 - INFO basePage.py [line:88]: 查找"点击登录"元素，元素定位:('xpath', "//*[@id='app']/div/div[1]/div[2]/form/button")
2022-03-04 17:40:27,767 - INFO basePage.py [line:139]: 点击"点击登录",元素定位:('xpath', "//*[@id='app']/div/div[1]/div[2]/form/button")
2022-03-04 17:40:27,767 - INFO basePage.py [line:139]: 点击"点击登录",元素定位:('xpath', "//*[@id='app']/div/div[1]/div[2]/form/button")
2022-03-04 17:40:30,834 - INFO basePage.py [line:88]: 查找"供应链管理"元素，元素定位:('xpath', "//*[@id='app']/div/div[1]/div[2]/div[1]/div/ul/div[2]/li/div")
2022-03-04 17:40:30,834 - INFO basePage.py [line:88]: 查找"供应链管理"元素，元素定位:('xpath', "//*[@id='app']/div/div[1]/div[2]/div[1]/div/ul/div[2]/li/div")
2022-03-04 17:40:30,877 - INFO basePage.py [line:139]: 点击"供应链管理",元素定位:('xpath', "//*[@id='app']/div/div[1]/div[2]/div[1]/div/ul/div[2]/li/div")
2022-03-04 17:40:30,877 - INFO basePage.py [line:139]: 点击"供应链管理",元素定位:('xpath', "//*[@id='app']/div/div[1]/div[2]/div[1]/div/ul/div[2]/li/div")
2022-03-04 17:40:30,920 - INFO basePage.py [line:88]: 查找"员工餐管理"元素，元素定位:('xpath', "//*[@id='app']/div/div[1]/div[2]/div[1]/div/ul/div[2]/li/ul/div[6]/li/div")
2022-03-04 17:40:30,920 - INFO basePage.py [line:88]: 查找"员工餐管理"元素，元素定位:('xpath', "//*[@id='app']/div/div[1]/div[2]/div[1]/div/ul/div[2]/li/ul/div[6]/li/div")
2022-03-04 17:40:30,933 - INFO basePage.py [line:139]: 点击"员工餐管理",元素定位:('xpath', "//*[@id='app']/div/div[1]/div[2]/div[1]/div/ul/div[2]/li/ul/div[6]/li/div")
2022-03-04 17:40:30,933 - INFO basePage.py [line:139]: 点击"员工餐管理",元素定位:('xpath', "//*[@id='app']/div/div[1]/div[2]/div[1]/div/ul/div[2]/li/ul/div[6]/li/div")
2022-03-04 17:40:33,113 - INFO basePage.py [line:88]: 查找"点击员工餐模板"元素，元素定位:('xpath', "//*[@id='app']/div/div[1]/div[2]/div[1]/div/ul/div[2]/li/ul/div[6]/li/ul/div[1]/a/li")
2022-03-04 17:40:33,113 - INFO basePage.py [line:88]: 查找"点击员工餐模板"元素，元素定位:('xpath', "//*[@id='app']/div/div[1]/div[2]/div[1]/div/ul/div[2]/li/ul/div[6]/li/ul/div[1]/a/li")
2022-03-04 17:40:33,129 - INFO basePage.py [line:139]: 点击"点击员工餐模板",元素定位:('xpath', "//*[@id='app']/div/div[1]/div[2]/div[1]/div/ul/div[2]/li/ul/div[6]/li/ul/div[1]/a/li")
2022-03-04 17:40:33,129 - INFO basePage.py [line:139]: 点击"点击员工餐模板",元素定位:('xpath', "//*[@id='app']/div/div[1]/div[2]/div[1]/div/ul/div[2]/li/ul/div[6]/li/ul/div[1]/a/li")
