2022-02-11 15:09:34,138 - INFO requestbase.py [line:33]: 连通接口"https://gateway-stg.datousoft.com/authority/auth/login",接口data为:"",接口json{'groupId': '3', 'username': 'TRtsH2z2egXgbqWAIOTsJBf7E+Z/nA17u7HoVWtUqBIQP3PXpTeNuxcIm2rHTBkpnuCplP+CR/CkjzNFC2oMTKzMgXJWSu97e0qqLOV+Sm8VqntO0HMC0gTlQkHzJ33LLA4x12fDEGJnLcaznG16eCYlZPgssGvazAPGvOO7Wqk=', 'password': 'rlSCBdDGZAeGyaN7qlTWWEsZN0r8dlD7y81u2Waq2IyyUJfIZZ9A8Iua0eJpViQOeEOUQgk4L/5SaZtRQrfv3iJG2ryuw+zv8FX+DS6CY/kkZwmq6jnebMDCeaUhcBkbS+6g3vOM9Q0fCR/5yPLOJ5SQlYAnyL+pd66NSlFkh4M=', 'validate': '', 'challenge': '', 'seccode': ''}
2022-02-11 15:09:34,138 - INFO requestbase.py [line:33]: 连通接口"https://gateway-stg.datousoft.com/authority/auth/login",接口data为:"",接口json{'groupId': '3', 'username': 'TRtsH2z2egXgbqWAIOTsJBf7E+Z/nA17u7HoVWtUqBIQP3PXpTeNuxcIm2rHTBkpnuCplP+CR/CkjzNFC2oMTKzMgXJWSu97e0qqLOV+Sm8VqntO0HMC0gTlQkHzJ33LLA4x12fDEGJnLcaznG16eCYlZPgssGvazAPGvOO7Wqk=', 'password': 'rlSCBdDGZAeGyaN7qlTWWEsZN0r8dlD7y81u2Waq2IyyUJfIZZ9A8Iua0eJpViQOeEOUQgk4L/5SaZtRQrfv3iJG2ryuw+zv8FX+DS6CY/kkZwmq6jnebMDCeaUhcBkbS+6g3vOM9Q0fCR/5yPLOJ5SQlYAnyL+pd66NSlFkh4M=', 'validate': '', 'challenge': '', 'seccode': ''}
2022-02-11 15:09:34,429 - INFO requestbase.py [line:38]: 等待接口"https://gateway-stg.datousoft.com/authority/auth/login"时长:0:00:00.287726
2022-02-11 15:09:34,429 - INFO requestbase.py [line:38]: 等待接口"https://gateway-stg.datousoft.com/authority/auth/login"时长:0:00:00.287726
2022-02-11 15:09:34,900 - INFO requestbase.py [line:33]: 连通接口"https://gateway-stg.datousoft.com/authority/auth/login",接口data为:"",接口json{'groupId': '3', 'username': 'TRtsH2z2egXgbqWAIOTsJBf7E+Z/nA17u7HoVWtUqBIQP3PXpTeNuxcIm2rHTBkpnuCplP+CR/CkjzNFC2oMTKzMgXJWSu97e0qqLOV+Sm8VqntO0HMC0gTlQkHzJ33LLA4x12fDEGJnLcaznG16eCYlZPgssGvazAPGvOO7Wqk=', 'password': 'rlSCBdDGZAeGyaN7qlTWWEsZN0r8dlD7y81u2Waq2IyyUJfIZZ9A8Iua0eJpViQOeEOUQgk4L/5SaZtRQrfv3iJG2ryuw+zv8FX+DS6CY/kkZwmq6jnebMDCeaUhcBkbS+6g3vOM9Q0fCR/5yPLOJ5SQlYAnyL+pd66NSlFkh4M=', 'validate': '', 'challenge': '', 'seccode': ''}
2022-02-11 15:09:34,900 - INFO requestbase.py [line:33]: 连通接口"https://gateway-stg.datousoft.com/authority/auth/login",接口data为:"",接口json{'groupId': '3', 'username': 'TRtsH2z2egXgbqWAIOTsJBf7E+Z/nA17u7HoVWtUqBIQP3PXpTeNuxcIm2rHTBkpnuCplP+CR/CkjzNFC2oMTKzMgXJWSu97e0qqLOV+Sm8VqntO0HMC0gTlQkHzJ33LLA4x12fDEGJnLcaznG16eCYlZPgssGvazAPGvOO7Wqk=', 'password': 'rlSCBdDGZAeGyaN7qlTWWEsZN0r8dlD7y81u2Waq2IyyUJfIZZ9A8Iua0eJpViQOeEOUQgk4L/5SaZtRQrfv3iJG2ryuw+zv8FX+DS6CY/kkZwmq6jnebMDCeaUhcBkbS+6g3vOM9Q0fCR/5yPLOJ5SQlYAnyL+pd66NSlFkh4M=', 'validate': '', 'challenge': '', 'seccode': ''}
2022-02-11 15:09:34,900 - INFO requestbase.py [line:33]: 连通接口"https://gateway-stg.datousoft.com/authority/auth/login",接口data为:"",接口json{'groupId': '3', 'username': 'TRtsH2z2egXgbqWAIOTsJBf7E+Z/nA17u7HoVWtUqBIQP3PXpTeNuxcIm2rHTBkpnuCplP+CR/CkjzNFC2oMTKzMgXJWSu97e0qqLOV+Sm8VqntO0HMC0gTlQkHzJ33LLA4x12fDEGJnLcaznG16eCYlZPgssGvazAPGvOO7Wqk=', 'password': 'rlSCBdDGZAeGyaN7qlTWWEsZN0r8dlD7y81u2Waq2IyyUJfIZZ9A8Iua0eJpViQOeEOUQgk4L/5SaZtRQrfv3iJG2ryuw+zv8FX+DS6CY/kkZwmq6jnebMDCeaUhcBkbS+6g3vOM9Q0fCR/5yPLOJ5SQlYAnyL+pd66NSlFkh4M=', 'validate': '', 'challenge': '', 'seccode': ''}
2022-02-11 15:09:34,900 - INFO requestbase.py [line:33]: 连通接口"https://gateway-stg.datousoft.com/authority/auth/login",接口data为:"",接口json{'groupId': '3', 'username': 'TRtsH2z2egXgbqWAIOTsJBf7E+Z/nA17u7HoVWtUqBIQP3PXpTeNuxcIm2rHTBkpnuCplP+CR/CkjzNFC2oMTKzMgXJWSu97e0qqLOV+Sm8VqntO0HMC0gTlQkHzJ33LLA4x12fDEGJnLcaznG16eCYlZPgssGvazAPGvOO7Wqk=', 'password': 'rlSCBdDGZAeGyaN7qlTWWEsZN0r8dlD7y81u2Waq2IyyUJfIZZ9A8Iua0eJpViQOeEOUQgk4L/5SaZtRQrfv3iJG2ryuw+zv8FX+DS6CY/kkZwmq6jnebMDCeaUhcBkbS+6g3vOM9Q0fCR/5yPLOJ5SQlYAnyL+pd66NSlFkh4M=', 'validate': '', 'challenge': '', 'seccode': ''}
2022-02-11 15:09:35,188 - INFO requestbase.py [line:38]: 等待接口"https://gateway-stg.datousoft.com/authority/auth/login"时长:0:00:00.281856
2022-02-11 15:09:35,188 - INFO requestbase.py [line:38]: 等待接口"https://gateway-stg.datousoft.com/authority/auth/login"时长:0:00:00.281856
2022-02-11 15:09:35,188 - INFO requestbase.py [line:38]: 等待接口"https://gateway-stg.datousoft.com/authority/auth/login"时长:0:00:00.281856
2022-02-11 15:09:35,188 - INFO requestbase.py [line:38]: 等待接口"https://gateway-stg.datousoft.com/authority/auth/login"时长:0:00:00.281856
2022-02-11 15:09:35,242 - INFO requestbase.py [line:33]: 连通接口"https://supplychain-server-stg.datousoft.com/staffMealItemGroups/",接口data为:"",接口json{'itemGroupInfo': {'name': '99034162978', 'remark': ''}, 'itemIdList': [1], 'relatedOrganizationList': [{'organizationType': 'SHOP', 'organizationId': '31', 'organizationName': '太二广州海珠万达分店'}]}
2022-02-11 15:09:35,242 - INFO requestbase.py [line:33]: 连通接口"https://supplychain-server-stg.datousoft.com/staffMealItemGroups/",接口data为:"",接口json{'itemGroupInfo': {'name': '99034162978', 'remark': ''}, 'itemIdList': [1], 'relatedOrganizationList': [{'organizationType': 'SHOP', 'organizationId': '31', 'organizationName': '太二广州海珠万达分店'}]}
2022-02-11 15:09:35,242 - INFO requestbase.py [line:33]: 连通接口"https://supplychain-server-stg.datousoft.com/staffMealItemGroups/",接口data为:"",接口json{'itemGroupInfo': {'name': '99034162978', 'remark': ''}, 'itemIdList': [1], 'relatedOrganizationList': [{'organizationType': 'SHOP', 'organizationId': '31', 'organizationName': '太二广州海珠万达分店'}]}
2022-02-11 15:09:35,242 - INFO requestbase.py [line:33]: 连通接口"https://supplychain-server-stg.datousoft.com/staffMealItemGroups/",接口data为:"",接口json{'itemGroupInfo': {'name': '99034162978', 'remark': ''}, 'itemIdList': [1], 'relatedOrganizationList': [{'organizationType': 'SHOP', 'organizationId': '31', 'organizationName': '太二广州海珠万达分店'}]}
2022-02-11 15:09:35,337 - INFO requestbase.py [line:38]: 等待接口"https://supplychain-server-stg.datousoft.com/staffMealItemGroups/"时长:0:00:00.091875
2022-02-11 15:09:35,337 - INFO requestbase.py [line:38]: 等待接口"https://supplychain-server-stg.datousoft.com/staffMealItemGroups/"时长:0:00:00.091875
2022-02-11 15:09:35,337 - INFO requestbase.py [line:38]: 等待接口"https://supplychain-server-stg.datousoft.com/staffMealItemGroups/"时长:0:00:00.091875
2022-02-11 15:09:35,337 - INFO requestbase.py [line:38]: 等待接口"https://supplychain-server-stg.datousoft.com/staffMealItemGroups/"时长:0:00:00.091875
2022-02-11 15:09:35,339 - INFO assertbase.py [line:28]: 预计接口返回code为"201.0",实际返回code为:"201"
2022-02-11 15:09:35,339 - INFO assertbase.py [line:28]: 预计接口返回code为"201.0",实际返回code为:"201"
2022-02-11 15:09:35,339 - INFO assertbase.py [line:28]: 预计接口返回code为"201.0",实际返回code为:"201"
2022-02-11 15:09:35,339 - INFO assertbase.py [line:28]: 预计接口返回code为"201.0",实际返回code为:"201"
2022-02-11 15:09:35,342 - INFO assertbase.py [line:31]: 预计接口返回code为"201.0",实际返回code为:"201"
2022-02-11 15:09:35,342 - INFO assertbase.py [line:31]: 预计接口返回code为"201.0",实际返回code为:"201"
2022-02-11 15:09:35,342 - INFO assertbase.py [line:31]: 预计接口返回code为"201.0",实际返回code为:"201"
2022-02-11 15:09:35,342 - INFO assertbase.py [line:31]: 预计接口返回code为"201.0",实际返回code为:"201"
2022-02-11 15:09:35,352 - INFO requestbase.py [line:21]: 连通接口"https://supplychain-server-stg.datousoft.com/staffMealItemGroups/120",接口header为:"{'authorization': 'Bearer eyJhbGciOiJIUzUxMiJ9.eyJqdGkiOiIzMDZmOWRiOTVlMjk0ODdhOWM3MjBiMGQ3NTE5MjQ4OSIsImF1dGgiOiIiLCJpZCI6NTk5LCJzdWIiOiIxMiJ9.zMTcyhY5gld8kYlh4p3OL0KMydTTqu9FonP5vaa0B5QXXMvhNJ--F14LqhpP9l7OvST3kc9Ofh9zZcx4BlrgRg'}",接口param为：
2022-02-11 15:09:35,352 - INFO requestbase.py [line:21]: 连通接口"https://supplychain-server-stg.datousoft.com/staffMealItemGroups/120",接口header为:"{'authorization': 'Bearer eyJhbGciOiJIUzUxMiJ9.eyJqdGkiOiIzMDZmOWRiOTVlMjk0ODdhOWM3MjBiMGQ3NTE5MjQ4OSIsImF1dGgiOiIiLCJpZCI6NTk5LCJzdWIiOiIxMiJ9.zMTcyhY5gld8kYlh4p3OL0KMydTTqu9FonP5vaa0B5QXXMvhNJ--F14LqhpP9l7OvST3kc9Ofh9zZcx4BlrgRg'}",接口param为：
2022-02-11 15:09:35,352 - INFO requestbase.py [line:21]: 连通接口"https://supplychain-server-stg.datousoft.com/staffMealItemGroups/120",接口header为:"{'authorization': 'Bearer eyJhbGciOiJIUzUxMiJ9.eyJqdGkiOiIzMDZmOWRiOTVlMjk0ODdhOWM3MjBiMGQ3NTE5MjQ4OSIsImF1dGgiOiIiLCJpZCI6NTk5LCJzdWIiOiIxMiJ9.zMTcyhY5gld8kYlh4p3OL0KMydTTqu9FonP5vaa0B5QXXMvhNJ--F14LqhpP9l7OvST3kc9Ofh9zZcx4BlrgRg'}",接口param为：
2022-02-11 15:09:35,352 - INFO requestbase.py [line:21]: 连通接口"https://supplychain-server-stg.datousoft.com/staffMealItemGroups/120",接口header为:"{'authorization': 'Bearer eyJhbGciOiJIUzUxMiJ9.eyJqdGkiOiIzMDZmOWRiOTVlMjk0ODdhOWM3MjBiMGQ3NTE5MjQ4OSIsImF1dGgiOiIiLCJpZCI6NTk5LCJzdWIiOiIxMiJ9.zMTcyhY5gld8kYlh4p3OL0KMydTTqu9FonP5vaa0B5QXXMvhNJ--F14LqhpP9l7OvST3kc9Ofh9zZcx4BlrgRg'}",接口param为：
2022-02-11 15:09:35,418 - INFO requestbase.py [line:26]: 等待接口"https://supplychain-server-stg.datousoft.com/staffMealItemGroups/120"时长:0:00:00.062833
2022-02-11 15:09:35,418 - INFO requestbase.py [line:26]: 等待接口"https://supplychain-server-stg.datousoft.com/staffMealItemGroups/120"时长:0:00:00.062833
2022-02-11 15:09:35,418 - INFO requestbase.py [line:26]: 等待接口"https://supplychain-server-stg.datousoft.com/staffMealItemGroups/120"时长:0:00:00.062833
2022-02-11 15:09:35,418 - INFO requestbase.py [line:26]: 等待接口"https://supplychain-server-stg.datousoft.com/staffMealItemGroups/120"时长:0:00:00.062833
2022-02-11 15:09:35,421 - INFO assertbase.py [line:28]: 预计接口返回code为"200.0",实际返回code为:"200"
2022-02-11 15:09:35,421 - INFO assertbase.py [line:28]: 预计接口返回code为"200.0",实际返回code为:"200"
2022-02-11 15:09:35,421 - INFO assertbase.py [line:28]: 预计接口返回code为"200.0",实际返回code为:"200"
2022-02-11 15:09:35,421 - INFO assertbase.py [line:28]: 预计接口返回code为"200.0",实际返回code为:"200"
2022-02-11 15:09:35,423 - INFO assertbase.py [line:31]: 预计接口返回code为"200.0",实际返回code为:"200"
2022-02-11 15:09:35,423 - INFO assertbase.py [line:31]: 预计接口返回code为"200.0",实际返回code为:"200"
2022-02-11 15:09:35,423 - INFO assertbase.py [line:31]: 预计接口返回code为"200.0",实际返回code为:"200"
2022-02-11 15:09:35,423 - INFO assertbase.py [line:31]: 预计接口返回code为"200.0",实际返回code为:"200"
2022-02-11 15:09:35,425 - INFO requestbase.py [line:21]: 连通接口"https://supplychain-server-stg.datousoft.com/staffMealItemGroups/120/relatedOrganizations",接口header为:"{'authorization': 'Bearer eyJhbGciOiJIUzUxMiJ9.eyJqdGkiOiIzMDZmOWRiOTVlMjk0ODdhOWM3MjBiMGQ3NTE5MjQ4OSIsImF1dGgiOiIiLCJpZCI6NTk5LCJzdWIiOiIxMiJ9.zMTcyhY5gld8kYlh4p3OL0KMydTTqu9FonP5vaa0B5QXXMvhNJ--F14LqhpP9l7OvST3kc9Ofh9zZcx4BlrgRg'}",接口param为：
2022-02-11 15:09:35,425 - INFO requestbase.py [line:21]: 连通接口"https://supplychain-server-stg.datousoft.com/staffMealItemGroups/120/relatedOrganizations",接口header为:"{'authorization': 'Bearer eyJhbGciOiJIUzUxMiJ9.eyJqdGkiOiIzMDZmOWRiOTVlMjk0ODdhOWM3MjBiMGQ3NTE5MjQ4OSIsImF1dGgiOiIiLCJpZCI6NTk5LCJzdWIiOiIxMiJ9.zMTcyhY5gld8kYlh4p3OL0KMydTTqu9FonP5vaa0B5QXXMvhNJ--F14LqhpP9l7OvST3kc9Ofh9zZcx4BlrgRg'}",接口param为：
2022-02-11 15:09:35,425 - INFO requestbase.py [line:21]: 连通接口"https://supplychain-server-stg.datousoft.com/staffMealItemGroups/120/relatedOrganizations",接口header为:"{'authorization': 'Bearer eyJhbGciOiJIUzUxMiJ9.eyJqdGkiOiIzMDZmOWRiOTVlMjk0ODdhOWM3MjBiMGQ3NTE5MjQ4OSIsImF1dGgiOiIiLCJpZCI6NTk5LCJzdWIiOiIxMiJ9.zMTcyhY5gld8kYlh4p3OL0KMydTTqu9FonP5vaa0B5QXXMvhNJ--F14LqhpP9l7OvST3kc9Ofh9zZcx4BlrgRg'}",接口param为：
2022-02-11 15:09:35,425 - INFO requestbase.py [line:21]: 连通接口"https://supplychain-server-stg.datousoft.com/staffMealItemGroups/120/relatedOrganizations",接口header为:"{'authorization': 'Bearer eyJhbGciOiJIUzUxMiJ9.eyJqdGkiOiIzMDZmOWRiOTVlMjk0ODdhOWM3MjBiMGQ3NTE5MjQ4OSIsImF1dGgiOiIiLCJpZCI6NTk5LCJzdWIiOiIxMiJ9.zMTcyhY5gld8kYlh4p3OL0KMydTTqu9FonP5vaa0B5QXXMvhNJ--F14LqhpP9l7OvST3kc9Ofh9zZcx4BlrgRg'}",接口param为：
2022-02-11 15:09:35,487 - INFO requestbase.py [line:26]: 等待接口"https://supplychain-server-stg.datousoft.com/staffMealItemGroups/120/relatedOrganizations"时长:0:00:00.059840
2022-02-11 15:09:35,487 - INFO requestbase.py [line:26]: 等待接口"https://supplychain-server-stg.datousoft.com/staffMealItemGroups/120/relatedOrganizations"时长:0:00:00.059840
2022-02-11 15:09:35,487 - INFO requestbase.py [line:26]: 等待接口"https://supplychain-server-stg.datousoft.com/staffMealItemGroups/120/relatedOrganizations"时长:0:00:00.059840
2022-02-11 15:09:35,487 - INFO requestbase.py [line:26]: 等待接口"https://supplychain-server-stg.datousoft.com/staffMealItemGroups/120/relatedOrganizations"时长:0:00:00.059840
2022-02-11 15:09:35,490 - INFO assertbase.py [line:28]: 预计接口返回code为"200.0",实际返回code为:"200"
2022-02-11 15:09:35,490 - INFO assertbase.py [line:28]: 预计接口返回code为"200.0",实际返回code为:"200"
2022-02-11 15:09:35,490 - INFO assertbase.py [line:28]: 预计接口返回code为"200.0",实际返回code为:"200"
2022-02-11 15:09:35,490 - INFO assertbase.py [line:28]: 预计接口返回code为"200.0",实际返回code为:"200"
2022-02-11 15:09:35,492 - INFO assertbase.py [line:31]: 预计接口返回code为"200.0",实际返回code为:"200"
2022-02-11 15:09:35,492 - INFO assertbase.py [line:31]: 预计接口返回code为"200.0",实际返回code为:"200"
2022-02-11 15:09:35,492 - INFO assertbase.py [line:31]: 预计接口返回code为"200.0",实际返回code为:"200"
2022-02-11 15:09:35,492 - INFO assertbase.py [line:31]: 预计接口返回code为"200.0",实际返回code为:"200"
2022-02-11 15:09:35,495 - INFO requestbase.py [line:21]: 连通接口"https://supplychain-server-stg.datousoft.com/staffMealItemGroups/120/items",接口header为:"{'authorization': 'Bearer eyJhbGciOiJIUzUxMiJ9.eyJqdGkiOiIzMDZmOWRiOTVlMjk0ODdhOWM3MjBiMGQ3NTE5MjQ4OSIsImF1dGgiOiIiLCJpZCI6NTk5LCJzdWIiOiIxMiJ9.zMTcyhY5gld8kYlh4p3OL0KMydTTqu9FonP5vaa0B5QXXMvhNJ--F14LqhpP9l7OvST3kc9Ofh9zZcx4BlrgRg'}",接口param为：
2022-02-11 15:09:35,495 - INFO requestbase.py [line:21]: 连通接口"https://supplychain-server-stg.datousoft.com/staffMealItemGroups/120/items",接口header为:"{'authorization': 'Bearer eyJhbGciOiJIUzUxMiJ9.eyJqdGkiOiIzMDZmOWRiOTVlMjk0ODdhOWM3MjBiMGQ3NTE5MjQ4OSIsImF1dGgiOiIiLCJpZCI6NTk5LCJzdWIiOiIxMiJ9.zMTcyhY5gld8kYlh4p3OL0KMydTTqu9FonP5vaa0B5QXXMvhNJ--F14LqhpP9l7OvST3kc9Ofh9zZcx4BlrgRg'}",接口param为：
2022-02-11 15:09:35,495 - INFO requestbase.py [line:21]: 连通接口"https://supplychain-server-stg.datousoft.com/staffMealItemGroups/120/items",接口header为:"{'authorization': 'Bearer eyJhbGciOiJIUzUxMiJ9.eyJqdGkiOiIzMDZmOWRiOTVlMjk0ODdhOWM3MjBiMGQ3NTE5MjQ4OSIsImF1dGgiOiIiLCJpZCI6NTk5LCJzdWIiOiIxMiJ9.zMTcyhY5gld8kYlh4p3OL0KMydTTqu9FonP5vaa0B5QXXMvhNJ--F14LqhpP9l7OvST3kc9Ofh9zZcx4BlrgRg'}",接口param为：
2022-02-11 15:09:35,495 - INFO requestbase.py [line:21]: 连通接口"https://supplychain-server-stg.datousoft.com/staffMealItemGroups/120/items",接口header为:"{'authorization': 'Bearer eyJhbGciOiJIUzUxMiJ9.eyJqdGkiOiIzMDZmOWRiOTVlMjk0ODdhOWM3MjBiMGQ3NTE5MjQ4OSIsImF1dGgiOiIiLCJpZCI6NTk5LCJzdWIiOiIxMiJ9.zMTcyhY5gld8kYlh4p3OL0KMydTTqu9FonP5vaa0B5QXXMvhNJ--F14LqhpP9l7OvST3kc9Ofh9zZcx4BlrgRg'}",接口param为：
2022-02-11 15:09:35,556 - INFO requestbase.py [line:26]: 等待接口"https://supplychain-server-stg.datousoft.com/staffMealItemGroups/120/items"时长:0:00:00.058843
2022-02-11 15:09:35,556 - INFO requestbase.py [line:26]: 等待接口"https://supplychain-server-stg.datousoft.com/staffMealItemGroups/120/items"时长:0:00:00.058843
2022-02-11 15:09:35,556 - INFO requestbase.py [line:26]: 等待接口"https://supplychain-server-stg.datousoft.com/staffMealItemGroups/120/items"时长:0:00:00.058843
2022-02-11 15:09:35,556 - INFO requestbase.py [line:26]: 等待接口"https://supplychain-server-stg.datousoft.com/staffMealItemGroups/120/items"时长:0:00:00.058843
2022-02-11 15:09:35,558 - INFO assertbase.py [line:28]: 预计接口返回code为"200.0",实际返回code为:"200"
2022-02-11 15:09:35,558 - INFO assertbase.py [line:28]: 预计接口返回code为"200.0",实际返回code为:"200"
2022-02-11 15:09:35,558 - INFO assertbase.py [line:28]: 预计接口返回code为"200.0",实际返回code为:"200"
2022-02-11 15:09:35,558 - INFO assertbase.py [line:28]: 预计接口返回code为"200.0",实际返回code为:"200"
2022-02-11 15:09:35,560 - INFO assertbase.py [line:31]: 预计接口返回code为"200.0",实际返回code为:"200"
2022-02-11 15:09:35,560 - INFO assertbase.py [line:31]: 预计接口返回code为"200.0",实际返回code为:"200"
2022-02-11 15:09:35,560 - INFO assertbase.py [line:31]: 预计接口返回code为"200.0",实际返回code为:"200"
2022-02-11 15:09:35,560 - INFO assertbase.py [line:31]: 预计接口返回code为"200.0",实际返回code为:"200"
2022-02-11 15:09:35,569 - INFO requestbase.py [line:45]: 连通接口"https://supplychain-server-stg.datousoft.com/staffMealItemGroups/120",接口data为:"",接口json{'name': '99034162978', 'remark': '655555'}
2022-02-11 15:09:35,569 - INFO requestbase.py [line:45]: 连通接口"https://supplychain-server-stg.datousoft.com/staffMealItemGroups/120",接口data为:"",接口json{'name': '99034162978', 'remark': '655555'}
2022-02-11 15:09:35,569 - INFO requestbase.py [line:45]: 连通接口"https://supplychain-server-stg.datousoft.com/staffMealItemGroups/120",接口data为:"",接口json{'name': '99034162978', 'remark': '655555'}
2022-02-11 15:09:35,569 - INFO requestbase.py [line:45]: 连通接口"https://supplychain-server-stg.datousoft.com/staffMealItemGroups/120",接口data为:"",接口json{'name': '99034162978', 'remark': '655555'}
2022-02-11 15:09:35,645 - INFO requestbase.py [line:50]: 等待接口"https://supplychain-server-stg.datousoft.com/staffMealItemGroups/120"时长:0:00:00.072805
2022-02-11 15:09:35,645 - INFO requestbase.py [line:50]: 等待接口"https://supplychain-server-stg.datousoft.com/staffMealItemGroups/120"时长:0:00:00.072805
2022-02-11 15:09:35,645 - INFO requestbase.py [line:50]: 等待接口"https://supplychain-server-stg.datousoft.com/staffMealItemGroups/120"时长:0:00:00.072805
2022-02-11 15:09:35,645 - INFO requestbase.py [line:50]: 等待接口"https://supplychain-server-stg.datousoft.com/staffMealItemGroups/120"时长:0:00:00.072805
2022-02-11 15:09:35,647 - INFO assertbase.py [line:28]: 预计接口返回code为"200.0",实际返回code为:"200"
2022-02-11 15:09:35,647 - INFO assertbase.py [line:28]: 预计接口返回code为"200.0",实际返回code为:"200"
2022-02-11 15:09:35,647 - INFO assertbase.py [line:28]: 预计接口返回code为"200.0",实际返回code为:"200"
2022-02-11 15:09:35,647 - INFO assertbase.py [line:28]: 预计接口返回code为"200.0",实际返回code为:"200"
2022-02-11 15:09:35,650 - INFO assertbase.py [line:31]: 预计接口返回code为"200.0",实际返回code为:"200"
2022-02-11 15:09:35,650 - INFO assertbase.py [line:31]: 预计接口返回code为"200.0",实际返回code为:"200"
2022-02-11 15:09:35,650 - INFO assertbase.py [line:31]: 预计接口返回code为"200.0",实际返回code为:"200"
2022-02-11 15:09:35,650 - INFO assertbase.py [line:31]: 预计接口返回code为"200.0",实际返回code为:"200"
2022-02-11 15:09:35,652 - INFO requestbase.py [line:45]: 连通接口"https://supplychain-server-stg.datousoft.com/staffMealItemGroups/120/relatedOrganizations",接口data为:"",接口json[{'organizationType': 'SHOP', 'organizationId': 31, 'organizationName': '太二广州海珠万达分店'}]
2022-02-11 15:09:35,652 - INFO requestbase.py [line:45]: 连通接口"https://supplychain-server-stg.datousoft.com/staffMealItemGroups/120/relatedOrganizations",接口data为:"",接口json[{'organizationType': 'SHOP', 'organizationId': 31, 'organizationName': '太二广州海珠万达分店'}]
2022-02-11 15:09:35,652 - INFO requestbase.py [line:45]: 连通接口"https://supplychain-server-stg.datousoft.com/staffMealItemGroups/120/relatedOrganizations",接口data为:"",接口json[{'organizationType': 'SHOP', 'organizationId': 31, 'organizationName': '太二广州海珠万达分店'}]
2022-02-11 15:09:35,652 - INFO requestbase.py [line:45]: 连通接口"https://supplychain-server-stg.datousoft.com/staffMealItemGroups/120/relatedOrganizations",接口data为:"",接口json[{'organizationType': 'SHOP', 'organizationId': 31, 'organizationName': '太二广州海珠万达分店'}]
2022-02-11 15:09:35,724 - INFO requestbase.py [line:50]: 等待接口"https://supplychain-server-stg.datousoft.com/staffMealItemGroups/120/relatedOrganizations"时长:0:00:00.069014
2022-02-11 15:09:35,724 - INFO requestbase.py [line:50]: 等待接口"https://supplychain-server-stg.datousoft.com/staffMealItemGroups/120/relatedOrganizations"时长:0:00:00.069014
2022-02-11 15:09:35,724 - INFO requestbase.py [line:50]: 等待接口"https://supplychain-server-stg.datousoft.com/staffMealItemGroups/120/relatedOrganizations"时长:0:00:00.069014
2022-02-11 15:09:35,724 - INFO requestbase.py [line:50]: 等待接口"https://supplychain-server-stg.datousoft.com/staffMealItemGroups/120/relatedOrganizations"时长:0:00:00.069014
2022-02-11 15:09:35,726 - INFO assertbase.py [line:28]: 预计接口返回code为"200.0",实际返回code为:"200"
2022-02-11 15:09:35,726 - INFO assertbase.py [line:28]: 预计接口返回code为"200.0",实际返回code为:"200"
2022-02-11 15:09:35,726 - INFO assertbase.py [line:28]: 预计接口返回code为"200.0",实际返回code为:"200"
2022-02-11 15:09:35,726 - INFO assertbase.py [line:28]: 预计接口返回code为"200.0",实际返回code为:"200"
2022-02-11 15:09:35,729 - INFO assertbase.py [line:31]: 预计接口返回code为"200.0",实际返回code为:"200"
2022-02-11 15:09:35,729 - INFO assertbase.py [line:31]: 预计接口返回code为"200.0",实际返回code为:"200"
2022-02-11 15:09:35,729 - INFO assertbase.py [line:31]: 预计接口返回code为"200.0",实际返回code为:"200"
2022-02-11 15:09:35,729 - INFO assertbase.py [line:31]: 预计接口返回code为"200.0",实际返回code为:"200"
2022-02-11 15:09:35,732 - INFO requestbase.py [line:45]: 连通接口"https://supplychain-server-stg.datousoft.com/staffMealItemGroups/120/items",接口data为:"",接口json[1]
2022-02-11 15:09:35,732 - INFO requestbase.py [line:45]: 连通接口"https://supplychain-server-stg.datousoft.com/staffMealItemGroups/120/items",接口data为:"",接口json[1]
2022-02-11 15:09:35,732 - INFO requestbase.py [line:45]: 连通接口"https://supplychain-server-stg.datousoft.com/staffMealItemGroups/120/items",接口data为:"",接口json[1]
2022-02-11 15:09:35,732 - INFO requestbase.py [line:45]: 连通接口"https://supplychain-server-stg.datousoft.com/staffMealItemGroups/120/items",接口data为:"",接口json[1]
2022-02-11 15:09:35,795 - INFO requestbase.py [line:50]: 等待接口"https://supplychain-server-stg.datousoft.com/staffMealItemGroups/120/items"时长:0:00:00.060809
2022-02-11 15:09:35,795 - INFO requestbase.py [line:50]: 等待接口"https://supplychain-server-stg.datousoft.com/staffMealItemGroups/120/items"时长:0:00:00.060809
2022-02-11 15:09:35,795 - INFO requestbase.py [line:50]: 等待接口"https://supplychain-server-stg.datousoft.com/staffMealItemGroups/120/items"时长:0:00:00.060809
2022-02-11 15:09:35,795 - INFO requestbase.py [line:50]: 等待接口"https://supplychain-server-stg.datousoft.com/staffMealItemGroups/120/items"时长:0:00:00.060809
2022-02-11 15:09:35,798 - INFO assertbase.py [line:28]: 预计接口返回code为"200.0",实际返回code为:"200"
2022-02-11 15:09:35,798 - INFO assertbase.py [line:28]: 预计接口返回code为"200.0",实际返回code为:"200"
2022-02-11 15:09:35,798 - INFO assertbase.py [line:28]: 预计接口返回code为"200.0",实际返回code为:"200"
2022-02-11 15:09:35,798 - INFO assertbase.py [line:28]: 预计接口返回code为"200.0",实际返回code为:"200"
2022-02-11 15:09:35,800 - INFO assertbase.py [line:31]: 预计接口返回code为"200.0",实际返回code为:"200"
2022-02-11 15:09:35,800 - INFO assertbase.py [line:31]: 预计接口返回code为"200.0",实际返回code为:"200"
2022-02-11 15:09:35,800 - INFO assertbase.py [line:31]: 预计接口返回code为"200.0",实际返回code为:"200"
2022-02-11 15:09:35,800 - INFO assertbase.py [line:31]: 预计接口返回code为"200.0",实际返回code为:"200"
2022-02-11 15:09:35,809 - INFO requestbase.py [line:57]: 连通接口"https://supplychain-server-stg.datousoft.com/staffMealItemGroups/120",接口data为:"",接口json
2022-02-11 15:09:35,809 - INFO requestbase.py [line:57]: 连通接口"https://supplychain-server-stg.datousoft.com/staffMealItemGroups/120",接口data为:"",接口json
2022-02-11 15:09:35,809 - INFO requestbase.py [line:57]: 连通接口"https://supplychain-server-stg.datousoft.com/staffMealItemGroups/120",接口data为:"",接口json
2022-02-11 15:09:35,809 - INFO requestbase.py [line:57]: 连通接口"https://supplychain-server-stg.datousoft.com/staffMealItemGroups/120",接口data为:"",接口json
2022-02-11 15:09:35,854 - INFO requestbase.py [line:62]: 等待接口"https://supplychain-server-stg.datousoft.com/staffMealItemGroups/120"时长:0:00:00.041853
2022-02-11 15:09:35,854 - INFO requestbase.py [line:62]: 等待接口"https://supplychain-server-stg.datousoft.com/staffMealItemGroups/120"时长:0:00:00.041853
2022-02-11 15:09:35,854 - INFO requestbase.py [line:62]: 等待接口"https://supplychain-server-stg.datousoft.com/staffMealItemGroups/120"时长:0:00:00.041853
2022-02-11 15:09:35,854 - INFO requestbase.py [line:62]: 等待接口"https://supplychain-server-stg.datousoft.com/staffMealItemGroups/120"时长:0:00:00.041853
2022-02-11 15:09:35,857 - INFO assertbase.py [line:28]: 预计接口返回code为"",实际返回code为:"400"
2022-02-11 15:09:35,857 - INFO assertbase.py [line:28]: 预计接口返回code为"",实际返回code为:"400"
2022-02-11 15:09:35,857 - INFO assertbase.py [line:28]: 预计接口返回code为"",实际返回code为:"400"
2022-02-11 15:09:35,857 - INFO assertbase.py [line:28]: 预计接口返回code为"",实际返回code为:"400"
2022-02-11 15:09:35,860 - ERROR assertbase.py [line:33]: 预计接口返回code为"",实际返回code为:"400",失败
2022-02-11 15:09:35,860 - ERROR assertbase.py [line:33]: 预计接口返回code为"",实际返回code为:"400",失败
2022-02-11 15:09:35,860 - ERROR assertbase.py [line:33]: 预计接口返回code为"",实际返回code为:"400",失败
2022-02-11 15:09:35,860 - ERROR assertbase.py [line:33]: 预计接口返回code为"",实际返回code为:"400",失败
