2022-02-11 17:32:02,743 - INFO requestbase.py [line:33]: 连通接口"https://gateway-stg.datousoft.com/authority/auth/login",接口data为:"",接口json{'groupId': '3', 'username': 'TRtsH2z2egXgbqWAIOTsJBf7E+Z/nA17u7HoVWtUqBIQP3PXpTeNuxcIm2rHTBkpnuCplP+CR/CkjzNFC2oMTKzMgXJWSu97e0qqLOV+Sm8VqntO0HMC0gTlQkHzJ33LLA4x12fDEGJnLcaznG16eCYlZPgssGvazAPGvOO7Wqk=', 'password': 'rlSCBdDGZAeGyaN7qlTWWEsZN0r8dlD7y81u2Waq2IyyUJfIZZ9A8Iua0eJpViQOeEOUQgk4L/5SaZtRQrfv3iJG2ryuw+zv8FX+DS6CY/kkZwmq6jnebMDCeaUhcBkbS+6g3vOM9Q0fCR/5yPLOJ5SQlYAnyL+pd66NSlFkh4M=', 'validate': '', 'challenge': '', 'seccode': ''}
2022-02-11 17:32:02,743 - INFO requestbase.py [line:33]: 连通接口"https://gateway-stg.datousoft.com/authority/auth/login",接口data为:"",接口json{'groupId': '3', 'username': 'TRtsH2z2egXgbqWAIOTsJBf7E+Z/nA17u7HoVWtUqBIQP3PXpTeNuxcIm2rHTBkpnuCplP+CR/CkjzNFC2oMTKzMgXJWSu97e0qqLOV+Sm8VqntO0HMC0gTlQkHzJ33LLA4x12fDEGJnLcaznG16eCYlZPgssGvazAPGvOO7Wqk=', 'password': 'rlSCBdDGZAeGyaN7qlTWWEsZN0r8dlD7y81u2Waq2IyyUJfIZZ9A8Iua0eJpViQOeEOUQgk4L/5SaZtRQrfv3iJG2ryuw+zv8FX+DS6CY/kkZwmq6jnebMDCeaUhcBkbS+6g3vOM9Q0fCR/5yPLOJ5SQlYAnyL+pd66NSlFkh4M=', 'validate': '', 'challenge': '', 'seccode': ''}
2022-02-11 17:32:03,052 - INFO requestbase.py [line:38]: 等待接口"https://gateway-stg.datousoft.com/authority/auth/login"时长:0:00:00.306724
2022-02-11 17:32:03,052 - INFO requestbase.py [line:38]: 等待接口"https://gateway-stg.datousoft.com/authority/auth/login"时长:0:00:00.306724
2022-02-11 17:32:03,833 - INFO requestbase.py [line:33]: 连通接口"https://gateway-stg.datousoft.com/authority/auth/login",接口data为:"",接口json{'groupId': '3', 'username': 'TRtsH2z2egXgbqWAIOTsJBf7E+Z/nA17u7HoVWtUqBIQP3PXpTeNuxcIm2rHTBkpnuCplP+CR/CkjzNFC2oMTKzMgXJWSu97e0qqLOV+Sm8VqntO0HMC0gTlQkHzJ33LLA4x12fDEGJnLcaznG16eCYlZPgssGvazAPGvOO7Wqk=', 'password': 'rlSCBdDGZAeGyaN7qlTWWEsZN0r8dlD7y81u2Waq2IyyUJfIZZ9A8Iua0eJpViQOeEOUQgk4L/5SaZtRQrfv3iJG2ryuw+zv8FX+DS6CY/kkZwmq6jnebMDCeaUhcBkbS+6g3vOM9Q0fCR/5yPLOJ5SQlYAnyL+pd66NSlFkh4M=', 'validate': '', 'challenge': '', 'seccode': ''}
2022-02-11 17:32:03,833 - INFO requestbase.py [line:33]: 连通接口"https://gateway-stg.datousoft.com/authority/auth/login",接口data为:"",接口json{'groupId': '3', 'username': 'TRtsH2z2egXgbqWAIOTsJBf7E+Z/nA17u7HoVWtUqBIQP3PXpTeNuxcIm2rHTBkpnuCplP+CR/CkjzNFC2oMTKzMgXJWSu97e0qqLOV+Sm8VqntO0HMC0gTlQkHzJ33LLA4x12fDEGJnLcaznG16eCYlZPgssGvazAPGvOO7Wqk=', 'password': 'rlSCBdDGZAeGyaN7qlTWWEsZN0r8dlD7y81u2Waq2IyyUJfIZZ9A8Iua0eJpViQOeEOUQgk4L/5SaZtRQrfv3iJG2ryuw+zv8FX+DS6CY/kkZwmq6jnebMDCeaUhcBkbS+6g3vOM9Q0fCR/5yPLOJ5SQlYAnyL+pd66NSlFkh4M=', 'validate': '', 'challenge': '', 'seccode': ''}
2022-02-11 17:32:04,170 - INFO requestbase.py [line:38]: 等待接口"https://gateway-stg.datousoft.com/authority/auth/login"时长:0:00:00.325129
2022-02-11 17:32:04,170 - INFO requestbase.py [line:38]: 等待接口"https://gateway-stg.datousoft.com/authority/auth/login"时长:0:00:00.325129
2022-02-11 17:32:04,239 - INFO requestbase.py [line:33]: 连通接口"https://supplychain-server-stg.datousoft.com/recipe/add",接口data为:"",接口json{'dishId': 529, 'name': '99051469872', 'preferred': 'false', 'seasoningCost': 12, 'specification': '小粉', 'list': [{'rank': 1, 'grossUsage': 10, 'itemId': 1, 'netFeedRate': 100, 'netUsage': 10}]}
2022-02-11 17:32:04,239 - INFO requestbase.py [line:33]: 连通接口"https://supplychain-server-stg.datousoft.com/recipe/add",接口data为:"",接口json{'dishId': 529, 'name': '99051469872', 'preferred': 'false', 'seasoningCost': 12, 'specification': '小粉', 'list': [{'rank': 1, 'grossUsage': 10, 'itemId': 1, 'netFeedRate': 100, 'netUsage': 10}]}
2022-02-11 17:32:04,413 - INFO requestbase.py [line:38]: 等待接口"https://supplychain-server-stg.datousoft.com/recipe/add"时长:0:00:00.170546
2022-02-11 17:32:04,413 - INFO requestbase.py [line:38]: 等待接口"https://supplychain-server-stg.datousoft.com/recipe/add"时长:0:00:00.170546
2022-02-11 17:32:04,417 - INFO assertbase.py [line:28]: 预计接口返回code为"200.0",实际返回code为:"200"
2022-02-11 17:32:04,417 - INFO assertbase.py [line:28]: 预计接口返回code为"200.0",实际返回code为:"200"
2022-02-11 17:32:04,419 - INFO assertbase.py [line:31]: 预计接口返回code为"200.0",实际返回code为:"200"
2022-02-11 17:32:04,419 - INFO assertbase.py [line:31]: 预计接口返回code为"200.0",实际返回code为:"200"
2022-02-11 17:32:04,422 - INFO requestbase.py [line:33]: 连通接口"https://supplychain-server-stg.datousoft.com/recipe/update",接口data为:"",接口json{"recipeId":42,"name":"123","preferred":"true","seasoningCost":"","list":[{"rank":1,"grossUsage":10,"itemId":1,"netFeedRate":100,"netUsage":10}]}
2022-02-11 17:32:04,422 - INFO requestbase.py [line:33]: 连通接口"https://supplychain-server-stg.datousoft.com/recipe/update",接口data为:"",接口json{"recipeId":42,"name":"123","preferred":"true","seasoningCost":"","list":[{"rank":1,"grossUsage":10,"itemId":1,"netFeedRate":100,"netUsage":10}]}
2022-02-11 17:32:04,491 - INFO requestbase.py [line:38]: 等待接口"https://supplychain-server-stg.datousoft.com/recipe/update"时长:0:00:00.065850
2022-02-11 17:32:04,491 - INFO requestbase.py [line:38]: 等待接口"https://supplychain-server-stg.datousoft.com/recipe/update"时长:0:00:00.065850
2022-02-11 17:32:04,493 - INFO assertbase.py [line:28]: 预计接口返回code为"200.0",实际返回code为:"400"
2022-02-11 17:32:04,493 - INFO assertbase.py [line:28]: 预计接口返回code为"200.0",实际返回code为:"400"
2022-02-11 17:32:04,496 - ERROR assertbase.py [line:33]: 预计接口返回code为"200.0",实际返回code为:"400",失败
2022-02-11 17:32:04,496 - ERROR assertbase.py [line:33]: 预计接口返回code为"200.0",实际返回code为:"400",失败
2022-02-11 17:32:14,647 - INFO requestbase.py [line:33]: 连通接口"https://supplychain-server-stg.datousoft.com/recipe/add",接口data为:"",接口json{'dishId': 529, 'name': '99051469872', 'preferred': 'false', 'seasoningCost': 12, 'specification': '小粉', 'list': [{'rank': 1, 'grossUsage': 10, 'itemId': 1, 'netFeedRate': 100, 'netUsage': 10}]}
2022-02-11 17:32:14,647 - INFO requestbase.py [line:33]: 连通接口"https://supplychain-server-stg.datousoft.com/recipe/add",接口data为:"",接口json{'dishId': 529, 'name': '99051469872', 'preferred': 'false', 'seasoningCost': 12, 'specification': '小粉', 'list': [{'rank': 1, 'grossUsage': 10, 'itemId': 1, 'netFeedRate': 100, 'netUsage': 10}]}
2022-02-11 17:32:14,756 - INFO requestbase.py [line:38]: 等待接口"https://supplychain-server-stg.datousoft.com/recipe/add"时长:0:00:00.100708
2022-02-11 17:32:14,756 - INFO requestbase.py [line:38]: 等待接口"https://supplychain-server-stg.datousoft.com/recipe/add"时长:0:00:00.100708
2022-02-11 17:32:14,758 - INFO assertbase.py [line:28]: 预计接口返回code为"200.0",实际返回code为:"500"
2022-02-11 17:32:14,758 - INFO assertbase.py [line:28]: 预计接口返回code为"200.0",实际返回code为:"500"
2022-02-11 17:32:14,760 - ERROR assertbase.py [line:33]: 预计接口返回code为"200.0",实际返回code为:"500",失败
2022-02-11 17:32:14,760 - ERROR assertbase.py [line:33]: 预计接口返回code为"200.0",实际返回code为:"500",失败
2022-02-11 17:32:14,788 - INFO requestbase.py [line:33]: 连通接口"https://supplychain-server-stg.datousoft.com/shopRecipe/update",接口data为:"",接口json{"dishId":529,"recipeId":42,"shopIds":[11052]}
2022-02-11 17:32:14,788 - INFO requestbase.py [line:33]: 连通接口"https://supplychain-server-stg.datousoft.com/shopRecipe/update",接口data为:"",接口json{"dishId":529,"recipeId":42,"shopIds":[11052]}
2022-02-11 17:32:14,852 - INFO requestbase.py [line:38]: 等待接口"https://supplychain-server-stg.datousoft.com/shopRecipe/update"时长:0:00:00.060835
2022-02-11 17:32:14,852 - INFO requestbase.py [line:38]: 等待接口"https://supplychain-server-stg.datousoft.com/shopRecipe/update"时长:0:00:00.060835
2022-02-11 17:32:14,855 - INFO assertbase.py [line:28]: 预计接口返回code为"200.0",实际返回code为:"400"
2022-02-11 17:32:14,855 - INFO assertbase.py [line:28]: 预计接口返回code为"200.0",实际返回code为:"400"
2022-02-11 17:32:14,857 - ERROR assertbase.py [line:33]: 预计接口返回code为"200.0",实际返回code为:"400",失败
2022-02-11 17:32:14,857 - ERROR assertbase.py [line:33]: 预计接口返回code为"200.0",实际返回code为:"400",失败
2022-02-11 17:32:24,895 - INFO requestbase.py [line:33]: 连通接口"https://supplychain-server-stg.datousoft.com/shopRecipe/update",接口data为:"",接口json{"dishId":529,"recipeId":42,"shopIds":[11052]}
2022-02-11 17:32:24,895 - INFO requestbase.py [line:33]: 连通接口"https://supplychain-server-stg.datousoft.com/shopRecipe/update",接口data为:"",接口json{"dishId":529,"recipeId":42,"shopIds":[11052]}
2022-02-11 17:32:24,949 - INFO requestbase.py [line:38]: 等待接口"https://supplychain-server-stg.datousoft.com/shopRecipe/update"时长:0:00:00.051337
2022-02-11 17:32:24,949 - INFO requestbase.py [line:38]: 等待接口"https://supplychain-server-stg.datousoft.com/shopRecipe/update"时长:0:00:00.051337
2022-02-11 17:32:24,953 - INFO assertbase.py [line:28]: 预计接口返回code为"200.0",实际返回code为:"400"
2022-02-11 17:32:24,953 - INFO assertbase.py [line:28]: 预计接口返回code为"200.0",实际返回code为:"400"
2022-02-11 17:32:24,954 - ERROR assertbase.py [line:33]: 预计接口返回code为"200.0",实际返回code为:"400",失败
2022-02-11 17:32:24,954 - ERROR assertbase.py [line:33]: 预计接口返回code为"200.0",实际返回code为:"400",失败
2022-02-11 17:32:24,973 - INFO requestbase.py [line:33]: 连通接口"https://supplychain-server-stg.datousoft.com/recipe/update",接口data为:"",接口json{"recipeId":42,"name":"123","preferred":"true","seasoningCost":"","list":[{"rank":1,"grossUsage":10,"itemId":1,"netFeedRate":100,"netUsage":10}]}
2022-02-11 17:32:24,973 - INFO requestbase.py [line:33]: 连通接口"https://supplychain-server-stg.datousoft.com/recipe/update",接口data为:"",接口json{"recipeId":42,"name":"123","preferred":"true","seasoningCost":"","list":[{"rank":1,"grossUsage":10,"itemId":1,"netFeedRate":100,"netUsage":10}]}
2022-02-11 17:32:25,033 - INFO requestbase.py [line:38]: 等待接口"https://supplychain-server-stg.datousoft.com/recipe/update"时长:0:00:00.056132
2022-02-11 17:32:25,033 - INFO requestbase.py [line:38]: 等待接口"https://supplychain-server-stg.datousoft.com/recipe/update"时长:0:00:00.056132
2022-02-11 17:32:25,035 - INFO assertbase.py [line:28]: 预计接口返回code为"200.0",实际返回code为:"400"
2022-02-11 17:32:25,035 - INFO assertbase.py [line:28]: 预计接口返回code为"200.0",实际返回code为:"400"
2022-02-11 17:32:25,038 - ERROR assertbase.py [line:33]: 预计接口返回code为"200.0",实际返回code为:"400",失败
2022-02-11 17:32:25,038 - ERROR assertbase.py [line:33]: 预计接口返回code为"200.0",实际返回code为:"400",失败
2022-02-11 17:32:35,060 - INFO requestbase.py [line:33]: 连通接口"https://supplychain-server-stg.datousoft.com/recipe/update",接口data为:"",接口json{"recipeId":42,"name":"123","preferred":"true","seasoningCost":"","list":[{"rank":1,"grossUsage":10,"itemId":1,"netFeedRate":100,"netUsage":10}]}
2022-02-11 17:32:35,060 - INFO requestbase.py [line:33]: 连通接口"https://supplychain-server-stg.datousoft.com/recipe/update",接口data为:"",接口json{"recipeId":42,"name":"123","preferred":"true","seasoningCost":"","list":[{"rank":1,"grossUsage":10,"itemId":1,"netFeedRate":100,"netUsage":10}]}
2022-02-11 17:32:35,156 - INFO requestbase.py [line:38]: 等待接口"https://supplychain-server-stg.datousoft.com/recipe/update"时长:0:00:00.093791
2022-02-11 17:32:35,156 - INFO requestbase.py [line:38]: 等待接口"https://supplychain-server-stg.datousoft.com/recipe/update"时长:0:00:00.093791
2022-02-11 17:32:35,159 - INFO assertbase.py [line:28]: 预计接口返回code为"200.0",实际返回code为:"400"
2022-02-11 17:32:35,159 - INFO assertbase.py [line:28]: 预计接口返回code为"200.0",实际返回code为:"400"
2022-02-11 17:32:35,161 - ERROR assertbase.py [line:33]: 预计接口返回code为"200.0",实际返回code为:"400",失败
2022-02-11 17:32:35,161 - ERROR assertbase.py [line:33]: 预计接口返回code为"200.0",实际返回code为:"400",失败
