2022-02-11 11:49:01,758 - INFO requestbase.py [line:33]: 连通接口"https://gateway-stg.datousoft.com/authority/auth/login",接口data为:"",接口json{'groupId': '3', 'username': 'TRtsH2z2egXgbqWAIOTsJBf7E+Z/nA17u7HoVWtUqBIQP3PXpTeNuxcIm2rHTBkpnuCplP+CR/CkjzNFC2oMTKzMgXJWSu97e0qqLOV+Sm8VqntO0HMC0gTlQkHzJ33LLA4x12fDEGJnLcaznG16eCYlZPgssGvazAPGvOO7Wqk=', 'password': 'rlSCBdDGZAeGyaN7qlTWWEsZN0r8dlD7y81u2Waq2IyyUJfIZZ9A8Iua0eJpViQOeEOUQgk4L/5SaZtRQrfv3iJG2ryuw+zv8FX+DS6CY/kkZwmq6jnebMDCeaUhcBkbS+6g3vOM9Q0fCR/5yPLOJ5SQlYAnyL+pd66NSlFkh4M=', 'validate': '', 'challenge': '', 'seccode': ''}
2022-02-11 11:49:01,758 - INFO requestbase.py [line:33]: 连通接口"https://gateway-stg.datousoft.com/authority/auth/login",接口data为:"",接口json{'groupId': '3', 'username': 'TRtsH2z2egXgbqWAIOTsJBf7E+Z/nA17u7HoVWtUqBIQP3PXpTeNuxcIm2rHTBkpnuCplP+CR/CkjzNFC2oMTKzMgXJWSu97e0qqLOV+Sm8VqntO0HMC0gTlQkHzJ33LLA4x12fDEGJnLcaznG16eCYlZPgssGvazAPGvOO7Wqk=', 'password': 'rlSCBdDGZAeGyaN7qlTWWEsZN0r8dlD7y81u2Waq2IyyUJfIZZ9A8Iua0eJpViQOeEOUQgk4L/5SaZtRQrfv3iJG2ryuw+zv8FX+DS6CY/kkZwmq6jnebMDCeaUhcBkbS+6g3vOM9Q0fCR/5yPLOJ5SQlYAnyL+pd66NSlFkh4M=', 'validate': '', 'challenge': '', 'seccode': ''}
2022-02-11 11:49:02,133 - INFO requestbase.py [line:38]: 等待接口"https://gateway-stg.datousoft.com/authority/auth/login"时长:0:00:00.372416
2022-02-11 11:49:02,133 - INFO requestbase.py [line:38]: 等待接口"https://gateway-stg.datousoft.com/authority/auth/login"时长:0:00:00.372416
2022-02-11 11:49:02,574 - INFO requestbase.py [line:33]: 连通接口"https://gateway-stg.datousoft.com/authority/auth/login",接口data为:"",接口json{'groupId': '3', 'username': 'TRtsH2z2egXgbqWAIOTsJBf7E+Z/nA17u7HoVWtUqBIQP3PXpTeNuxcIm2rHTBkpnuCplP+CR/CkjzNFC2oMTKzMgXJWSu97e0qqLOV+Sm8VqntO0HMC0gTlQkHzJ33LLA4x12fDEGJnLcaznG16eCYlZPgssGvazAPGvOO7Wqk=', 'password': 'rlSCBdDGZAeGyaN7qlTWWEsZN0r8dlD7y81u2Waq2IyyUJfIZZ9A8Iua0eJpViQOeEOUQgk4L/5SaZtRQrfv3iJG2ryuw+zv8FX+DS6CY/kkZwmq6jnebMDCeaUhcBkbS+6g3vOM9Q0fCR/5yPLOJ5SQlYAnyL+pd66NSlFkh4M=', 'validate': '', 'challenge': '', 'seccode': ''}
2022-02-11 11:49:02,574 - INFO requestbase.py [line:33]: 连通接口"https://gateway-stg.datousoft.com/authority/auth/login",接口data为:"",接口json{'groupId': '3', 'username': 'TRtsH2z2egXgbqWAIOTsJBf7E+Z/nA17u7HoVWtUqBIQP3PXpTeNuxcIm2rHTBkpnuCplP+CR/CkjzNFC2oMTKzMgXJWSu97e0qqLOV+Sm8VqntO0HMC0gTlQkHzJ33LLA4x12fDEGJnLcaznG16eCYlZPgssGvazAPGvOO7Wqk=', 'password': 'rlSCBdDGZAeGyaN7qlTWWEsZN0r8dlD7y81u2Waq2IyyUJfIZZ9A8Iua0eJpViQOeEOUQgk4L/5SaZtRQrfv3iJG2ryuw+zv8FX+DS6CY/kkZwmq6jnebMDCeaUhcBkbS+6g3vOM9Q0fCR/5yPLOJ5SQlYAnyL+pd66NSlFkh4M=', 'validate': '', 'challenge': '', 'seccode': ''}
2022-02-11 11:49:02,828 - INFO requestbase.py [line:38]: 等待接口"https://gateway-stg.datousoft.com/authority/auth/login"时长:0:00:00.247371
2022-02-11 11:49:02,828 - INFO requestbase.py [line:38]: 等待接口"https://gateway-stg.datousoft.com/authority/auth/login"时长:0:00:00.247371
2022-02-11 11:49:02,871 - INFO requestbase.py [line:33]: 连通接口"https://supplychain-server-stg.datousoft.com/staffMealItemGroups/",接口data为:"",接口json{'itemGroupInfo': {'name': '99984526307', 'remark': ''}, 'itemIdList': [1], 'relatedOrganizationList': [{'organizationType': 'SHOP', 'organizationId': '31', 'organizationName': '太二广州海珠万达分店'}]}
2022-02-11 11:49:02,871 - INFO requestbase.py [line:33]: 连通接口"https://supplychain-server-stg.datousoft.com/staffMealItemGroups/",接口data为:"",接口json{'itemGroupInfo': {'name': '99984526307', 'remark': ''}, 'itemIdList': [1], 'relatedOrganizationList': [{'organizationType': 'SHOP', 'organizationId': '31', 'organizationName': '太二广州海珠万达分店'}]}
2022-02-11 11:49:02,978 - INFO requestbase.py [line:38]: 等待接口"https://supplychain-server-stg.datousoft.com/staffMealItemGroups/"时长:0:00:00.104548
2022-02-11 11:49:02,978 - INFO requestbase.py [line:38]: 等待接口"https://supplychain-server-stg.datousoft.com/staffMealItemGroups/"时长:0:00:00.104548
2022-02-11 11:49:02,980 - INFO assertbase.py [line:28]: 预计接口返回code为"201.0",实际返回code为:"201"
2022-02-11 11:49:02,980 - INFO assertbase.py [line:28]: 预计接口返回code为"201.0",实际返回code为:"201"
2022-02-11 11:49:02,981 - INFO assertbase.py [line:31]: 预计接口返回code为"201.0",实际返回code为:"201"
2022-02-11 11:49:02,981 - INFO assertbase.py [line:31]: 预计接口返回code为"201.0",实际返回code为:"201"
2022-02-11 11:49:02,991 - INFO requestbase.py [line:21]: 连通接口"https://supplychain-server-stg.datousoft.com/staffMealItemGroups/117",接口header为:"{'authorization': 'Bearer eyJhbGciOiJIUzUxMiJ9.eyJqdGkiOiI0YzM4MjJlNGJmNjI0ZGZhOTA4ZjZmMWZkYjFlM2MzNyIsImF1dGgiOiIiLCJpZCI6NTk5LCJzdWIiOiIxMiJ9.1TwyHfVjOqslUe5S4TQ5FuPy653CV8jbdDg8nVsDJE7Fhw0pONnK06XtEnYqVZTxoJX5SE7mkpIlKvWfUExioA'}",接口param为：
2022-02-11 11:49:02,991 - INFO requestbase.py [line:21]: 连通接口"https://supplychain-server-stg.datousoft.com/staffMealItemGroups/117",接口header为:"{'authorization': 'Bearer eyJhbGciOiJIUzUxMiJ9.eyJqdGkiOiI0YzM4MjJlNGJmNjI0ZGZhOTA4ZjZmMWZkYjFlM2MzNyIsImF1dGgiOiIiLCJpZCI6NTk5LCJzdWIiOiIxMiJ9.1TwyHfVjOqslUe5S4TQ5FuPy653CV8jbdDg8nVsDJE7Fhw0pONnK06XtEnYqVZTxoJX5SE7mkpIlKvWfUExioA'}",接口param为：
2022-02-11 11:49:03,079 - INFO requestbase.py [line:26]: 等待接口"https://supplychain-server-stg.datousoft.com/staffMealItemGroups/117"时长:0:00:00.084773
2022-02-11 11:49:03,079 - INFO requestbase.py [line:26]: 等待接口"https://supplychain-server-stg.datousoft.com/staffMealItemGroups/117"时长:0:00:00.084773
2022-02-11 11:49:03,081 - INFO assertbase.py [line:28]: 预计接口返回code为"200.0",实际返回code为:"200"
2022-02-11 11:49:03,081 - INFO assertbase.py [line:28]: 预计接口返回code为"200.0",实际返回code为:"200"
2022-02-11 11:49:03,084 - INFO assertbase.py [line:31]: 预计接口返回code为"200.0",实际返回code为:"200"
2022-02-11 11:49:03,084 - INFO assertbase.py [line:31]: 预计接口返回code为"200.0",实际返回code为:"200"
2022-02-11 11:49:03,086 - INFO requestbase.py [line:21]: 连通接口"https://supplychain-server-stg.datousoft.com/staffMealItemGroups/117/relatedOrganizations",接口header为:"{'authorization': 'Bearer eyJhbGciOiJIUzUxMiJ9.eyJqdGkiOiI0YzM4MjJlNGJmNjI0ZGZhOTA4ZjZmMWZkYjFlM2MzNyIsImF1dGgiOiIiLCJpZCI6NTk5LCJzdWIiOiIxMiJ9.1TwyHfVjOqslUe5S4TQ5FuPy653CV8jbdDg8nVsDJE7Fhw0pONnK06XtEnYqVZTxoJX5SE7mkpIlKvWfUExioA'}",接口param为：
2022-02-11 11:49:03,086 - INFO requestbase.py [line:21]: 连通接口"https://supplychain-server-stg.datousoft.com/staffMealItemGroups/117/relatedOrganizations",接口header为:"{'authorization': 'Bearer eyJhbGciOiJIUzUxMiJ9.eyJqdGkiOiI0YzM4MjJlNGJmNjI0ZGZhOTA4ZjZmMWZkYjFlM2MzNyIsImF1dGgiOiIiLCJpZCI6NTk5LCJzdWIiOiIxMiJ9.1TwyHfVjOqslUe5S4TQ5FuPy653CV8jbdDg8nVsDJE7Fhw0pONnK06XtEnYqVZTxoJX5SE7mkpIlKvWfUExioA'}",接口param为：
2022-02-11 11:49:03,168 - INFO requestbase.py [line:26]: 等待接口"https://supplychain-server-stg.datousoft.com/staffMealItemGroups/117/relatedOrganizations"时长:0:00:00.078763
2022-02-11 11:49:03,168 - INFO requestbase.py [line:26]: 等待接口"https://supplychain-server-stg.datousoft.com/staffMealItemGroups/117/relatedOrganizations"时长:0:00:00.078763
2022-02-11 11:49:03,173 - INFO assertbase.py [line:28]: 预计接口返回code为"200.0",实际返回code为:"200"
2022-02-11 11:49:03,173 - INFO assertbase.py [line:28]: 预计接口返回code为"200.0",实际返回code为:"200"
2022-02-11 11:49:03,177 - INFO assertbase.py [line:31]: 预计接口返回code为"200.0",实际返回code为:"200"
2022-02-11 11:49:03,177 - INFO assertbase.py [line:31]: 预计接口返回code为"200.0",实际返回code为:"200"
2022-02-11 11:49:03,181 - INFO requestbase.py [line:21]: 连通接口"https://supplychain-server-stg.datousoft.com/staffMealItemGroups/117/items",接口header为:"{'authorization': 'Bearer eyJhbGciOiJIUzUxMiJ9.eyJqdGkiOiI0YzM4MjJlNGJmNjI0ZGZhOTA4ZjZmMWZkYjFlM2MzNyIsImF1dGgiOiIiLCJpZCI6NTk5LCJzdWIiOiIxMiJ9.1TwyHfVjOqslUe5S4TQ5FuPy653CV8jbdDg8nVsDJE7Fhw0pONnK06XtEnYqVZTxoJX5SE7mkpIlKvWfUExioA'}",接口param为：
2022-02-11 11:49:03,181 - INFO requestbase.py [line:21]: 连通接口"https://supplychain-server-stg.datousoft.com/staffMealItemGroups/117/items",接口header为:"{'authorization': 'Bearer eyJhbGciOiJIUzUxMiJ9.eyJqdGkiOiI0YzM4MjJlNGJmNjI0ZGZhOTA4ZjZmMWZkYjFlM2MzNyIsImF1dGgiOiIiLCJpZCI6NTk5LCJzdWIiOiIxMiJ9.1TwyHfVjOqslUe5S4TQ5FuPy653CV8jbdDg8nVsDJE7Fhw0pONnK06XtEnYqVZTxoJX5SE7mkpIlKvWfUExioA'}",接口param为：
2022-02-11 11:49:03,260 - INFO requestbase.py [line:26]: 等待接口"https://supplychain-server-stg.datousoft.com/staffMealItemGroups/117/items"时长:0:00:00.076795
2022-02-11 11:49:03,260 - INFO requestbase.py [line:26]: 等待接口"https://supplychain-server-stg.datousoft.com/staffMealItemGroups/117/items"时长:0:00:00.076795
2022-02-11 11:49:03,263 - INFO assertbase.py [line:28]: 预计接口返回code为"200.0",实际返回code为:"200"
2022-02-11 11:49:03,263 - INFO assertbase.py [line:28]: 预计接口返回code为"200.0",实际返回code为:"200"
2022-02-11 11:49:03,265 - INFO assertbase.py [line:31]: 预计接口返回code为"200.0",实际返回code为:"200"
2022-02-11 11:49:03,265 - INFO assertbase.py [line:31]: 预计接口返回code为"200.0",实际返回code为:"200"
2022-02-11 11:49:03,276 - INFO requestbase.py [line:45]: 连通接口"https://supplychain-server-stg.datousoft.com/staffMealItemGroups/117",接口data为:"",接口json{'name': 'test5456///', 'remark': '655555'}
2022-02-11 11:49:03,276 - INFO requestbase.py [line:45]: 连通接口"https://supplychain-server-stg.datousoft.com/staffMealItemGroups/117",接口data为:"",接口json{'name': 'test5456///', 'remark': '655555'}
2022-02-11 11:49:03,363 - INFO requestbase.py [line:50]: 等待接口"https://supplychain-server-stg.datousoft.com/staffMealItemGroups/117"时长:0:00:00.083774
2022-02-11 11:49:03,363 - INFO requestbase.py [line:50]: 等待接口"https://supplychain-server-stg.datousoft.com/staffMealItemGroups/117"时长:0:00:00.083774
2022-02-11 11:49:03,366 - INFO assertbase.py [line:28]: 预计接口返回code为"200.0",实际返回code为:"500"
2022-02-11 11:49:03,366 - INFO assertbase.py [line:28]: 预计接口返回code为"200.0",实际返回code为:"500"
2022-02-11 11:49:03,368 - ERROR assertbase.py [line:33]: 预计接口返回code为"200.0",实际返回code为:"500",失败
2022-02-11 11:49:03,368 - ERROR assertbase.py [line:33]: 预计接口返回code为"200.0",实际返回code为:"500",失败
2022-02-11 11:49:03,496 - INFO requestbase.py [line:57]: 连通接口"https://supplychain-server-stg.datousoft.com/staffMealItemGroups/117",接口data为:"",接口json
2022-02-11 11:49:03,496 - INFO requestbase.py [line:57]: 连通接口"https://supplychain-server-stg.datousoft.com/staffMealItemGroups/117",接口data为:"",接口json
2022-02-11 11:49:03,565 - INFO requestbase.py [line:62]: 等待接口"https://supplychain-server-stg.datousoft.com/staffMealItemGroups/117"时长:0:00:00.064855
2022-02-11 11:49:03,565 - INFO requestbase.py [line:62]: 等待接口"https://supplychain-server-stg.datousoft.com/staffMealItemGroups/117"时长:0:00:00.064855
2022-02-11 11:49:03,569 - INFO assertbase.py [line:28]: 预计接口返回code为"",实际返回code为:"400"
2022-02-11 11:49:03,569 - INFO assertbase.py [line:28]: 预计接口返回code为"",实际返回code为:"400"
2022-02-11 11:49:03,571 - ERROR assertbase.py [line:33]: 预计接口返回code为"",实际返回code为:"400",失败
2022-02-11 11:49:03,571 - ERROR assertbase.py [line:33]: 预计接口返回code为"",实际返回code为:"400",失败
