2022-02-11 17:56:31,303 - INFO requestbase.py [line:33]: 连通接口"https://gateway-stg.datousoft.com/authority/auth/login",接口data为:"",接口json{'groupId': '3', 'username': 'TRtsH2z2egXgbqWAIOTsJBf7E+Z/nA17u7HoVWtUqBIQP3PXpTeNuxcIm2rHTBkpnuCplP+CR/CkjzNFC2oMTKzMgXJWSu97e0qqLOV+Sm8VqntO0HMC0gTlQkHzJ33LLA4x12fDEGJnLcaznG16eCYlZPgssGvazAPGvOO7Wqk=', 'password': 'rlSCBdDGZAeGyaN7qlTWWEsZN0r8dlD7y81u2Waq2IyyUJfIZZ9A8Iua0eJpViQOeEOUQgk4L/5SaZtRQrfv3iJG2ryuw+zv8FX+DS6CY/kkZwmq6jnebMDCeaUhcBkbS+6g3vOM9Q0fCR/5yPLOJ5SQlYAnyL+pd66NSlFkh4M=', 'validate': '', 'challenge': '', 'seccode': ''}
2022-02-11 17:56:31,303 - INFO requestbase.py [line:33]: 连通接口"https://gateway-stg.datousoft.com/authority/auth/login",接口data为:"",接口json{'groupId': '3', 'username': 'TRtsH2z2egXgbqWAIOTsJBf7E+Z/nA17u7HoVWtUqBIQP3PXpTeNuxcIm2rHTBkpnuCplP+CR/CkjzNFC2oMTKzMgXJWSu97e0qqLOV+Sm8VqntO0HMC0gTlQkHzJ33LLA4x12fDEGJnLcaznG16eCYlZPgssGvazAPGvOO7Wqk=', 'password': 'rlSCBdDGZAeGyaN7qlTWWEsZN0r8dlD7y81u2Waq2IyyUJfIZZ9A8Iua0eJpViQOeEOUQgk4L/5SaZtRQrfv3iJG2ryuw+zv8FX+DS6CY/kkZwmq6jnebMDCeaUhcBkbS+6g3vOM9Q0fCR/5yPLOJ5SQlYAnyL+pd66NSlFkh4M=', 'validate': '', 'challenge': '', 'seccode': ''}
2022-02-11 17:56:31,605 - INFO requestbase.py [line:38]: 等待接口"https://gateway-stg.datousoft.com/authority/auth/login"时长:0:00:00.294214
2022-02-11 17:56:31,605 - INFO requestbase.py [line:38]: 等待接口"https://gateway-stg.datousoft.com/authority/auth/login"时长:0:00:00.294214
2022-02-11 17:56:31,669 - INFO requestbase.py [line:21]: 连通接口"https://supplychain-server-stg.datousoft.com/deliveryCenters/pageGet?pageNum=1&pageSize=100",接口header为:"{'authorization': 'Bearer eyJhbGciOiJIUzUxMiJ9.eyJqdGkiOiI4OTk1MTkwNmFiYmI0ZDQzYjczNGIxZDBkZDEzNWUwOSIsImF1dGgiOiIiLCJpZCI6NTk5LCJzdWIiOiIxMiJ9.JKyZokiq5fknHKfD5QIpix1a0b27qxH8ji20j_EXtsDwQWFQvddEglzZ98L6QyXX0VelVFkn2ohM2nFy3dVPxg'}",接口param为：
2022-02-11 17:56:31,669 - INFO requestbase.py [line:21]: 连通接口"https://supplychain-server-stg.datousoft.com/deliveryCenters/pageGet?pageNum=1&pageSize=100",接口header为:"{'authorization': 'Bearer eyJhbGciOiJIUzUxMiJ9.eyJqdGkiOiI4OTk1MTkwNmFiYmI0ZDQzYjczNGIxZDBkZDEzNWUwOSIsImF1dGgiOiIiLCJpZCI6NTk5LCJzdWIiOiIxMiJ9.JKyZokiq5fknHKfD5QIpix1a0b27qxH8ji20j_EXtsDwQWFQvddEglzZ98L6QyXX0VelVFkn2ohM2nFy3dVPxg'}",接口param为：
2022-02-11 17:56:31,669 - INFO requestbase.py [line:21]: 连通接口"https://supplychain-server-stg.datousoft.com/deliveryCenters/pageGet?pageNum=1&pageSize=100",接口header为:"{'authorization': 'Bearer eyJhbGciOiJIUzUxMiJ9.eyJqdGkiOiI4OTk1MTkwNmFiYmI0ZDQzYjczNGIxZDBkZDEzNWUwOSIsImF1dGgiOiIiLCJpZCI6NTk5LCJzdWIiOiIxMiJ9.JKyZokiq5fknHKfD5QIpix1a0b27qxH8ji20j_EXtsDwQWFQvddEglzZ98L6QyXX0VelVFkn2ohM2nFy3dVPxg'}",接口param为：
2022-02-11 17:56:32,903 - INFO requestbase.py [line:26]: 等待接口"https://supplychain-server-stg.datousoft.com/deliveryCenters/pageGet?pageNum=1&pageSize=100"时长:0:00:01.229458
2022-02-11 17:56:32,903 - INFO requestbase.py [line:26]: 等待接口"https://supplychain-server-stg.datousoft.com/deliveryCenters/pageGet?pageNum=1&pageSize=100"时长:0:00:01.229458
2022-02-11 17:56:32,903 - INFO requestbase.py [line:26]: 等待接口"https://supplychain-server-stg.datousoft.com/deliveryCenters/pageGet?pageNum=1&pageSize=100"时长:0:00:01.229458
2022-02-11 17:56:32,906 - INFO assertbase.py [line:28]: 预计接口返回code为"200.0",实际返回code为:"200"
2022-02-11 17:56:32,906 - INFO assertbase.py [line:28]: 预计接口返回code为"200.0",实际返回code为:"200"
2022-02-11 17:56:32,906 - INFO assertbase.py [line:28]: 预计接口返回code为"200.0",实际返回code为:"200"
2022-02-11 17:56:32,908 - INFO assertbase.py [line:31]: 预计接口返回code为"200.0",实际返回code为:"200"
2022-02-11 17:56:32,908 - INFO assertbase.py [line:31]: 预计接口返回code为"200.0",实际返回code为:"200"
2022-02-11 17:56:32,908 - INFO assertbase.py [line:31]: 预计接口返回code为"200.0",实际返回code为:"200"
2022-02-11 17:56:32,917 - INFO requestbase.py [line:45]: 连通接口"https://supplychain-server-stg.datousoft.com/deliveryCenters/update",接口data为:"",接口json{'id': 1, 'address': '121212121212121', 'enable': 'true', 'province': '北京市', 'city': '市辖区', 'district': '东城区'}
2022-02-11 17:56:32,917 - INFO requestbase.py [line:45]: 连通接口"https://supplychain-server-stg.datousoft.com/deliveryCenters/update",接口data为:"",接口json{'id': 1, 'address': '121212121212121', 'enable': 'true', 'province': '北京市', 'city': '市辖区', 'district': '东城区'}
2022-02-11 17:56:32,917 - INFO requestbase.py [line:45]: 连通接口"https://supplychain-server-stg.datousoft.com/deliveryCenters/update",接口data为:"",接口json{'id': 1, 'address': '121212121212121', 'enable': 'true', 'province': '北京市', 'city': '市辖区', 'district': '东城区'}
2022-02-11 17:56:33,065 - INFO requestbase.py [line:50]: 等待接口"https://supplychain-server-stg.datousoft.com/deliveryCenters/update"时长:0:00:00.144362
2022-02-11 17:56:33,065 - INFO requestbase.py [line:50]: 等待接口"https://supplychain-server-stg.datousoft.com/deliveryCenters/update"时长:0:00:00.144362
2022-02-11 17:56:33,065 - INFO requestbase.py [line:50]: 等待接口"https://supplychain-server-stg.datousoft.com/deliveryCenters/update"时长:0:00:00.144362
2022-02-11 17:56:33,069 - INFO assertbase.py [line:28]: 预计接口返回code为"200.0",实际返回code为:"200"
2022-02-11 17:56:33,069 - INFO assertbase.py [line:28]: 预计接口返回code为"200.0",实际返回code为:"200"
2022-02-11 17:56:33,069 - INFO assertbase.py [line:28]: 预计接口返回code为"200.0",实际返回code为:"200"
2022-02-11 17:56:33,073 - INFO assertbase.py [line:31]: 预计接口返回code为"200.0",实际返回code为:"200"
2022-02-11 17:56:33,073 - INFO assertbase.py [line:31]: 预计接口返回code为"200.0",实际返回code为:"200"
2022-02-11 17:56:33,073 - INFO assertbase.py [line:31]: 预计接口返回code为"200.0",实际返回code为:"200"
2022-02-11 17:56:33,084 - INFO requestbase.py [line:33]: 连通接口"https://supplychain-server-stg.datousoft.com/recipe/add",接口data为:"",接口json{'dishId': 529, 'name': '99523978640', 'preferred': 'false', 'seasoningCost': 12, 'specification': '小粉', 'list': [{'rank': 1, 'grossUsage': 10, 'itemId': 1, 'netFeedRate': 100, 'netUsage': 10}]}
2022-02-11 17:56:33,084 - INFO requestbase.py [line:33]: 连通接口"https://supplychain-server-stg.datousoft.com/recipe/add",接口data为:"",接口json{'dishId': 529, 'name': '99523978640', 'preferred': 'false', 'seasoningCost': 12, 'specification': '小粉', 'list': [{'rank': 1, 'grossUsage': 10, 'itemId': 1, 'netFeedRate': 100, 'netUsage': 10}]}
2022-02-11 17:56:33,084 - INFO requestbase.py [line:33]: 连通接口"https://supplychain-server-stg.datousoft.com/recipe/add",接口data为:"",接口json{'dishId': 529, 'name': '99523978640', 'preferred': 'false', 'seasoningCost': 12, 'specification': '小粉', 'list': [{'rank': 1, 'grossUsage': 10, 'itemId': 1, 'netFeedRate': 100, 'netUsage': 10}]}
2022-02-11 17:56:33,227 - INFO requestbase.py [line:38]: 等待接口"https://supplychain-server-stg.datousoft.com/recipe/add"时长:0:00:00.137594
2022-02-11 17:56:33,227 - INFO requestbase.py [line:38]: 等待接口"https://supplychain-server-stg.datousoft.com/recipe/add"时长:0:00:00.137594
2022-02-11 17:56:33,227 - INFO requestbase.py [line:38]: 等待接口"https://supplychain-server-stg.datousoft.com/recipe/add"时长:0:00:00.137594
2022-02-11 17:56:33,229 - INFO assertbase.py [line:28]: 预计接口返回code为"200.0",实际返回code为:"200"
2022-02-11 17:56:33,229 - INFO assertbase.py [line:28]: 预计接口返回code为"200.0",实际返回code为:"200"
2022-02-11 17:56:33,229 - INFO assertbase.py [line:28]: 预计接口返回code为"200.0",实际返回code为:"200"
2022-02-11 17:56:33,231 - INFO assertbase.py [line:31]: 预计接口返回code为"200.0",实际返回code为:"200"
2022-02-11 17:56:33,231 - INFO assertbase.py [line:31]: 预计接口返回code为"200.0",实际返回code为:"200"
2022-02-11 17:56:33,231 - INFO assertbase.py [line:31]: 预计接口返回code为"200.0",实际返回code为:"200"
2022-02-11 17:56:33,240 - INFO requestbase.py [line:33]: 连通接口"https://supplychain-server-stg.datousoft.com/shopRecipe/update",接口data为:"",接口json{'dishId': 529, 'recipeId': 42, 'shopIds': [11052]}
2022-02-11 17:56:33,240 - INFO requestbase.py [line:33]: 连通接口"https://supplychain-server-stg.datousoft.com/shopRecipe/update",接口data为:"",接口json{'dishId': 529, 'recipeId': 42, 'shopIds': [11052]}
2022-02-11 17:56:33,240 - INFO requestbase.py [line:33]: 连通接口"https://supplychain-server-stg.datousoft.com/shopRecipe/update",接口data为:"",接口json{'dishId': 529, 'recipeId': 42, 'shopIds': [11052]}
2022-02-11 17:56:33,390 - INFO requestbase.py [line:38]: 等待接口"https://supplychain-server-stg.datousoft.com/shopRecipe/update"时长:0:00:00.145732
2022-02-11 17:56:33,390 - INFO requestbase.py [line:38]: 等待接口"https://supplychain-server-stg.datousoft.com/shopRecipe/update"时长:0:00:00.145732
2022-02-11 17:56:33,390 - INFO requestbase.py [line:38]: 等待接口"https://supplychain-server-stg.datousoft.com/shopRecipe/update"时长:0:00:00.145732
2022-02-11 17:56:33,396 - INFO assertbase.py [line:28]: 预计接口返回code为"200.0",实际返回code为:"200"
2022-02-11 17:56:33,396 - INFO assertbase.py [line:28]: 预计接口返回code为"200.0",实际返回code为:"200"
2022-02-11 17:56:33,396 - INFO assertbase.py [line:28]: 预计接口返回code为"200.0",实际返回code为:"200"
2022-02-11 17:56:33,401 - INFO assertbase.py [line:31]: 预计接口返回code为"200.0",实际返回code为:"200"
2022-02-11 17:56:33,401 - INFO assertbase.py [line:31]: 预计接口返回code为"200.0",实际返回code为:"200"
2022-02-11 17:56:33,401 - INFO assertbase.py [line:31]: 预计接口返回code为"200.0",实际返回code为:"200"
2022-02-11 17:56:33,416 - INFO requestbase.py [line:33]: 连通接口"https://supplychain-server-stg.datousoft.com/recipe/update",接口data为:"",接口json{'recipeId': 42, 'name': '123', 'preferred': 'true', 'seasoningCost': '', 'list': [{'rank': 1, 'grossUsage': 10, 'itemId': 1, 'netFeedRate': 100, 'netUsage': 10}]}
2022-02-11 17:56:33,416 - INFO requestbase.py [line:33]: 连通接口"https://supplychain-server-stg.datousoft.com/recipe/update",接口data为:"",接口json{'recipeId': 42, 'name': '123', 'preferred': 'true', 'seasoningCost': '', 'list': [{'rank': 1, 'grossUsage': 10, 'itemId': 1, 'netFeedRate': 100, 'netUsage': 10}]}
2022-02-11 17:56:33,416 - INFO requestbase.py [line:33]: 连通接口"https://supplychain-server-stg.datousoft.com/recipe/update",接口data为:"",接口json{'recipeId': 42, 'name': '123', 'preferred': 'true', 'seasoningCost': '', 'list': [{'rank': 1, 'grossUsage': 10, 'itemId': 1, 'netFeedRate': 100, 'netUsage': 10}]}
2022-02-11 17:56:33,535 - INFO requestbase.py [line:38]: 等待接口"https://supplychain-server-stg.datousoft.com/recipe/update"时长:0:00:00.114825
2022-02-11 17:56:33,535 - INFO requestbase.py [line:38]: 等待接口"https://supplychain-server-stg.datousoft.com/recipe/update"时长:0:00:00.114825
2022-02-11 17:56:33,535 - INFO requestbase.py [line:38]: 等待接口"https://supplychain-server-stg.datousoft.com/recipe/update"时长:0:00:00.114825
2022-02-11 17:56:33,537 - INFO assertbase.py [line:28]: 预计接口返回code为"200.0",实际返回code为:"200"
2022-02-11 17:56:33,537 - INFO assertbase.py [line:28]: 预计接口返回code为"200.0",实际返回code为:"200"
2022-02-11 17:56:33,537 - INFO assertbase.py [line:28]: 预计接口返回code为"200.0",实际返回code为:"200"
2022-02-11 17:56:33,539 - INFO assertbase.py [line:31]: 预计接口返回code为"200.0",实际返回code为:"200"
2022-02-11 17:56:33,539 - INFO assertbase.py [line:31]: 预计接口返回code为"200.0",实际返回code为:"200"
2022-02-11 17:56:33,539 - INFO assertbase.py [line:31]: 预计接口返回code为"200.0",实际返回code为:"200"
