2022-02-11 11:48:09,044 - INFO requestbase.py [line:33]: 连通接口"https://gateway-stg.datousoft.com/authority/auth/login",接口data为:"",接口json{'groupId': '3', 'username': 'TRtsH2z2egXgbqWAIOTsJBf7E+Z/nA17u7HoVWtUqBIQP3PXpTeNuxcIm2rHTBkpnuCplP+CR/CkjzNFC2oMTKzMgXJWSu97e0qqLOV+Sm8VqntO0HMC0gTlQkHzJ33LLA4x12fDEGJnLcaznG16eCYlZPgssGvazAPGvOO7Wqk=', 'password': 'rlSCBdDGZAeGyaN7qlTWWEsZN0r8dlD7y81u2Waq2IyyUJfIZZ9A8Iua0eJpViQOeEOUQgk4L/5SaZtRQrfv3iJG2ryuw+zv8FX+DS6CY/kkZwmq6jnebMDCeaUhcBkbS+6g3vOM9Q0fCR/5yPLOJ5SQlYAnyL+pd66NSlFkh4M=', 'validate': '', 'challenge': '', 'seccode': ''}
2022-02-11 11:48:09,044 - INFO requestbase.py [line:33]: 连通接口"https://gateway-stg.datousoft.com/authority/auth/login",接口data为:"",接口json{'groupId': '3', 'username': 'TRtsH2z2egXgbqWAIOTsJBf7E+Z/nA17u7HoVWtUqBIQP3PXpTeNuxcIm2rHTBkpnuCplP+CR/CkjzNFC2oMTKzMgXJWSu97e0qqLOV+Sm8VqntO0HMC0gTlQkHzJ33LLA4x12fDEGJnLcaznG16eCYlZPgssGvazAPGvOO7Wqk=', 'password': 'rlSCBdDGZAeGyaN7qlTWWEsZN0r8dlD7y81u2Waq2IyyUJfIZZ9A8Iua0eJpViQOeEOUQgk4L/5SaZtRQrfv3iJG2ryuw+zv8FX+DS6CY/kkZwmq6jnebMDCeaUhcBkbS+6g3vOM9Q0fCR/5yPLOJ5SQlYAnyL+pd66NSlFkh4M=', 'validate': '', 'challenge': '', 'seccode': ''}
2022-02-11 11:48:09,350 - INFO requestbase.py [line:38]: 等待接口"https://gateway-stg.datousoft.com/authority/auth/login"时长:0:00:00.299674
2022-02-11 11:48:09,350 - INFO requestbase.py [line:38]: 等待接口"https://gateway-stg.datousoft.com/authority/auth/login"时长:0:00:00.299674
2022-02-11 11:48:09,391 - INFO requestbase.py [line:33]: 连通接口"https://supplychain-server-stg.datousoft.com/staffMealItemGroups/",接口data为:"",接口json{'itemGroupInfo': {'name': '99973684012', 'remark': ''}, 'itemIdList': [1], 'relatedOrganizationList': [{'organizationType': 'SHOP', 'organizationId': '31', 'organizationName': '太二广州海珠万达分店'}]}
2022-02-11 11:48:09,391 - INFO requestbase.py [line:33]: 连通接口"https://supplychain-server-stg.datousoft.com/staffMealItemGroups/",接口data为:"",接口json{'itemGroupInfo': {'name': '99973684012', 'remark': ''}, 'itemIdList': [1], 'relatedOrganizationList': [{'organizationType': 'SHOP', 'organizationId': '31', 'organizationName': '太二广州海珠万达分店'}]}
2022-02-11 11:48:09,391 - INFO requestbase.py [line:33]: 连通接口"https://supplychain-server-stg.datousoft.com/staffMealItemGroups/",接口data为:"",接口json{'itemGroupInfo': {'name': '99973684012', 'remark': ''}, 'itemIdList': [1], 'relatedOrganizationList': [{'organizationType': 'SHOP', 'organizationId': '31', 'organizationName': '太二广州海珠万达分店'}]}
2022-02-11 11:48:09,584 - INFO requestbase.py [line:38]: 等待接口"https://supplychain-server-stg.datousoft.com/staffMealItemGroups/"时长:0:00:00.188726
2022-02-11 11:48:09,584 - INFO requestbase.py [line:38]: 等待接口"https://supplychain-server-stg.datousoft.com/staffMealItemGroups/"时长:0:00:00.188726
2022-02-11 11:48:09,584 - INFO requestbase.py [line:38]: 等待接口"https://supplychain-server-stg.datousoft.com/staffMealItemGroups/"时长:0:00:00.188726
2022-02-11 11:48:09,587 - INFO assertbase.py [line:28]: 预计接口返回code为"201.0",实际返回code为:"201"
2022-02-11 11:48:09,587 - INFO assertbase.py [line:28]: 预计接口返回code为"201.0",实际返回code为:"201"
2022-02-11 11:48:09,587 - INFO assertbase.py [line:28]: 预计接口返回code为"201.0",实际返回code为:"201"
2022-02-11 11:48:09,589 - INFO assertbase.py [line:31]: 预计接口返回code为"201.0",实际返回code为:"201"
2022-02-11 11:48:09,589 - INFO assertbase.py [line:31]: 预计接口返回code为"201.0",实际返回code为:"201"
2022-02-11 11:48:09,589 - INFO assertbase.py [line:31]: 预计接口返回code为"201.0",实际返回code为:"201"
2022-02-11 11:48:09,598 - INFO requestbase.py [line:21]: 连通接口"https://supplychain-server-stg.datousoft.com/staffMealItemGroups/116",接口header为:"{'authorization': 'Bearer eyJhbGciOiJIUzUxMiJ9.eyJqdGkiOiI1MTliZDhmMDgxOGU0MWUyODRjYTcwYWJhZTRiMjViOCIsImF1dGgiOiIiLCJpZCI6NTk5LCJzdWIiOiIxMiJ9.conftCFJMdi9-hZjG2uBGV_-Pldzh6ocnof18KAQzuXhS-nkZ4stQxY-fb4Iq7lQfdvHcoFNwDZKWbcHz5I9wg'}",接口param为：
2022-02-11 11:48:09,598 - INFO requestbase.py [line:21]: 连通接口"https://supplychain-server-stg.datousoft.com/staffMealItemGroups/116",接口header为:"{'authorization': 'Bearer eyJhbGciOiJIUzUxMiJ9.eyJqdGkiOiI1MTliZDhmMDgxOGU0MWUyODRjYTcwYWJhZTRiMjViOCIsImF1dGgiOiIiLCJpZCI6NTk5LCJzdWIiOiIxMiJ9.conftCFJMdi9-hZjG2uBGV_-Pldzh6ocnof18KAQzuXhS-nkZ4stQxY-fb4Iq7lQfdvHcoFNwDZKWbcHz5I9wg'}",接口param为：
2022-02-11 11:48:09,598 - INFO requestbase.py [line:21]: 连通接口"https://supplychain-server-stg.datousoft.com/staffMealItemGroups/116",接口header为:"{'authorization': 'Bearer eyJhbGciOiJIUzUxMiJ9.eyJqdGkiOiI1MTliZDhmMDgxOGU0MWUyODRjYTcwYWJhZTRiMjViOCIsImF1dGgiOiIiLCJpZCI6NTk5LCJzdWIiOiIxMiJ9.conftCFJMdi9-hZjG2uBGV_-Pldzh6ocnof18KAQzuXhS-nkZ4stQxY-fb4Iq7lQfdvHcoFNwDZKWbcHz5I9wg'}",接口param为：
2022-02-11 11:48:09,598 - INFO requestbase.py [line:21]: 连通接口"https://supplychain-server-stg.datousoft.com/staffMealItemGroups/116",接口header为:"{'authorization': 'Bearer eyJhbGciOiJIUzUxMiJ9.eyJqdGkiOiI1MTliZDhmMDgxOGU0MWUyODRjYTcwYWJhZTRiMjViOCIsImF1dGgiOiIiLCJpZCI6NTk5LCJzdWIiOiIxMiJ9.conftCFJMdi9-hZjG2uBGV_-Pldzh6ocnof18KAQzuXhS-nkZ4stQxY-fb4Iq7lQfdvHcoFNwDZKWbcHz5I9wg'}",接口param为：
2022-02-11 11:48:09,692 - INFO requestbase.py [line:26]: 等待接口"https://supplychain-server-stg.datousoft.com/staffMealItemGroups/116"时长:0:00:00.088796
2022-02-11 11:48:09,692 - INFO requestbase.py [line:26]: 等待接口"https://supplychain-server-stg.datousoft.com/staffMealItemGroups/116"时长:0:00:00.088796
2022-02-11 11:48:09,692 - INFO requestbase.py [line:26]: 等待接口"https://supplychain-server-stg.datousoft.com/staffMealItemGroups/116"时长:0:00:00.088796
2022-02-11 11:48:09,692 - INFO requestbase.py [line:26]: 等待接口"https://supplychain-server-stg.datousoft.com/staffMealItemGroups/116"时长:0:00:00.088796
2022-02-11 11:48:09,695 - INFO assertbase.py [line:28]: 预计接口返回code为"200.0",实际返回code为:"200"
2022-02-11 11:48:09,695 - INFO assertbase.py [line:28]: 预计接口返回code为"200.0",实际返回code为:"200"
2022-02-11 11:48:09,695 - INFO assertbase.py [line:28]: 预计接口返回code为"200.0",实际返回code为:"200"
2022-02-11 11:48:09,695 - INFO assertbase.py [line:28]: 预计接口返回code为"200.0",实际返回code为:"200"
2022-02-11 11:48:09,697 - INFO assertbase.py [line:31]: 预计接口返回code为"200.0",实际返回code为:"200"
2022-02-11 11:48:09,697 - INFO assertbase.py [line:31]: 预计接口返回code为"200.0",实际返回code为:"200"
2022-02-11 11:48:09,697 - INFO assertbase.py [line:31]: 预计接口返回code为"200.0",实际返回code为:"200"
2022-02-11 11:48:09,697 - INFO assertbase.py [line:31]: 预计接口返回code为"200.0",实际返回code为:"200"
2022-02-11 11:48:09,700 - INFO requestbase.py [line:21]: 连通接口"https://supplychain-server-stg.datousoft.com/staffMealItemGroups/116/relatedOrganizations",接口header为:"{'authorization': 'Bearer eyJhbGciOiJIUzUxMiJ9.eyJqdGkiOiI1MTliZDhmMDgxOGU0MWUyODRjYTcwYWJhZTRiMjViOCIsImF1dGgiOiIiLCJpZCI6NTk5LCJzdWIiOiIxMiJ9.conftCFJMdi9-hZjG2uBGV_-Pldzh6ocnof18KAQzuXhS-nkZ4stQxY-fb4Iq7lQfdvHcoFNwDZKWbcHz5I9wg'}",接口param为：
2022-02-11 11:48:09,700 - INFO requestbase.py [line:21]: 连通接口"https://supplychain-server-stg.datousoft.com/staffMealItemGroups/116/relatedOrganizations",接口header为:"{'authorization': 'Bearer eyJhbGciOiJIUzUxMiJ9.eyJqdGkiOiI1MTliZDhmMDgxOGU0MWUyODRjYTcwYWJhZTRiMjViOCIsImF1dGgiOiIiLCJpZCI6NTk5LCJzdWIiOiIxMiJ9.conftCFJMdi9-hZjG2uBGV_-Pldzh6ocnof18KAQzuXhS-nkZ4stQxY-fb4Iq7lQfdvHcoFNwDZKWbcHz5I9wg'}",接口param为：
2022-02-11 11:48:09,700 - INFO requestbase.py [line:21]: 连通接口"https://supplychain-server-stg.datousoft.com/staffMealItemGroups/116/relatedOrganizations",接口header为:"{'authorization': 'Bearer eyJhbGciOiJIUzUxMiJ9.eyJqdGkiOiI1MTliZDhmMDgxOGU0MWUyODRjYTcwYWJhZTRiMjViOCIsImF1dGgiOiIiLCJpZCI6NTk5LCJzdWIiOiIxMiJ9.conftCFJMdi9-hZjG2uBGV_-Pldzh6ocnof18KAQzuXhS-nkZ4stQxY-fb4Iq7lQfdvHcoFNwDZKWbcHz5I9wg'}",接口param为：
2022-02-11 11:48:09,700 - INFO requestbase.py [line:21]: 连通接口"https://supplychain-server-stg.datousoft.com/staffMealItemGroups/116/relatedOrganizations",接口header为:"{'authorization': 'Bearer eyJhbGciOiJIUzUxMiJ9.eyJqdGkiOiI1MTliZDhmMDgxOGU0MWUyODRjYTcwYWJhZTRiMjViOCIsImF1dGgiOiIiLCJpZCI6NTk5LCJzdWIiOiIxMiJ9.conftCFJMdi9-hZjG2uBGV_-Pldzh6ocnof18KAQzuXhS-nkZ4stQxY-fb4Iq7lQfdvHcoFNwDZKWbcHz5I9wg'}",接口param为：
2022-02-11 11:48:09,700 - INFO requestbase.py [line:21]: 连通接口"https://supplychain-server-stg.datousoft.com/staffMealItemGroups/116/relatedOrganizations",接口header为:"{'authorization': 'Bearer eyJhbGciOiJIUzUxMiJ9.eyJqdGkiOiI1MTliZDhmMDgxOGU0MWUyODRjYTcwYWJhZTRiMjViOCIsImF1dGgiOiIiLCJpZCI6NTk5LCJzdWIiOiIxMiJ9.conftCFJMdi9-hZjG2uBGV_-Pldzh6ocnof18KAQzuXhS-nkZ4stQxY-fb4Iq7lQfdvHcoFNwDZKWbcHz5I9wg'}",接口param为：
2022-02-11 11:48:09,792 - INFO requestbase.py [line:26]: 等待接口"https://supplychain-server-stg.datousoft.com/staffMealItemGroups/116/relatedOrganizations"时长:0:00:00.090727
2022-02-11 11:48:09,792 - INFO requestbase.py [line:26]: 等待接口"https://supplychain-server-stg.datousoft.com/staffMealItemGroups/116/relatedOrganizations"时长:0:00:00.090727
2022-02-11 11:48:09,792 - INFO requestbase.py [line:26]: 等待接口"https://supplychain-server-stg.datousoft.com/staffMealItemGroups/116/relatedOrganizations"时长:0:00:00.090727
2022-02-11 11:48:09,792 - INFO requestbase.py [line:26]: 等待接口"https://supplychain-server-stg.datousoft.com/staffMealItemGroups/116/relatedOrganizations"时长:0:00:00.090727
2022-02-11 11:48:09,792 - INFO requestbase.py [line:26]: 等待接口"https://supplychain-server-stg.datousoft.com/staffMealItemGroups/116/relatedOrganizations"时长:0:00:00.090727
2022-02-11 11:48:09,795 - INFO assertbase.py [line:28]: 预计接口返回code为"200.0",实际返回code为:"200"
2022-02-11 11:48:09,795 - INFO assertbase.py [line:28]: 预计接口返回code为"200.0",实际返回code为:"200"
2022-02-11 11:48:09,795 - INFO assertbase.py [line:28]: 预计接口返回code为"200.0",实际返回code为:"200"
2022-02-11 11:48:09,795 - INFO assertbase.py [line:28]: 预计接口返回code为"200.0",实际返回code为:"200"
2022-02-11 11:48:09,795 - INFO assertbase.py [line:28]: 预计接口返回code为"200.0",实际返回code为:"200"
2022-02-11 11:48:09,797 - INFO assertbase.py [line:31]: 预计接口返回code为"200.0",实际返回code为:"200"
2022-02-11 11:48:09,797 - INFO assertbase.py [line:31]: 预计接口返回code为"200.0",实际返回code为:"200"
2022-02-11 11:48:09,797 - INFO assertbase.py [line:31]: 预计接口返回code为"200.0",实际返回code为:"200"
2022-02-11 11:48:09,797 - INFO assertbase.py [line:31]: 预计接口返回code为"200.0",实际返回code为:"200"
2022-02-11 11:48:09,797 - INFO assertbase.py [line:31]: 预计接口返回code为"200.0",实际返回code为:"200"
2022-02-11 11:48:09,800 - INFO requestbase.py [line:21]: 连通接口"https://supplychain-server-stg.datousoft.com/staffMealItemGroups/116/items",接口header为:"{'authorization': 'Bearer eyJhbGciOiJIUzUxMiJ9.eyJqdGkiOiI1MTliZDhmMDgxOGU0MWUyODRjYTcwYWJhZTRiMjViOCIsImF1dGgiOiIiLCJpZCI6NTk5LCJzdWIiOiIxMiJ9.conftCFJMdi9-hZjG2uBGV_-Pldzh6ocnof18KAQzuXhS-nkZ4stQxY-fb4Iq7lQfdvHcoFNwDZKWbcHz5I9wg'}",接口param为：
2022-02-11 11:48:09,800 - INFO requestbase.py [line:21]: 连通接口"https://supplychain-server-stg.datousoft.com/staffMealItemGroups/116/items",接口header为:"{'authorization': 'Bearer eyJhbGciOiJIUzUxMiJ9.eyJqdGkiOiI1MTliZDhmMDgxOGU0MWUyODRjYTcwYWJhZTRiMjViOCIsImF1dGgiOiIiLCJpZCI6NTk5LCJzdWIiOiIxMiJ9.conftCFJMdi9-hZjG2uBGV_-Pldzh6ocnof18KAQzuXhS-nkZ4stQxY-fb4Iq7lQfdvHcoFNwDZKWbcHz5I9wg'}",接口param为：
2022-02-11 11:48:09,800 - INFO requestbase.py [line:21]: 连通接口"https://supplychain-server-stg.datousoft.com/staffMealItemGroups/116/items",接口header为:"{'authorization': 'Bearer eyJhbGciOiJIUzUxMiJ9.eyJqdGkiOiI1MTliZDhmMDgxOGU0MWUyODRjYTcwYWJhZTRiMjViOCIsImF1dGgiOiIiLCJpZCI6NTk5LCJzdWIiOiIxMiJ9.conftCFJMdi9-hZjG2uBGV_-Pldzh6ocnof18KAQzuXhS-nkZ4stQxY-fb4Iq7lQfdvHcoFNwDZKWbcHz5I9wg'}",接口param为：
2022-02-11 11:48:09,800 - INFO requestbase.py [line:21]: 连通接口"https://supplychain-server-stg.datousoft.com/staffMealItemGroups/116/items",接口header为:"{'authorization': 'Bearer eyJhbGciOiJIUzUxMiJ9.eyJqdGkiOiI1MTliZDhmMDgxOGU0MWUyODRjYTcwYWJhZTRiMjViOCIsImF1dGgiOiIiLCJpZCI6NTk5LCJzdWIiOiIxMiJ9.conftCFJMdi9-hZjG2uBGV_-Pldzh6ocnof18KAQzuXhS-nkZ4stQxY-fb4Iq7lQfdvHcoFNwDZKWbcHz5I9wg'}",接口param为：
2022-02-11 11:48:09,800 - INFO requestbase.py [line:21]: 连通接口"https://supplychain-server-stg.datousoft.com/staffMealItemGroups/116/items",接口header为:"{'authorization': 'Bearer eyJhbGciOiJIUzUxMiJ9.eyJqdGkiOiI1MTliZDhmMDgxOGU0MWUyODRjYTcwYWJhZTRiMjViOCIsImF1dGgiOiIiLCJpZCI6NTk5LCJzdWIiOiIxMiJ9.conftCFJMdi9-hZjG2uBGV_-Pldzh6ocnof18KAQzuXhS-nkZ4stQxY-fb4Iq7lQfdvHcoFNwDZKWbcHz5I9wg'}",接口param为：
2022-02-11 11:48:09,800 - INFO requestbase.py [line:21]: 连通接口"https://supplychain-server-stg.datousoft.com/staffMealItemGroups/116/items",接口header为:"{'authorization': 'Bearer eyJhbGciOiJIUzUxMiJ9.eyJqdGkiOiI1MTliZDhmMDgxOGU0MWUyODRjYTcwYWJhZTRiMjViOCIsImF1dGgiOiIiLCJpZCI6NTk5LCJzdWIiOiIxMiJ9.conftCFJMdi9-hZjG2uBGV_-Pldzh6ocnof18KAQzuXhS-nkZ4stQxY-fb4Iq7lQfdvHcoFNwDZKWbcHz5I9wg'}",接口param为：
2022-02-11 11:48:09,898 - INFO requestbase.py [line:26]: 等待接口"https://supplychain-server-stg.datousoft.com/staffMealItemGroups/116/items"时长:0:00:00.095743
2022-02-11 11:48:09,898 - INFO requestbase.py [line:26]: 等待接口"https://supplychain-server-stg.datousoft.com/staffMealItemGroups/116/items"时长:0:00:00.095743
2022-02-11 11:48:09,898 - INFO requestbase.py [line:26]: 等待接口"https://supplychain-server-stg.datousoft.com/staffMealItemGroups/116/items"时长:0:00:00.095743
2022-02-11 11:48:09,898 - INFO requestbase.py [line:26]: 等待接口"https://supplychain-server-stg.datousoft.com/staffMealItemGroups/116/items"时长:0:00:00.095743
2022-02-11 11:48:09,898 - INFO requestbase.py [line:26]: 等待接口"https://supplychain-server-stg.datousoft.com/staffMealItemGroups/116/items"时长:0:00:00.095743
2022-02-11 11:48:09,898 - INFO requestbase.py [line:26]: 等待接口"https://supplychain-server-stg.datousoft.com/staffMealItemGroups/116/items"时长:0:00:00.095743
2022-02-11 11:48:09,902 - INFO assertbase.py [line:28]: 预计接口返回code为"200.0",实际返回code为:"200"
2022-02-11 11:48:09,902 - INFO assertbase.py [line:28]: 预计接口返回code为"200.0",实际返回code为:"200"
2022-02-11 11:48:09,902 - INFO assertbase.py [line:28]: 预计接口返回code为"200.0",实际返回code为:"200"
2022-02-11 11:48:09,902 - INFO assertbase.py [line:28]: 预计接口返回code为"200.0",实际返回code为:"200"
2022-02-11 11:48:09,902 - INFO assertbase.py [line:28]: 预计接口返回code为"200.0",实际返回code为:"200"
2022-02-11 11:48:09,902 - INFO assertbase.py [line:28]: 预计接口返回code为"200.0",实际返回code为:"200"
2022-02-11 11:48:09,906 - INFO assertbase.py [line:31]: 预计接口返回code为"200.0",实际返回code为:"200"
2022-02-11 11:48:09,906 - INFO assertbase.py [line:31]: 预计接口返回code为"200.0",实际返回code为:"200"
2022-02-11 11:48:09,906 - INFO assertbase.py [line:31]: 预计接口返回code为"200.0",实际返回code为:"200"
2022-02-11 11:48:09,906 - INFO assertbase.py [line:31]: 预计接口返回code为"200.0",实际返回code为:"200"
2022-02-11 11:48:09,906 - INFO assertbase.py [line:31]: 预计接口返回code为"200.0",实际返回code为:"200"
2022-02-11 11:48:09,906 - INFO assertbase.py [line:31]: 预计接口返回code为"200.0",实际返回code为:"200"
2022-02-11 11:48:09,915 - INFO requestbase.py [line:45]: 连通接口"https://supplychain-server-stg.datousoft.com/staffMealItemGroups/116",接口data为:"",接口json{'name': 'test5456///', 'remark': '655555'}
2022-02-11 11:48:09,915 - INFO requestbase.py [line:45]: 连通接口"https://supplychain-server-stg.datousoft.com/staffMealItemGroups/116",接口data为:"",接口json{'name': 'test5456///', 'remark': '655555'}
2022-02-11 11:48:09,915 - INFO requestbase.py [line:45]: 连通接口"https://supplychain-server-stg.datousoft.com/staffMealItemGroups/116",接口data为:"",接口json{'name': 'test5456///', 'remark': '655555'}
2022-02-11 11:48:09,915 - INFO requestbase.py [line:45]: 连通接口"https://supplychain-server-stg.datousoft.com/staffMealItemGroups/116",接口data为:"",接口json{'name': 'test5456///', 'remark': '655555'}
2022-02-11 11:48:09,915 - INFO requestbase.py [line:45]: 连通接口"https://supplychain-server-stg.datousoft.com/staffMealItemGroups/116",接口data为:"",接口json{'name': 'test5456///', 'remark': '655555'}
2022-02-11 11:48:09,915 - INFO requestbase.py [line:45]: 连通接口"https://supplychain-server-stg.datousoft.com/staffMealItemGroups/116",接口data为:"",接口json{'name': 'test5456///', 'remark': '655555'}
2022-02-11 11:48:09,915 - INFO requestbase.py [line:45]: 连通接口"https://supplychain-server-stg.datousoft.com/staffMealItemGroups/116",接口data为:"",接口json{'name': 'test5456///', 'remark': '655555'}
2022-02-11 11:48:10,011 - INFO requestbase.py [line:50]: 等待接口"https://supplychain-server-stg.datousoft.com/staffMealItemGroups/116"时长:0:00:00.092751
2022-02-11 11:48:10,011 - INFO requestbase.py [line:50]: 等待接口"https://supplychain-server-stg.datousoft.com/staffMealItemGroups/116"时长:0:00:00.092751
2022-02-11 11:48:10,011 - INFO requestbase.py [line:50]: 等待接口"https://supplychain-server-stg.datousoft.com/staffMealItemGroups/116"时长:0:00:00.092751
2022-02-11 11:48:10,011 - INFO requestbase.py [line:50]: 等待接口"https://supplychain-server-stg.datousoft.com/staffMealItemGroups/116"时长:0:00:00.092751
2022-02-11 11:48:10,011 - INFO requestbase.py [line:50]: 等待接口"https://supplychain-server-stg.datousoft.com/staffMealItemGroups/116"时长:0:00:00.092751
2022-02-11 11:48:10,011 - INFO requestbase.py [line:50]: 等待接口"https://supplychain-server-stg.datousoft.com/staffMealItemGroups/116"时长:0:00:00.092751
2022-02-11 11:48:10,011 - INFO requestbase.py [line:50]: 等待接口"https://supplychain-server-stg.datousoft.com/staffMealItemGroups/116"时长:0:00:00.092751
2022-02-11 11:48:10,014 - INFO assertbase.py [line:28]: 预计接口返回code为"200.0",实际返回code为:"500"
2022-02-11 11:48:10,014 - INFO assertbase.py [line:28]: 预计接口返回code为"200.0",实际返回code为:"500"
2022-02-11 11:48:10,014 - INFO assertbase.py [line:28]: 预计接口返回code为"200.0",实际返回code为:"500"
2022-02-11 11:48:10,014 - INFO assertbase.py [line:28]: 预计接口返回code为"200.0",实际返回code为:"500"
2022-02-11 11:48:10,014 - INFO assertbase.py [line:28]: 预计接口返回code为"200.0",实际返回code为:"500"
2022-02-11 11:48:10,014 - INFO assertbase.py [line:28]: 预计接口返回code为"200.0",实际返回code为:"500"
2022-02-11 11:48:10,014 - INFO assertbase.py [line:28]: 预计接口返回code为"200.0",实际返回code为:"500"
2022-02-11 11:48:10,016 - ERROR assertbase.py [line:33]: 预计接口返回code为"200.0",实际返回code为:"500",失败
2022-02-11 11:48:10,016 - ERROR assertbase.py [line:33]: 预计接口返回code为"200.0",实际返回code为:"500",失败
2022-02-11 11:48:10,016 - ERROR assertbase.py [line:33]: 预计接口返回code为"200.0",实际返回code为:"500",失败
2022-02-11 11:48:10,016 - ERROR assertbase.py [line:33]: 预计接口返回code为"200.0",实际返回code为:"500",失败
2022-02-11 11:48:10,016 - ERROR assertbase.py [line:33]: 预计接口返回code为"200.0",实际返回code为:"500",失败
2022-02-11 11:48:10,016 - ERROR assertbase.py [line:33]: 预计接口返回code为"200.0",实际返回code为:"500",失败
2022-02-11 11:48:10,016 - ERROR assertbase.py [line:33]: 预计接口返回code为"200.0",实际返回code为:"500",失败
2022-02-11 11:48:10,153 - INFO requestbase.py [line:57]: 连通接口"https://supplychain-server-stg.datousoft.com/staffMealItemGroups/116",接口data为:"",接口json
2022-02-11 11:48:10,153 - INFO requestbase.py [line:57]: 连通接口"https://supplychain-server-stg.datousoft.com/staffMealItemGroups/116",接口data为:"",接口json
2022-02-11 11:48:10,153 - INFO requestbase.py [line:57]: 连通接口"https://supplychain-server-stg.datousoft.com/staffMealItemGroups/116",接口data为:"",接口json
2022-02-11 11:48:10,153 - INFO requestbase.py [line:57]: 连通接口"https://supplychain-server-stg.datousoft.com/staffMealItemGroups/116",接口data为:"",接口json
2022-02-11 11:48:10,153 - INFO requestbase.py [line:57]: 连通接口"https://supplychain-server-stg.datousoft.com/staffMealItemGroups/116",接口data为:"",接口json
2022-02-11 11:48:10,153 - INFO requestbase.py [line:57]: 连通接口"https://supplychain-server-stg.datousoft.com/staffMealItemGroups/116",接口data为:"",接口json
2022-02-11 11:48:10,153 - INFO requestbase.py [line:57]: 连通接口"https://supplychain-server-stg.datousoft.com/staffMealItemGroups/116",接口data为:"",接口json
2022-02-11 11:48:10,216 - INFO requestbase.py [line:62]: 等待接口"https://supplychain-server-stg.datousoft.com/staffMealItemGroups/116"时长:0:00:00.058841
2022-02-11 11:48:10,216 - INFO requestbase.py [line:62]: 等待接口"https://supplychain-server-stg.datousoft.com/staffMealItemGroups/116"时长:0:00:00.058841
2022-02-11 11:48:10,216 - INFO requestbase.py [line:62]: 等待接口"https://supplychain-server-stg.datousoft.com/staffMealItemGroups/116"时长:0:00:00.058841
2022-02-11 11:48:10,216 - INFO requestbase.py [line:62]: 等待接口"https://supplychain-server-stg.datousoft.com/staffMealItemGroups/116"时长:0:00:00.058841
2022-02-11 11:48:10,216 - INFO requestbase.py [line:62]: 等待接口"https://supplychain-server-stg.datousoft.com/staffMealItemGroups/116"时长:0:00:00.058841
2022-02-11 11:48:10,216 - INFO requestbase.py [line:62]: 等待接口"https://supplychain-server-stg.datousoft.com/staffMealItemGroups/116"时长:0:00:00.058841
2022-02-11 11:48:10,216 - INFO requestbase.py [line:62]: 等待接口"https://supplychain-server-stg.datousoft.com/staffMealItemGroups/116"时长:0:00:00.058841
2022-02-11 11:48:10,219 - INFO assertbase.py [line:28]: 预计接口返回code为"",实际返回code为:"400"
2022-02-11 11:48:10,219 - INFO assertbase.py [line:28]: 预计接口返回code为"",实际返回code为:"400"
2022-02-11 11:48:10,219 - INFO assertbase.py [line:28]: 预计接口返回code为"",实际返回code为:"400"
2022-02-11 11:48:10,219 - INFO assertbase.py [line:28]: 预计接口返回code为"",实际返回code为:"400"
2022-02-11 11:48:10,219 - INFO assertbase.py [line:28]: 预计接口返回code为"",实际返回code为:"400"
2022-02-11 11:48:10,219 - INFO assertbase.py [line:28]: 预计接口返回code为"",实际返回code为:"400"
2022-02-11 11:48:10,219 - INFO assertbase.py [line:28]: 预计接口返回code为"",实际返回code为:"400"
2022-02-11 11:48:10,221 - ERROR assertbase.py [line:33]: 预计接口返回code为"",实际返回code为:"400",失败
2022-02-11 11:48:10,221 - ERROR assertbase.py [line:33]: 预计接口返回code为"",实际返回code为:"400",失败
2022-02-11 11:48:10,221 - ERROR assertbase.py [line:33]: 预计接口返回code为"",实际返回code为:"400",失败
2022-02-11 11:48:10,221 - ERROR assertbase.py [line:33]: 预计接口返回code为"",实际返回code为:"400",失败
2022-02-11 11:48:10,221 - ERROR assertbase.py [line:33]: 预计接口返回code为"",实际返回code为:"400",失败
2022-02-11 11:48:10,221 - ERROR assertbase.py [line:33]: 预计接口返回code为"",实际返回code为:"400",失败
2022-02-11 11:48:10,221 - ERROR assertbase.py [line:33]: 预计接口返回code为"",实际返回code为:"400",失败
