2022-02-11 16:54:55,604 - INFO requestbase.py [line:33]: 连通接口"https://gateway-stg.datousoft.com/authority/auth/login",接口data为:"",接口json{'groupId': '3', 'username': 'TRtsH2z2egXgbqWAIOTsJBf7E+Z/nA17u7HoVWtUqBIQP3PXpTeNuxcIm2rHTBkpnuCplP+CR/CkjzNFC2oMTKzMgXJWSu97e0qqLOV+Sm8VqntO0HMC0gTlQkHzJ33LLA4x12fDEGJnLcaznG16eCYlZPgssGvazAPGvOO7Wqk=', 'password': 'rlSCBdDGZAeGyaN7qlTWWEsZN0r8dlD7y81u2Waq2IyyUJfIZZ9A8Iua0eJpViQOeEOUQgk4L/5SaZtRQrfv3iJG2ryuw+zv8FX+DS6CY/kkZwmq6jnebMDCeaUhcBkbS+6g3vOM9Q0fCR/5yPLOJ5SQlYAnyL+pd66NSlFkh4M=', 'validate': '', 'challenge': '', 'seccode': ''}
2022-02-11 16:54:55,604 - INFO requestbase.py [line:33]: 连通接口"https://gateway-stg.datousoft.com/authority/auth/login",接口data为:"",接口json{'groupId': '3', 'username': 'TRtsH2z2egXgbqWAIOTsJBf7E+Z/nA17u7HoVWtUqBIQP3PXpTeNuxcIm2rHTBkpnuCplP+CR/CkjzNFC2oMTKzMgXJWSu97e0qqLOV+Sm8VqntO0HMC0gTlQkHzJ33LLA4x12fDEGJnLcaznG16eCYlZPgssGvazAPGvOO7Wqk=', 'password': 'rlSCBdDGZAeGyaN7qlTWWEsZN0r8dlD7y81u2Waq2IyyUJfIZZ9A8Iua0eJpViQOeEOUQgk4L/5SaZtRQrfv3iJG2ryuw+zv8FX+DS6CY/kkZwmq6jnebMDCeaUhcBkbS+6g3vOM9Q0fCR/5yPLOJ5SQlYAnyL+pd66NSlFkh4M=', 'validate': '', 'challenge': '', 'seccode': ''}
2022-02-11 16:54:55,851 - INFO requestbase.py [line:38]: 等待接口"https://gateway-stg.datousoft.com/authority/auth/login"时长:0:00:00.240358
2022-02-11 16:54:55,851 - INFO requestbase.py [line:38]: 等待接口"https://gateway-stg.datousoft.com/authority/auth/login"时长:0:00:00.240358
2022-02-11 16:54:55,923 - INFO requestbase.py [line:21]: 连通接口"https://supplychain-server-stg.datousoft.com/deliveryCenters/pageGet?pageNum=1&pageSize=100",接口header为:"{'authorization': 'Bearer eyJhbGciOiJIUzUxMiJ9.eyJqdGkiOiI1MmVlZGVmOTY3M2E0OTcxODc5NjlmOTQ4NThjNTZmOSIsImF1dGgiOiIiLCJpZCI6NTk5LCJzdWIiOiIxMiJ9.RNIR_BvdQbiAzBajDI7AbnTef6Wo6AjTJg5cMDAuXCyHvqTaW9uUDWTQ0QvfYQfY4ies-gI853JtsZ89HF0I8g'}",接口param为：
2022-02-11 16:54:55,923 - INFO requestbase.py [line:21]: 连通接口"https://supplychain-server-stg.datousoft.com/deliveryCenters/pageGet?pageNum=1&pageSize=100",接口header为:"{'authorization': 'Bearer eyJhbGciOiJIUzUxMiJ9.eyJqdGkiOiI1MmVlZGVmOTY3M2E0OTcxODc5NjlmOTQ4NThjNTZmOSIsImF1dGgiOiIiLCJpZCI6NTk5LCJzdWIiOiIxMiJ9.RNIR_BvdQbiAzBajDI7AbnTef6Wo6AjTJg5cMDAuXCyHvqTaW9uUDWTQ0QvfYQfY4ies-gI853JtsZ89HF0I8g'}",接口param为：
2022-02-11 16:54:55,923 - INFO requestbase.py [line:21]: 连通接口"https://supplychain-server-stg.datousoft.com/deliveryCenters/pageGet?pageNum=1&pageSize=100",接口header为:"{'authorization': 'Bearer eyJhbGciOiJIUzUxMiJ9.eyJqdGkiOiI1MmVlZGVmOTY3M2E0OTcxODc5NjlmOTQ4NThjNTZmOSIsImF1dGgiOiIiLCJpZCI6NTk5LCJzdWIiOiIxMiJ9.RNIR_BvdQbiAzBajDI7AbnTef6Wo6AjTJg5cMDAuXCyHvqTaW9uUDWTQ0QvfYQfY4ies-gI853JtsZ89HF0I8g'}",接口param为：
2022-02-11 16:54:55,989 - INFO requestbase.py [line:26]: 等待接口"https://supplychain-server-stg.datousoft.com/deliveryCenters/pageGet?pageNum=1&pageSize=100"时长:0:00:00.062816
2022-02-11 16:54:55,989 - INFO requestbase.py [line:26]: 等待接口"https://supplychain-server-stg.datousoft.com/deliveryCenters/pageGet?pageNum=1&pageSize=100"时长:0:00:00.062816
2022-02-11 16:54:55,989 - INFO requestbase.py [line:26]: 等待接口"https://supplychain-server-stg.datousoft.com/deliveryCenters/pageGet?pageNum=1&pageSize=100"时长:0:00:00.062816
2022-02-11 16:54:55,991 - INFO assertbase.py [line:28]: 预计接口返回code为"200.0",实际返回code为:"200"
2022-02-11 16:54:55,991 - INFO assertbase.py [line:28]: 预计接口返回code为"200.0",实际返回code为:"200"
2022-02-11 16:54:55,991 - INFO assertbase.py [line:28]: 预计接口返回code为"200.0",实际返回code为:"200"
2022-02-11 16:54:55,994 - INFO assertbase.py [line:31]: 预计接口返回code为"200.0",实际返回code为:"200"
2022-02-11 16:54:55,994 - INFO assertbase.py [line:31]: 预计接口返回code为"200.0",实际返回code为:"200"
2022-02-11 16:54:55,994 - INFO assertbase.py [line:31]: 预计接口返回code为"200.0",实际返回code为:"200"
2022-02-11 16:54:56,003 - INFO requestbase.py [line:33]: 连通接口"https://supplychain-server-stg.datousoft.com/deliveryCenters/update",接口data为:"",接口json{'id': 1, 'address': '121212121212121', 'enable': 'true', 'province': '北京市', 'city': '市辖区', 'district': '东城区'}
2022-02-11 16:54:56,003 - INFO requestbase.py [line:33]: 连通接口"https://supplychain-server-stg.datousoft.com/deliveryCenters/update",接口data为:"",接口json{'id': 1, 'address': '121212121212121', 'enable': 'true', 'province': '北京市', 'city': '市辖区', 'district': '东城区'}
2022-02-11 16:54:56,003 - INFO requestbase.py [line:33]: 连通接口"https://supplychain-server-stg.datousoft.com/deliveryCenters/update",接口data为:"",接口json{'id': 1, 'address': '121212121212121', 'enable': 'true', 'province': '北京市', 'city': '市辖区', 'district': '东城区'}
2022-02-11 16:54:56,053 - INFO requestbase.py [line:38]: 等待接口"https://supplychain-server-stg.datousoft.com/deliveryCenters/update"时长:0:00:00.044843
2022-02-11 16:54:56,053 - INFO requestbase.py [line:38]: 等待接口"https://supplychain-server-stg.datousoft.com/deliveryCenters/update"时长:0:00:00.044843
2022-02-11 16:54:56,053 - INFO requestbase.py [line:38]: 等待接口"https://supplychain-server-stg.datousoft.com/deliveryCenters/update"时长:0:00:00.044843
2022-02-11 16:54:56,056 - INFO assertbase.py [line:28]: 预计接口返回code为"200.0",实际返回code为:"405"
2022-02-11 16:54:56,056 - INFO assertbase.py [line:28]: 预计接口返回code为"200.0",实际返回code为:"405"
2022-02-11 16:54:56,056 - INFO assertbase.py [line:28]: 预计接口返回code为"200.0",实际返回code为:"405"
2022-02-11 16:54:56,058 - ERROR assertbase.py [line:33]: 预计接口返回code为"200.0",实际返回code为:"405",失败
2022-02-11 16:54:56,058 - ERROR assertbase.py [line:33]: 预计接口返回code为"200.0",实际返回code为:"405",失败
2022-02-11 16:54:56,058 - ERROR assertbase.py [line:33]: 预计接口返回code为"200.0",实际返回code为:"405",失败
2022-02-11 16:55:06,196 - INFO requestbase.py [line:33]: 连通接口"https://supplychain-server-stg.datousoft.com/deliveryCenters/update",接口data为:"",接口json{'id': 1, 'address': '121212121212121', 'enable': 'true', 'province': '北京市', 'city': '市辖区', 'district': '东城区'}
2022-02-11 16:55:06,196 - INFO requestbase.py [line:33]: 连通接口"https://supplychain-server-stg.datousoft.com/deliveryCenters/update",接口data为:"",接口json{'id': 1, 'address': '121212121212121', 'enable': 'true', 'province': '北京市', 'city': '市辖区', 'district': '东城区'}
2022-02-11 16:55:06,196 - INFO requestbase.py [line:33]: 连通接口"https://supplychain-server-stg.datousoft.com/deliveryCenters/update",接口data为:"",接口json{'id': 1, 'address': '121212121212121', 'enable': 'true', 'province': '北京市', 'city': '市辖区', 'district': '东城区'}
2022-02-11 16:55:06,250 - INFO requestbase.py [line:38]: 等待接口"https://supplychain-server-stg.datousoft.com/deliveryCenters/update"时长:0:00:00.048464
2022-02-11 16:55:06,250 - INFO requestbase.py [line:38]: 等待接口"https://supplychain-server-stg.datousoft.com/deliveryCenters/update"时长:0:00:00.048464
2022-02-11 16:55:06,250 - INFO requestbase.py [line:38]: 等待接口"https://supplychain-server-stg.datousoft.com/deliveryCenters/update"时长:0:00:00.048464
2022-02-11 16:55:06,252 - INFO assertbase.py [line:28]: 预计接口返回code为"200.0",实际返回code为:"405"
2022-02-11 16:55:06,252 - INFO assertbase.py [line:28]: 预计接口返回code为"200.0",实际返回code为:"405"
2022-02-11 16:55:06,252 - INFO assertbase.py [line:28]: 预计接口返回code为"200.0",实际返回code为:"405"
2022-02-11 16:55:06,255 - ERROR assertbase.py [line:33]: 预计接口返回code为"200.0",实际返回code为:"405",失败
2022-02-11 16:55:06,255 - ERROR assertbase.py [line:33]: 预计接口返回code为"200.0",实际返回code为:"405",失败
2022-02-11 16:55:06,255 - ERROR assertbase.py [line:33]: 预计接口返回code为"200.0",实际返回code为:"405",失败
