2022-02-11 11:33:38,018 - INFO requestbase.py [line:33]: 连通接口"https://gateway-stg.datousoft.com/authority/auth/login",接口data为:"",接口json{'groupId': '3', 'username': 'TRtsH2z2egXgbqWAIOTsJBf7E+Z/nA17u7HoVWtUqBIQP3PXpTeNuxcIm2rHTBkpnuCplP+CR/CkjzNFC2oMTKzMgXJWSu97e0qqLOV+Sm8VqntO0HMC0gTlQkHzJ33LLA4x12fDEGJnLcaznG16eCYlZPgssGvazAPGvOO7Wqk=', 'password': 'rlSCBdDGZAeGyaN7qlTWWEsZN0r8dlD7y81u2Waq2IyyUJfIZZ9A8Iua0eJpViQOeEOUQgk4L/5SaZtRQrfv3iJG2ryuw+zv8FX+DS6CY/kkZwmq6jnebMDCeaUhcBkbS+6g3vOM9Q0fCR/5yPLOJ5SQlYAnyL+pd66NSlFkh4M=', 'validate': '', 'challenge': '', 'seccode': ''}
2022-02-11 11:33:38,018 - INFO requestbase.py [line:33]: 连通接口"https://gateway-stg.datousoft.com/authority/auth/login",接口data为:"",接口json{'groupId': '3', 'username': 'TRtsH2z2egXgbqWAIOTsJBf7E+Z/nA17u7HoVWtUqBIQP3PXpTeNuxcIm2rHTBkpnuCplP+CR/CkjzNFC2oMTKzMgXJWSu97e0qqLOV+Sm8VqntO0HMC0gTlQkHzJ33LLA4x12fDEGJnLcaznG16eCYlZPgssGvazAPGvOO7Wqk=', 'password': 'rlSCBdDGZAeGyaN7qlTWWEsZN0r8dlD7y81u2Waq2IyyUJfIZZ9A8Iua0eJpViQOeEOUQgk4L/5SaZtRQrfv3iJG2ryuw+zv8FX+DS6CY/kkZwmq6jnebMDCeaUhcBkbS+6g3vOM9Q0fCR/5yPLOJ5SQlYAnyL+pd66NSlFkh4M=', 'validate': '', 'challenge': '', 'seccode': ''}
2022-02-11 11:33:38,290 - INFO requestbase.py [line:38]: 等待接口"https://gateway-stg.datousoft.com/authority/auth/login"时长:0:00:00.265135
2022-02-11 11:33:38,290 - INFO requestbase.py [line:38]: 等待接口"https://gateway-stg.datousoft.com/authority/auth/login"时长:0:00:00.265135
2022-02-11 11:33:38,327 - INFO requestbase.py [line:33]: 连通接口"https://supplychain-server-stg.datousoft.com/staffMealItemGroups",接口data为:"",接口json{'itemGroupInfo': {'name': '99874016935', 'remark': ''}, 'itemIdList': [1], 'relatedOrganizationList': [{'organizationType': 'SHOP', 'organizationId': '31', 'organizationName': '太二广州海珠万达分店'}]}
2022-02-11 11:33:38,327 - INFO requestbase.py [line:33]: 连通接口"https://supplychain-server-stg.datousoft.com/staffMealItemGroups",接口data为:"",接口json{'itemGroupInfo': {'name': '99874016935', 'remark': ''}, 'itemIdList': [1], 'relatedOrganizationList': [{'organizationType': 'SHOP', 'organizationId': '31', 'organizationName': '太二广州海珠万达分店'}]}
2022-02-11 11:33:38,327 - INFO requestbase.py [line:33]: 连通接口"https://supplychain-server-stg.datousoft.com/staffMealItemGroups",接口data为:"",接口json{'itemGroupInfo': {'name': '99874016935', 'remark': ''}, 'itemIdList': [1], 'relatedOrganizationList': [{'organizationType': 'SHOP', 'organizationId': '31', 'organizationName': '太二广州海珠万达分店'}]}
2022-02-11 11:33:38,523 - INFO requestbase.py [line:38]: 等待接口"https://supplychain-server-stg.datousoft.com/staffMealItemGroups"时长:0:00:00.193483
2022-02-11 11:33:38,523 - INFO requestbase.py [line:38]: 等待接口"https://supplychain-server-stg.datousoft.com/staffMealItemGroups"时长:0:00:00.193483
2022-02-11 11:33:38,523 - INFO requestbase.py [line:38]: 等待接口"https://supplychain-server-stg.datousoft.com/staffMealItemGroups"时长:0:00:00.193483
2022-02-11 11:33:38,527 - INFO assertbase.py [line:28]: 预计接口返回code为"201.0",实际返回code为:"201"
2022-02-11 11:33:38,527 - INFO assertbase.py [line:28]: 预计接口返回code为"201.0",实际返回code为:"201"
2022-02-11 11:33:38,527 - INFO assertbase.py [line:28]: 预计接口返回code为"201.0",实际返回code为:"201"
2022-02-11 11:33:38,531 - INFO assertbase.py [line:31]: 预计接口返回code为"201.0",实际返回code为:"201"
2022-02-11 11:33:38,531 - INFO assertbase.py [line:31]: 预计接口返回code为"201.0",实际返回code为:"201"
2022-02-11 11:33:38,531 - INFO assertbase.py [line:31]: 预计接口返回code为"201.0",实际返回code为:"201"
2022-02-11 11:33:38,543 - INFO requestbase.py [line:21]: 连通接口"https://supplychain-server-stg.datousoft.com/staffMealItemGroups112",接口header为:"{'authorization': 'Bearer eyJhbGciOiJIUzUxMiJ9.eyJqdGkiOiI1MDZlMzU4YTI2MWI0Nzg0OWRkYWZkY2RmNTkzNjQyZiIsImF1dGgiOiIiLCJpZCI6NTk5LCJzdWIiOiIxMiJ9.FrZVYbKb_eMCYUl3X4vbkI8aclSuHbci-SSrTsBhnP25nbo5c0cgg6JePKYl64yLXXDR7woE5z01FTcOHW6mKw'}",接口param为：
2022-02-11 11:33:38,543 - INFO requestbase.py [line:21]: 连通接口"https://supplychain-server-stg.datousoft.com/staffMealItemGroups112",接口header为:"{'authorization': 'Bearer eyJhbGciOiJIUzUxMiJ9.eyJqdGkiOiI1MDZlMzU4YTI2MWI0Nzg0OWRkYWZkY2RmNTkzNjQyZiIsImF1dGgiOiIiLCJpZCI6NTk5LCJzdWIiOiIxMiJ9.FrZVYbKb_eMCYUl3X4vbkI8aclSuHbci-SSrTsBhnP25nbo5c0cgg6JePKYl64yLXXDR7woE5z01FTcOHW6mKw'}",接口param为：
2022-02-11 11:33:38,543 - INFO requestbase.py [line:21]: 连通接口"https://supplychain-server-stg.datousoft.com/staffMealItemGroups112",接口header为:"{'authorization': 'Bearer eyJhbGciOiJIUzUxMiJ9.eyJqdGkiOiI1MDZlMzU4YTI2MWI0Nzg0OWRkYWZkY2RmNTkzNjQyZiIsImF1dGgiOiIiLCJpZCI6NTk5LCJzdWIiOiIxMiJ9.FrZVYbKb_eMCYUl3X4vbkI8aclSuHbci-SSrTsBhnP25nbo5c0cgg6JePKYl64yLXXDR7woE5z01FTcOHW6mKw'}",接口param为：
2022-02-11 11:33:38,543 - INFO requestbase.py [line:21]: 连通接口"https://supplychain-server-stg.datousoft.com/staffMealItemGroups112",接口header为:"{'authorization': 'Bearer eyJhbGciOiJIUzUxMiJ9.eyJqdGkiOiI1MDZlMzU4YTI2MWI0Nzg0OWRkYWZkY2RmNTkzNjQyZiIsImF1dGgiOiIiLCJpZCI6NTk5LCJzdWIiOiIxMiJ9.FrZVYbKb_eMCYUl3X4vbkI8aclSuHbci-SSrTsBhnP25nbo5c0cgg6JePKYl64yLXXDR7woE5z01FTcOHW6mKw'}",接口param为：
2022-02-11 11:33:38,607 - INFO requestbase.py [line:26]: 等待接口"https://supplychain-server-stg.datousoft.com/staffMealItemGroups112"时长:0:00:00.061834
2022-02-11 11:33:38,607 - INFO requestbase.py [line:26]: 等待接口"https://supplychain-server-stg.datousoft.com/staffMealItemGroups112"时长:0:00:00.061834
2022-02-11 11:33:38,607 - INFO requestbase.py [line:26]: 等待接口"https://supplychain-server-stg.datousoft.com/staffMealItemGroups112"时长:0:00:00.061834
2022-02-11 11:33:38,607 - INFO requestbase.py [line:26]: 等待接口"https://supplychain-server-stg.datousoft.com/staffMealItemGroups112"时长:0:00:00.061834
2022-02-11 11:33:38,609 - INFO assertbase.py [line:28]: 预计接口返回code为"200.0",实际返回code为:"404"
2022-02-11 11:33:38,609 - INFO assertbase.py [line:28]: 预计接口返回code为"200.0",实际返回code为:"404"
2022-02-11 11:33:38,609 - INFO assertbase.py [line:28]: 预计接口返回code为"200.0",实际返回code为:"404"
2022-02-11 11:33:38,609 - INFO assertbase.py [line:28]: 预计接口返回code为"200.0",实际返回code为:"404"
2022-02-11 11:33:38,611 - ERROR assertbase.py [line:33]: 预计接口返回code为"200.0",实际返回code为:"404",失败
2022-02-11 11:33:38,611 - ERROR assertbase.py [line:33]: 预计接口返回code为"200.0",实际返回code为:"404",失败
2022-02-11 11:33:38,611 - ERROR assertbase.py [line:33]: 预计接口返回code为"200.0",实际返回code为:"404",失败
2022-02-11 11:33:38,611 - ERROR assertbase.py [line:33]: 预计接口返回code为"200.0",实际返回code为:"404",失败
