2022-02-11 11:34:43,103 - INFO requestbase.py [line:33]: 连通接口"https://gateway-stg.datousoft.com/authority/auth/login",接口data为:"",接口json{'groupId': '3', 'username': 'TRtsH2z2egXgbqWAIOTsJBf7E+Z/nA17u7HoVWtUqBIQP3PXpTeNuxcIm2rHTBkpnuCplP+CR/CkjzNFC2oMTKzMgXJWSu97e0qqLOV+Sm8VqntO0HMC0gTlQkHzJ33LLA4x12fDEGJnLcaznG16eCYlZPgssGvazAPGvOO7Wqk=', 'password': 'rlSCBdDGZAeGyaN7qlTWWEsZN0r8dlD7y81u2Waq2IyyUJfIZZ9A8Iua0eJpViQOeEOUQgk4L/5SaZtRQrfv3iJG2ryuw+zv8FX+DS6CY/kkZwmq6jnebMDCeaUhcBkbS+6g3vOM9Q0fCR/5yPLOJ5SQlYAnyL+pd66NSlFkh4M=', 'validate': '', 'challenge': '', 'seccode': ''}
2022-02-11 11:34:43,103 - INFO requestbase.py [line:33]: 连通接口"https://gateway-stg.datousoft.com/authority/auth/login",接口data为:"",接口json{'groupId': '3', 'username': 'TRtsH2z2egXgbqWAIOTsJBf7E+Z/nA17u7HoVWtUqBIQP3PXpTeNuxcIm2rHTBkpnuCplP+CR/CkjzNFC2oMTKzMgXJWSu97e0qqLOV+Sm8VqntO0HMC0gTlQkHzJ33LLA4x12fDEGJnLcaznG16eCYlZPgssGvazAPGvOO7Wqk=', 'password': 'rlSCBdDGZAeGyaN7qlTWWEsZN0r8dlD7y81u2Waq2IyyUJfIZZ9A8Iua0eJpViQOeEOUQgk4L/5SaZtRQrfv3iJG2ryuw+zv8FX+DS6CY/kkZwmq6jnebMDCeaUhcBkbS+6g3vOM9Q0fCR/5yPLOJ5SQlYAnyL+pd66NSlFkh4M=', 'validate': '', 'challenge': '', 'seccode': ''}
2022-02-11 11:34:43,412 - INFO requestbase.py [line:38]: 等待接口"https://gateway-stg.datousoft.com/authority/auth/login"时长:0:00:00.305648
2022-02-11 11:34:43,412 - INFO requestbase.py [line:38]: 等待接口"https://gateway-stg.datousoft.com/authority/auth/login"时长:0:00:00.305648
2022-02-11 11:34:43,860 - INFO requestbase.py [line:33]: 连通接口"https://gateway-stg.datousoft.com/authority/auth/login",接口data为:"",接口json{'groupId': '3', 'username': 'TRtsH2z2egXgbqWAIOTsJBf7E+Z/nA17u7HoVWtUqBIQP3PXpTeNuxcIm2rHTBkpnuCplP+CR/CkjzNFC2oMTKzMgXJWSu97e0qqLOV+Sm8VqntO0HMC0gTlQkHzJ33LLA4x12fDEGJnLcaznG16eCYlZPgssGvazAPGvOO7Wqk=', 'password': 'rlSCBdDGZAeGyaN7qlTWWEsZN0r8dlD7y81u2Waq2IyyUJfIZZ9A8Iua0eJpViQOeEOUQgk4L/5SaZtRQrfv3iJG2ryuw+zv8FX+DS6CY/kkZwmq6jnebMDCeaUhcBkbS+6g3vOM9Q0fCR/5yPLOJ5SQlYAnyL+pd66NSlFkh4M=', 'validate': '', 'challenge': '', 'seccode': ''}
2022-02-11 11:34:43,860 - INFO requestbase.py [line:33]: 连通接口"https://gateway-stg.datousoft.com/authority/auth/login",接口data为:"",接口json{'groupId': '3', 'username': 'TRtsH2z2egXgbqWAIOTsJBf7E+Z/nA17u7HoVWtUqBIQP3PXpTeNuxcIm2rHTBkpnuCplP+CR/CkjzNFC2oMTKzMgXJWSu97e0qqLOV+Sm8VqntO0HMC0gTlQkHzJ33LLA4x12fDEGJnLcaznG16eCYlZPgssGvazAPGvOO7Wqk=', 'password': 'rlSCBdDGZAeGyaN7qlTWWEsZN0r8dlD7y81u2Waq2IyyUJfIZZ9A8Iua0eJpViQOeEOUQgk4L/5SaZtRQrfv3iJG2ryuw+zv8FX+DS6CY/kkZwmq6jnebMDCeaUhcBkbS+6g3vOM9Q0fCR/5yPLOJ5SQlYAnyL+pd66NSlFkh4M=', 'validate': '', 'challenge': '', 'seccode': ''}
2022-02-11 11:34:43,860 - INFO requestbase.py [line:33]: 连通接口"https://gateway-stg.datousoft.com/authority/auth/login",接口data为:"",接口json{'groupId': '3', 'username': 'TRtsH2z2egXgbqWAIOTsJBf7E+Z/nA17u7HoVWtUqBIQP3PXpTeNuxcIm2rHTBkpnuCplP+CR/CkjzNFC2oMTKzMgXJWSu97e0qqLOV+Sm8VqntO0HMC0gTlQkHzJ33LLA4x12fDEGJnLcaznG16eCYlZPgssGvazAPGvOO7Wqk=', 'password': 'rlSCBdDGZAeGyaN7qlTWWEsZN0r8dlD7y81u2Waq2IyyUJfIZZ9A8Iua0eJpViQOeEOUQgk4L/5SaZtRQrfv3iJG2ryuw+zv8FX+DS6CY/kkZwmq6jnebMDCeaUhcBkbS+6g3vOM9Q0fCR/5yPLOJ5SQlYAnyL+pd66NSlFkh4M=', 'validate': '', 'challenge': '', 'seccode': ''}
2022-02-11 11:34:43,860 - INFO requestbase.py [line:33]: 连通接口"https://gateway-stg.datousoft.com/authority/auth/login",接口data为:"",接口json{'groupId': '3', 'username': 'TRtsH2z2egXgbqWAIOTsJBf7E+Z/nA17u7HoVWtUqBIQP3PXpTeNuxcIm2rHTBkpnuCplP+CR/CkjzNFC2oMTKzMgXJWSu97e0qqLOV+Sm8VqntO0HMC0gTlQkHzJ33LLA4x12fDEGJnLcaznG16eCYlZPgssGvazAPGvOO7Wqk=', 'password': 'rlSCBdDGZAeGyaN7qlTWWEsZN0r8dlD7y81u2Waq2IyyUJfIZZ9A8Iua0eJpViQOeEOUQgk4L/5SaZtRQrfv3iJG2ryuw+zv8FX+DS6CY/kkZwmq6jnebMDCeaUhcBkbS+6g3vOM9Q0fCR/5yPLOJ5SQlYAnyL+pd66NSlFkh4M=', 'validate': '', 'challenge': '', 'seccode': ''}
2022-02-11 11:34:44,134 - INFO requestbase.py [line:38]: 等待接口"https://gateway-stg.datousoft.com/authority/auth/login"时长:0:00:00.268277
2022-02-11 11:34:44,134 - INFO requestbase.py [line:38]: 等待接口"https://gateway-stg.datousoft.com/authority/auth/login"时长:0:00:00.268277
2022-02-11 11:34:44,134 - INFO requestbase.py [line:38]: 等待接口"https://gateway-stg.datousoft.com/authority/auth/login"时长:0:00:00.268277
2022-02-11 11:34:44,134 - INFO requestbase.py [line:38]: 等待接口"https://gateway-stg.datousoft.com/authority/auth/login"时长:0:00:00.268277
2022-02-11 11:34:44,167 - INFO requestbase.py [line:33]: 连通接口"https://supplychain-server-stg.datousoft.com/staffMealItemGroups/",接口data为:"",接口json{'itemGroupInfo': {'name': '99736512980', 'remark': ''}, 'itemIdList': [1], 'relatedOrganizationList': [{'organizationType': 'SHOP', 'organizationId': '31', 'organizationName': '太二广州海珠万达分店'}]}
2022-02-11 11:34:44,167 - INFO requestbase.py [line:33]: 连通接口"https://supplychain-server-stg.datousoft.com/staffMealItemGroups/",接口data为:"",接口json{'itemGroupInfo': {'name': '99736512980', 'remark': ''}, 'itemIdList': [1], 'relatedOrganizationList': [{'organizationType': 'SHOP', 'organizationId': '31', 'organizationName': '太二广州海珠万达分店'}]}
2022-02-11 11:34:44,167 - INFO requestbase.py [line:33]: 连通接口"https://supplychain-server-stg.datousoft.com/staffMealItemGroups/",接口data为:"",接口json{'itemGroupInfo': {'name': '99736512980', 'remark': ''}, 'itemIdList': [1], 'relatedOrganizationList': [{'organizationType': 'SHOP', 'organizationId': '31', 'organizationName': '太二广州海珠万达分店'}]}
2022-02-11 11:34:44,167 - INFO requestbase.py [line:33]: 连通接口"https://supplychain-server-stg.datousoft.com/staffMealItemGroups/",接口data为:"",接口json{'itemGroupInfo': {'name': '99736512980', 'remark': ''}, 'itemIdList': [1], 'relatedOrganizationList': [{'organizationType': 'SHOP', 'organizationId': '31', 'organizationName': '太二广州海珠万达分店'}]}
2022-02-11 11:34:44,355 - INFO requestbase.py [line:38]: 等待接口"https://supplychain-server-stg.datousoft.com/staffMealItemGroups/"时长:0:00:00.183505
2022-02-11 11:34:44,355 - INFO requestbase.py [line:38]: 等待接口"https://supplychain-server-stg.datousoft.com/staffMealItemGroups/"时长:0:00:00.183505
2022-02-11 11:34:44,355 - INFO requestbase.py [line:38]: 等待接口"https://supplychain-server-stg.datousoft.com/staffMealItemGroups/"时长:0:00:00.183505
2022-02-11 11:34:44,355 - INFO requestbase.py [line:38]: 等待接口"https://supplychain-server-stg.datousoft.com/staffMealItemGroups/"时长:0:00:00.183505
2022-02-11 11:34:44,358 - INFO assertbase.py [line:28]: 预计接口返回code为"201.0",实际返回code为:"201"
2022-02-11 11:34:44,358 - INFO assertbase.py [line:28]: 预计接口返回code为"201.0",实际返回code为:"201"
2022-02-11 11:34:44,358 - INFO assertbase.py [line:28]: 预计接口返回code为"201.0",实际返回code为:"201"
2022-02-11 11:34:44,358 - INFO assertbase.py [line:28]: 预计接口返回code为"201.0",实际返回code为:"201"
2022-02-11 11:34:44,360 - INFO assertbase.py [line:31]: 预计接口返回code为"201.0",实际返回code为:"201"
2022-02-11 11:34:44,360 - INFO assertbase.py [line:31]: 预计接口返回code为"201.0",实际返回code为:"201"
2022-02-11 11:34:44,360 - INFO assertbase.py [line:31]: 预计接口返回code为"201.0",实际返回code为:"201"
2022-02-11 11:34:44,360 - INFO assertbase.py [line:31]: 预计接口返回code为"201.0",实际返回code为:"201"
2022-02-11 11:34:44,370 - INFO requestbase.py [line:21]: 连通接口"https://supplychain-server-stg.datousoft.com/staffMealItemGroups/113",接口header为:"{'authorization': 'Bearer eyJhbGciOiJIUzUxMiJ9.eyJqdGkiOiJiZTBmZTAzNTIwOGI0YjliOWUxMmExYWIwYzkzNTQyNiIsImF1dGgiOiIiLCJpZCI6NTk5LCJzdWIiOiIxMiJ9.IaGogFGy-WzE3p1kcu26g7zRWESYVVb-jxdkz_c1IIc-PWJDhKvtZxRnLabZl35-tqW7-yuj8gCD3v8fK4wZOg'}",接口param为：
2022-02-11 11:34:44,370 - INFO requestbase.py [line:21]: 连通接口"https://supplychain-server-stg.datousoft.com/staffMealItemGroups/113",接口header为:"{'authorization': 'Bearer eyJhbGciOiJIUzUxMiJ9.eyJqdGkiOiJiZTBmZTAzNTIwOGI0YjliOWUxMmExYWIwYzkzNTQyNiIsImF1dGgiOiIiLCJpZCI6NTk5LCJzdWIiOiIxMiJ9.IaGogFGy-WzE3p1kcu26g7zRWESYVVb-jxdkz_c1IIc-PWJDhKvtZxRnLabZl35-tqW7-yuj8gCD3v8fK4wZOg'}",接口param为：
2022-02-11 11:34:44,370 - INFO requestbase.py [line:21]: 连通接口"https://supplychain-server-stg.datousoft.com/staffMealItemGroups/113",接口header为:"{'authorization': 'Bearer eyJhbGciOiJIUzUxMiJ9.eyJqdGkiOiJiZTBmZTAzNTIwOGI0YjliOWUxMmExYWIwYzkzNTQyNiIsImF1dGgiOiIiLCJpZCI6NTk5LCJzdWIiOiIxMiJ9.IaGogFGy-WzE3p1kcu26g7zRWESYVVb-jxdkz_c1IIc-PWJDhKvtZxRnLabZl35-tqW7-yuj8gCD3v8fK4wZOg'}",接口param为：
2022-02-11 11:34:44,370 - INFO requestbase.py [line:21]: 连通接口"https://supplychain-server-stg.datousoft.com/staffMealItemGroups/113",接口header为:"{'authorization': 'Bearer eyJhbGciOiJIUzUxMiJ9.eyJqdGkiOiJiZTBmZTAzNTIwOGI0YjliOWUxMmExYWIwYzkzNTQyNiIsImF1dGgiOiIiLCJpZCI6NTk5LCJzdWIiOiIxMiJ9.IaGogFGy-WzE3p1kcu26g7zRWESYVVb-jxdkz_c1IIc-PWJDhKvtZxRnLabZl35-tqW7-yuj8gCD3v8fK4wZOg'}",接口param为：
2022-02-11 11:34:44,454 - INFO requestbase.py [line:26]: 等待接口"https://supplychain-server-stg.datousoft.com/staffMealItemGroups/113"时长:0:00:00.078786
2022-02-11 11:34:44,454 - INFO requestbase.py [line:26]: 等待接口"https://supplychain-server-stg.datousoft.com/staffMealItemGroups/113"时长:0:00:00.078786
2022-02-11 11:34:44,454 - INFO requestbase.py [line:26]: 等待接口"https://supplychain-server-stg.datousoft.com/staffMealItemGroups/113"时长:0:00:00.078786
2022-02-11 11:34:44,454 - INFO requestbase.py [line:26]: 等待接口"https://supplychain-server-stg.datousoft.com/staffMealItemGroups/113"时长:0:00:00.078786
2022-02-11 11:34:44,458 - INFO assertbase.py [line:28]: 预计接口返回code为"200.0",实际返回code为:"200"
2022-02-11 11:34:44,458 - INFO assertbase.py [line:28]: 预计接口返回code为"200.0",实际返回code为:"200"
2022-02-11 11:34:44,458 - INFO assertbase.py [line:28]: 预计接口返回code为"200.0",实际返回code为:"200"
2022-02-11 11:34:44,458 - INFO assertbase.py [line:28]: 预计接口返回code为"200.0",实际返回code为:"200"
2022-02-11 11:34:44,460 - INFO assertbase.py [line:31]: 预计接口返回code为"200.0",实际返回code为:"200"
2022-02-11 11:34:44,460 - INFO assertbase.py [line:31]: 预计接口返回code为"200.0",实际返回code为:"200"
2022-02-11 11:34:44,460 - INFO assertbase.py [line:31]: 预计接口返回code为"200.0",实际返回code为:"200"
2022-02-11 11:34:44,460 - INFO assertbase.py [line:31]: 预计接口返回code为"200.0",实际返回code为:"200"
