2022-02-11 16:11:16,560 - INFO requestbase.py [line:33]: 连通接口"https://gateway-stg.datousoft.com/authority/auth/login",接口data为:"",接口json{'groupId': '3', 'username': 'TRtsH2z2egXgbqWAIOTsJBf7E+Z/nA17u7HoVWtUqBIQP3PXpTeNuxcIm2rHTBkpnuCplP+CR/CkjzNFC2oMTKzMgXJWSu97e0qqLOV+Sm8VqntO0HMC0gTlQkHzJ33LLA4x12fDEGJnLcaznG16eCYlZPgssGvazAPGvOO7Wqk=', 'password': 'rlSCBdDGZAeGyaN7qlTWWEsZN0r8dlD7y81u2Waq2IyyUJfIZZ9A8Iua0eJpViQOeEOUQgk4L/5SaZtRQrfv3iJG2ryuw+zv8FX+DS6CY/kkZwmq6jnebMDCeaUhcBkbS+6g3vOM9Q0fCR/5yPLOJ5SQlYAnyL+pd66NSlFkh4M=', 'validate': '', 'challenge': '', 'seccode': ''}
2022-02-11 16:11:16,560 - INFO requestbase.py [line:33]: 连通接口"https://gateway-stg.datousoft.com/authority/auth/login",接口data为:"",接口json{'groupId': '3', 'username': 'TRtsH2z2egXgbqWAIOTsJBf7E+Z/nA17u7HoVWtUqBIQP3PXpTeNuxcIm2rHTBkpnuCplP+CR/CkjzNFC2oMTKzMgXJWSu97e0qqLOV+Sm8VqntO0HMC0gTlQkHzJ33LLA4x12fDEGJnLcaznG16eCYlZPgssGvazAPGvOO7Wqk=', 'password': 'rlSCBdDGZAeGyaN7qlTWWEsZN0r8dlD7y81u2Waq2IyyUJfIZZ9A8Iua0eJpViQOeEOUQgk4L/5SaZtRQrfv3iJG2ryuw+zv8FX+DS6CY/kkZwmq6jnebMDCeaUhcBkbS+6g3vOM9Q0fCR/5yPLOJ5SQlYAnyL+pd66NSlFkh4M=', 'validate': '', 'challenge': '', 'seccode': ''}
2022-02-11 16:11:17,105 - INFO requestbase.py [line:38]: 等待接口"https://gateway-stg.datousoft.com/authority/auth/login"时长:0:00:00.543112
2022-02-11 16:11:17,105 - INFO requestbase.py [line:38]: 等待接口"https://gateway-stg.datousoft.com/authority/auth/login"时长:0:00:00.543112
2022-02-11 16:11:17,710 - INFO requestbase.py [line:33]: 连通接口"https://gateway-stg.datousoft.com/authority/auth/login",接口data为:"",接口json{'groupId': '3', 'username': 'TRtsH2z2egXgbqWAIOTsJBf7E+Z/nA17u7HoVWtUqBIQP3PXpTeNuxcIm2rHTBkpnuCplP+CR/CkjzNFC2oMTKzMgXJWSu97e0qqLOV+Sm8VqntO0HMC0gTlQkHzJ33LLA4x12fDEGJnLcaznG16eCYlZPgssGvazAPGvOO7Wqk=', 'password': 'rlSCBdDGZAeGyaN7qlTWWEsZN0r8dlD7y81u2Waq2IyyUJfIZZ9A8Iua0eJpViQOeEOUQgk4L/5SaZtRQrfv3iJG2ryuw+zv8FX+DS6CY/kkZwmq6jnebMDCeaUhcBkbS+6g3vOM9Q0fCR/5yPLOJ5SQlYAnyL+pd66NSlFkh4M=', 'validate': '', 'challenge': '', 'seccode': ''}
2022-02-11 16:11:17,710 - INFO requestbase.py [line:33]: 连通接口"https://gateway-stg.datousoft.com/authority/auth/login",接口data为:"",接口json{'groupId': '3', 'username': 'TRtsH2z2egXgbqWAIOTsJBf7E+Z/nA17u7HoVWtUqBIQP3PXpTeNuxcIm2rHTBkpnuCplP+CR/CkjzNFC2oMTKzMgXJWSu97e0qqLOV+Sm8VqntO0HMC0gTlQkHzJ33LLA4x12fDEGJnLcaznG16eCYlZPgssGvazAPGvOO7Wqk=', 'password': 'rlSCBdDGZAeGyaN7qlTWWEsZN0r8dlD7y81u2Waq2IyyUJfIZZ9A8Iua0eJpViQOeEOUQgk4L/5SaZtRQrfv3iJG2ryuw+zv8FX+DS6CY/kkZwmq6jnebMDCeaUhcBkbS+6g3vOM9Q0fCR/5yPLOJ5SQlYAnyL+pd66NSlFkh4M=', 'validate': '', 'challenge': '', 'seccode': ''}
2022-02-11 16:11:18,034 - INFO requestbase.py [line:38]: 等待接口"https://gateway-stg.datousoft.com/authority/auth/login"时长:0:00:00.316391
2022-02-11 16:11:18,034 - INFO requestbase.py [line:38]: 等待接口"https://gateway-stg.datousoft.com/authority/auth/login"时长:0:00:00.316391
2022-02-11 16:11:18,079 - INFO requestbase.py [line:33]: 连通接口"https://supplychain-server-stg.datousoft.com/warehouseInventoryTemplates/",接口data为:"",接口json{'name': '99047913286', 'type': 'WEEK_INVENTORY', 'inventoryDay': 'MONDAY', 'remark': '121212', 'enable': 'true', 'itemList': [{'itemId': 1, 'remark': ''}], 'shopList': [{'shopId': 1}]}
2022-02-11 16:11:18,079 - INFO requestbase.py [line:33]: 连通接口"https://supplychain-server-stg.datousoft.com/warehouseInventoryTemplates/",接口data为:"",接口json{'name': '99047913286', 'type': 'WEEK_INVENTORY', 'inventoryDay': 'MONDAY', 'remark': '121212', 'enable': 'true', 'itemList': [{'itemId': 1, 'remark': ''}], 'shopList': [{'shopId': 1}]}
2022-02-11 16:11:18,178 - INFO requestbase.py [line:38]: 等待接口"https://supplychain-server-stg.datousoft.com/warehouseInventoryTemplates/"时长:0:00:00.095769
2022-02-11 16:11:18,178 - INFO requestbase.py [line:38]: 等待接口"https://supplychain-server-stg.datousoft.com/warehouseInventoryTemplates/"时长:0:00:00.095769
2022-02-11 16:11:18,180 - INFO assertbase.py [line:28]: 预计接口返回code为"200.0",实际返回code为:"500"
2022-02-11 16:11:18,180 - INFO assertbase.py [line:28]: 预计接口返回code为"200.0",实际返回code为:"500"
2022-02-11 16:11:18,183 - ERROR assertbase.py [line:33]: 预计接口返回code为"200.0",实际返回code为:"500",失败
2022-02-11 16:11:18,183 - ERROR assertbase.py [line:33]: 预计接口返回code为"200.0",实际返回code为:"500",失败
2022-02-11 16:11:18,319 - INFO requestbase.py [line:21]: 连通接口"https://supplychain-server-stg.datousoft.com/warehouseInventoryTemplates?pageNum=1&pageSize=100",接口header为:"{'authorization': 'Bearer eyJhbGciOiJIUzUxMiJ9.eyJqdGkiOiJhODEyZmQ2ZGM5MDU0YWU0OWY0MjU1OTE0ZWNlOGVmMSIsImF1dGgiOiIiLCJpZCI6NTk5LCJzdWIiOiIxMiJ9.g97WAYMmlnfAEqnHnc-XTf2V4__OGt1C1IyiJToTHjZ0W9NlcjL7g8PNYcNWrZX0W0DIqoPFL4eft7chT6t5VQ'}",接口param为：
2022-02-11 16:11:18,319 - INFO requestbase.py [line:21]: 连通接口"https://supplychain-server-stg.datousoft.com/warehouseInventoryTemplates?pageNum=1&pageSize=100",接口header为:"{'authorization': 'Bearer eyJhbGciOiJIUzUxMiJ9.eyJqdGkiOiJhODEyZmQ2ZGM5MDU0YWU0OWY0MjU1OTE0ZWNlOGVmMSIsImF1dGgiOiIiLCJpZCI6NTk5LCJzdWIiOiIxMiJ9.g97WAYMmlnfAEqnHnc-XTf2V4__OGt1C1IyiJToTHjZ0W9NlcjL7g8PNYcNWrZX0W0DIqoPFL4eft7chT6t5VQ'}",接口param为：
2022-02-11 16:11:18,407 - INFO requestbase.py [line:26]: 等待接口"https://supplychain-server-stg.datousoft.com/warehouseInventoryTemplates?pageNum=1&pageSize=100"时长:0:00:00.084775
2022-02-11 16:11:18,407 - INFO requestbase.py [line:26]: 等待接口"https://supplychain-server-stg.datousoft.com/warehouseInventoryTemplates?pageNum=1&pageSize=100"时长:0:00:00.084775
2022-02-11 16:11:18,410 - INFO assertbase.py [line:28]: 预计接口返回code为"200.0",实际返回code为:"200"
2022-02-11 16:11:18,410 - INFO assertbase.py [line:28]: 预计接口返回code为"200.0",实际返回code为:"200"
2022-02-11 16:11:18,412 - INFO assertbase.py [line:31]: 预计接口返回code为"200.0",实际返回code为:"200"
2022-02-11 16:11:18,412 - INFO assertbase.py [line:31]: 预计接口返回code为"200.0",实际返回code为:"200"
