2022-02-11 11:49:03,086 - INFO requestbase.py [line:21]: 连通接口"https://supplychain-server-stg.datousoft.com/staffMealItemGroups/117/relatedOrganizations",接口header为:"{'authorization': 'Bearer eyJhbGciOiJIUzUxMiJ9.eyJqdGkiOiI0YzM4MjJlNGJmNjI0ZGZhOTA4ZjZmMWZkYjFlM2MzNyIsImF1dGgiOiIiLCJpZCI6NTk5LCJzdWIiOiIxMiJ9.1TwyHfVjOqslUe5S4TQ5FuPy653CV8jbdDg8nVsDJE7Fhw0pONnK06XtEnYqVZTxoJX5SE7mkpIlKvWfUExioA'}",接口param为：
2022-02-11 11:49:03,168 - INFO requestbase.py [line:26]: 等待接口"https://supplychain-server-stg.datousoft.com/staffMealItemGroups/117/relatedOrganizations"时长:0:00:00.078763
2022-02-11 11:49:03,173 - INFO assertbase.py [line:28]: 预计接口返回code为"200.0",实际返回code为:"200"
2022-02-11 11:49:03,177 - INFO assertbase.py [line:31]: 预计接口返回code为"200.0",实际返回code为:"200"
2022-02-11 11:49:03,181 - INFO requestbase.py [line:21]: 连通接口"https://supplychain-server-stg.datousoft.com/staffMealItemGroups/117/items",接口header为:"{'authorization': 'Bearer eyJhbGciOiJIUzUxMiJ9.eyJqdGkiOiI0YzM4MjJlNGJmNjI0ZGZhOTA4ZjZmMWZkYjFlM2MzNyIsImF1dGgiOiIiLCJpZCI6NTk5LCJzdWIiOiIxMiJ9.1TwyHfVjOqslUe5S4TQ5FuPy653CV8jbdDg8nVsDJE7Fhw0pONnK06XtEnYqVZTxoJX5SE7mkpIlKvWfUExioA'}",接口param为：
2022-02-11 11:49:03,181 - INFO requestbase.py [line:21]: 连通接口"https://supplychain-server-stg.datousoft.com/staffMealItemGroups/117/items",接口header为:"{'authorization': 'Bearer eyJhbGciOiJIUzUxMiJ9.eyJqdGkiOiI0YzM4MjJlNGJmNjI0ZGZhOTA4ZjZmMWZkYjFlM2MzNyIsImF1dGgiOiIiLCJpZCI6NTk5LCJzdWIiOiIxMiJ9.1TwyHfVjOqslUe5S4TQ5FuPy653CV8jbdDg8nVsDJE7Fhw0pONnK06XtEnYqVZTxoJX5SE7mkpIlKvWfUExioA'}",接口param为：
2022-02-11 11:49:03,260 - INFO requestbase.py [line:26]: 等待接口"https://supplychain-server-stg.datousoft.com/staffMealItemGroups/117/items"时长:0:00:00.076795
2022-02-11 11:49:03,260 - INFO requestbase.py [line:26]: 等待接口"https://supplychain-server-stg.datousoft.com/staffMealItemGroups/117/items"时长:0:00:00.076795
2022-02-11 11:49:03,263 - INFO assertbase.py [line:28]: 预计接口返回code为"200.0",实际返回code为:"200"
2022-02-11 11:49:03,263 - INFO assertbase.py [line:28]: 预计接口返回code为"200.0",实际返回code为:"200"
2022-02-11 11:49:03,265 - INFO assertbase.py [line:31]: 预计接口返回code为"200.0",实际返回code为:"200"
2022-02-11 11:49:03,265 - INFO assertbase.py [line:31]: 预计接口返回code为"200.0",实际返回code为:"200"
2022-02-11 11:49:03,276 - INFO requestbase.py [line:45]: 连通接口"https://supplychain-server-stg.datousoft.com/staffMealItemGroups/117",接口data为:"",接口json{'name': 'test5456///', 'remark': '655555'}
2022-02-11 11:49:03,276 - INFO requestbase.py [line:45]: 连通接口"https://supplychain-server-stg.datousoft.com/staffMealItemGroups/117",接口data为:"",接口json{'name': 'test5456///', 'remark': '655555'}
2022-02-11 11:49:03,276 - INFO requestbase.py [line:45]: 连通接口"https://supplychain-server-stg.datousoft.com/staffMealItemGroups/117",接口data为:"",接口json{'name': 'test5456///', 'remark': '655555'}
2022-02-11 11:49:03,363 - INFO requestbase.py [line:50]: 等待接口"https://supplychain-server-stg.datousoft.com/staffMealItemGroups/117"时长:0:00:00.083774
2022-02-11 11:49:03,363 - INFO requestbase.py [line:50]: 等待接口"https://supplychain-server-stg.datousoft.com/staffMealItemGroups/117"时长:0:00:00.083774
2022-02-11 11:49:03,363 - INFO requestbase.py [line:50]: 等待接口"https://supplychain-server-stg.datousoft.com/staffMealItemGroups/117"时长:0:00:00.083774
2022-02-11 11:49:03,366 - INFO assertbase.py [line:28]: 预计接口返回code为"200.0",实际返回code为:"500"
2022-02-11 11:49:03,366 - INFO assertbase.py [line:28]: 预计接口返回code为"200.0",实际返回code为:"500"
2022-02-11 11:49:03,366 - INFO assertbase.py [line:28]: 预计接口返回code为"200.0",实际返回code为:"500"
2022-02-11 11:49:03,368 - ERROR assertbase.py [line:33]: 预计接口返回code为"200.0",实际返回code为:"500",失败
2022-02-11 11:49:03,368 - ERROR assertbase.py [line:33]: 预计接口返回code为"200.0",实际返回code为:"500",失败
2022-02-11 11:49:03,368 - ERROR assertbase.py [line:33]: 预计接口返回code为"200.0",实际返回code为:"500",失败
2022-02-11 11:49:03,496 - INFO requestbase.py [line:57]: 连通接口"https://supplychain-server-stg.datousoft.com/staffMealItemGroups/117",接口data为:"",接口json
2022-02-11 11:49:03,496 - INFO requestbase.py [line:57]: 连通接口"https://supplychain-server-stg.datousoft.com/staffMealItemGroups/117",接口data为:"",接口json
2022-02-11 11:49:03,496 - INFO requestbase.py [line:57]: 连通接口"https://supplychain-server-stg.datousoft.com/staffMealItemGroups/117",接口data为:"",接口json
2022-02-11 11:49:03,496 - INFO requestbase.py [line:57]: 连通接口"https://supplychain-server-stg.datousoft.com/staffMealItemGroups/117",接口data为:"",接口json
2022-02-11 11:49:03,565 - INFO requestbase.py [line:62]: 等待接口"https://supplychain-server-stg.datousoft.com/staffMealItemGroups/117"时长:0:00:00.064855
2022-02-11 11:49:03,565 - INFO requestbase.py [line:62]: 等待接口"https://supplychain-server-stg.datousoft.com/staffMealItemGroups/117"时长:0:00:00.064855
2022-02-11 11:49:03,565 - INFO requestbase.py [line:62]: 等待接口"https://supplychain-server-stg.datousoft.com/staffMealItemGroups/117"时长:0:00:00.064855
2022-02-11 11:49:03,565 - INFO requestbase.py [line:62]: 等待接口"https://supplychain-server-stg.datousoft.com/staffMealItemGroups/117"时长:0:00:00.064855
2022-02-11 11:49:03,569 - INFO assertbase.py [line:28]: 预计接口返回code为"",实际返回code为:"400"
2022-02-11 11:49:03,569 - INFO assertbase.py [line:28]: 预计接口返回code为"",实际返回code为:"400"
2022-02-11 11:49:03,569 - INFO assertbase.py [line:28]: 预计接口返回code为"",实际返回code为:"400"
2022-02-11 11:49:03,569 - INFO assertbase.py [line:28]: 预计接口返回code为"",实际返回code为:"400"
2022-02-11 11:49:03,571 - ERROR assertbase.py [line:33]: 预计接口返回code为"",实际返回code为:"400",失败
2022-02-11 11:49:03,571 - ERROR assertbase.py [line:33]: 预计接口返回code为"",实际返回code为:"400",失败
2022-02-11 11:49:03,571 - ERROR assertbase.py [line:33]: 预计接口返回code为"",实际返回code为:"400",失败
2022-02-11 11:49:03,571 - ERROR assertbase.py [line:33]: 预计接口返回code为"",实际返回code为:"400",失败
