2022-02-11 17:39:55,969 - INFO requestbase.py [line:33]: 连通接口"https://gateway-stg.datousoft.com/authority/auth/login",接口data为:"",接口json{'groupId': '3', 'username': 'TRtsH2z2egXgbqWAIOTsJBf7E+Z/nA17u7HoVWtUqBIQP3PXpTeNuxcIm2rHTBkpnuCplP+CR/CkjzNFC2oMTKzMgXJWSu97e0qqLOV+Sm8VqntO0HMC0gTlQkHzJ33LLA4x12fDEGJnLcaznG16eCYlZPgssGvazAPGvOO7Wqk=', 'password': 'rlSCBdDGZAeGyaN7qlTWWEsZN0r8dlD7y81u2Waq2IyyUJfIZZ9A8Iua0eJpViQOeEOUQgk4L/5SaZtRQrfv3iJG2ryuw+zv8FX+DS6CY/kkZwmq6jnebMDCeaUhcBkbS+6g3vOM9Q0fCR/5yPLOJ5SQlYAnyL+pd66NSlFkh4M=', 'validate': '', 'challenge': '', 'seccode': ''}
2022-02-11 17:39:55,969 - INFO requestbase.py [line:33]: 连通接口"https://gateway-stg.datousoft.com/authority/auth/login",接口data为:"",接口json{'groupId': '3', 'username': 'TRtsH2z2egXgbqWAIOTsJBf7E+Z/nA17u7HoVWtUqBIQP3PXpTeNuxcIm2rHTBkpnuCplP+CR/CkjzNFC2oMTKzMgXJWSu97e0qqLOV+Sm8VqntO0HMC0gTlQkHzJ33LLA4x12fDEGJnLcaznG16eCYlZPgssGvazAPGvOO7Wqk=', 'password': 'rlSCBdDGZAeGyaN7qlTWWEsZN0r8dlD7y81u2Waq2IyyUJfIZZ9A8Iua0eJpViQOeEOUQgk4L/5SaZtRQrfv3iJG2ryuw+zv8FX+DS6CY/kkZwmq6jnebMDCeaUhcBkbS+6g3vOM9Q0fCR/5yPLOJ5SQlYAnyL+pd66NSlFkh4M=', 'validate': '', 'challenge': '', 'seccode': ''}
2022-02-11 17:39:56,234 - INFO requestbase.py [line:38]: 等待接口"https://gateway-stg.datousoft.com/authority/auth/login"时长:0:00:00.254841
2022-02-11 17:39:56,234 - INFO requestbase.py [line:38]: 等待接口"https://gateway-stg.datousoft.com/authority/auth/login"时长:0:00:00.254841
2022-02-11 17:39:56,305 - INFO requestbase.py [line:21]: 连通接口"https://supplychain-server-stg.datousoft.com/deliveryCenters/pageGet?pageNum=1&pageSize=100",接口header为:"{'authorization': 'Bearer eyJhbGciOiJIUzUxMiJ9.eyJqdGkiOiI3OWY1ODc1ODZmMjc0NGY1YTc0YzdjOWQ3NDkwYTkyNyIsImF1dGgiOiIiLCJpZCI6NTk5LCJzdWIiOiIxMiJ9.ta80D8NLjSHI-vNC38LAPoafUfWzcjo2dLkJ6GMOcp36LDg-ZE5UbQMtmi75DEqeGLhn1ewN_S-xb3OXwCUSnQ'}",接口param为：
2022-02-11 17:39:56,305 - INFO requestbase.py [line:21]: 连通接口"https://supplychain-server-stg.datousoft.com/deliveryCenters/pageGet?pageNum=1&pageSize=100",接口header为:"{'authorization': 'Bearer eyJhbGciOiJIUzUxMiJ9.eyJqdGkiOiI3OWY1ODc1ODZmMjc0NGY1YTc0YzdjOWQ3NDkwYTkyNyIsImF1dGgiOiIiLCJpZCI6NTk5LCJzdWIiOiIxMiJ9.ta80D8NLjSHI-vNC38LAPoafUfWzcjo2dLkJ6GMOcp36LDg-ZE5UbQMtmi75DEqeGLhn1ewN_S-xb3OXwCUSnQ'}",接口param为：
2022-02-11 17:39:56,772 - INFO requestbase.py [line:26]: 等待接口"https://supplychain-server-stg.datousoft.com/deliveryCenters/pageGet?pageNum=1&pageSize=100"时长:0:00:00.462765
2022-02-11 17:39:56,772 - INFO requestbase.py [line:26]: 等待接口"https://supplychain-server-stg.datousoft.com/deliveryCenters/pageGet?pageNum=1&pageSize=100"时长:0:00:00.462765
2022-02-11 17:39:56,776 - INFO assertbase.py [line:28]: 预计接口返回code为"200.0",实际返回code为:"200"
2022-02-11 17:39:56,776 - INFO assertbase.py [line:28]: 预计接口返回code为"200.0",实际返回code为:"200"
2022-02-11 17:39:56,780 - INFO assertbase.py [line:31]: 预计接口返回code为"200.0",实际返回code为:"200"
2022-02-11 17:39:56,780 - INFO assertbase.py [line:31]: 预计接口返回code为"200.0",实际返回code为:"200"
2022-02-11 17:39:56,791 - INFO requestbase.py [line:45]: 连通接口"https://supplychain-server-stg.datousoft.com/deliveryCenters/update",接口data为:"",接口json{'id': 1, 'address': '121212121212121', 'enable': 'true', 'province': '北京市', 'city': '市辖区', 'district': '东城区'}
2022-02-11 17:39:56,791 - INFO requestbase.py [line:45]: 连通接口"https://supplychain-server-stg.datousoft.com/deliveryCenters/update",接口data为:"",接口json{'id': 1, 'address': '121212121212121', 'enable': 'true', 'province': '北京市', 'city': '市辖区', 'district': '东城区'}
2022-02-11 17:39:56,884 - INFO requestbase.py [line:50]: 等待接口"https://supplychain-server-stg.datousoft.com/deliveryCenters/update"时长:0:00:00.090754
2022-02-11 17:39:56,884 - INFO requestbase.py [line:50]: 等待接口"https://supplychain-server-stg.datousoft.com/deliveryCenters/update"时长:0:00:00.090754
2022-02-11 17:39:56,887 - INFO assertbase.py [line:28]: 预计接口返回code为"200.0",实际返回code为:"200"
2022-02-11 17:39:56,887 - INFO assertbase.py [line:28]: 预计接口返回code为"200.0",实际返回code为:"200"
2022-02-11 17:39:56,889 - INFO assertbase.py [line:31]: 预计接口返回code为"200.0",实际返回code为:"200"
2022-02-11 17:39:56,889 - INFO assertbase.py [line:31]: 预计接口返回code为"200.0",实际返回code为:"200"
2022-02-11 17:39:56,897 - INFO requestbase.py [line:33]: 连通接口"https://supplychain-server-stg.datousoft.com/recipe/add",接口data为:"",接口json{'dishId': 529, 'name': '99984076352', 'preferred': 'false', 'seasoningCost': 12, 'specification': '小粉', 'list': [{'rank': 1, 'grossUsage': 10, 'itemId': 1, 'netFeedRate': 100, 'netUsage': 10}]}
2022-02-11 17:39:56,897 - INFO requestbase.py [line:33]: 连通接口"https://supplychain-server-stg.datousoft.com/recipe/add",接口data为:"",接口json{'dishId': 529, 'name': '99984076352', 'preferred': 'false', 'seasoningCost': 12, 'specification': '小粉', 'list': [{'rank': 1, 'grossUsage': 10, 'itemId': 1, 'netFeedRate': 100, 'netUsage': 10}]}
2022-02-11 17:39:56,985 - INFO requestbase.py [line:38]: 等待接口"https://supplychain-server-stg.datousoft.com/recipe/add"时长:0:00:00.085771
2022-02-11 17:39:56,985 - INFO requestbase.py [line:38]: 等待接口"https://supplychain-server-stg.datousoft.com/recipe/add"时长:0:00:00.085771
2022-02-11 17:39:56,988 - INFO assertbase.py [line:28]: 预计接口返回code为"200.0",实际返回code为:"200"
2022-02-11 17:39:56,988 - INFO assertbase.py [line:28]: 预计接口返回code为"200.0",实际返回code为:"200"
2022-02-11 17:39:56,991 - INFO assertbase.py [line:31]: 预计接口返回code为"200.0",实际返回code为:"200"
2022-02-11 17:39:56,991 - INFO assertbase.py [line:31]: 预计接口返回code为"200.0",实际返回code为:"200"
2022-02-11 17:39:56,993 - INFO requestbase.py [line:33]: 连通接口"https://supplychain-server-stg.datousoft.com/recipe/update",接口data为:"",接口json{"recipeId":42,"name":"123","preferred":"true","seasoningCost":"","list":[{"rank":1,"grossUsage":10,"itemId":1,"netFeedRate":100,"netUsage":10}]}
2022-02-11 17:39:56,993 - INFO requestbase.py [line:33]: 连通接口"https://supplychain-server-stg.datousoft.com/recipe/update",接口data为:"",接口json{"recipeId":42,"name":"123","preferred":"true","seasoningCost":"","list":[{"rank":1,"grossUsage":10,"itemId":1,"netFeedRate":100,"netUsage":10}]}
2022-02-11 17:39:57,042 - INFO requestbase.py [line:38]: 等待接口"https://supplychain-server-stg.datousoft.com/recipe/update"时长:0:00:00.045849
2022-02-11 17:39:57,042 - INFO requestbase.py [line:38]: 等待接口"https://supplychain-server-stg.datousoft.com/recipe/update"时长:0:00:00.045849
2022-02-11 17:39:57,045 - INFO assertbase.py [line:28]: 预计接口返回code为"200.0",实际返回code为:"400"
2022-02-11 17:39:57,045 - INFO assertbase.py [line:28]: 预计接口返回code为"200.0",实际返回code为:"400"
2022-02-11 17:39:57,047 - ERROR assertbase.py [line:33]: 预计接口返回code为"200.0",实际返回code为:"400",失败
2022-02-11 17:39:57,047 - ERROR assertbase.py [line:33]: 预计接口返回code为"200.0",实际返回code为:"400",失败
2022-02-11 17:39:57,185 - INFO requestbase.py [line:33]: 连通接口"https://supplychain-server-stg.datousoft.com/shopRecipe/update",接口data为:"",接口json{"dishId":529,"recipeId":42,"shopIds":[11052]}
2022-02-11 17:39:57,185 - INFO requestbase.py [line:33]: 连通接口"https://supplychain-server-stg.datousoft.com/shopRecipe/update",接口data为:"",接口json{"dishId":529,"recipeId":42,"shopIds":[11052]}
2022-02-11 17:39:57,231 - INFO requestbase.py [line:38]: 等待接口"https://supplychain-server-stg.datousoft.com/shopRecipe/update"时长:0:00:00.041887
2022-02-11 17:39:57,231 - INFO requestbase.py [line:38]: 等待接口"https://supplychain-server-stg.datousoft.com/shopRecipe/update"时长:0:00:00.041887
2022-02-11 17:39:57,235 - INFO assertbase.py [line:28]: 预计接口返回code为"200.0",实际返回code为:"400"
2022-02-11 17:39:57,235 - INFO assertbase.py [line:28]: 预计接口返回code为"200.0",实际返回code为:"400"
2022-02-11 17:39:57,237 - ERROR assertbase.py [line:33]: 预计接口返回code为"200.0",实际返回code为:"400",失败
2022-02-11 17:39:57,237 - ERROR assertbase.py [line:33]: 预计接口返回code为"200.0",实际返回code为:"400",失败
2022-02-11 17:39:57,256 - INFO requestbase.py [line:33]: 连通接口"https://supplychain-server-stg.datousoft.com/recipe/update",接口data为:"",接口json{"recipeId":42,"name":"123","preferred":"true","seasoningCost":"","list":[{"rank":1,"grossUsage":10,"itemId":1,"netFeedRate":100,"netUsage":10}]}
2022-02-11 17:39:57,256 - INFO requestbase.py [line:33]: 连通接口"https://supplychain-server-stg.datousoft.com/recipe/update",接口data为:"",接口json{"recipeId":42,"name":"123","preferred":"true","seasoningCost":"","list":[{"rank":1,"grossUsage":10,"itemId":1,"netFeedRate":100,"netUsage":10}]}
2022-02-11 17:39:57,303 - INFO requestbase.py [line:38]: 等待接口"https://supplychain-server-stg.datousoft.com/recipe/update"时长:0:00:00.043911
2022-02-11 17:39:57,303 - INFO requestbase.py [line:38]: 等待接口"https://supplychain-server-stg.datousoft.com/recipe/update"时长:0:00:00.043911
2022-02-11 17:39:57,305 - INFO assertbase.py [line:28]: 预计接口返回code为"200.0",实际返回code为:"400"
2022-02-11 17:39:57,305 - INFO assertbase.py [line:28]: 预计接口返回code为"200.0",实际返回code为:"400"
2022-02-11 17:39:57,308 - ERROR assertbase.py [line:33]: 预计接口返回code为"200.0",实际返回code为:"400",失败
2022-02-11 17:39:57,308 - ERROR assertbase.py [line:33]: 预计接口返回code为"200.0",实际返回code为:"400",失败
