2022-02-11 16:12:52,730 - INFO requestbase.py [line:33]: 连通接口"https://gateway-stg.datousoft.com/authority/auth/login",接口data为:"",接口json{'groupId': '3', 'username': 'TRtsH2z2egXgbqWAIOTsJBf7E+Z/nA17u7HoVWtUqBIQP3PXpTeNuxcIm2rHTBkpnuCplP+CR/CkjzNFC2oMTKzMgXJWSu97e0qqLOV+Sm8VqntO0HMC0gTlQkHzJ33LLA4x12fDEGJnLcaznG16eCYlZPgssGvazAPGvOO7Wqk=', 'password': 'rlSCBdDGZAeGyaN7qlTWWEsZN0r8dlD7y81u2Waq2IyyUJfIZZ9A8Iua0eJpViQOeEOUQgk4L/5SaZtRQrfv3iJG2ryuw+zv8FX+DS6CY/kkZwmq6jnebMDCeaUhcBkbS+6g3vOM9Q0fCR/5yPLOJ5SQlYAnyL+pd66NSlFkh4M=', 'validate': '', 'challenge': '', 'seccode': ''}
2022-02-11 16:12:52,730 - INFO requestbase.py [line:33]: 连通接口"https://gateway-stg.datousoft.com/authority/auth/login",接口data为:"",接口json{'groupId': '3', 'username': 'TRtsH2z2egXgbqWAIOTsJBf7E+Z/nA17u7HoVWtUqBIQP3PXpTeNuxcIm2rHTBkpnuCplP+CR/CkjzNFC2oMTKzMgXJWSu97e0qqLOV+Sm8VqntO0HMC0gTlQkHzJ33LLA4x12fDEGJnLcaznG16eCYlZPgssGvazAPGvOO7Wqk=', 'password': 'rlSCBdDGZAeGyaN7qlTWWEsZN0r8dlD7y81u2Waq2IyyUJfIZZ9A8Iua0eJpViQOeEOUQgk4L/5SaZtRQrfv3iJG2ryuw+zv8FX+DS6CY/kkZwmq6jnebMDCeaUhcBkbS+6g3vOM9Q0fCR/5yPLOJ5SQlYAnyL+pd66NSlFkh4M=', 'validate': '', 'challenge': '', 'seccode': ''}
2022-02-11 16:12:53,027 - INFO requestbase.py [line:38]: 等待接口"https://gateway-stg.datousoft.com/authority/auth/login"时长:0:00:00.293870
2022-02-11 16:12:53,027 - INFO requestbase.py [line:38]: 等待接口"https://gateway-stg.datousoft.com/authority/auth/login"时长:0:00:00.293870
2022-02-11 16:12:53,651 - INFO requestbase.py [line:33]: 连通接口"https://gateway-stg.datousoft.com/authority/auth/login",接口data为:"",接口json{'groupId': '3', 'username': 'TRtsH2z2egXgbqWAIOTsJBf7E+Z/nA17u7HoVWtUqBIQP3PXpTeNuxcIm2rHTBkpnuCplP+CR/CkjzNFC2oMTKzMgXJWSu97e0qqLOV+Sm8VqntO0HMC0gTlQkHzJ33LLA4x12fDEGJnLcaznG16eCYlZPgssGvazAPGvOO7Wqk=', 'password': 'rlSCBdDGZAeGyaN7qlTWWEsZN0r8dlD7y81u2Waq2IyyUJfIZZ9A8Iua0eJpViQOeEOUQgk4L/5SaZtRQrfv3iJG2ryuw+zv8FX+DS6CY/kkZwmq6jnebMDCeaUhcBkbS+6g3vOM9Q0fCR/5yPLOJ5SQlYAnyL+pd66NSlFkh4M=', 'validate': '', 'challenge': '', 'seccode': ''}
2022-02-11 16:12:53,651 - INFO requestbase.py [line:33]: 连通接口"https://gateway-stg.datousoft.com/authority/auth/login",接口data为:"",接口json{'groupId': '3', 'username': 'TRtsH2z2egXgbqWAIOTsJBf7E+Z/nA17u7HoVWtUqBIQP3PXpTeNuxcIm2rHTBkpnuCplP+CR/CkjzNFC2oMTKzMgXJWSu97e0qqLOV+Sm8VqntO0HMC0gTlQkHzJ33LLA4x12fDEGJnLcaznG16eCYlZPgssGvazAPGvOO7Wqk=', 'password': 'rlSCBdDGZAeGyaN7qlTWWEsZN0r8dlD7y81u2Waq2IyyUJfIZZ9A8Iua0eJpViQOeEOUQgk4L/5SaZtRQrfv3iJG2ryuw+zv8FX+DS6CY/kkZwmq6jnebMDCeaUhcBkbS+6g3vOM9Q0fCR/5yPLOJ5SQlYAnyL+pd66NSlFkh4M=', 'validate': '', 'challenge': '', 'seccode': ''}
2022-02-11 16:12:53,948 - INFO requestbase.py [line:38]: 等待接口"https://gateway-stg.datousoft.com/authority/auth/login"时长:0:00:00.290226
2022-02-11 16:12:53,948 - INFO requestbase.py [line:38]: 等待接口"https://gateway-stg.datousoft.com/authority/auth/login"时长:0:00:00.290226
2022-02-11 16:12:53,990 - INFO requestbase.py [line:33]: 连通接口"https://supplychain-server-stg.datousoft.com/warehouseInventoryTemplates/",接口data为:"",接口json{'name': '99718392564', 'type': 'WEEK_INVENTORY', 'inventoryDay': 'MONDAY', 'remark': '121212', 'enable': 'true', 'itemList': [{'itemId': 1, 'remark': ''}], 'shopList': [{'shopId': 1}]}
2022-02-11 16:12:53,990 - INFO requestbase.py [line:33]: 连通接口"https://supplychain-server-stg.datousoft.com/warehouseInventoryTemplates/",接口data为:"",接口json{'name': '99718392564', 'type': 'WEEK_INVENTORY', 'inventoryDay': 'MONDAY', 'remark': '121212', 'enable': 'true', 'itemList': [{'itemId': 1, 'remark': ''}], 'shopList': [{'shopId': 1}]}
2022-02-11 16:12:54,138 - INFO requestbase.py [line:38]: 等待接口"https://supplychain-server-stg.datousoft.com/warehouseInventoryTemplates/"时长:0:00:00.144612
2022-02-11 16:12:54,138 - INFO requestbase.py [line:38]: 等待接口"https://supplychain-server-stg.datousoft.com/warehouseInventoryTemplates/"时长:0:00:00.144612
2022-02-11 16:12:54,141 - INFO assertbase.py [line:28]: 预计接口返回code为"200.0",实际返回code为:"500"
2022-02-11 16:12:54,141 - INFO assertbase.py [line:28]: 预计接口返回code为"200.0",实际返回code为:"500"
2022-02-11 16:12:54,143 - ERROR assertbase.py [line:33]: 预计接口返回code为"200.0",实际返回code为:"500",失败
2022-02-11 16:12:54,143 - ERROR assertbase.py [line:33]: 预计接口返回code为"200.0",实际返回code为:"500",失败
2022-02-11 16:12:54,291 - INFO requestbase.py [line:21]: 连通接口"https://supplychain-server-stg.datousoft.com/warehouseInventoryTemplates?pageNum=1&pageSize=100",接口header为:"{'authorization': 'Bearer eyJhbGciOiJIUzUxMiJ9.eyJqdGkiOiJhOGEzZmU0ZTZmY2I0ZDI2YWIwYzk5MTJlY2JlYWVlZSIsImF1dGgiOiIiLCJpZCI6NTk5LCJzdWIiOiIxMiJ9.d9don7hQa7iS_JvZJ4jO_MrgVsrbuu19915jtqhx26PdAabAKcT0wcTWULfpRpiYcTv6XJbjVWGibV470h1Kcg'}",接口param为：
2022-02-11 16:12:54,291 - INFO requestbase.py [line:21]: 连通接口"https://supplychain-server-stg.datousoft.com/warehouseInventoryTemplates?pageNum=1&pageSize=100",接口header为:"{'authorization': 'Bearer eyJhbGciOiJIUzUxMiJ9.eyJqdGkiOiJhOGEzZmU0ZTZmY2I0ZDI2YWIwYzk5MTJlY2JlYWVlZSIsImF1dGgiOiIiLCJpZCI6NTk5LCJzdWIiOiIxMiJ9.d9don7hQa7iS_JvZJ4jO_MrgVsrbuu19915jtqhx26PdAabAKcT0wcTWULfpRpiYcTv6XJbjVWGibV470h1Kcg'}",接口param为：
2022-02-11 16:12:54,440 - INFO requestbase.py [line:26]: 等待接口"https://supplychain-server-stg.datousoft.com/warehouseInventoryTemplates?pageNum=1&pageSize=100"时长:0:00:00.146609
2022-02-11 16:12:54,440 - INFO requestbase.py [line:26]: 等待接口"https://supplychain-server-stg.datousoft.com/warehouseInventoryTemplates?pageNum=1&pageSize=100"时长:0:00:00.146609
2022-02-11 16:12:54,442 - INFO assertbase.py [line:28]: 预计接口返回code为"200.0",实际返回code为:"200"
2022-02-11 16:12:54,442 - INFO assertbase.py [line:28]: 预计接口返回code为"200.0",实际返回code为:"200"
2022-02-11 16:12:54,445 - INFO assertbase.py [line:31]: 预计接口返回code为"200.0",实际返回code为:"200"
2022-02-11 16:12:54,445 - INFO assertbase.py [line:31]: 预计接口返回code为"200.0",实际返回code为:"200"
