2022-02-11 15:13:02,048 - INFO requestbase.py [line:21]: 连通接口"https://supplychain-server-stg.datousoft.com/staffMealItemGroups/121/relatedOrganizations",接口header为:"{'authorization': 'Bearer eyJhbGciOiJIUzUxMiJ9.eyJqdGkiOiIwZTU2MTEyYmNhZDQ0OWNmOWViN2NkZGY5NTFhZjFkYyIsImF1dGgiOiIiLCJpZCI6NTk5LCJzdWIiOiIxMiJ9.AxMyfC1cFMQt2Iq2T32jTi0SBDfrx5zK-z7LH2FL_ArkTIFi_B71Vem6UDWNjj6MJ4zJgQHcOS14FNkXhpzkYA'}",接口param为：
2022-02-11 15:13:02,119 - INFO requestbase.py [line:26]: 等待接口"https://supplychain-server-stg.datousoft.com/staffMealItemGroups/121/relatedOrganizations"时长:0:00:00.068825
2022-02-11 15:13:02,122 - INFO assertbase.py [line:28]: 预计接口返回code为"200.0",实际返回code为:"200"
2022-02-11 15:13:02,124 - INFO assertbase.py [line:31]: 预计接口返回code为"200.0",实际返回code为:"200"
2022-02-11 15:13:02,127 - INFO requestbase.py [line:21]: 连通接口"https://supplychain-server-stg.datousoft.com/staffMealItemGroups/121/items",接口header为:"{'authorization': 'Bearer eyJhbGciOiJIUzUxMiJ9.eyJqdGkiOiIwZTU2MTEyYmNhZDQ0OWNmOWViN2NkZGY5NTFhZjFkYyIsImF1dGgiOiIiLCJpZCI6NTk5LCJzdWIiOiIxMiJ9.AxMyfC1cFMQt2Iq2T32jTi0SBDfrx5zK-z7LH2FL_ArkTIFi_B71Vem6UDWNjj6MJ4zJgQHcOS14FNkXhpzkYA'}",接口param为：
2022-02-11 15:13:02,127 - INFO requestbase.py [line:21]: 连通接口"https://supplychain-server-stg.datousoft.com/staffMealItemGroups/121/items",接口header为:"{'authorization': 'Bearer eyJhbGciOiJIUzUxMiJ9.eyJqdGkiOiIwZTU2MTEyYmNhZDQ0OWNmOWViN2NkZGY5NTFhZjFkYyIsImF1dGgiOiIiLCJpZCI6NTk5LCJzdWIiOiIxMiJ9.AxMyfC1cFMQt2Iq2T32jTi0SBDfrx5zK-z7LH2FL_ArkTIFi_B71Vem6UDWNjj6MJ4zJgQHcOS14FNkXhpzkYA'}",接口param为：
2022-02-11 15:13:02,193 - INFO requestbase.py [line:26]: 等待接口"https://supplychain-server-stg.datousoft.com/staffMealItemGroups/121/items"时长:0:00:00.063830
2022-02-11 15:13:02,193 - INFO requestbase.py [line:26]: 等待接口"https://supplychain-server-stg.datousoft.com/staffMealItemGroups/121/items"时长:0:00:00.063830
2022-02-11 15:13:02,196 - INFO assertbase.py [line:28]: 预计接口返回code为"200.0",实际返回code为:"200"
2022-02-11 15:13:02,196 - INFO assertbase.py [line:28]: 预计接口返回code为"200.0",实际返回code为:"200"
2022-02-11 15:13:02,198 - INFO assertbase.py [line:31]: 预计接口返回code为"200.0",实际返回code为:"200"
2022-02-11 15:13:02,198 - INFO assertbase.py [line:31]: 预计接口返回code为"200.0",实际返回code为:"200"
2022-02-11 15:13:02,209 - INFO requestbase.py [line:45]: 连通接口"https://supplychain-server-stg.datousoft.com/staffMealItemGroups/121",接口data为:"",接口json{'name': '99693527408', 'remark': '655555'}
2022-02-11 15:13:02,209 - INFO requestbase.py [line:45]: 连通接口"https://supplychain-server-stg.datousoft.com/staffMealItemGroups/121",接口data为:"",接口json{'name': '99693527408', 'remark': '655555'}
2022-02-11 15:13:02,209 - INFO requestbase.py [line:45]: 连通接口"https://supplychain-server-stg.datousoft.com/staffMealItemGroups/121",接口data为:"",接口json{'name': '99693527408', 'remark': '655555'}
2022-02-11 15:13:02,292 - INFO requestbase.py [line:50]: 等待接口"https://supplychain-server-stg.datousoft.com/staffMealItemGroups/121"时长:0:00:00.075788
2022-02-11 15:13:02,292 - INFO requestbase.py [line:50]: 等待接口"https://supplychain-server-stg.datousoft.com/staffMealItemGroups/121"时长:0:00:00.075788
2022-02-11 15:13:02,292 - INFO requestbase.py [line:50]: 等待接口"https://supplychain-server-stg.datousoft.com/staffMealItemGroups/121"时长:0:00:00.075788
2022-02-11 15:13:02,294 - INFO assertbase.py [line:28]: 预计接口返回code为"200.0",实际返回code为:"200"
2022-02-11 15:13:02,294 - INFO assertbase.py [line:28]: 预计接口返回code为"200.0",实际返回code为:"200"
2022-02-11 15:13:02,294 - INFO assertbase.py [line:28]: 预计接口返回code为"200.0",实际返回code为:"200"
2022-02-11 15:13:02,297 - INFO assertbase.py [line:31]: 预计接口返回code为"200.0",实际返回code为:"200"
2022-02-11 15:13:02,297 - INFO assertbase.py [line:31]: 预计接口返回code为"200.0",实际返回code为:"200"
2022-02-11 15:13:02,297 - INFO assertbase.py [line:31]: 预计接口返回code为"200.0",实际返回code为:"200"
2022-02-11 15:13:02,299 - INFO requestbase.py [line:45]: 连通接口"https://supplychain-server-stg.datousoft.com/staffMealItemGroups/121/relatedOrganizations",接口data为:"",接口json[{'organizationType': 'SHOP', 'organizationId': 31, 'organizationName': '太二广州海珠万达分店'}]
2022-02-11 15:13:02,299 - INFO requestbase.py [line:45]: 连通接口"https://supplychain-server-stg.datousoft.com/staffMealItemGroups/121/relatedOrganizations",接口data为:"",接口json[{'organizationType': 'SHOP', 'organizationId': 31, 'organizationName': '太二广州海珠万达分店'}]
2022-02-11 15:13:02,299 - INFO requestbase.py [line:45]: 连通接口"https://supplychain-server-stg.datousoft.com/staffMealItemGroups/121/relatedOrganizations",接口data为:"",接口json[{'organizationType': 'SHOP', 'organizationId': 31, 'organizationName': '太二广州海珠万达分店'}]
2022-02-11 15:13:02,299 - INFO requestbase.py [line:45]: 连通接口"https://supplychain-server-stg.datousoft.com/staffMealItemGroups/121/relatedOrganizations",接口data为:"",接口json[{'organizationType': 'SHOP', 'organizationId': 31, 'organizationName': '太二广州海珠万达分店'}]
2022-02-11 15:13:02,367 - INFO requestbase.py [line:50]: 等待接口"https://supplychain-server-stg.datousoft.com/staffMealItemGroups/121/relatedOrganizations"时长:0:00:00.064827
2022-02-11 15:13:02,367 - INFO requestbase.py [line:50]: 等待接口"https://supplychain-server-stg.datousoft.com/staffMealItemGroups/121/relatedOrganizations"时长:0:00:00.064827
2022-02-11 15:13:02,367 - INFO requestbase.py [line:50]: 等待接口"https://supplychain-server-stg.datousoft.com/staffMealItemGroups/121/relatedOrganizations"时长:0:00:00.064827
2022-02-11 15:13:02,367 - INFO requestbase.py [line:50]: 等待接口"https://supplychain-server-stg.datousoft.com/staffMealItemGroups/121/relatedOrganizations"时长:0:00:00.064827
2022-02-11 15:13:02,371 - INFO assertbase.py [line:28]: 预计接口返回code为"200.0",实际返回code为:"200"
2022-02-11 15:13:02,371 - INFO assertbase.py [line:28]: 预计接口返回code为"200.0",实际返回code为:"200"
2022-02-11 15:13:02,371 - INFO assertbase.py [line:28]: 预计接口返回code为"200.0",实际返回code为:"200"
2022-02-11 15:13:02,371 - INFO assertbase.py [line:28]: 预计接口返回code为"200.0",实际返回code为:"200"
2022-02-11 15:13:02,375 - INFO assertbase.py [line:31]: 预计接口返回code为"200.0",实际返回code为:"200"
2022-02-11 15:13:02,375 - INFO assertbase.py [line:31]: 预计接口返回code为"200.0",实际返回code为:"200"
2022-02-11 15:13:02,375 - INFO assertbase.py [line:31]: 预计接口返回code为"200.0",实际返回code为:"200"
2022-02-11 15:13:02,375 - INFO assertbase.py [line:31]: 预计接口返回code为"200.0",实际返回code为:"200"
2022-02-11 15:13:02,379 - INFO requestbase.py [line:45]: 连通接口"https://supplychain-server-stg.datousoft.com/staffMealItemGroups/121/items",接口data为:"",接口json[1]
2022-02-11 15:13:02,379 - INFO requestbase.py [line:45]: 连通接口"https://supplychain-server-stg.datousoft.com/staffMealItemGroups/121/items",接口data为:"",接口json[1]
2022-02-11 15:13:02,379 - INFO requestbase.py [line:45]: 连通接口"https://supplychain-server-stg.datousoft.com/staffMealItemGroups/121/items",接口data为:"",接口json[1]
2022-02-11 15:13:02,379 - INFO requestbase.py [line:45]: 连通接口"https://supplychain-server-stg.datousoft.com/staffMealItemGroups/121/items",接口data为:"",接口json[1]
2022-02-11 15:13:02,379 - INFO requestbase.py [line:45]: 连通接口"https://supplychain-server-stg.datousoft.com/staffMealItemGroups/121/items",接口data为:"",接口json[1]
2022-02-11 15:13:02,449 - INFO requestbase.py [line:50]: 等待接口"https://supplychain-server-stg.datousoft.com/staffMealItemGroups/121/items"时长:0:00:00.067818
2022-02-11 15:13:02,449 - INFO requestbase.py [line:50]: 等待接口"https://supplychain-server-stg.datousoft.com/staffMealItemGroups/121/items"时长:0:00:00.067818
2022-02-11 15:13:02,449 - INFO requestbase.py [line:50]: 等待接口"https://supplychain-server-stg.datousoft.com/staffMealItemGroups/121/items"时长:0:00:00.067818
2022-02-11 15:13:02,449 - INFO requestbase.py [line:50]: 等待接口"https://supplychain-server-stg.datousoft.com/staffMealItemGroups/121/items"时长:0:00:00.067818
2022-02-11 15:13:02,449 - INFO requestbase.py [line:50]: 等待接口"https://supplychain-server-stg.datousoft.com/staffMealItemGroups/121/items"时长:0:00:00.067818
2022-02-11 15:13:02,450 - INFO assertbase.py [line:28]: 预计接口返回code为"200.0",实际返回code为:"200"
2022-02-11 15:13:02,450 - INFO assertbase.py [line:28]: 预计接口返回code为"200.0",实际返回code为:"200"
2022-02-11 15:13:02,450 - INFO assertbase.py [line:28]: 预计接口返回code为"200.0",实际返回code为:"200"
2022-02-11 15:13:02,450 - INFO assertbase.py [line:28]: 预计接口返回code为"200.0",实际返回code为:"200"
2022-02-11 15:13:02,450 - INFO assertbase.py [line:28]: 预计接口返回code为"200.0",实际返回code为:"200"
2022-02-11 15:13:02,453 - INFO assertbase.py [line:31]: 预计接口返回code为"200.0",实际返回code为:"200"
2022-02-11 15:13:02,453 - INFO assertbase.py [line:31]: 预计接口返回code为"200.0",实际返回code为:"200"
2022-02-11 15:13:02,453 - INFO assertbase.py [line:31]: 预计接口返回code为"200.0",实际返回code为:"200"
2022-02-11 15:13:02,453 - INFO assertbase.py [line:31]: 预计接口返回code为"200.0",实际返回code为:"200"
2022-02-11 15:13:02,453 - INFO assertbase.py [line:31]: 预计接口返回code为"200.0",实际返回code为:"200"
2022-02-11 15:13:02,462 - INFO requestbase.py [line:57]: 连通接口"https://supplychain-server-stg.datousoft.com/staffMealItemGroups/121",接口data为:"",接口json
2022-02-11 15:13:02,462 - INFO requestbase.py [line:57]: 连通接口"https://supplychain-server-stg.datousoft.com/staffMealItemGroups/121",接口data为:"",接口json
2022-02-11 15:13:02,462 - INFO requestbase.py [line:57]: 连通接口"https://supplychain-server-stg.datousoft.com/staffMealItemGroups/121",接口data为:"",接口json
2022-02-11 15:13:02,462 - INFO requestbase.py [line:57]: 连通接口"https://supplychain-server-stg.datousoft.com/staffMealItemGroups/121",接口data为:"",接口json
2022-02-11 15:13:02,462 - INFO requestbase.py [line:57]: 连通接口"https://supplychain-server-stg.datousoft.com/staffMealItemGroups/121",接口data为:"",接口json
2022-02-11 15:13:02,462 - INFO requestbase.py [line:57]: 连通接口"https://supplychain-server-stg.datousoft.com/staffMealItemGroups/121",接口data为:"",接口json
2022-02-11 15:13:02,534 - INFO requestbase.py [line:62]: 等待接口"https://supplychain-server-stg.datousoft.com/staffMealItemGroups/121"时长:0:00:00.068816
2022-02-11 15:13:02,534 - INFO requestbase.py [line:62]: 等待接口"https://supplychain-server-stg.datousoft.com/staffMealItemGroups/121"时长:0:00:00.068816
2022-02-11 15:13:02,534 - INFO requestbase.py [line:62]: 等待接口"https://supplychain-server-stg.datousoft.com/staffMealItemGroups/121"时长:0:00:00.068816
2022-02-11 15:13:02,534 - INFO requestbase.py [line:62]: 等待接口"https://supplychain-server-stg.datousoft.com/staffMealItemGroups/121"时长:0:00:00.068816
2022-02-11 15:13:02,534 - INFO requestbase.py [line:62]: 等待接口"https://supplychain-server-stg.datousoft.com/staffMealItemGroups/121"时长:0:00:00.068816
2022-02-11 15:13:02,534 - INFO requestbase.py [line:62]: 等待接口"https://supplychain-server-stg.datousoft.com/staffMealItemGroups/121"时长:0:00:00.068816
2022-02-11 15:13:02,537 - INFO assertbase.py [line:28]: 预计接口返回code为"",实际返回code为:"200"
2022-02-11 15:13:02,537 - INFO assertbase.py [line:28]: 预计接口返回code为"",实际返回code为:"200"
2022-02-11 15:13:02,537 - INFO assertbase.py [line:28]: 预计接口返回code为"",实际返回code为:"200"
2022-02-11 15:13:02,537 - INFO assertbase.py [line:28]: 预计接口返回code为"",实际返回code为:"200"
2022-02-11 15:13:02,537 - INFO assertbase.py [line:28]: 预计接口返回code为"",实际返回code为:"200"
2022-02-11 15:13:02,537 - INFO assertbase.py [line:28]: 预计接口返回code为"",实际返回code为:"200"
2022-02-11 15:13:02,539 - ERROR assertbase.py [line:33]: 预计接口返回code为"",实际返回code为:"200",失败
2022-02-11 15:13:02,539 - ERROR assertbase.py [line:33]: 预计接口返回code为"",实际返回code为:"200",失败
2022-02-11 15:13:02,539 - ERROR assertbase.py [line:33]: 预计接口返回code为"",实际返回code为:"200",失败
2022-02-11 15:13:02,539 - ERROR assertbase.py [line:33]: 预计接口返回code为"",实际返回code为:"200",失败
2022-02-11 15:13:02,539 - ERROR assertbase.py [line:33]: 预计接口返回code为"",实际返回code为:"200",失败
2022-02-11 15:13:02,539 - ERROR assertbase.py [line:33]: 预计接口返回code为"",实际返回code为:"200",失败
