2022-02-14 11:39:44,653 - INFO basePage.py [line:88]: 查找"输入账号"元素，元素定位:('xpath', "//*[@id='app']/div/div[1]/div[2]/form/div[2]/div/div/input")
2022-02-14 11:39:44,653 - INFO basePage.py [line:88]: 查找"输入账号"元素，元素定位:('xpath', "//*[@id='app']/div/div[1]/div[2]/form/div[2]/div/div/input")
2022-02-14 11:39:44,664 - INFO basePage.py [line:113]: 在"输入账号"输入"oms1213",元素定位:('xpath', "//*[@id='app']/div/div[1]/div[2]/form/div[2]/div/div/input")
2022-02-14 11:39:44,664 - INFO basePage.py [line:113]: 在"输入账号"输入"oms1213",元素定位:('xpath', "//*[@id='app']/div/div[1]/div[2]/form/div[2]/div/div/input")
2022-02-14 11:39:44,736 - INFO basePage.py [line:88]: 查找"输入密码"元素，元素定位:('xpath', "//*[@id='app']/div/div[1]/div[2]/form/div[3]/div/div/input")
2022-02-14 11:39:44,736 - INFO basePage.py [line:88]: 查找"输入密码"元素，元素定位:('xpath', "//*[@id='app']/div/div[1]/div[2]/form/div[3]/div/div/input")
2022-02-14 11:39:44,749 - INFO basePage.py [line:113]: 在"输入密码"输入"Qq123456",元素定位:('xpath', "//*[@id='app']/div/div[1]/div[2]/form/div[3]/div/div/input")
2022-02-14 11:39:44,749 - INFO basePage.py [line:113]: 在"输入密码"输入"Qq123456",元素定位:('xpath', "//*[@id='app']/div/div[1]/div[2]/form/div[3]/div/div/input")
2022-02-14 11:39:44,810 - INFO basePage.py [line:88]: 查找"点击登录"元素，元素定位:('xpath', "//*[@id='app']/div/div[1]/div[2]/form/button")
2022-02-14 11:39:44,810 - INFO basePage.py [line:88]: 查找"点击登录"元素，元素定位:('xpath', "//*[@id='app']/div/div[1]/div[2]/form/button")
2022-02-14 11:39:44,821 - INFO basePage.py [line:140]: 点击"点击登录",元素定位:('xpath', "//*[@id='app']/div/div[1]/div[2]/form/button")
2022-02-14 11:39:44,821 - INFO basePage.py [line:140]: 点击"点击登录",元素定位:('xpath', "//*[@id='app']/div/div[1]/div[2]/form/button")
2022-02-14 11:39:47,883 - INFO basePage.py [line:88]: 查找"供应链管理"元素，元素定位:('xpath', "//*[@id='app']/div/div[1]/div[2]/div[1]/div/ul/div[2]/li/div")
2022-02-14 11:39:47,883 - INFO basePage.py [line:88]: 查找"供应链管理"元素，元素定位:('xpath', "//*[@id='app']/div/div[1]/div[2]/div[1]/div/ul/div[2]/li/div")
2022-02-14 11:39:47,896 - INFO basePage.py [line:140]: 点击"供应链管理",元素定位:('xpath', "//*[@id='app']/div/div[1]/div[2]/div[1]/div/ul/div[2]/li/div")
2022-02-14 11:39:47,896 - INFO basePage.py [line:140]: 点击"供应链管理",元素定位:('xpath', "//*[@id='app']/div/div[1]/div[2]/div[1]/div/ul/div[2]/li/div")
2022-02-14 11:39:47,937 - INFO basePage.py [line:88]: 查找"配送中心管理"元素，元素定位:('xpath', "//*[@id='app']/div/div[1]/div[2]/div[1]/div/ul/div[2]/li/ul/div[13]/a/li")
2022-02-14 11:39:47,937 - INFO basePage.py [line:88]: 查找"配送中心管理"元素，元素定位:('xpath', "//*[@id='app']/div/div[1]/div[2]/div[1]/div/ul/div[2]/li/ul/div[13]/a/li")
2022-02-14 11:39:47,952 - INFO basePage.py [line:140]: 点击"配送中心管理",元素定位:('xpath', "//*[@id='app']/div/div[1]/div[2]/div[1]/div/ul/div[2]/li/ul/div[13]/a/li")
2022-02-14 11:39:47,952 - INFO basePage.py [line:140]: 点击"配送中心管理",元素定位:('xpath', "//*[@id='app']/div/div[1]/div[2]/div[1]/div/ul/div[2]/li/ul/div[13]/a/li")
2022-02-14 11:39:51,758 - INFO basePage.py [line:88]: 查找"点击确定"元素，元素定位:('xpath', "//*[@id='app']/div/div[2]/section/div/section/div/div/div[3]/div/button[2]/span")
2022-02-14 11:39:51,758 - INFO basePage.py [line:88]: 查找"点击确定"元素，元素定位:('xpath', "//*[@id='app']/div/div[2]/section/div/section/div/div/div[3]/div/button[2]/span")
2022-02-14 11:39:51,772 - INFO basePage.py [line:140]: 点击"点击确定",元素定位:('xpath', "//*[@id='app']/div/div[2]/section/div/section/div/div/div[3]/div/button[2]/span")
2022-02-14 11:39:51,772 - INFO basePage.py [line:140]: 点击"点击确定",元素定位:('xpath', "//*[@id='app']/div/div[2]/section/div/section/div/div/div[3]/div/button[2]/span")
2022-02-14 11:39:51,824 - INFO basePage.py [line:74]: 等待"断言"元素,定位方式:('xpath', '/html/body/div[2]/p')
2022-02-14 11:39:51,824 - INFO basePage.py [line:74]: 等待"断言"元素,定位方式:('xpath', '/html/body/div[2]/p')
2022-02-14 11:39:52,129 - INFO basePage.py [line:79]: 等待"断言"时长:0:00:00.305529
2022-02-14 11:39:52,129 - INFO basePage.py [line:79]: 等待"断言"时长:0:00:00.305529
