2022-02-14 16:03:25,908 - INFO basePage.py [line:88]: 查找"输入账号"元素，元素定位:('xpath', "//*[@id='app']/div/div[1]/div[2]/form/div[2]/div/div/input")
2022-02-14 16:03:25,908 - INFO basePage.py [line:88]: 查找"输入账号"元素，元素定位:('xpath', "//*[@id='app']/div/div[1]/div[2]/form/div[2]/div/div/input")
2022-02-14 16:03:25,925 - INFO basePage.py [line:113]: 在"输入账号"输入"oms1213",元素定位:('xpath', "//*[@id='app']/div/div[1]/div[2]/form/div[2]/div/div/input")
2022-02-14 16:03:25,925 - INFO basePage.py [line:113]: 在"输入账号"输入"oms1213",元素定位:('xpath', "//*[@id='app']/div/div[1]/div[2]/form/div[2]/div/div/input")
2022-02-14 16:03:26,014 - INFO basePage.py [line:88]: 查找"输入密码"元素，元素定位:('xpath', "//*[@id='app']/div/div[1]/div[2]/form/div[3]/div/div/input")
2022-02-14 16:03:26,014 - INFO basePage.py [line:88]: 查找"输入密码"元素，元素定位:('xpath', "//*[@id='app']/div/div[1]/div[2]/form/div[3]/div/div/input")
2022-02-14 16:03:26,026 - INFO basePage.py [line:113]: 在"输入密码"输入"Qq123456",元素定位:('xpath', "//*[@id='app']/div/div[1]/div[2]/form/div[3]/div/div/input")
2022-02-14 16:03:26,026 - INFO basePage.py [line:113]: 在"输入密码"输入"Qq123456",元素定位:('xpath', "//*[@id='app']/div/div[1]/div[2]/form/div[3]/div/div/input")
2022-02-14 16:03:26,084 - INFO basePage.py [line:88]: 查找"点击登录"元素，元素定位:('xpath', "//*[@id='app']/div/div[1]/div[2]/form/button")
2022-02-14 16:03:26,084 - INFO basePage.py [line:88]: 查找"点击登录"元素，元素定位:('xpath', "//*[@id='app']/div/div[1]/div[2]/form/button")
2022-02-14 16:03:26,095 - INFO basePage.py [line:140]: 点击"点击登录",元素定位:('xpath', "//*[@id='app']/div/div[1]/div[2]/form/button")
2022-02-14 16:03:26,095 - INFO basePage.py [line:140]: 点击"点击登录",元素定位:('xpath', "//*[@id='app']/div/div[1]/div[2]/form/button")
2022-02-14 16:03:29,146 - INFO basePage.py [line:88]: 查找"供应链管理"元素，元素定位:('xpath', "//*[@id='app']/div/div[1]/div[2]/div[1]/div/ul/div[2]/li/div")
2022-02-14 16:03:29,146 - INFO basePage.py [line:88]: 查找"供应链管理"元素，元素定位:('xpath', "//*[@id='app']/div/div[1]/div[2]/div[1]/div/ul/div[2]/li/div")
2022-02-14 16:03:29,184 - INFO basePage.py [line:140]: 点击"供应链管理",元素定位:('xpath', "//*[@id='app']/div/div[1]/div[2]/div[1]/div/ul/div[2]/li/div")
2022-02-14 16:03:29,184 - INFO basePage.py [line:140]: 点击"供应链管理",元素定位:('xpath', "//*[@id='app']/div/div[1]/div[2]/div[1]/div/ul/div[2]/li/div")
2022-02-14 16:03:29,230 - INFO basePage.py [line:88]: 查找"盘点模板管理"元素，元素定位:('xpath', "//*[@id='app']/div/div[1]/div[2]/div[1]/div/ul/div[2]/li/ul/div[9]/a/li")
2022-02-14 16:03:29,230 - INFO basePage.py [line:88]: 查找"盘点模板管理"元素，元素定位:('xpath', "//*[@id='app']/div/div[1]/div[2]/div[1]/div/ul/div[2]/li/ul/div[9]/a/li")
2022-02-14 16:03:29,242 - INFO basePage.py [line:140]: 点击"盘点模板管理",元素定位:('xpath', "//*[@id='app']/div/div[1]/div[2]/div[1]/div/ul/div[2]/li/ul/div[9]/a/li")
2022-02-14 16:03:29,242 - INFO basePage.py [line:140]: 点击"盘点模板管理",元素定位:('xpath', "//*[@id='app']/div/div[1]/div[2]/div[1]/div/ul/div[2]/li/ul/div[9]/a/li")
2022-02-14 16:03:33,492 - INFO basePage.py [line:88]: 查找"点击启用盘点模板"元素，元素定位:('xpath', "//*[@id='app']/div/div[2]/section/div/section/main/section/main/div/div[1]/div[4]/div[2]/table/tbody/tr[2]/td[2]/div/button[3]/span")
2022-02-14 16:03:33,492 - INFO basePage.py [line:88]: 查找"点击启用盘点模板"元素，元素定位:('xpath', "//*[@id='app']/div/div[2]/section/div/section/main/section/main/div/div[1]/div[4]/div[2]/table/tbody/tr[2]/td[2]/div/button[3]/span")
2022-02-14 16:03:33,504 - INFO basePage.py [line:140]: 点击"点击启用盘点模板",元素定位:('xpath', "//*[@id='app']/div/div[2]/section/div/section/main/section/main/div/div[1]/div[4]/div[2]/table/tbody/tr[2]/td[2]/div/button[3]/span")
2022-02-14 16:03:33,504 - INFO basePage.py [line:140]: 点击"点击启用盘点模板",元素定位:('xpath', "//*[@id='app']/div/div[2]/section/div/section/main/section/main/div/div[1]/div[4]/div[2]/table/tbody/tr[2]/td[2]/div/button[3]/span")
2022-02-14 16:03:34,624 - INFO basePage.py [line:74]: 等待"启用盘点模板断言"元素,定位方式:('xpath', '/html/body/div[2]/p')
2022-02-14 16:03:34,624 - INFO basePage.py [line:74]: 等待"启用盘点模板断言"元素,定位方式:('xpath', '/html/body/div[2]/p')
2022-02-14 16:03:49,348 - ERROR basePage.py [line:81]: 等待"启用盘点模板断言"元素失败,定位方式:('xpath', '/html/body/div[2]/p')
Traceback (most recent call last):
  File "e:\12\Common\basePage.py", line 77, in wait_text
    WebDriverWait(self.driver, timeout, poll_frequency).until(EC.text_to_be_present_in_element(loc,text))
  File "C:\Users\bonjour\AppData\Local\Programs\Python\Python39\lib\site-packages\selenium\webdriver\support\wait.py", line 80, in until
    raise TimeoutException(message, screen, stacktrace)
selenium.common.exceptions.TimeoutException: Message: 

2022-02-14 16:03:49,348 - ERROR basePage.py [line:81]: 等待"启用盘点模板断言"元素失败,定位方式:('xpath', '/html/body/div[2]/p')
Traceback (most recent call last):
  File "e:\12\Common\basePage.py", line 77, in wait_text
    WebDriverWait(self.driver, timeout, poll_frequency).until(EC.text_to_be_present_in_element(loc,text))
  File "C:\Users\bonjour\AppData\Local\Programs\Python\Python39\lib\site-packages\selenium\webdriver\support\wait.py", line 80, in until
    raise TimeoutException(message, screen, stacktrace)
selenium.common.exceptions.TimeoutException: Message: 

2022-02-14 16:03:49,508 - INFO basePage.py [line:247]: 截屏成功,图片路径为E:\12\Screenshots\2022-02-14\等待元素[启用盘点模板断言]出现异常_20220214_160349.png
2022-02-14 16:03:49,508 - INFO basePage.py [line:247]: 截屏成功,图片路径为E:\12\Screenshots\2022-02-14\等待元素[启用盘点模板断言]出现异常_20220214_160349.png
2022-02-14 16:04:08,332 - INFO basePage.py [line:88]: 查找"输入账号"元素，元素定位:('xpath', "//*[@id='app']/div/div[1]/div[2]/form/div[2]/div/div/input")
2022-02-14 16:04:08,332 - INFO basePage.py [line:88]: 查找"输入账号"元素，元素定位:('xpath', "//*[@id='app']/div/div[1]/div[2]/form/div[2]/div/div/input")
2022-02-14 16:04:08,345 - INFO basePage.py [line:113]: 在"输入账号"输入"oms1213",元素定位:('xpath', "//*[@id='app']/div/div[1]/div[2]/form/div[2]/div/div/input")
2022-02-14 16:04:08,345 - INFO basePage.py [line:113]: 在"输入账号"输入"oms1213",元素定位:('xpath', "//*[@id='app']/div/div[1]/div[2]/form/div[2]/div/div/input")
2022-02-14 16:04:08,422 - INFO basePage.py [line:88]: 查找"输入密码"元素，元素定位:('xpath', "//*[@id='app']/div/div[1]/div[2]/form/div[3]/div/div/input")
2022-02-14 16:04:08,422 - INFO basePage.py [line:88]: 查找"输入密码"元素，元素定位:('xpath', "//*[@id='app']/div/div[1]/div[2]/form/div[3]/div/div/input")
2022-02-14 16:04:08,436 - INFO basePage.py [line:113]: 在"输入密码"输入"Qq123456",元素定位:('xpath', "//*[@id='app']/div/div[1]/div[2]/form/div[3]/div/div/input")
2022-02-14 16:04:08,436 - INFO basePage.py [line:113]: 在"输入密码"输入"Qq123456",元素定位:('xpath', "//*[@id='app']/div/div[1]/div[2]/form/div[3]/div/div/input")
2022-02-14 16:04:08,498 - INFO basePage.py [line:88]: 查找"点击登录"元素，元素定位:('xpath', "//*[@id='app']/div/div[1]/div[2]/form/button")
2022-02-14 16:04:08,498 - INFO basePage.py [line:88]: 查找"点击登录"元素，元素定位:('xpath', "//*[@id='app']/div/div[1]/div[2]/form/button")
2022-02-14 16:04:08,508 - INFO basePage.py [line:140]: 点击"点击登录",元素定位:('xpath', "//*[@id='app']/div/div[1]/div[2]/form/button")
2022-02-14 16:04:08,508 - INFO basePage.py [line:140]: 点击"点击登录",元素定位:('xpath', "//*[@id='app']/div/div[1]/div[2]/form/button")
2022-02-14 16:04:11,557 - INFO basePage.py [line:88]: 查找"供应链管理"元素，元素定位:('xpath', "//*[@id='app']/div/div[1]/div[2]/div[1]/div/ul/div[2]/li/div")
2022-02-14 16:04:11,557 - INFO basePage.py [line:88]: 查找"供应链管理"元素，元素定位:('xpath', "//*[@id='app']/div/div[1]/div[2]/div[1]/div/ul/div[2]/li/div")
2022-02-14 16:04:11,573 - INFO basePage.py [line:140]: 点击"供应链管理",元素定位:('xpath', "//*[@id='app']/div/div[1]/div[2]/div[1]/div/ul/div[2]/li/div")
2022-02-14 16:04:11,573 - INFO basePage.py [line:140]: 点击"供应链管理",元素定位:('xpath', "//*[@id='app']/div/div[1]/div[2]/div[1]/div/ul/div[2]/li/div")
2022-02-14 16:04:11,621 - INFO basePage.py [line:88]: 查找"盘点模板管理"元素，元素定位:('xpath', "//*[@id='app']/div/div[1]/div[2]/div[1]/div/ul/div[2]/li/ul/div[9]/a/li")
2022-02-14 16:04:11,621 - INFO basePage.py [line:88]: 查找"盘点模板管理"元素，元素定位:('xpath', "//*[@id='app']/div/div[1]/div[2]/div[1]/div/ul/div[2]/li/ul/div[9]/a/li")
2022-02-14 16:04:11,633 - INFO basePage.py [line:140]: 点击"盘点模板管理",元素定位:('xpath', "//*[@id='app']/div/div[1]/div[2]/div[1]/div/ul/div[2]/li/ul/div[9]/a/li")
2022-02-14 16:04:11,633 - INFO basePage.py [line:140]: 点击"盘点模板管理",元素定位:('xpath', "//*[@id='app']/div/div[1]/div[2]/div[1]/div/ul/div[2]/li/ul/div[9]/a/li")
2022-02-14 16:04:14,845 - INFO basePage.py [line:88]: 查找"点击删除盘点模板"元素，元素定位:('xpath', "//*[@id='app']/div/div[2]/section/div/section/main/section/main/div/div[1]/div[4]/div[2]/table/tbody/tr[2]/td[2]/div/span/span/button/span")
2022-02-14 16:04:14,845 - INFO basePage.py [line:88]: 查找"点击删除盘点模板"元素，元素定位:('xpath', "//*[@id='app']/div/div[2]/section/div/section/main/section/main/div/div[1]/div[4]/div[2]/table/tbody/tr[2]/td[2]/div/span/span/button/span")
2022-02-14 16:04:14,862 - INFO basePage.py [line:140]: 点击"点击删除盘点模板",元素定位:('xpath', "//*[@id='app']/div/div[2]/section/div/section/main/section/main/div/div[1]/div[4]/div[2]/table/tbody/tr[2]/td[2]/div/span/span/button/span")
2022-02-14 16:04:14,862 - INFO basePage.py [line:140]: 点击"点击删除盘点模板",元素定位:('xpath', "//*[@id='app']/div/div[2]/section/div/section/main/section/main/div/div[1]/div[4]/div[2]/table/tbody/tr[2]/td[2]/div/span/span/button/span")
2022-02-14 16:04:14,918 - INFO basePage.py [line:88]: 查找"二次确定删除"元素，元素定位:('xpath', '/html/body/div[2]/div[1]/div/button[2]/span')
2022-02-14 16:04:14,918 - INFO basePage.py [line:88]: 查找"二次确定删除"元素，元素定位:('xpath', '/html/body/div[2]/div[1]/div/button[2]/span')
2022-02-14 16:04:14,942 - INFO basePage.py [line:140]: 点击"二次确定删除",元素定位:('xpath', '/html/body/div[2]/div[1]/div/button[2]/span')
2022-02-14 16:04:14,942 - INFO basePage.py [line:140]: 点击"二次确定删除",元素定位:('xpath', '/html/body/div[2]/div[1]/div/button[2]/span')
2022-02-14 16:04:15,985 - INFO basePage.py [line:74]: 等待"删除盘点模板断言"元素,定位方式:('xpath', '/html/body/div[3]/p')
2022-02-14 16:04:15,985 - INFO basePage.py [line:74]: 等待"删除盘点模板断言"元素,定位方式:('xpath', '/html/body/div[3]/p')
2022-02-14 16:04:16,028 - INFO basePage.py [line:79]: 等待"删除盘点模板断言"时长:0:00:00.040867
2022-02-14 16:04:16,028 - INFO basePage.py [line:79]: 等待"删除盘点模板断言"时长:0:00:00.040867
