2022-02-14 15:40:38,709 - INFO basePage.py [line:88]: 查找"输入账号"元素，元素定位:('xpath', "//*[@id='app']/div/div[1]/div[2]/form/div[2]/div/div/input")
2022-02-14 15:40:38,709 - INFO basePage.py [line:88]: 查找"输入账号"元素，元素定位:('xpath', "//*[@id='app']/div/div[1]/div[2]/form/div[2]/div/div/input")
2022-02-14 15:40:38,721 - INFO basePage.py [line:113]: 在"输入账号"输入"oms1213",元素定位:('xpath', "//*[@id='app']/div/div[1]/div[2]/form/div[2]/div/div/input")
2022-02-14 15:40:38,721 - INFO basePage.py [line:113]: 在"输入账号"输入"oms1213",元素定位:('xpath', "//*[@id='app']/div/div[1]/div[2]/form/div[2]/div/div/input")
2022-02-14 15:40:38,793 - INFO basePage.py [line:88]: 查找"输入密码"元素，元素定位:('xpath', "//*[@id='app']/div/div[1]/div[2]/form/div[3]/div/div/input")
2022-02-14 15:40:38,793 - INFO basePage.py [line:88]: 查找"输入密码"元素，元素定位:('xpath', "//*[@id='app']/div/div[1]/div[2]/form/div[3]/div/div/input")
2022-02-14 15:40:38,805 - INFO basePage.py [line:113]: 在"输入密码"输入"Qq123456",元素定位:('xpath', "//*[@id='app']/div/div[1]/div[2]/form/div[3]/div/div/input")
2022-02-14 15:40:38,805 - INFO basePage.py [line:113]: 在"输入密码"输入"Qq123456",元素定位:('xpath', "//*[@id='app']/div/div[1]/div[2]/form/div[3]/div/div/input")
2022-02-14 15:40:38,865 - INFO basePage.py [line:88]: 查找"点击登录"元素，元素定位:('xpath', "//*[@id='app']/div/div[1]/div[2]/form/button")
2022-02-14 15:40:38,865 - INFO basePage.py [line:88]: 查找"点击登录"元素，元素定位:('xpath', "//*[@id='app']/div/div[1]/div[2]/form/button")
2022-02-14 15:40:38,875 - INFO basePage.py [line:140]: 点击"点击登录",元素定位:('xpath', "//*[@id='app']/div/div[1]/div[2]/form/button")
2022-02-14 15:40:38,875 - INFO basePage.py [line:140]: 点击"点击登录",元素定位:('xpath', "//*[@id='app']/div/div[1]/div[2]/form/button")
2022-02-14 15:40:41,923 - INFO basePage.py [line:88]: 查找"供应链管理"元素，元素定位:('xpath', "//*[@id='app']/div/div[1]/div[2]/div[1]/div/ul/div[2]/li/div")
2022-02-14 15:40:41,923 - INFO basePage.py [line:88]: 查找"供应链管理"元素，元素定位:('xpath', "//*[@id='app']/div/div[1]/div[2]/div[1]/div/ul/div[2]/li/div")
2022-02-14 15:40:41,943 - INFO basePage.py [line:140]: 点击"供应链管理",元素定位:('xpath', "//*[@id='app']/div/div[1]/div[2]/div[1]/div/ul/div[2]/li/div")
2022-02-14 15:40:41,943 - INFO basePage.py [line:140]: 点击"供应链管理",元素定位:('xpath', "//*[@id='app']/div/div[1]/div[2]/div[1]/div/ul/div[2]/li/div")
2022-02-14 15:40:41,982 - INFO basePage.py [line:88]: 查找"盘点模板管理"元素，元素定位:('xpath', "//*[@id='app']/div/div[1]/div[2]/div[1]/div/ul/div[2]/li/ul/div[9]/a/li")
2022-02-14 15:40:41,982 - INFO basePage.py [line:88]: 查找"盘点模板管理"元素，元素定位:('xpath', "//*[@id='app']/div/div[1]/div[2]/div[1]/div/ul/div[2]/li/ul/div[9]/a/li")
2022-02-14 15:40:41,994 - INFO basePage.py [line:140]: 点击"盘点模板管理",元素定位:('xpath', "//*[@id='app']/div/div[1]/div[2]/div[1]/div/ul/div[2]/li/ul/div[9]/a/li")
2022-02-14 15:40:41,994 - INFO basePage.py [line:140]: 点击"盘点模板管理",元素定位:('xpath', "//*[@id='app']/div/div[1]/div[2]/div[1]/div/ul/div[2]/li/ul/div[9]/a/li")
2022-02-14 15:40:44,244 - INFO basePage.py [line:88]: 查找"点击新增盘点模板模板"元素，元素定位:('xpath', "//*[@id='app']/div/div[2]/section/div/section/header/div[2]/button")
2022-02-14 15:40:44,244 - INFO basePage.py [line:88]: 查找"点击新增盘点模板模板"元素，元素定位:('xpath', "//*[@id='app']/div/div[2]/section/div/section/header/div[2]/button")
2022-02-14 15:40:44,314 - INFO basePage.py [line:140]: 点击"点击新增盘点模板模板",元素定位:('xpath', "//*[@id='app']/div/div[2]/section/div/section/header/div[2]/button")
2022-02-14 15:40:44,314 - INFO basePage.py [line:140]: 点击"点击新增盘点模板模板",元素定位:('xpath', "//*[@id='app']/div/div[2]/section/div/section/header/div[2]/button")
2022-02-14 15:40:44,498 - INFO basePage.py [line:88]: 查找"输入模板名称"元素，元素定位:('xpath', "//*[@id='app']/div/div[2]/section/div/section/div/div/div[2]/form/div[2]/div/div/input")
2022-02-14 15:40:44,498 - INFO basePage.py [line:88]: 查找"输入模板名称"元素，元素定位:('xpath', "//*[@id='app']/div/div[2]/section/div/section/div/div/div[2]/form/div[2]/div/div/input")
2022-02-14 15:40:44,516 - INFO basePage.py [line:113]: 在"输入模板名称"输入"99237105864",元素定位:('xpath', "//*[@id='app']/div/div[2]/section/div/section/div/div/div[2]/form/div[2]/div/div/input")
2022-02-14 15:40:44,516 - INFO basePage.py [line:113]: 在"输入模板名称"输入"99237105864",元素定位:('xpath', "//*[@id='app']/div/div[2]/section/div/section/div/div/div[2]/form/div[2]/div/div/input")
2022-02-14 15:40:46,643 - INFO basePage.py [line:88]: 查找"选择品项"元素，元素定位:('xpath', "//*[@id='app']/div/div[2]/section/div/section/div/div/div[2]/form/section[2]/main/button/span")
2022-02-14 15:40:46,643 - INFO basePage.py [line:88]: 查找"选择品项"元素，元素定位:('xpath', "//*[@id='app']/div/div[2]/section/div/section/div/div/div[2]/form/section[2]/main/button/span")
2022-02-14 15:40:46,654 - INFO basePage.py [line:140]: 点击"选择品项",元素定位:('xpath', "//*[@id='app']/div/div[2]/section/div/section/div/div/div[2]/form/section[2]/main/button/span")
2022-02-14 15:40:46,654 - INFO basePage.py [line:140]: 点击"选择品项",元素定位:('xpath', "//*[@id='app']/div/div[2]/section/div/section/div/div/div[2]/form/section[2]/main/button/span")
2022-02-14 15:40:50,039 - INFO basePage.py [line:88]: 查找"点击确定"元素，元素定位:('xpath', "//*[@id='app']/div/div[2]/section/div/section/div/div/div[3]/div/button[2]/span")
2022-02-14 15:40:50,039 - INFO basePage.py [line:88]: 查找"点击确定"元素，元素定位:('xpath', "//*[@id='app']/div/div[2]/section/div/section/div/div/div[3]/div/button[2]/span")
2022-02-14 15:40:50,072 - INFO basePage.py [line:140]: 点击"点击确定",元素定位:('xpath', "//*[@id='app']/div/div[2]/section/div/section/div/div/div[3]/div/button[2]/span")
2022-02-14 15:40:50,072 - INFO basePage.py [line:140]: 点击"点击确定",元素定位:('xpath', "//*[@id='app']/div/div[2]/section/div/section/div/div/div[3]/div/button[2]/span")
2022-02-14 15:40:50,397 - INFO basePage.py [line:74]: 等待"新增盘点餐模板断言"元素,定位方式:('xpath', '/html/body/div[4]/p')
2022-02-14 15:40:50,397 - INFO basePage.py [line:74]: 等待"新增盘点餐模板断言"元素,定位方式:('xpath', '/html/body/div[4]/p')
2022-02-14 15:40:50,625 - INFO basePage.py [line:79]: 等待"新增盘点餐模板断言"时长:0:00:00.228185
2022-02-14 15:40:50,625 - INFO basePage.py [line:79]: 等待"新增盘点餐模板断言"时长:0:00:00.228185
2022-02-14 15:41:09,140 - INFO basePage.py [line:88]: 查找"输入账号"元素，元素定位:('xpath', "//*[@id='app']/div/div[1]/div[2]/form/div[2]/div/div/input")
2022-02-14 15:41:09,140 - INFO basePage.py [line:88]: 查找"输入账号"元素，元素定位:('xpath', "//*[@id='app']/div/div[1]/div[2]/form/div[2]/div/div/input")
2022-02-14 15:41:09,153 - INFO basePage.py [line:113]: 在"输入账号"输入"oms1213",元素定位:('xpath', "//*[@id='app']/div/div[1]/div[2]/form/div[2]/div/div/input")
2022-02-14 15:41:09,153 - INFO basePage.py [line:113]: 在"输入账号"输入"oms1213",元素定位:('xpath', "//*[@id='app']/div/div[1]/div[2]/form/div[2]/div/div/input")
2022-02-14 15:41:09,225 - INFO basePage.py [line:88]: 查找"输入密码"元素，元素定位:('xpath', "//*[@id='app']/div/div[1]/div[2]/form/div[3]/div/div/input")
2022-02-14 15:41:09,225 - INFO basePage.py [line:88]: 查找"输入密码"元素，元素定位:('xpath', "//*[@id='app']/div/div[1]/div[2]/form/div[3]/div/div/input")
2022-02-14 15:41:09,236 - INFO basePage.py [line:113]: 在"输入密码"输入"Qq123456",元素定位:('xpath', "//*[@id='app']/div/div[1]/div[2]/form/div[3]/div/div/input")
2022-02-14 15:41:09,236 - INFO basePage.py [line:113]: 在"输入密码"输入"Qq123456",元素定位:('xpath', "//*[@id='app']/div/div[1]/div[2]/form/div[3]/div/div/input")
2022-02-14 15:41:09,298 - INFO basePage.py [line:88]: 查找"点击登录"元素，元素定位:('xpath', "//*[@id='app']/div/div[1]/div[2]/form/button")
2022-02-14 15:41:09,298 - INFO basePage.py [line:88]: 查找"点击登录"元素，元素定位:('xpath', "//*[@id='app']/div/div[1]/div[2]/form/button")
2022-02-14 15:41:09,309 - INFO basePage.py [line:140]: 点击"点击登录",元素定位:('xpath', "//*[@id='app']/div/div[1]/div[2]/form/button")
2022-02-14 15:41:09,309 - INFO basePage.py [line:140]: 点击"点击登录",元素定位:('xpath', "//*[@id='app']/div/div[1]/div[2]/form/button")
2022-02-14 15:41:12,369 - INFO basePage.py [line:88]: 查找"供应链管理"元素，元素定位:('xpath', "//*[@id='app']/div/div[1]/div[2]/div[1]/div/ul/div[2]/li/div")
2022-02-14 15:41:12,369 - INFO basePage.py [line:88]: 查找"供应链管理"元素，元素定位:('xpath', "//*[@id='app']/div/div[1]/div[2]/div[1]/div/ul/div[2]/li/div")
2022-02-14 15:41:12,389 - INFO basePage.py [line:140]: 点击"供应链管理",元素定位:('xpath', "//*[@id='app']/div/div[1]/div[2]/div[1]/div/ul/div[2]/li/div")
2022-02-14 15:41:12,389 - INFO basePage.py [line:140]: 点击"供应链管理",元素定位:('xpath', "//*[@id='app']/div/div[1]/div[2]/div[1]/div/ul/div[2]/li/div")
2022-02-14 15:41:12,428 - INFO basePage.py [line:88]: 查找"盘点模板管理"元素，元素定位:('xpath', "//*[@id='app']/div/div[1]/div[2]/div[1]/div/ul/div[2]/li/ul/div[9]/a/li")
2022-02-14 15:41:12,428 - INFO basePage.py [line:88]: 查找"盘点模板管理"元素，元素定位:('xpath', "//*[@id='app']/div/div[1]/div[2]/div[1]/div/ul/div[2]/li/ul/div[9]/a/li")
2022-02-14 15:41:12,440 - INFO basePage.py [line:140]: 点击"盘点模板管理",元素定位:('xpath', "//*[@id='app']/div/div[1]/div[2]/div[1]/div/ul/div[2]/li/ul/div[9]/a/li")
2022-02-14 15:41:12,440 - INFO basePage.py [line:140]: 点击"盘点模板管理",元素定位:('xpath', "//*[@id='app']/div/div[1]/div[2]/div[1]/div/ul/div[2]/li/ul/div[9]/a/li")
2022-02-14 15:41:15,694 - INFO basePage.py [line:88]: 查找"查看第二个模板"元素，元素定位:('xpath', "//*[@id='app']/div/div[2]/section/div/section/main/section/main/div/div[1]/div[4]/div[2]/table/tbody/tr[2]/td[2]/div/button[1]/span")
2022-02-14 15:41:15,694 - INFO basePage.py [line:88]: 查找"查看第二个模板"元素，元素定位:('xpath', "//*[@id='app']/div/div[2]/section/div/section/main/section/main/div/div[1]/div[4]/div[2]/table/tbody/tr[2]/td[2]/div/button[1]/span")
2022-02-14 15:41:16,013 - INFO basePage.py [line:140]: 点击"查看第二个模板",元素定位:('xpath', "//*[@id='app']/div/div[2]/section/div/section/main/section/main/div/div[1]/div[4]/div[2]/table/tbody/tr[2]/td[2]/div/button[1]/span")
2022-02-14 15:41:16,013 - INFO basePage.py [line:140]: 点击"查看第二个模板",元素定位:('xpath', "//*[@id='app']/div/div[2]/section/div/section/main/section/main/div/div[1]/div[4]/div[2]/table/tbody/tr[2]/td[2]/div/button[1]/span")
2022-02-14 15:41:16,220 - INFO basePage.py [line:33]: 等待"查看盘点模板断言"元素,定位方式:('xpath', "//*[@id='app']/div/div[2]/section/div/section/div/div/div[3]/div/button/span")
2022-02-14 15:41:16,220 - INFO basePage.py [line:33]: 等待"查看盘点模板断言"元素,定位方式:('xpath', "//*[@id='app']/div/div[2]/section/div/section/div/div/div[3]/div/button/span")
2022-02-14 15:41:16,252 - INFO basePage.py [line:38]: 等待"查看盘点模板断言"时长:0:00:00.031916
2022-02-14 15:41:16,252 - INFO basePage.py [line:38]: 等待"查看盘点模板断言"时长:0:00:00.031916
2022-02-14 15:41:42,501 - INFO basePage.py [line:88]: 查找"输入账号"元素，元素定位:('xpath', "//*[@id='app']/div/div[1]/div[2]/form/div[2]/div/div/input")
2022-02-14 15:41:42,501 - INFO basePage.py [line:88]: 查找"输入账号"元素，元素定位:('xpath', "//*[@id='app']/div/div[1]/div[2]/form/div[2]/div/div/input")
2022-02-14 15:41:42,515 - INFO basePage.py [line:113]: 在"输入账号"输入"oms1213",元素定位:('xpath', "//*[@id='app']/div/div[1]/div[2]/form/div[2]/div/div/input")
2022-02-14 15:41:42,515 - INFO basePage.py [line:113]: 在"输入账号"输入"oms1213",元素定位:('xpath', "//*[@id='app']/div/div[1]/div[2]/form/div[2]/div/div/input")
2022-02-14 15:41:42,608 - INFO basePage.py [line:88]: 查找"输入密码"元素，元素定位:('xpath', "//*[@id='app']/div/div[1]/div[2]/form/div[3]/div/div/input")
2022-02-14 15:41:42,608 - INFO basePage.py [line:88]: 查找"输入密码"元素，元素定位:('xpath', "//*[@id='app']/div/div[1]/div[2]/form/div[3]/div/div/input")
2022-02-14 15:41:42,621 - INFO basePage.py [line:113]: 在"输入密码"输入"Qq123456",元素定位:('xpath', "//*[@id='app']/div/div[1]/div[2]/form/div[3]/div/div/input")
2022-02-14 15:41:42,621 - INFO basePage.py [line:113]: 在"输入密码"输入"Qq123456",元素定位:('xpath', "//*[@id='app']/div/div[1]/div[2]/form/div[3]/div/div/input")
2022-02-14 15:41:42,686 - INFO basePage.py [line:88]: 查找"点击登录"元素，元素定位:('xpath', "//*[@id='app']/div/div[1]/div[2]/form/button")
2022-02-14 15:41:42,686 - INFO basePage.py [line:88]: 查找"点击登录"元素，元素定位:('xpath', "//*[@id='app']/div/div[1]/div[2]/form/button")
2022-02-14 15:41:42,696 - INFO basePage.py [line:140]: 点击"点击登录",元素定位:('xpath', "//*[@id='app']/div/div[1]/div[2]/form/button")
2022-02-14 15:41:42,696 - INFO basePage.py [line:140]: 点击"点击登录",元素定位:('xpath', "//*[@id='app']/div/div[1]/div[2]/form/button")
2022-02-14 15:41:45,774 - INFO basePage.py [line:88]: 查找"供应链管理"元素，元素定位:('xpath', "//*[@id='app']/div/div[1]/div[2]/div[1]/div/ul/div[2]/li/div")
2022-02-14 15:41:45,774 - INFO basePage.py [line:88]: 查找"供应链管理"元素，元素定位:('xpath', "//*[@id='app']/div/div[1]/div[2]/div[1]/div/ul/div[2]/li/div")
2022-02-14 15:41:45,788 - INFO basePage.py [line:140]: 点击"供应链管理",元素定位:('xpath', "//*[@id='app']/div/div[1]/div[2]/div[1]/div/ul/div[2]/li/div")
2022-02-14 15:41:45,788 - INFO basePage.py [line:140]: 点击"供应链管理",元素定位:('xpath', "//*[@id='app']/div/div[1]/div[2]/div[1]/div/ul/div[2]/li/div")
2022-02-14 15:41:45,833 - INFO basePage.py [line:88]: 查找"盘点模板管理"元素，元素定位:('xpath', "//*[@id='app']/div/div[1]/div[2]/div[1]/div/ul/div[2]/li/ul/div[9]/a/li")
2022-02-14 15:41:45,833 - INFO basePage.py [line:88]: 查找"盘点模板管理"元素，元素定位:('xpath', "//*[@id='app']/div/div[1]/div[2]/div[1]/div/ul/div[2]/li/ul/div[9]/a/li")
2022-02-14 15:41:45,846 - INFO basePage.py [line:140]: 点击"盘点模板管理",元素定位:('xpath', "//*[@id='app']/div/div[1]/div[2]/div[1]/div/ul/div[2]/li/ul/div[9]/a/li")
2022-02-14 15:41:45,846 - INFO basePage.py [line:140]: 点击"盘点模板管理",元素定位:('xpath', "//*[@id='app']/div/div[1]/div[2]/div[1]/div/ul/div[2]/li/ul/div[9]/a/li")
2022-02-14 15:41:49,101 - INFO basePage.py [line:88]: 查找"点击编辑盘点模板"元素，元素定位:('xpath', "//*[@id='app']/div/div[2]/section/div/section/main/section/main/div/div[1]/div[4]/div[2]/table/tbody/tr[2]/td[2]/div/button[2]/span")
2022-02-14 15:41:49,101 - INFO basePage.py [line:88]: 查找"点击编辑盘点模板"元素，元素定位:('xpath', "//*[@id='app']/div/div[2]/section/div/section/main/section/main/div/div[1]/div[4]/div[2]/table/tbody/tr[2]/td[2]/div/button[2]/span")
2022-02-14 15:41:49,120 - INFO basePage.py [line:140]: 点击"点击编辑盘点模板",元素定位:('xpath', "//*[@id='app']/div/div[2]/section/div/section/main/section/main/div/div[1]/div[4]/div[2]/table/tbody/tr[2]/td[2]/div/button[2]/span")
2022-02-14 15:41:49,120 - INFO basePage.py [line:140]: 点击"点击编辑盘点模板",元素定位:('xpath', "//*[@id='app']/div/div[2]/section/div/section/main/section/main/div/div[1]/div[4]/div[2]/table/tbody/tr[2]/td[2]/div/button[2]/span")
2022-02-14 15:41:51,325 - INFO basePage.py [line:88]: 查找"点击确定"元素，元素定位:('xpath', "//*[@id='app']/div/div[2]/section/div/section/div/div/div[3]/div/button[2]/span")
2022-02-14 15:41:51,325 - INFO basePage.py [line:88]: 查找"点击确定"元素，元素定位:('xpath', "//*[@id='app']/div/div[2]/section/div/section/div/div/div[3]/div/button[2]/span")
2022-02-14 15:41:51,351 - INFO basePage.py [line:140]: 点击"点击确定",元素定位:('xpath', "//*[@id='app']/div/div[2]/section/div/section/div/div/div[3]/div/button[2]/span")
2022-02-14 15:41:51,351 - INFO basePage.py [line:140]: 点击"点击确定",元素定位:('xpath', "//*[@id='app']/div/div[2]/section/div/section/div/div/div[3]/div/button[2]/span")
2022-02-14 15:41:51,394 - INFO basePage.py [line:74]: 等待"修改盘点模板断言"元素,定位方式:('xpath', '/html/body/div[2]/p')
2022-02-14 15:41:51,394 - INFO basePage.py [line:74]: 等待"修改盘点模板断言"元素,定位方式:('xpath', '/html/body/div[2]/p')
2022-02-14 15:41:51,713 - INFO basePage.py [line:79]: 等待"修改盘点模板断言"时长:0:00:00.318386
2022-02-14 15:41:51,713 - INFO basePage.py [line:79]: 等待"修改盘点模板断言"时长:0:00:00.318386
2022-02-14 15:42:12,458 - INFO basePage.py [line:88]: 查找"输入账号"元素，元素定位:('xpath', "//*[@id='app']/div/div[1]/div[2]/form/div[2]/div/div/input")
2022-02-14 15:42:12,458 - INFO basePage.py [line:88]: 查找"输入账号"元素，元素定位:('xpath', "//*[@id='app']/div/div[1]/div[2]/form/div[2]/div/div/input")
2022-02-14 15:42:12,471 - INFO basePage.py [line:113]: 在"输入账号"输入"oms1213",元素定位:('xpath', "//*[@id='app']/div/div[1]/div[2]/form/div[2]/div/div/input")
2022-02-14 15:42:12,471 - INFO basePage.py [line:113]: 在"输入账号"输入"oms1213",元素定位:('xpath', "//*[@id='app']/div/div[1]/div[2]/form/div[2]/div/div/input")
2022-02-14 15:42:12,561 - INFO basePage.py [line:88]: 查找"输入密码"元素，元素定位:('xpath', "//*[@id='app']/div/div[1]/div[2]/form/div[3]/div/div/input")
2022-02-14 15:42:12,561 - INFO basePage.py [line:88]: 查找"输入密码"元素，元素定位:('xpath', "//*[@id='app']/div/div[1]/div[2]/form/div[3]/div/div/input")
2022-02-14 15:42:12,576 - INFO basePage.py [line:113]: 在"输入密码"输入"Qq123456",元素定位:('xpath', "//*[@id='app']/div/div[1]/div[2]/form/div[3]/div/div/input")
2022-02-14 15:42:12,576 - INFO basePage.py [line:113]: 在"输入密码"输入"Qq123456",元素定位:('xpath', "//*[@id='app']/div/div[1]/div[2]/form/div[3]/div/div/input")
2022-02-14 15:42:12,646 - INFO basePage.py [line:88]: 查找"点击登录"元素，元素定位:('xpath', "//*[@id='app']/div/div[1]/div[2]/form/button")
2022-02-14 15:42:12,646 - INFO basePage.py [line:88]: 查找"点击登录"元素，元素定位:('xpath', "//*[@id='app']/div/div[1]/div[2]/form/button")
2022-02-14 15:42:12,658 - INFO basePage.py [line:140]: 点击"点击登录",元素定位:('xpath', "//*[@id='app']/div/div[1]/div[2]/form/button")
2022-02-14 15:42:12,658 - INFO basePage.py [line:140]: 点击"点击登录",元素定位:('xpath', "//*[@id='app']/div/div[1]/div[2]/form/button")
2022-02-14 15:42:15,711 - INFO basePage.py [line:88]: 查找"供应链管理"元素，元素定位:('xpath', "//*[@id='app']/div/div[1]/div[2]/div[1]/div/ul/div[2]/li/div")
2022-02-14 15:42:15,711 - INFO basePage.py [line:88]: 查找"供应链管理"元素，元素定位:('xpath', "//*[@id='app']/div/div[1]/div[2]/div[1]/div/ul/div[2]/li/div")
2022-02-14 15:42:15,730 - INFO basePage.py [line:140]: 点击"供应链管理",元素定位:('xpath', "//*[@id='app']/div/div[1]/div[2]/div[1]/div/ul/div[2]/li/div")
2022-02-14 15:42:15,730 - INFO basePage.py [line:140]: 点击"供应链管理",元素定位:('xpath', "//*[@id='app']/div/div[1]/div[2]/div[1]/div/ul/div[2]/li/div")
2022-02-14 15:42:15,783 - INFO basePage.py [line:88]: 查找"盘点模板管理"元素，元素定位:('xpath', "//*[@id='app']/div/div[1]/div[2]/div[1]/div/ul/div[2]/li/ul/div[9]/a/li")
2022-02-14 15:42:15,783 - INFO basePage.py [line:88]: 查找"盘点模板管理"元素，元素定位:('xpath', "//*[@id='app']/div/div[1]/div[2]/div[1]/div/ul/div[2]/li/ul/div[9]/a/li")
2022-02-14 15:42:15,797 - INFO basePage.py [line:140]: 点击"盘点模板管理",元素定位:('xpath', "//*[@id='app']/div/div[1]/div[2]/div[1]/div/ul/div[2]/li/ul/div[9]/a/li")
2022-02-14 15:42:15,797 - INFO basePage.py [line:140]: 点击"盘点模板管理",元素定位:('xpath', "//*[@id='app']/div/div[1]/div[2]/div[1]/div/ul/div[2]/li/ul/div[9]/a/li")
2022-02-14 15:42:18,986 - INFO basePage.py [line:88]: 查找"点击停用盘点模板"元素，元素定位:('xpath', "//*[@id='app']/div/div[2]/section/div/section/main/section/main/div/div[1]/div[4]/div[2]/table/tbody/tr[2]/td[2]/div/button[3]/span")
2022-02-14 15:42:18,986 - INFO basePage.py [line:88]: 查找"点击停用盘点模板"元素，元素定位:('xpath', "//*[@id='app']/div/div[2]/section/div/section/main/section/main/div/div[1]/div[4]/div[2]/table/tbody/tr[2]/td[2]/div/button[3]/span")
2022-02-14 15:42:21,836 - INFO basePage.py [line:140]: 点击"点击停用盘点模板",元素定位:('xpath', "//*[@id='app']/div/div[2]/section/div/section/main/section/main/div/div[1]/div[4]/div[2]/table/tbody/tr[2]/td[2]/div/button[3]/span")
2022-02-14 15:42:21,836 - INFO basePage.py [line:140]: 点击"点击停用盘点模板",元素定位:('xpath', "//*[@id='app']/div/div[2]/section/div/section/main/section/main/div/div[1]/div[4]/div[2]/table/tbody/tr[2]/td[2]/div/button[3]/span")
2022-02-14 15:42:22,940 - INFO basePage.py [line:74]: 等待"停用盘点模板断言"元素,定位方式:('xpath', '/html/body/div[2]/p')
2022-02-14 15:42:22,940 - INFO basePage.py [line:74]: 等待"停用盘点模板断言"元素,定位方式:('xpath', '/html/body/div[2]/p')
2022-02-14 15:42:23,001 - INFO basePage.py [line:79]: 等待"停用盘点模板断言"时长:0:00:00.055811
2022-02-14 15:42:23,001 - INFO basePage.py [line:79]: 等待"停用盘点模板断言"时长:0:00:00.055811
2022-02-14 15:42:41,814 - INFO basePage.py [line:88]: 查找"输入账号"元素，元素定位:('xpath', "//*[@id='app']/div/div[1]/div[2]/form/div[2]/div/div/input")
2022-02-14 15:42:41,814 - INFO basePage.py [line:88]: 查找"输入账号"元素，元素定位:('xpath', "//*[@id='app']/div/div[1]/div[2]/form/div[2]/div/div/input")
2022-02-14 15:42:41,829 - INFO basePage.py [line:113]: 在"输入账号"输入"oms1213",元素定位:('xpath', "//*[@id='app']/div/div[1]/div[2]/form/div[2]/div/div/input")
2022-02-14 15:42:41,829 - INFO basePage.py [line:113]: 在"输入账号"输入"oms1213",元素定位:('xpath', "//*[@id='app']/div/div[1]/div[2]/form/div[2]/div/div/input")
2022-02-14 15:42:41,917 - INFO basePage.py [line:88]: 查找"输入密码"元素，元素定位:('xpath', "//*[@id='app']/div/div[1]/div[2]/form/div[3]/div/div/input")
2022-02-14 15:42:41,917 - INFO basePage.py [line:88]: 查找"输入密码"元素，元素定位:('xpath', "//*[@id='app']/div/div[1]/div[2]/form/div[3]/div/div/input")
2022-02-14 15:42:41,932 - INFO basePage.py [line:113]: 在"输入密码"输入"Qq123456",元素定位:('xpath', "//*[@id='app']/div/div[1]/div[2]/form/div[3]/div/div/input")
2022-02-14 15:42:41,932 - INFO basePage.py [line:113]: 在"输入密码"输入"Qq123456",元素定位:('xpath', "//*[@id='app']/div/div[1]/div[2]/form/div[3]/div/div/input")
2022-02-14 15:42:42,000 - INFO basePage.py [line:88]: 查找"点击登录"元素，元素定位:('xpath', "//*[@id='app']/div/div[1]/div[2]/form/button")
2022-02-14 15:42:42,000 - INFO basePage.py [line:88]: 查找"点击登录"元素，元素定位:('xpath', "//*[@id='app']/div/div[1]/div[2]/form/button")
2022-02-14 15:42:42,015 - INFO basePage.py [line:140]: 点击"点击登录",元素定位:('xpath', "//*[@id='app']/div/div[1]/div[2]/form/button")
2022-02-14 15:42:42,015 - INFO basePage.py [line:140]: 点击"点击登录",元素定位:('xpath', "//*[@id='app']/div/div[1]/div[2]/form/button")
2022-02-14 15:42:45,083 - INFO basePage.py [line:88]: 查找"供应链管理"元素，元素定位:('xpath', "//*[@id='app']/div/div[1]/div[2]/div[1]/div/ul/div[2]/li/div")
2022-02-14 15:42:45,083 - INFO basePage.py [line:88]: 查找"供应链管理"元素，元素定位:('xpath', "//*[@id='app']/div/div[1]/div[2]/div[1]/div/ul/div[2]/li/div")
2022-02-14 15:42:45,098 - INFO basePage.py [line:140]: 点击"供应链管理",元素定位:('xpath', "//*[@id='app']/div/div[1]/div[2]/div[1]/div/ul/div[2]/li/div")
2022-02-14 15:42:45,098 - INFO basePage.py [line:140]: 点击"供应链管理",元素定位:('xpath', "//*[@id='app']/div/div[1]/div[2]/div[1]/div/ul/div[2]/li/div")
2022-02-14 15:42:45,164 - INFO basePage.py [line:88]: 查找"盘点模板管理"元素，元素定位:('xpath', "//*[@id='app']/div/div[1]/div[2]/div[1]/div/ul/div[2]/li/ul/div[9]/a/li")
2022-02-14 15:42:45,164 - INFO basePage.py [line:88]: 查找"盘点模板管理"元素，元素定位:('xpath', "//*[@id='app']/div/div[1]/div[2]/div[1]/div/ul/div[2]/li/ul/div[9]/a/li")
2022-02-14 15:42:45,185 - INFO basePage.py [line:140]: 点击"盘点模板管理",元素定位:('xpath', "//*[@id='app']/div/div[1]/div[2]/div[1]/div/ul/div[2]/li/ul/div[9]/a/li")
2022-02-14 15:42:45,185 - INFO basePage.py [line:140]: 点击"盘点模板管理",元素定位:('xpath', "//*[@id='app']/div/div[1]/div[2]/div[1]/div/ul/div[2]/li/ul/div[9]/a/li")
2022-02-14 15:42:49,412 - INFO basePage.py [line:88]: 查找"点击启用盘点模板"元素，元素定位:('xpath', "//*[@id='app']/div/div[2]/section/div/section/main/section/main/div/div[1]/div[4]/div[2]/table/tbody/tr[2]/td[2]/div/button[3]/span")
2022-02-14 15:42:49,412 - INFO basePage.py [line:88]: 查找"点击启用盘点模板"元素，元素定位:('xpath', "//*[@id='app']/div/div[2]/section/div/section/main/section/main/div/div[1]/div[4]/div[2]/table/tbody/tr[2]/td[2]/div/button[3]/span")
2022-02-14 15:42:49,427 - INFO basePage.py [line:140]: 点击"点击启用盘点模板",元素定位:('xpath', "//*[@id='app']/div/div[2]/section/div/section/main/section/main/div/div[1]/div[4]/div[2]/table/tbody/tr[2]/td[2]/div/button[3]/span")
2022-02-14 15:42:49,427 - INFO basePage.py [line:140]: 点击"点击启用盘点模板",元素定位:('xpath', "//*[@id='app']/div/div[2]/section/div/section/main/section/main/div/div[1]/div[4]/div[2]/table/tbody/tr[2]/td[2]/div/button[3]/span")
2022-02-14 15:42:51,552 - INFO basePage.py [line:74]: 等待"启用盘点模板断言"元素,定位方式:('xpath', '/html/body/div[2]/p')
2022-02-14 15:42:51,552 - INFO basePage.py [line:74]: 等待"启用盘点模板断言"元素,定位方式:('xpath', '/html/body/div[2]/p')
2022-02-14 15:43:05,257 - ERROR basePage.py [line:81]: 等待"启用盘点模板断言"元素失败,定位方式:('xpath', '/html/body/div[2]/p')
Traceback (most recent call last):
  File "e:\12\Common\basePage.py", line 77, in wait_text
    WebDriverWait(self.driver, timeout, poll_frequency).until(EC.text_to_be_present_in_element(loc,text))
  File "C:\Users\bonjour\AppData\Local\Programs\Python\Python39\lib\site-packages\selenium\webdriver\support\wait.py", line 80, in until
    raise TimeoutException(message, screen, stacktrace)
selenium.common.exceptions.TimeoutException: Message: 

2022-02-14 15:43:05,257 - ERROR basePage.py [line:81]: 等待"启用盘点模板断言"元素失败,定位方式:('xpath', '/html/body/div[2]/p')
Traceback (most recent call last):
  File "e:\12\Common\basePage.py", line 77, in wait_text
    WebDriverWait(self.driver, timeout, poll_frequency).until(EC.text_to_be_present_in_element(loc,text))
  File "C:\Users\bonjour\AppData\Local\Programs\Python\Python39\lib\site-packages\selenium\webdriver\support\wait.py", line 80, in until
    raise TimeoutException(message, screen, stacktrace)
selenium.common.exceptions.TimeoutException: Message: 

2022-02-14 15:43:05,418 - INFO basePage.py [line:247]: 截屏成功,图片路径为E:\12\Screenshots\2022-02-14\等待元素[启用盘点模板断言]出现异常_20220214_154305.png
2022-02-14 15:43:05,418 - INFO basePage.py [line:247]: 截屏成功,图片路径为E:\12\Screenshots\2022-02-14\等待元素[启用盘点模板断言]出现异常_20220214_154305.png
2022-02-14 15:43:24,084 - INFO basePage.py [line:88]: 查找"输入账号"元素，元素定位:('xpath', "//*[@id='app']/div/div[1]/div[2]/form/div[2]/div/div/input")
2022-02-14 15:43:24,084 - INFO basePage.py [line:88]: 查找"输入账号"元素，元素定位:('xpath', "//*[@id='app']/div/div[1]/div[2]/form/div[2]/div/div/input")
2022-02-14 15:43:24,102 - INFO basePage.py [line:113]: 在"输入账号"输入"oms1213",元素定位:('xpath', "//*[@id='app']/div/div[1]/div[2]/form/div[2]/div/div/input")
2022-02-14 15:43:24,102 - INFO basePage.py [line:113]: 在"输入账号"输入"oms1213",元素定位:('xpath', "//*[@id='app']/div/div[1]/div[2]/form/div[2]/div/div/input")
2022-02-14 15:43:24,179 - INFO basePage.py [line:88]: 查找"输入密码"元素，元素定位:('xpath', "//*[@id='app']/div/div[1]/div[2]/form/div[3]/div/div/input")
2022-02-14 15:43:24,179 - INFO basePage.py [line:88]: 查找"输入密码"元素，元素定位:('xpath', "//*[@id='app']/div/div[1]/div[2]/form/div[3]/div/div/input")
2022-02-14 15:43:24,191 - INFO basePage.py [line:113]: 在"输入密码"输入"Qq123456",元素定位:('xpath', "//*[@id='app']/div/div[1]/div[2]/form/div[3]/div/div/input")
2022-02-14 15:43:24,191 - INFO basePage.py [line:113]: 在"输入密码"输入"Qq123456",元素定位:('xpath', "//*[@id='app']/div/div[1]/div[2]/form/div[3]/div/div/input")
2022-02-14 15:43:24,254 - INFO basePage.py [line:88]: 查找"点击登录"元素，元素定位:('xpath', "//*[@id='app']/div/div[1]/div[2]/form/button")
2022-02-14 15:43:24,254 - INFO basePage.py [line:88]: 查找"点击登录"元素，元素定位:('xpath', "//*[@id='app']/div/div[1]/div[2]/form/button")
2022-02-14 15:43:24,266 - INFO basePage.py [line:140]: 点击"点击登录",元素定位:('xpath', "//*[@id='app']/div/div[1]/div[2]/form/button")
2022-02-14 15:43:24,266 - INFO basePage.py [line:140]: 点击"点击登录",元素定位:('xpath', "//*[@id='app']/div/div[1]/div[2]/form/button")
2022-02-14 15:43:27,325 - INFO basePage.py [line:88]: 查找"供应链管理"元素，元素定位:('xpath', "//*[@id='app']/div/div[1]/div[2]/div[1]/div/ul/div[2]/li/div")
2022-02-14 15:43:27,325 - INFO basePage.py [line:88]: 查找"供应链管理"元素，元素定位:('xpath', "//*[@id='app']/div/div[1]/div[2]/div[1]/div/ul/div[2]/li/div")
2022-02-14 15:43:27,343 - INFO basePage.py [line:140]: 点击"供应链管理",元素定位:('xpath', "//*[@id='app']/div/div[1]/div[2]/div[1]/div/ul/div[2]/li/div")
2022-02-14 15:43:27,343 - INFO basePage.py [line:140]: 点击"供应链管理",元素定位:('xpath', "//*[@id='app']/div/div[1]/div[2]/div[1]/div/ul/div[2]/li/div")
2022-02-14 15:43:27,386 - INFO basePage.py [line:88]: 查找"盘点模板管理"元素，元素定位:('xpath', "//*[@id='app']/div/div[1]/div[2]/div[1]/div/ul/div[2]/li/ul/div[9]/a/li")
2022-02-14 15:43:27,386 - INFO basePage.py [line:88]: 查找"盘点模板管理"元素，元素定位:('xpath', "//*[@id='app']/div/div[1]/div[2]/div[1]/div/ul/div[2]/li/ul/div[9]/a/li")
2022-02-14 15:43:27,398 - INFO basePage.py [line:140]: 点击"盘点模板管理",元素定位:('xpath', "//*[@id='app']/div/div[1]/div[2]/div[1]/div/ul/div[2]/li/ul/div[9]/a/li")
2022-02-14 15:43:27,398 - INFO basePage.py [line:140]: 点击"盘点模板管理",元素定位:('xpath', "//*[@id='app']/div/div[1]/div[2]/div[1]/div/ul/div[2]/li/ul/div[9]/a/li")
2022-02-14 15:43:30,674 - INFO basePage.py [line:88]: 查找"点击删除盘点模板"元素，元素定位:('xpath', "//*[@id='app']/div/div[2]/section/div/section/main/section/main/div/div[1]/div[4]/div[2]/table/tbody/tr[2]/td[2]/div/span/span/button/span")
2022-02-14 15:43:30,674 - INFO basePage.py [line:88]: 查找"点击删除盘点模板"元素，元素定位:('xpath', "//*[@id='app']/div/div[2]/section/div/section/main/section/main/div/div[1]/div[4]/div[2]/table/tbody/tr[2]/td[2]/div/span/span/button/span")
2022-02-14 15:43:30,691 - INFO basePage.py [line:140]: 点击"点击删除盘点模板",元素定位:('xpath', "//*[@id='app']/div/div[2]/section/div/section/main/section/main/div/div[1]/div[4]/div[2]/table/tbody/tr[2]/td[2]/div/span/span/button/span")
2022-02-14 15:43:30,691 - INFO basePage.py [line:140]: 点击"点击删除盘点模板",元素定位:('xpath', "//*[@id='app']/div/div[2]/section/div/section/main/section/main/div/div[1]/div[4]/div[2]/table/tbody/tr[2]/td[2]/div/span/span/button/span")
2022-02-14 15:43:30,734 - INFO basePage.py [line:88]: 查找"二次确定删除"元素，元素定位:('xpath', '/html/body/div[2]/div[1]/div/button[2]/span')
2022-02-14 15:43:30,734 - INFO basePage.py [line:88]: 查找"二次确定删除"元素，元素定位:('xpath', '/html/body/div[2]/div[1]/div/button[2]/span')
2022-02-14 15:43:30,746 - INFO basePage.py [line:140]: 点击"二次确定删除",元素定位:('xpath', '/html/body/div[2]/div[1]/div/button[2]/span')
2022-02-14 15:43:30,746 - INFO basePage.py [line:140]: 点击"二次确定删除",元素定位:('xpath', '/html/body/div[2]/div[1]/div/button[2]/span')
2022-02-14 15:43:31,802 - INFO basePage.py [line:74]: 等待"删除盘点模板断言"元素,定位方式:('xpath', '/html/body/div[3]/p')
2022-02-14 15:43:31,802 - INFO basePage.py [line:74]: 等待"删除盘点模板断言"元素,定位方式:('xpath', '/html/body/div[3]/p')
2022-02-14 15:43:31,828 - INFO basePage.py [line:79]: 等待"删除盘点模板断言"时长:0:00:00.024983
2022-02-14 15:43:31,828 - INFO basePage.py [line:79]: 等待"删除盘点模板断言"时长:0:00:00.024983
