2022-02-14 11:51:50,919 - INFO basePage.py [line:88]: 查找"输入账号"元素，元素定位:('xpath', "//*[@id='app']/div/div[1]/div[2]/form/div[2]/div/div/input")
2022-02-14 11:51:50,919 - INFO basePage.py [line:88]: 查找"输入账号"元素，元素定位:('xpath', "//*[@id='app']/div/div[1]/div[2]/form/div[2]/div/div/input")
2022-02-14 11:51:50,937 - INFO basePage.py [line:113]: 在"输入账号"输入"oms1213",元素定位:('xpath', "//*[@id='app']/div/div[1]/div[2]/form/div[2]/div/div/input")
2022-02-14 11:51:50,937 - INFO basePage.py [line:113]: 在"输入账号"输入"oms1213",元素定位:('xpath', "//*[@id='app']/div/div[1]/div[2]/form/div[2]/div/div/input")
2022-02-14 11:51:51,011 - INFO basePage.py [line:88]: 查找"输入密码"元素，元素定位:('xpath', "//*[@id='app']/div/div[1]/div[2]/form/div[3]/div/div/input")
2022-02-14 11:51:51,011 - INFO basePage.py [line:88]: 查找"输入密码"元素，元素定位:('xpath', "//*[@id='app']/div/div[1]/div[2]/form/div[3]/div/div/input")
2022-02-14 11:51:51,025 - INFO basePage.py [line:113]: 在"输入密码"输入"Qq123456",元素定位:('xpath', "//*[@id='app']/div/div[1]/div[2]/form/div[3]/div/div/input")
2022-02-14 11:51:51,025 - INFO basePage.py [line:113]: 在"输入密码"输入"Qq123456",元素定位:('xpath', "//*[@id='app']/div/div[1]/div[2]/form/div[3]/div/div/input")
2022-02-14 11:51:51,083 - INFO basePage.py [line:88]: 查找"点击登录"元素，元素定位:('xpath', "//*[@id='app']/div/div[1]/div[2]/form/button")
2022-02-14 11:51:51,083 - INFO basePage.py [line:88]: 查找"点击登录"元素，元素定位:('xpath', "//*[@id='app']/div/div[1]/div[2]/form/button")
2022-02-14 11:51:51,095 - INFO basePage.py [line:140]: 点击"点击登录",元素定位:('xpath', "//*[@id='app']/div/div[1]/div[2]/form/button")
2022-02-14 11:51:51,095 - INFO basePage.py [line:140]: 点击"点击登录",元素定位:('xpath', "//*[@id='app']/div/div[1]/div[2]/form/button")
2022-02-14 11:51:54,151 - INFO basePage.py [line:88]: 查找"供应链管理"元素，元素定位:('xpath', "//*[@id='app']/div/div[1]/div[2]/div[1]/div/ul/div[2]/li/div")
2022-02-14 11:51:54,151 - INFO basePage.py [line:88]: 查找"供应链管理"元素，元素定位:('xpath', "//*[@id='app']/div/div[1]/div[2]/div[1]/div/ul/div[2]/li/div")
2022-02-14 11:51:54,167 - INFO basePage.py [line:140]: 点击"供应链管理",元素定位:('xpath', "//*[@id='app']/div/div[1]/div[2]/div[1]/div/ul/div[2]/li/div")
2022-02-14 11:51:54,167 - INFO basePage.py [line:140]: 点击"供应链管理",元素定位:('xpath', "//*[@id='app']/div/div[1]/div[2]/div[1]/div/ul/div[2]/li/div")
2022-02-14 11:51:54,207 - INFO basePage.py [line:88]: 查找"成本卡管理"元素，元素定位:('xpath', "//*[@id='app']/div/div[1]/div[2]/div[1]/div/ul/div[2]/li/ul/div[14]/a/li")
2022-02-14 11:51:54,207 - INFO basePage.py [line:88]: 查找"成本卡管理"元素，元素定位:('xpath', "//*[@id='app']/div/div[1]/div[2]/div[1]/div/ul/div[2]/li/ul/div[14]/a/li")
2022-02-14 11:51:54,221 - INFO basePage.py [line:140]: 点击"成本卡管理",元素定位:('xpath', "//*[@id='app']/div/div[1]/div[2]/div[1]/div/ul/div[2]/li/ul/div[14]/a/li")
2022-02-14 11:51:54,221 - INFO basePage.py [line:140]: 点击"成本卡管理",元素定位:('xpath', "//*[@id='app']/div/div[1]/div[2]/div[1]/div/ul/div[2]/li/ul/div[14]/a/li")
2022-02-14 11:51:57,388 - INFO basePage.py [line:88]: 查找"清除净量"元素，元素定位:('xpath', "//*[@id='input-0-0-child-input']")
2022-02-14 11:51:57,388 - INFO basePage.py [line:88]: 查找"清除净量"元素，元素定位:('xpath', "//*[@id='input-0-0-child-input']")
2022-02-14 11:51:57,479 - INFO basePage.py [line:126]: 清除"清除净量",元素定位:('xpath', "//*[@id='input-0-0-child-input']")
2022-02-14 11:51:57,479 - INFO basePage.py [line:126]: 清除"清除净量",元素定位:('xpath', "//*[@id='input-0-0-child-input']")
2022-02-14 11:51:57,519 - INFO basePage.py [line:88]: 查找"输入净量"元素，元素定位:('xpath', "//*[@id='input-0-0-child-input']")
2022-02-14 11:51:57,519 - INFO basePage.py [line:88]: 查找"输入净量"元素，元素定位:('xpath', "//*[@id='input-0-0-child-input']")
2022-02-14 11:51:57,529 - INFO basePage.py [line:113]: 在"输入净量"输入"10",元素定位:('xpath', "//*[@id='input-0-0-child-input']")
2022-02-14 11:51:57,529 - INFO basePage.py [line:113]: 在"输入净量"输入"10",元素定位:('xpath', "//*[@id='input-0-0-child-input']")
2022-02-14 11:51:57,570 - INFO basePage.py [line:88]: 查找"点击确定"元素，元素定位:('xpath', "//*[@id='app']/div/div[2]/section/div/section/div/div/div[3]/div/button[2]/span")
2022-02-14 11:51:57,570 - INFO basePage.py [line:88]: 查找"点击确定"元素，元素定位:('xpath', "//*[@id='app']/div/div[2]/section/div/section/div/div/div[3]/div/button[2]/span")
2022-02-14 11:51:57,583 - INFO basePage.py [line:140]: 点击"点击确定",元素定位:('xpath', "//*[@id='app']/div/div[2]/section/div/section/div/div/div[3]/div/button[2]/span")
2022-02-14 11:51:57,583 - INFO basePage.py [line:140]: 点击"点击确定",元素定位:('xpath', "//*[@id='app']/div/div[2]/section/div/section/div/div/div[3]/div/button[2]/span")
2022-02-14 11:51:57,637 - INFO basePage.py [line:74]: 等待"断言"元素,定位方式:('xpath', '/html/body/div[2]/p')
2022-02-14 11:51:57,637 - INFO basePage.py [line:74]: 等待"断言"元素,定位方式:('xpath', '/html/body/div[2]/p')
2022-02-14 11:51:58,040 - INFO basePage.py [line:79]: 等待"断言"时长:0:00:00.400928
2022-02-14 11:51:58,040 - INFO basePage.py [line:79]: 等待"断言"时长:0:00:00.400928
2022-02-14 11:52:03,106 - INFO requestbase.py [line:21]: 连通接口"https://supplychain-server-stg.datousoft.com/items",接口header为:"{'authorization': 'Bearer eyJhbGciOiJIUzUxMiJ9.eyJqdGkiOiI2Y2Y4Zjc3ODZhZGY0MjljYTg0NTJhNmNjZDM5NGIxZiIsImF1dGgiOiIiLCJpZCI6NTk5LCJzdWIiOiIxMiJ9.t4pOPVEY9GkYXpEUouNeb0M2OfhYCqCfOSIbitDO9BxUxc29PN7ltiJNk7j-d8OUk8CQyKmGkjp09phLi_phXw'}",接口param为：{'pageNum': '1', 'pageSize': '20'}
2022-02-14 11:52:03,106 - INFO requestbase.py [line:21]: 连通接口"https://supplychain-server-stg.datousoft.com/items",接口header为:"{'authorization': 'Bearer eyJhbGciOiJIUzUxMiJ9.eyJqdGkiOiI2Y2Y4Zjc3ODZhZGY0MjljYTg0NTJhNmNjZDM5NGIxZiIsImF1dGgiOiIiLCJpZCI6NTk5LCJzdWIiOiIxMiJ9.t4pOPVEY9GkYXpEUouNeb0M2OfhYCqCfOSIbitDO9BxUxc29PN7ltiJNk7j-d8OUk8CQyKmGkjp09phLi_phXw'}",接口param为：{'pageNum': '1', 'pageSize': '20'}
2022-02-14 11:52:03,358 - INFO requestbase.py [line:26]: 等待接口"https://supplychain-server-stg.datousoft.com/items"时长:0:00:00.248330
2022-02-14 11:52:03,358 - INFO requestbase.py [line:26]: 等待接口"https://supplychain-server-stg.datousoft.com/items"时长:0:00:00.248330
2022-02-14 11:52:03,360 - INFO assertbase.py [line:28]: 预计接口返回code为"200.0",实际返回code为:"200"
2022-02-14 11:52:03,360 - INFO assertbase.py [line:28]: 预计接口返回code为"200.0",实际返回code为:"200"
2022-02-14 11:52:03,362 - INFO assertbase.py [line:31]: 预计接口返回code为"200.0",实际返回code为:"200"
2022-02-14 11:52:03,362 - INFO assertbase.py [line:31]: 预计接口返回code为"200.0",实际返回code为:"200"
2022-02-14 11:52:03,371 - INFO requestbase.py [line:21]: 连通接口"https://supplychain-server-stg.datousoft.com/groups/current/items/1",接口header为:"{'authorization': 'Bearer eyJhbGciOiJIUzUxMiJ9.eyJqdGkiOiI2Y2Y4Zjc3ODZhZGY0MjljYTg0NTJhNmNjZDM5NGIxZiIsImF1dGgiOiIiLCJpZCI6NTk5LCJzdWIiOiIxMiJ9.t4pOPVEY9GkYXpEUouNeb0M2OfhYCqCfOSIbitDO9BxUxc29PN7ltiJNk7j-d8OUk8CQyKmGkjp09phLi_phXw'}",接口param为：
2022-02-14 11:52:03,371 - INFO requestbase.py [line:21]: 连通接口"https://supplychain-server-stg.datousoft.com/groups/current/items/1",接口header为:"{'authorization': 'Bearer eyJhbGciOiJIUzUxMiJ9.eyJqdGkiOiI2Y2Y4Zjc3ODZhZGY0MjljYTg0NTJhNmNjZDM5NGIxZiIsImF1dGgiOiIiLCJpZCI6NTk5LCJzdWIiOiIxMiJ9.t4pOPVEY9GkYXpEUouNeb0M2OfhYCqCfOSIbitDO9BxUxc29PN7ltiJNk7j-d8OUk8CQyKmGkjp09phLi_phXw'}",接口param为：
2022-02-14 11:52:03,565 - INFO requestbase.py [line:26]: 等待接口"https://supplychain-server-stg.datousoft.com/groups/current/items/1"时长:0:00:00.191462
2022-02-14 11:52:03,565 - INFO requestbase.py [line:26]: 等待接口"https://supplychain-server-stg.datousoft.com/groups/current/items/1"时长:0:00:00.191462
2022-02-14 11:52:03,568 - INFO assertbase.py [line:28]: 预计接口返回code为"200.0",实际返回code为:"200"
2022-02-14 11:52:03,568 - INFO assertbase.py [line:28]: 预计接口返回code为"200.0",实际返回code为:"200"
2022-02-14 11:52:03,570 - INFO assertbase.py [line:31]: 预计接口返回code为"200.0",实际返回code为:"200"
2022-02-14 11:52:03,570 - INFO assertbase.py [line:31]: 预计接口返回code为"200.0",实际返回code为:"200"
2022-02-14 11:52:03,577 - INFO requestbase.py [line:69]: 连通接口"https://supplychain-server-stg.datousoft.com/items/1",接口data为:"",接口json{'enable': 'true', 'tags': ['12', '23', '34', '45', '56', '67', '78', '89', '01', '99953816724', '99897524630', '99135297046', '99254607193', '99310649275', '99376528194', '99352478916', '99503247816', '99187059632', '99953042716', '99638017452', '99237065184'], 'enableValidDays': 'true'}
2022-02-14 11:52:03,577 - INFO requestbase.py [line:69]: 连通接口"https://supplychain-server-stg.datousoft.com/items/1",接口data为:"",接口json{'enable': 'true', 'tags': ['12', '23', '34', '45', '56', '67', '78', '89', '01', '99953816724', '99897524630', '99135297046', '99254607193', '99310649275', '99376528194', '99352478916', '99503247816', '99187059632', '99953042716', '99638017452', '99237065184'], 'enableValidDays': 'true'}
2022-02-14 11:52:03,702 - INFO requestbase.py [line:74]: 等待接口"https://supplychain-server-stg.datousoft.com/items/1"时长:0:00:00.121672
2022-02-14 11:52:03,702 - INFO requestbase.py [line:74]: 等待接口"https://supplychain-server-stg.datousoft.com/items/1"时长:0:00:00.121672
2022-02-14 11:52:03,704 - INFO assertbase.py [line:28]: 预计接口返回code为"200.0",实际返回code为:"200"
2022-02-14 11:52:03,704 - INFO assertbase.py [line:28]: 预计接口返回code为"200.0",实际返回code为:"200"
2022-02-14 11:52:03,706 - INFO assertbase.py [line:31]: 预计接口返回code为"200.0",实际返回code为:"200"
2022-02-14 11:52:03,706 - INFO assertbase.py [line:31]: 预计接口返回code为"200.0",实际返回code为:"200"
2022-02-14 11:52:03,716 - INFO requestbase.py [line:69]: 连通接口"https://supplychain-server-stg.datousoft.com/shops/1",接口data为:"",接口json{'deliveryCenterId': 1, 'ownerCompanyId': 1}
2022-02-14 11:52:03,716 - INFO requestbase.py [line:69]: 连通接口"https://supplychain-server-stg.datousoft.com/shops/1",接口data为:"",接口json{'deliveryCenterId': 1, 'ownerCompanyId': 1}
2022-02-14 11:52:03,829 - INFO requestbase.py [line:74]: 等待接口"https://supplychain-server-stg.datousoft.com/shops/1"时长:0:00:00.107711
2022-02-14 11:52:03,829 - INFO requestbase.py [line:74]: 等待接口"https://supplychain-server-stg.datousoft.com/shops/1"时长:0:00:00.107711
2022-02-14 11:52:03,832 - INFO assertbase.py [line:28]: 预计接口返回code为"200.0",实际返回code为:"200"
2022-02-14 11:52:03,832 - INFO assertbase.py [line:28]: 预计接口返回code为"200.0",实际返回code为:"200"
2022-02-14 11:52:03,834 - INFO assertbase.py [line:31]: 预计接口返回code为"200.0",实际返回code为:"200"
2022-02-14 11:52:03,834 - INFO assertbase.py [line:31]: 预计接口返回code为"200.0",实际返回code为:"200"
2022-02-14 11:52:03,842 - INFO requestbase.py [line:21]: 连通接口"https://supplychain-server-stg.datousoft.com/suppliers/1",接口header为:"{'authorization': 'Bearer eyJhbGciOiJIUzUxMiJ9.eyJqdGkiOiI2Y2Y4Zjc3ODZhZGY0MjljYTg0NTJhNmNjZDM5NGIxZiIsImF1dGgiOiIiLCJpZCI6NTk5LCJzdWIiOiIxMiJ9.t4pOPVEY9GkYXpEUouNeb0M2OfhYCqCfOSIbitDO9BxUxc29PN7ltiJNk7j-d8OUk8CQyKmGkjp09phLi_phXw'}",接口param为：
2022-02-14 11:52:03,842 - INFO requestbase.py [line:21]: 连通接口"https://supplychain-server-stg.datousoft.com/suppliers/1",接口header为:"{'authorization': 'Bearer eyJhbGciOiJIUzUxMiJ9.eyJqdGkiOiI2Y2Y4Zjc3ODZhZGY0MjljYTg0NTJhNmNjZDM5NGIxZiIsImF1dGgiOiIiLCJpZCI6NTk5LCJzdWIiOiIxMiJ9.t4pOPVEY9GkYXpEUouNeb0M2OfhYCqCfOSIbitDO9BxUxc29PN7ltiJNk7j-d8OUk8CQyKmGkjp09phLi_phXw'}",接口param为：
2022-02-14 11:52:03,945 - INFO requestbase.py [line:26]: 等待接口"https://supplychain-server-stg.datousoft.com/suppliers/1"时长:0:00:00.100731
2022-02-14 11:52:03,945 - INFO requestbase.py [line:26]: 等待接口"https://supplychain-server-stg.datousoft.com/suppliers/1"时长:0:00:00.100731
2022-02-14 11:52:03,947 - INFO assertbase.py [line:28]: 预计接口返回code为"200.0",实际返回code为:"200"
2022-02-14 11:52:03,947 - INFO assertbase.py [line:28]: 预计接口返回code为"200.0",实际返回code为:"200"
2022-02-14 11:52:03,950 - INFO assertbase.py [line:31]: 预计接口返回code为"200.0",实际返回code为:"200"
2022-02-14 11:52:03,950 - INFO assertbase.py [line:31]: 预计接口返回code为"200.0",实际返回code为:"200"
2022-02-14 11:52:03,958 - INFO requestbase.py [line:69]: 连通接口"https://supplychain-server-stg.datousoft.com/suppliers/1",接口data为:"",接口json{'enable': 'false'}
2022-02-14 11:52:03,958 - INFO requestbase.py [line:69]: 连通接口"https://supplychain-server-stg.datousoft.com/suppliers/1",接口data为:"",接口json{'enable': 'false'}
2022-02-14 11:52:04,108 - INFO requestbase.py [line:74]: 等待接口"https://supplychain-server-stg.datousoft.com/suppliers/1"时长:0:00:00.147575
2022-02-14 11:52:04,108 - INFO requestbase.py [line:74]: 等待接口"https://supplychain-server-stg.datousoft.com/suppliers/1"时长:0:00:00.147575
2022-02-14 11:52:04,110 - INFO assertbase.py [line:28]: 预计接口返回code为"200.0",实际返回code为:"200"
2022-02-14 11:52:04,110 - INFO assertbase.py [line:28]: 预计接口返回code为"200.0",实际返回code为:"200"
2022-02-14 11:52:04,112 - INFO assertbase.py [line:31]: 预计接口返回code为"200.0",实际返回code为:"200"
2022-02-14 11:52:04,112 - INFO assertbase.py [line:31]: 预计接口返回code为"200.0",实际返回code为:"200"
2022-02-14 11:52:04,120 - INFO requestbase.py [line:33]: 连通接口"https://supplychain-server-stg.datousoft.com/staffMealItemGroups/",接口data为:"",接口json{'itemGroupInfo': {'name': '99421807953', 'remark': ''}, 'itemIdList': [1], 'relatedOrganizationList': [{'organizationType': 'SHOP', 'organizationId': '31', 'organizationName': '太二广州海珠万达分店'}]}
2022-02-14 11:52:04,120 - INFO requestbase.py [line:33]: 连通接口"https://supplychain-server-stg.datousoft.com/staffMealItemGroups/",接口data为:"",接口json{'itemGroupInfo': {'name': '99421807953', 'remark': ''}, 'itemIdList': [1], 'relatedOrganizationList': [{'organizationType': 'SHOP', 'organizationId': '31', 'organizationName': '太二广州海珠万达分店'}]}
2022-02-14 11:52:04,244 - INFO requestbase.py [line:38]: 等待接口"https://supplychain-server-stg.datousoft.com/staffMealItemGroups/"时长:0:00:00.121704
2022-02-14 11:52:04,244 - INFO requestbase.py [line:38]: 等待接口"https://supplychain-server-stg.datousoft.com/staffMealItemGroups/"时长:0:00:00.121704
2022-02-14 11:52:04,247 - INFO assertbase.py [line:28]: 预计接口返回code为"201.0",实际返回code为:"201"
2022-02-14 11:52:04,247 - INFO assertbase.py [line:28]: 预计接口返回code为"201.0",实际返回code为:"201"
2022-02-14 11:52:04,249 - INFO assertbase.py [line:31]: 预计接口返回code为"201.0",实际返回code为:"201"
2022-02-14 11:52:04,249 - INFO assertbase.py [line:31]: 预计接口返回code为"201.0",实际返回code为:"201"
2022-02-14 11:52:04,259 - INFO requestbase.py [line:21]: 连通接口"https://supplychain-server-stg.datousoft.com/staffMealItemGroups/133",接口header为:"{'authorization': 'Bearer eyJhbGciOiJIUzUxMiJ9.eyJqdGkiOiI2Y2Y4Zjc3ODZhZGY0MjljYTg0NTJhNmNjZDM5NGIxZiIsImF1dGgiOiIiLCJpZCI6NTk5LCJzdWIiOiIxMiJ9.t4pOPVEY9GkYXpEUouNeb0M2OfhYCqCfOSIbitDO9BxUxc29PN7ltiJNk7j-d8OUk8CQyKmGkjp09phLi_phXw'}",接口param为：
2022-02-14 11:52:04,259 - INFO requestbase.py [line:21]: 连通接口"https://supplychain-server-stg.datousoft.com/staffMealItemGroups/133",接口header为:"{'authorization': 'Bearer eyJhbGciOiJIUzUxMiJ9.eyJqdGkiOiI2Y2Y4Zjc3ODZhZGY0MjljYTg0NTJhNmNjZDM5NGIxZiIsImF1dGgiOiIiLCJpZCI6NTk5LCJzdWIiOiIxMiJ9.t4pOPVEY9GkYXpEUouNeb0M2OfhYCqCfOSIbitDO9BxUxc29PN7ltiJNk7j-d8OUk8CQyKmGkjp09phLi_phXw'}",接口param为：
2022-02-14 11:52:04,449 - INFO requestbase.py [line:26]: 等待接口"https://supplychain-server-stg.datousoft.com/staffMealItemGroups/133"时长:0:00:00.182513
2022-02-14 11:52:04,449 - INFO requestbase.py [line:26]: 等待接口"https://supplychain-server-stg.datousoft.com/staffMealItemGroups/133"时长:0:00:00.182513
2022-02-14 11:52:04,452 - INFO assertbase.py [line:28]: 预计接口返回code为"200.0",实际返回code为:"200"
2022-02-14 11:52:04,452 - INFO assertbase.py [line:28]: 预计接口返回code为"200.0",实际返回code为:"200"
2022-02-14 11:52:04,454 - INFO assertbase.py [line:31]: 预计接口返回code为"200.0",实际返回code为:"200"
2022-02-14 11:52:04,454 - INFO assertbase.py [line:31]: 预计接口返回code为"200.0",实际返回code为:"200"
2022-02-14 11:52:04,457 - INFO requestbase.py [line:21]: 连通接口"https://supplychain-server-stg.datousoft.com/staffMealItemGroups/133/relatedOrganizations",接口header为:"{'authorization': 'Bearer eyJhbGciOiJIUzUxMiJ9.eyJqdGkiOiI2Y2Y4Zjc3ODZhZGY0MjljYTg0NTJhNmNjZDM5NGIxZiIsImF1dGgiOiIiLCJpZCI6NTk5LCJzdWIiOiIxMiJ9.t4pOPVEY9GkYXpEUouNeb0M2OfhYCqCfOSIbitDO9BxUxc29PN7ltiJNk7j-d8OUk8CQyKmGkjp09phLi_phXw'}",接口param为：
2022-02-14 11:52:04,457 - INFO requestbase.py [line:21]: 连通接口"https://supplychain-server-stg.datousoft.com/staffMealItemGroups/133/relatedOrganizations",接口header为:"{'authorization': 'Bearer eyJhbGciOiJIUzUxMiJ9.eyJqdGkiOiI2Y2Y4Zjc3ODZhZGY0MjljYTg0NTJhNmNjZDM5NGIxZiIsImF1dGgiOiIiLCJpZCI6NTk5LCJzdWIiOiIxMiJ9.t4pOPVEY9GkYXpEUouNeb0M2OfhYCqCfOSIbitDO9BxUxc29PN7ltiJNk7j-d8OUk8CQyKmGkjp09phLi_phXw'}",接口param为：
2022-02-14 11:52:04,586 - INFO requestbase.py [line:26]: 等待接口"https://supplychain-server-stg.datousoft.com/staffMealItemGroups/133/relatedOrganizations"时长:0:00:00.126689
2022-02-14 11:52:04,586 - INFO requestbase.py [line:26]: 等待接口"https://supplychain-server-stg.datousoft.com/staffMealItemGroups/133/relatedOrganizations"时长:0:00:00.126689
2022-02-14 11:52:04,589 - INFO assertbase.py [line:28]: 预计接口返回code为"200.0",实际返回code为:"200"
2022-02-14 11:52:04,589 - INFO assertbase.py [line:28]: 预计接口返回code为"200.0",实际返回code为:"200"
2022-02-14 11:52:04,592 - INFO assertbase.py [line:31]: 预计接口返回code为"200.0",实际返回code为:"200"
2022-02-14 11:52:04,592 - INFO assertbase.py [line:31]: 预计接口返回code为"200.0",实际返回code为:"200"
2022-02-14 11:52:04,595 - INFO requestbase.py [line:21]: 连通接口"https://supplychain-server-stg.datousoft.com/staffMealItemGroups/133/items",接口header为:"{'authorization': 'Bearer eyJhbGciOiJIUzUxMiJ9.eyJqdGkiOiI2Y2Y4Zjc3ODZhZGY0MjljYTg0NTJhNmNjZDM5NGIxZiIsImF1dGgiOiIiLCJpZCI6NTk5LCJzdWIiOiIxMiJ9.t4pOPVEY9GkYXpEUouNeb0M2OfhYCqCfOSIbitDO9BxUxc29PN7ltiJNk7j-d8OUk8CQyKmGkjp09phLi_phXw'}",接口param为：
2022-02-14 11:52:04,595 - INFO requestbase.py [line:21]: 连通接口"https://supplychain-server-stg.datousoft.com/staffMealItemGroups/133/items",接口header为:"{'authorization': 'Bearer eyJhbGciOiJIUzUxMiJ9.eyJqdGkiOiI2Y2Y4Zjc3ODZhZGY0MjljYTg0NTJhNmNjZDM5NGIxZiIsImF1dGgiOiIiLCJpZCI6NTk5LCJzdWIiOiIxMiJ9.t4pOPVEY9GkYXpEUouNeb0M2OfhYCqCfOSIbitDO9BxUxc29PN7ltiJNk7j-d8OUk8CQyKmGkjp09phLi_phXw'}",接口param为：
2022-02-14 11:52:04,724 - INFO requestbase.py [line:26]: 等待接口"https://supplychain-server-stg.datousoft.com/staffMealItemGroups/133/items"时长:0:00:00.125663
2022-02-14 11:52:04,724 - INFO requestbase.py [line:26]: 等待接口"https://supplychain-server-stg.datousoft.com/staffMealItemGroups/133/items"时长:0:00:00.125663
2022-02-14 11:52:04,726 - INFO assertbase.py [line:28]: 预计接口返回code为"200.0",实际返回code为:"200"
2022-02-14 11:52:04,726 - INFO assertbase.py [line:28]: 预计接口返回code为"200.0",实际返回code为:"200"
2022-02-14 11:52:04,729 - INFO assertbase.py [line:31]: 预计接口返回code为"200.0",实际返回code为:"200"
2022-02-14 11:52:04,729 - INFO assertbase.py [line:31]: 预计接口返回code为"200.0",实际返回code为:"200"
2022-02-14 11:52:04,738 - INFO requestbase.py [line:45]: 连通接口"https://supplychain-server-stg.datousoft.com/staffMealItemGroups/133",接口data为:"",接口json{'name': '99421807953', 'remark': '655555'}
2022-02-14 11:52:04,738 - INFO requestbase.py [line:45]: 连通接口"https://supplychain-server-stg.datousoft.com/staffMealItemGroups/133",接口data为:"",接口json{'name': '99421807953', 'remark': '655555'}
2022-02-14 11:52:04,866 - INFO requestbase.py [line:50]: 等待接口"https://supplychain-server-stg.datousoft.com/staffMealItemGroups/133"时长:0:00:00.124694
2022-02-14 11:52:04,866 - INFO requestbase.py [line:50]: 等待接口"https://supplychain-server-stg.datousoft.com/staffMealItemGroups/133"时长:0:00:00.124694
2022-02-14 11:52:04,869 - INFO assertbase.py [line:28]: 预计接口返回code为"200.0",实际返回code为:"200"
2022-02-14 11:52:04,869 - INFO assertbase.py [line:28]: 预计接口返回code为"200.0",实际返回code为:"200"
2022-02-14 11:52:04,871 - INFO assertbase.py [line:31]: 预计接口返回code为"200.0",实际返回code为:"200"
2022-02-14 11:52:04,871 - INFO assertbase.py [line:31]: 预计接口返回code为"200.0",实际返回code为:"200"
2022-02-14 11:52:04,874 - INFO requestbase.py [line:45]: 连通接口"https://supplychain-server-stg.datousoft.com/staffMealItemGroups/133/relatedOrganizations",接口data为:"",接口json[{'organizationType': 'SHOP', 'organizationId': 31, 'organizationName': '太二广州海珠万达分店'}]
2022-02-14 11:52:04,874 - INFO requestbase.py [line:45]: 连通接口"https://supplychain-server-stg.datousoft.com/staffMealItemGroups/133/relatedOrganizations",接口data为:"",接口json[{'organizationType': 'SHOP', 'organizationId': 31, 'organizationName': '太二广州海珠万达分店'}]
2022-02-14 11:52:05,042 - INFO requestbase.py [line:50]: 等待接口"https://supplychain-server-stg.datousoft.com/staffMealItemGroups/133/relatedOrganizations"时长:0:00:00.165529
2022-02-14 11:52:05,042 - INFO requestbase.py [line:50]: 等待接口"https://supplychain-server-stg.datousoft.com/staffMealItemGroups/133/relatedOrganizations"时长:0:00:00.165529
2022-02-14 11:52:05,045 - INFO assertbase.py [line:28]: 预计接口返回code为"200.0",实际返回code为:"200"
2022-02-14 11:52:05,045 - INFO assertbase.py [line:28]: 预计接口返回code为"200.0",实际返回code为:"200"
2022-02-14 11:52:05,048 - INFO assertbase.py [line:31]: 预计接口返回code为"200.0",实际返回code为:"200"
2022-02-14 11:52:05,048 - INFO assertbase.py [line:31]: 预计接口返回code为"200.0",实际返回code为:"200"
2022-02-14 11:52:05,051 - INFO requestbase.py [line:45]: 连通接口"https://supplychain-server-stg.datousoft.com/staffMealItemGroups/133/items",接口data为:"",接口json[1]
2022-02-14 11:52:05,051 - INFO requestbase.py [line:45]: 连通接口"https://supplychain-server-stg.datousoft.com/staffMealItemGroups/133/items",接口data为:"",接口json[1]
2022-02-14 11:52:05,170 - INFO requestbase.py [line:50]: 等待接口"https://supplychain-server-stg.datousoft.com/staffMealItemGroups/133/items"时长:0:00:00.115668
2022-02-14 11:52:05,170 - INFO requestbase.py [line:50]: 等待接口"https://supplychain-server-stg.datousoft.com/staffMealItemGroups/133/items"时长:0:00:00.115668
2022-02-14 11:52:05,173 - INFO assertbase.py [line:28]: 预计接口返回code为"200.0",实际返回code为:"200"
2022-02-14 11:52:05,173 - INFO assertbase.py [line:28]: 预计接口返回code为"200.0",实际返回code为:"200"
2022-02-14 11:52:05,175 - INFO assertbase.py [line:31]: 预计接口返回code为"200.0",实际返回code为:"200"
2022-02-14 11:52:05,175 - INFO assertbase.py [line:31]: 预计接口返回code为"200.0",实际返回code为:"200"
2022-02-14 11:52:05,185 - INFO requestbase.py [line:57]: 连通接口"https://supplychain-server-stg.datousoft.com/staffMealItemGroups/133",接口data为:"",接口json
2022-02-14 11:52:05,185 - INFO requestbase.py [line:57]: 连通接口"https://supplychain-server-stg.datousoft.com/staffMealItemGroups/133",接口data为:"",接口json
2022-02-14 11:52:05,332 - INFO requestbase.py [line:62]: 等待接口"https://supplychain-server-stg.datousoft.com/staffMealItemGroups/133"时长:0:00:00.144616
2022-02-14 11:52:05,332 - INFO requestbase.py [line:62]: 等待接口"https://supplychain-server-stg.datousoft.com/staffMealItemGroups/133"时长:0:00:00.144616
2022-02-14 11:52:05,335 - INFO assertbase.py [line:28]: 预计接口返回code为"200.0",实际返回code为:"200"
2022-02-14 11:52:05,335 - INFO assertbase.py [line:28]: 预计接口返回code为"200.0",实际返回code为:"200"
2022-02-14 11:52:05,337 - INFO assertbase.py [line:31]: 预计接口返回code为"200.0",实际返回code为:"200"
2022-02-14 11:52:05,337 - INFO assertbase.py [line:31]: 预计接口返回code为"200.0",实际返回code为:"200"
2022-02-14 11:52:05,346 - INFO requestbase.py [line:33]: 连通接口"https://supplychain-server-stg.datousoft.com/warehouseInventoryTemplates/",接口data为:"",接口json{'name': '99421807953', 'type': 'WEEK_INVENTORY', 'inventoryDay': 'MONDAY', 'remark': '121212', 'enable': 'true', 'itemList': [{'itemId': 1, 'remark': ''}], 'shopList': [{'shopId': 1}]}
2022-02-14 11:52:05,346 - INFO requestbase.py [line:33]: 连通接口"https://supplychain-server-stg.datousoft.com/warehouseInventoryTemplates/",接口data为:"",接口json{'name': '99421807953', 'type': 'WEEK_INVENTORY', 'inventoryDay': 'MONDAY', 'remark': '121212', 'enable': 'true', 'itemList': [{'itemId': 1, 'remark': ''}], 'shopList': [{'shopId': 1}]}
2022-02-14 11:52:05,549 - INFO requestbase.py [line:38]: 等待接口"https://supplychain-server-stg.datousoft.com/warehouseInventoryTemplates/"时长:0:00:00.199438
2022-02-14 11:52:05,549 - INFO requestbase.py [line:38]: 等待接口"https://supplychain-server-stg.datousoft.com/warehouseInventoryTemplates/"时长:0:00:00.199438
2022-02-14 11:52:05,552 - INFO assertbase.py [line:28]: 预计接口返回code为"200.0",实际返回code为:"200"
2022-02-14 11:52:05,552 - INFO assertbase.py [line:28]: 预计接口返回code为"200.0",实际返回code为:"200"
2022-02-14 11:52:05,555 - INFO assertbase.py [line:31]: 预计接口返回code为"200.0",实际返回code为:"200"
2022-02-14 11:52:05,555 - INFO assertbase.py [line:31]: 预计接口返回code为"200.0",实际返回code为:"200"
2022-02-14 11:52:05,564 - INFO requestbase.py [line:21]: 连通接口"https://supplychain-server-stg.datousoft.com/warehouseInventoryTemplates?pageNum=1&pageSize=100",接口header为:"{'authorization': 'Bearer eyJhbGciOiJIUzUxMiJ9.eyJqdGkiOiI2Y2Y4Zjc3ODZhZGY0MjljYTg0NTJhNmNjZDM5NGIxZiIsImF1dGgiOiIiLCJpZCI6NTk5LCJzdWIiOiIxMiJ9.t4pOPVEY9GkYXpEUouNeb0M2OfhYCqCfOSIbitDO9BxUxc29PN7ltiJNk7j-d8OUk8CQyKmGkjp09phLi_phXw'}",接口param为：
2022-02-14 11:52:05,564 - INFO requestbase.py [line:21]: 连通接口"https://supplychain-server-stg.datousoft.com/warehouseInventoryTemplates?pageNum=1&pageSize=100",接口header为:"{'authorization': 'Bearer eyJhbGciOiJIUzUxMiJ9.eyJqdGkiOiI2Y2Y4Zjc3ODZhZGY0MjljYTg0NTJhNmNjZDM5NGIxZiIsImF1dGgiOiIiLCJpZCI6NTk5LCJzdWIiOiIxMiJ9.t4pOPVEY9GkYXpEUouNeb0M2OfhYCqCfOSIbitDO9BxUxc29PN7ltiJNk7j-d8OUk8CQyKmGkjp09phLi_phXw'}",接口param为：
2022-02-14 11:52:05,684 - INFO requestbase.py [line:26]: 等待接口"https://supplychain-server-stg.datousoft.com/warehouseInventoryTemplates?pageNum=1&pageSize=100"时长:0:00:00.117686
2022-02-14 11:52:05,684 - INFO requestbase.py [line:26]: 等待接口"https://supplychain-server-stg.datousoft.com/warehouseInventoryTemplates?pageNum=1&pageSize=100"时长:0:00:00.117686
2022-02-14 11:52:05,687 - INFO assertbase.py [line:28]: 预计接口返回code为"200.0",实际返回code为:"200"
2022-02-14 11:52:05,687 - INFO assertbase.py [line:28]: 预计接口返回code为"200.0",实际返回code为:"200"
2022-02-14 11:52:05,689 - INFO assertbase.py [line:31]: 预计接口返回code为"200.0",实际返回code为:"200"
2022-02-14 11:52:05,689 - INFO assertbase.py [line:31]: 预计接口返回code为"200.0",实际返回code为:"200"
2022-02-14 11:52:05,698 - INFO requestbase.py [line:21]: 连通接口"https://supplychain-server-stg.datousoft.com/warehouseInventoryTemplates/94",接口header为:"{'authorization': 'Bearer eyJhbGciOiJIUzUxMiJ9.eyJqdGkiOiI2Y2Y4Zjc3ODZhZGY0MjljYTg0NTJhNmNjZDM5NGIxZiIsImF1dGgiOiIiLCJpZCI6NTk5LCJzdWIiOiIxMiJ9.t4pOPVEY9GkYXpEUouNeb0M2OfhYCqCfOSIbitDO9BxUxc29PN7ltiJNk7j-d8OUk8CQyKmGkjp09phLi_phXw'}",接口param为：
2022-02-14 11:52:05,698 - INFO requestbase.py [line:21]: 连通接口"https://supplychain-server-stg.datousoft.com/warehouseInventoryTemplates/94",接口header为:"{'authorization': 'Bearer eyJhbGciOiJIUzUxMiJ9.eyJqdGkiOiI2Y2Y4Zjc3ODZhZGY0MjljYTg0NTJhNmNjZDM5NGIxZiIsImF1dGgiOiIiLCJpZCI6NTk5LCJzdWIiOiIxMiJ9.t4pOPVEY9GkYXpEUouNeb0M2OfhYCqCfOSIbitDO9BxUxc29PN7ltiJNk7j-d8OUk8CQyKmGkjp09phLi_phXw'}",接口param为：
2022-02-14 11:52:05,801 - INFO requestbase.py [line:26]: 等待接口"https://supplychain-server-stg.datousoft.com/warehouseInventoryTemplates/94"时长:0:00:00.099733
2022-02-14 11:52:05,801 - INFO requestbase.py [line:26]: 等待接口"https://supplychain-server-stg.datousoft.com/warehouseInventoryTemplates/94"时长:0:00:00.099733
2022-02-14 11:52:05,804 - INFO assertbase.py [line:28]: 预计接口返回code为"200.0",实际返回code为:"200"
2022-02-14 11:52:05,804 - INFO assertbase.py [line:28]: 预计接口返回code为"200.0",实际返回code为:"200"
2022-02-14 11:52:05,807 - INFO assertbase.py [line:31]: 预计接口返回code为"200.0",实际返回code为:"200"
2022-02-14 11:52:05,807 - INFO assertbase.py [line:31]: 预计接口返回code为"200.0",实际返回code为:"200"
2022-02-14 11:52:05,816 - INFO requestbase.py [line:45]: 连通接口"https://supplychain-server-stg.datousoft.com/warehouseInventoryTemplates/",接口data为:"",接口json{'id': '94', 'name': '99421807953', 'type': 'WEEK_INVENTORY', 'inventoryDay': 'MONDAY', 'remark': '99421807953', 'enable': 'true', 'defaultTemplate': 'false', 'itemList': [{'itemId': 1, 'remark': ''}], 'shopList': [{'shopId': 1}]}
2022-02-14 11:52:05,816 - INFO requestbase.py [line:45]: 连通接口"https://supplychain-server-stg.datousoft.com/warehouseInventoryTemplates/",接口data为:"",接口json{'id': '94', 'name': '99421807953', 'type': 'WEEK_INVENTORY', 'inventoryDay': 'MONDAY', 'remark': '99421807953', 'enable': 'true', 'defaultTemplate': 'false', 'itemList': [{'itemId': 1, 'remark': ''}], 'shopList': [{'shopId': 1}]}
2022-02-14 11:52:05,918 - INFO requestbase.py [line:50]: 等待接口"https://supplychain-server-stg.datousoft.com/warehouseInventoryTemplates/"时长:0:00:00.098764
2022-02-14 11:52:05,918 - INFO requestbase.py [line:50]: 等待接口"https://supplychain-server-stg.datousoft.com/warehouseInventoryTemplates/"时长:0:00:00.098764
2022-02-14 11:52:05,921 - INFO assertbase.py [line:28]: 预计接口返回code为"200.0",实际返回code为:"200"
2022-02-14 11:52:05,921 - INFO assertbase.py [line:28]: 预计接口返回code为"200.0",实际返回code为:"200"
2022-02-14 11:52:05,924 - INFO assertbase.py [line:31]: 预计接口返回code为"200.0",实际返回code为:"200"
2022-02-14 11:52:05,924 - INFO assertbase.py [line:31]: 预计接口返回code为"200.0",实际返回code为:"200"
2022-02-14 11:52:05,933 - INFO requestbase.py [line:33]: 连通接口"https://supplychain-server-stg.datousoft.com/warehouseInventoryTemplates/94/enable/false",接口data为:"",接口json
2022-02-14 11:52:05,933 - INFO requestbase.py [line:33]: 连通接口"https://supplychain-server-stg.datousoft.com/warehouseInventoryTemplates/94/enable/false",接口data为:"",接口json
2022-02-14 11:52:06,018 - INFO requestbase.py [line:38]: 等待接口"https://supplychain-server-stg.datousoft.com/warehouseInventoryTemplates/94/enable/false"时长:0:00:00.082752
2022-02-14 11:52:06,018 - INFO requestbase.py [line:38]: 等待接口"https://supplychain-server-stg.datousoft.com/warehouseInventoryTemplates/94/enable/false"时长:0:00:00.082752
2022-02-14 11:52:06,021 - INFO assertbase.py [line:28]: 预计接口返回code为"200.0",实际返回code为:"200"
2022-02-14 11:52:06,021 - INFO assertbase.py [line:28]: 预计接口返回code为"200.0",实际返回code为:"200"
2022-02-14 11:52:06,024 - INFO assertbase.py [line:31]: 预计接口返回code为"200.0",实际返回code为:"200"
2022-02-14 11:52:06,024 - INFO assertbase.py [line:31]: 预计接口返回code为"200.0",实际返回code为:"200"
2022-02-14 11:52:06,032 - INFO requestbase.py [line:33]: 连通接口"https://supplychain-server-stg.datousoft.com/warehouseInventoryTemplates/94/enable/true",接口data为:"",接口json
2022-02-14 11:52:06,032 - INFO requestbase.py [line:33]: 连通接口"https://supplychain-server-stg.datousoft.com/warehouseInventoryTemplates/94/enable/true",接口data为:"",接口json
2022-02-14 11:52:06,116 - INFO requestbase.py [line:38]: 等待接口"https://supplychain-server-stg.datousoft.com/warehouseInventoryTemplates/94/enable/true"时长:0:00:00.080810
2022-02-14 11:52:06,116 - INFO requestbase.py [line:38]: 等待接口"https://supplychain-server-stg.datousoft.com/warehouseInventoryTemplates/94/enable/true"时长:0:00:00.080810
2022-02-14 11:52:06,119 - INFO assertbase.py [line:28]: 预计接口返回code为"200.0",实际返回code为:"200"
2022-02-14 11:52:06,119 - INFO assertbase.py [line:28]: 预计接口返回code为"200.0",实际返回code为:"200"
2022-02-14 11:52:06,122 - INFO assertbase.py [line:31]: 预计接口返回code为"200.0",实际返回code为:"200"
2022-02-14 11:52:06,122 - INFO assertbase.py [line:31]: 预计接口返回code为"200.0",实际返回code为:"200"
2022-02-14 11:52:06,131 - INFO requestbase.py [line:57]: 连通接口"https://supplychain-server-stg.datousoft.com/warehouseInventoryTemplates/94",接口data为:"",接口json
2022-02-14 11:52:06,131 - INFO requestbase.py [line:57]: 连通接口"https://supplychain-server-stg.datousoft.com/warehouseInventoryTemplates/94",接口data为:"",接口json
2022-02-14 11:52:06,224 - INFO requestbase.py [line:62]: 等待接口"https://supplychain-server-stg.datousoft.com/warehouseInventoryTemplates/94"时长:0:00:00.088760
2022-02-14 11:52:06,224 - INFO requestbase.py [line:62]: 等待接口"https://supplychain-server-stg.datousoft.com/warehouseInventoryTemplates/94"时长:0:00:00.088760
2022-02-14 11:52:06,227 - INFO assertbase.py [line:28]: 预计接口返回code为"200.0",实际返回code为:"200"
2022-02-14 11:52:06,227 - INFO assertbase.py [line:28]: 预计接口返回code为"200.0",实际返回code为:"200"
2022-02-14 11:52:06,230 - INFO assertbase.py [line:31]: 预计接口返回code为"200.0",实际返回code为:"200"
2022-02-14 11:52:06,230 - INFO assertbase.py [line:31]: 预计接口返回code为"200.0",实际返回code为:"200"
2022-02-14 11:52:06,238 - INFO requestbase.py [line:21]: 连通接口"https://supplychain-server-stg.datousoft.com/deliveryCenters/pageGet?pageNum=1&pageSize=100",接口header为:"{'authorization': 'Bearer eyJhbGciOiJIUzUxMiJ9.eyJqdGkiOiI2Y2Y4Zjc3ODZhZGY0MjljYTg0NTJhNmNjZDM5NGIxZiIsImF1dGgiOiIiLCJpZCI6NTk5LCJzdWIiOiIxMiJ9.t4pOPVEY9GkYXpEUouNeb0M2OfhYCqCfOSIbitDO9BxUxc29PN7ltiJNk7j-d8OUk8CQyKmGkjp09phLi_phXw'}",接口param为：
2022-02-14 11:52:06,238 - INFO requestbase.py [line:21]: 连通接口"https://supplychain-server-stg.datousoft.com/deliveryCenters/pageGet?pageNum=1&pageSize=100",接口header为:"{'authorization': 'Bearer eyJhbGciOiJIUzUxMiJ9.eyJqdGkiOiI2Y2Y4Zjc3ODZhZGY0MjljYTg0NTJhNmNjZDM5NGIxZiIsImF1dGgiOiIiLCJpZCI6NTk5LCJzdWIiOiIxMiJ9.t4pOPVEY9GkYXpEUouNeb0M2OfhYCqCfOSIbitDO9BxUxc29PN7ltiJNk7j-d8OUk8CQyKmGkjp09phLi_phXw'}",接口param为：
2022-02-14 11:52:06,311 - INFO requestbase.py [line:26]: 等待接口"https://supplychain-server-stg.datousoft.com/deliveryCenters/pageGet?pageNum=1&pageSize=100"时长:0:00:00.068817
2022-02-14 11:52:06,311 - INFO requestbase.py [line:26]: 等待接口"https://supplychain-server-stg.datousoft.com/deliveryCenters/pageGet?pageNum=1&pageSize=100"时长:0:00:00.068817
2022-02-14 11:52:06,315 - INFO assertbase.py [line:28]: 预计接口返回code为"200.0",实际返回code为:"200"
2022-02-14 11:52:06,315 - INFO assertbase.py [line:28]: 预计接口返回code为"200.0",实际返回code为:"200"
2022-02-14 11:52:06,318 - INFO assertbase.py [line:31]: 预计接口返回code为"200.0",实际返回code为:"200"
2022-02-14 11:52:06,318 - INFO assertbase.py [line:31]: 预计接口返回code为"200.0",实际返回code为:"200"
2022-02-14 11:52:06,326 - INFO requestbase.py [line:45]: 连通接口"https://supplychain-server-stg.datousoft.com/deliveryCenters/update",接口data为:"",接口json{'id': 1, 'address': '121212121212121', 'enable': 'true', 'province': '北京市', 'city': '市辖区', 'district': '东城区'}
2022-02-14 11:52:06,326 - INFO requestbase.py [line:45]: 连通接口"https://supplychain-server-stg.datousoft.com/deliveryCenters/update",接口data为:"",接口json{'id': 1, 'address': '121212121212121', 'enable': 'true', 'province': '北京市', 'city': '市辖区', 'district': '东城区'}
2022-02-14 11:52:06,419 - INFO requestbase.py [line:50]: 等待接口"https://supplychain-server-stg.datousoft.com/deliveryCenters/update"时长:0:00:00.089732
2022-02-14 11:52:06,419 - INFO requestbase.py [line:50]: 等待接口"https://supplychain-server-stg.datousoft.com/deliveryCenters/update"时长:0:00:00.089732
2022-02-14 11:52:06,423 - INFO assertbase.py [line:28]: 预计接口返回code为"200.0",实际返回code为:"200"
2022-02-14 11:52:06,423 - INFO assertbase.py [line:28]: 预计接口返回code为"200.0",实际返回code为:"200"
2022-02-14 11:52:06,427 - INFO assertbase.py [line:31]: 预计接口返回code为"200.0",实际返回code为:"200"
2022-02-14 11:52:06,427 - INFO assertbase.py [line:31]: 预计接口返回code为"200.0",实际返回code为:"200"
2022-02-14 11:52:06,436 - INFO requestbase.py [line:33]: 连通接口"https://supplychain-server-stg.datousoft.com/recipe/add",接口data为:"",接口json{'dishId': 529, 'name': '99421807953', 'preferred': 'false', 'seasoningCost': 12, 'specification': '小粉', 'list': [{'rank': 1, 'grossUsage': 10, 'itemId': 1, 'netFeedRate': 100, 'netUsage': 10}]}
2022-02-14 11:52:06,436 - INFO requestbase.py [line:33]: 连通接口"https://supplychain-server-stg.datousoft.com/recipe/add",接口data为:"",接口json{'dishId': 529, 'name': '99421807953', 'preferred': 'false', 'seasoningCost': 12, 'specification': '小粉', 'list': [{'rank': 1, 'grossUsage': 10, 'itemId': 1, 'netFeedRate': 100, 'netUsage': 10}]}
2022-02-14 11:52:06,538 - INFO requestbase.py [line:38]: 等待接口"https://supplychain-server-stg.datousoft.com/recipe/add"时长:0:00:00.095757
2022-02-14 11:52:06,538 - INFO requestbase.py [line:38]: 等待接口"https://supplychain-server-stg.datousoft.com/recipe/add"时长:0:00:00.095757
2022-02-14 11:52:06,542 - INFO assertbase.py [line:28]: 预计接口返回code为"200.0",实际返回code为:"200"
2022-02-14 11:52:06,542 - INFO assertbase.py [line:28]: 预计接口返回code为"200.0",实际返回code为:"200"
2022-02-14 11:52:06,544 - INFO assertbase.py [line:31]: 预计接口返回code为"200.0",实际返回code为:"200"
2022-02-14 11:52:06,544 - INFO assertbase.py [line:31]: 预计接口返回code为"200.0",实际返回code为:"200"
2022-02-14 11:52:06,554 - INFO requestbase.py [line:33]: 连通接口"https://supplychain-server-stg.datousoft.com/shopRecipe/update",接口data为:"",接口json{'dishId': 529, 'recipeId': 42, 'shopIds': [11052]}
2022-02-14 11:52:06,554 - INFO requestbase.py [line:33]: 连通接口"https://supplychain-server-stg.datousoft.com/shopRecipe/update",接口data为:"",接口json{'dishId': 529, 'recipeId': 42, 'shopIds': [11052]}
2022-02-14 11:52:06,648 - INFO requestbase.py [line:38]: 等待接口"https://supplychain-server-stg.datousoft.com/shopRecipe/update"时长:0:00:00.090757
2022-02-14 11:52:06,648 - INFO requestbase.py [line:38]: 等待接口"https://supplychain-server-stg.datousoft.com/shopRecipe/update"时长:0:00:00.090757
2022-02-14 11:52:06,651 - INFO assertbase.py [line:28]: 预计接口返回code为"200.0",实际返回code为:"200"
2022-02-14 11:52:06,651 - INFO assertbase.py [line:28]: 预计接口返回code为"200.0",实际返回code为:"200"
2022-02-14 11:52:06,654 - INFO assertbase.py [line:31]: 预计接口返回code为"200.0",实际返回code为:"200"
2022-02-14 11:52:06,654 - INFO assertbase.py [line:31]: 预计接口返回code为"200.0",实际返回code为:"200"
2022-02-14 11:52:06,667 - INFO requestbase.py [line:33]: 连通接口"https://supplychain-server-stg.datousoft.com/recipe/update",接口data为:"",接口json{'recipeId': 42, 'name': '123', 'preferred': 'true', 'seasoningCost': '', 'list': [{'rank': 1, 'grossUsage': 10, 'itemId': 1, 'netFeedRate': 100, 'netUsage': 10}]}
2022-02-14 11:52:06,667 - INFO requestbase.py [line:33]: 连通接口"https://supplychain-server-stg.datousoft.com/recipe/update",接口data为:"",接口json{'recipeId': 42, 'name': '123', 'preferred': 'true', 'seasoningCost': '', 'list': [{'rank': 1, 'grossUsage': 10, 'itemId': 1, 'netFeedRate': 100, 'netUsage': 10}]}
2022-02-14 11:52:06,768 - INFO requestbase.py [line:38]: 等待接口"https://supplychain-server-stg.datousoft.com/recipe/update"时长:0:00:00.097758
2022-02-14 11:52:06,768 - INFO requestbase.py [line:38]: 等待接口"https://supplychain-server-stg.datousoft.com/recipe/update"时长:0:00:00.097758
2022-02-14 11:52:06,772 - INFO assertbase.py [line:28]: 预计接口返回code为"200.0",实际返回code为:"200"
2022-02-14 11:52:06,772 - INFO assertbase.py [line:28]: 预计接口返回code为"200.0",实际返回code为:"200"
2022-02-14 11:52:06,775 - INFO assertbase.py [line:31]: 预计接口返回code为"200.0",实际返回code为:"200"
2022-02-14 11:52:06,775 - INFO assertbase.py [line:31]: 预计接口返回code为"200.0",实际返回code为:"200"
