2021-12-31 15:32:35,173 - INFO test_001_baiduSearch.py [line:21]: 
WebDriver 正在初始化...
2021-12-31 15:32:47,418 - INFO test_001_baiduSearch.py [line:23]: 打开链接: https://iadmin.dev.jmj1995.com/login...
2021-12-31 15:32:47,557 - INFO test_001_baiduSearch.py [line:28]: WebDriver 初始化完成！
2021-12-31 15:32:47,559 - INFO baiduIndex.py [line:24]: 【===搜索操作===】
2021-12-31 15:32:47,560 - INFO basePage.py [line:38]: 等待"搜索框"元素,定位方式:('id', 'kw')
2021-12-31 15:33:19,192 - ERROR basePage.py [line:45]: 等待"搜索框"元素失败,定位方式:('id', 'kw')
Traceback (most recent call last):
  File "..\Common\basePage.py", line 41, in wait_eleVisible
    WebDriverWait(self.driver, timeout, poll_frequency).until(EC.visibility_of_element_located(loc))
  File "c:\users\bonjour\appdata\local\programs\python\python39\lib\site-packages\selenium\webdriver\support\wait.py", line 80, in until
    raise TimeoutException(message, screen, stacktrace)
selenium.common.exceptions.TimeoutException: Message: 

2021-12-31 15:33:19,693 - INFO basePage.py [line:232]: 截屏成功,图片路径为E:\Selenium_Demo-main\Screenshots\2021-12-31\等待元素[搜索框]出现异常_20211231_153319.png
2021-12-31 15:33:19,783 - INFO baiduIndex.py [line:24]: 【===搜索操作===】
2021-12-31 15:33:19,783 - INFO basePage.py [line:38]: 等待"搜索框"元素,定位方式:('id', 'kw')
2021-12-31 15:33:51,380 - ERROR basePage.py [line:45]: 等待"搜索框"元素失败,定位方式:('id', 'kw')
Traceback (most recent call last):
  File "..\Common\basePage.py", line 41, in wait_eleVisible
    WebDriverWait(self.driver, timeout, poll_frequency).until(EC.visibility_of_element_located(loc))
  File "c:\users\bonjour\appdata\local\programs\python\python39\lib\site-packages\selenium\webdriver\support\wait.py", line 80, in until
    raise TimeoutException(message, screen, stacktrace)
selenium.common.exceptions.TimeoutException: Message: 

2021-12-31 15:33:51,892 - INFO basePage.py [line:232]: 截屏成功,图片路径为E:\Selenium_Demo-main\Screenshots\2021-12-31\等待元素[搜索框]出现异常_20211231_153351.png
2021-12-31 15:33:54,359 - INFO test_001_baiduSearch.py [line:31]: WebDriver 成功退出...
2021-12-31 15:34:07,967 - INFO basePage.py [line:73]: 查找"None"元素，元素定位:('xpath', "//*[@id='app']/div/div[1]/div[2]/form/div[2]/div/div/input")
2021-12-31 15:34:07,998 - INFO basePage.py [line:98]: 在"None"输入"pengjie",元素定位:('xpath', "//*[@id='app']/div/div[1]/div[2]/form/div[2]/div/div/input")
2021-12-31 15:34:11,085 - INFO basePage.py [line:73]: 查找"None"元素，元素定位:('xpath', "//*[@id='app']/div/div[1]/div[2]/form/div[3]/div/div/input")
2021-12-31 15:34:11,097 - INFO basePage.py [line:98]: 在"None"输入"Qq123456",元素定位:('xpath', "//*[@id='app']/div/div[1]/div[2]/form/div[3]/div/div/input")
2021-12-31 15:34:14,238 - INFO basePage.py [line:73]: 查找"None"元素，元素定位:('xpath', "//*[@id='app']/div/div[1]/div[2]/form/button")
2021-12-31 15:34:14,251 - INFO basePage.py [line:125]: 点击"None",元素定位:('xpath', "//*[@id='app']/div/div[1]/div[2]/form/button")
