2021-12-31 17:09:46,983 - INFO test_001_baiduSearch.py [line:21]: 
WebDriver 正在初始化...
2021-12-31 17:09:47,515 - INFO test_001_baiduSearch.py [line:23]: 打开链接: https://www.baidu.com/...
2021-12-31 17:09:47,673 - INFO test_001_baiduSearch.py [line:28]: WebDriver 初始化完成！
2021-12-31 17:09:47,677 - INFO baiduIndex.py [line:30]: 【===搜索操作===】
2021-12-31 17:09:47,677 - INFO basePage.py [line:38]: 等待"搜索框"元素,定位方式:('id', 'kw')
2021-12-31 17:09:47,723 - INFO basePage.py [line:43]: 等待"搜索框"时长:0:00:00.045836
2021-12-31 17:09:47,723 - INFO basePage.py [line:73]: 查找"搜索框"元素，元素定位:('id', 'kw')
2021-12-31 17:09:47,740 - INFO basePage.py [line:98]: 在"搜索框"输入"阿崔",元素定位:('id', 'kw')
2021-12-31 17:09:47,847 - INFO basePage.py [line:73]: 查找"搜索框"元素，元素定位:('id', 'kw')
2021-12-31 17:09:47,853 - INFO basePage.py [line:111]: 清除"搜索框",元素定位:('id', 'kw')
2021-12-31 17:09:47,892 - INFO basePage.py [line:73]: 查找"搜索框"元素，元素定位:('id', 'kw')
2021-12-31 17:09:47,900 - INFO basePage.py [line:98]: 在"搜索框"输入"哈哈",元素定位:('id', 'kw')
2021-12-31 17:09:47,956 - INFO basePage.py [line:38]: 等待""百度一下"搜索按钮"元素,定位方式:('id', 'su')
2021-12-31 17:09:47,976 - INFO basePage.py [line:43]: 等待""百度一下"搜索按钮"时长:0:00:00.019943
2021-12-31 17:09:47,977 - INFO basePage.py [line:73]: 查找""百度一下"搜索按钮"元素，元素定位:('id', 'su')
2021-12-31 17:09:47,981 - INFO basePage.py [line:125]: 点击""百度一下"搜索按钮",元素定位:('id', 'su')
2021-12-31 17:09:51,050 - INFO baiduIndex.py [line:30]: 【===搜索操作===】
2021-12-31 17:09:51,050 - INFO basePage.py [line:38]: 等待"搜索框"元素,定位方式:('id', 'kw')
2021-12-31 17:09:51,074 - INFO basePage.py [line:43]: 等待"搜索框"时长:0:00:00.022939
2021-12-31 17:09:51,075 - INFO basePage.py [line:73]: 查找"搜索框"元素，元素定位:('id', 'kw')
2021-12-31 17:09:51,081 - INFO basePage.py [line:98]: 在"搜索框"输入"阿崔",元素定位:('id', 'kw')
2021-12-31 17:09:51,146 - INFO basePage.py [line:73]: 查找"搜索框"元素，元素定位:('id', 'kw')
2021-12-31 17:09:51,155 - INFO basePage.py [line:111]: 清除"搜索框",元素定位:('id', 'kw')
2021-12-31 17:09:51,180 - INFO basePage.py [line:73]: 查找"搜索框"元素，元素定位:('id', 'kw')
2021-12-31 17:09:51,187 - INFO basePage.py [line:98]: 在"搜索框"输入"呵呵",元素定位:('id', 'kw')
2021-12-31 17:09:51,224 - INFO basePage.py [line:38]: 等待""百度一下"搜索按钮"元素,定位方式:('id', 'su')
2021-12-31 17:09:51,241 - INFO basePage.py [line:43]: 等待""百度一下"搜索按钮"时长:0:00:00.015844
2021-12-31 17:09:51,241 - INFO basePage.py [line:73]: 查找""百度一下"搜索按钮"元素，元素定位:('id', 'su')
2021-12-31 17:09:51,247 - INFO basePage.py [line:125]: 点击""百度一下"搜索按钮",元素定位:('id', 'su')
2021-12-31 17:09:56,665 - INFO test_001_baiduSearch.py [line:31]: WebDriver 成功退出...
2021-12-31 17:10:10,532 - INFO basePage.py [line:73]: 查找"输入账号"元素，元素定位:('xpath', "//*[@id='app']/div/div[1]/div[2]/form/div[2]/div/div/input")
2021-12-31 17:10:10,545 - INFO basePage.py [line:98]: 在"输入账号"输入"pengjie",元素定位:('xpath', "//*[@id='app']/div/div[1]/div[2]/form/div[2]/div/div/input")
2021-12-31 17:10:10,617 - INFO basePage.py [line:73]: 查找"输入密码"元素，元素定位:('xpath', "//*[@id='app']/div/div[1]/div[2]/form/div[3]/div/div/input")
2021-12-31 17:10:10,629 - INFO basePage.py [line:98]: 在"输入密码"输入"Qq123456",元素定位:('xpath', "//*[@id='app']/div/div[1]/div[2]/form/div[3]/div/div/input")
2021-12-31 17:10:10,697 - INFO basePage.py [line:73]: 查找"点击登录"元素，元素定位:('xpath', "//*[@id='app']/div/div[1]/div[2]/form/button")
2021-12-31 17:10:10,708 - INFO basePage.py [line:125]: 点击"点击登录",元素定位:('xpath', "//*[@id='app']/div/div[1]/div[2]/form/button")
2021-12-31 17:10:13,759 - INFO basePage.py [line:38]: 等待"None"元素,定位方式:('xpath', "//*[@id='app']/div/div[2]/div/div[1]/div[3]/div[2]/span/span/button/span")
2021-12-31 17:10:13,784 - INFO basePage.py [line:43]: 等待"None"时长:0:00:00.024884
