2021-12-31 17:26:19,874 - INFO test_001_baiduSearch.py [line:21]: 
WebDriver 正在初始化...
2021-12-31 17:26:20,406 - INFO test_001_baiduSearch.py [line:23]: 打开链接: https://www.baidu.com/...
2021-12-31 17:26:20,612 - INFO test_001_baiduSearch.py [line:28]: WebDriver 初始化完成！
2021-12-31 17:26:20,614 - INFO baiduIndex.py [line:30]: 【===搜索操作===】
2021-12-31 17:26:20,615 - INFO basePage.py [line:38]: 等待"搜索框"元素,定位方式:('id', 'kw')
2021-12-31 17:26:20,678 - INFO basePage.py [line:43]: 等待"搜索框"时长:0:00:00.063657
2021-12-31 17:26:20,679 - INFO basePage.py [line:73]: 查找"搜索框"元素，元素定位:('id', 'kw')
2021-12-31 17:26:20,694 - INFO basePage.py [line:98]: 在"搜索框"输入"阿崔",元素定位:('id', 'kw')
2021-12-31 17:26:20,767 - INFO basePage.py [line:73]: 查找"搜索框"元素，元素定位:('id', 'kw')
2021-12-31 17:26:20,777 - INFO basePage.py [line:111]: 清除"搜索框",元素定位:('id', 'kw')
2021-12-31 17:26:20,831 - INFO basePage.py [line:73]: 查找"搜索框"元素，元素定位:('id', 'kw')
2021-12-31 17:26:20,843 - INFO basePage.py [line:98]: 在"搜索框"输入"哈哈",元素定位:('id', 'kw')
2021-12-31 17:26:20,881 - INFO basePage.py [line:38]: 等待""百度一下"搜索按钮"元素,定位方式:('id', 'su')
2021-12-31 17:26:20,901 - INFO basePage.py [line:43]: 等待""百度一下"搜索按钮"时长:0:00:00.019946
2021-12-31 17:26:20,901 - INFO basePage.py [line:73]: 查找""百度一下"搜索按钮"元素，元素定位:('id', 'su')
2021-12-31 17:26:20,906 - INFO basePage.py [line:125]: 点击""百度一下"搜索按钮",元素定位:('id', 'su')
2021-12-31 17:26:23,994 - INFO baiduIndex.py [line:30]: 【===搜索操作===】
2021-12-31 17:26:23,995 - INFO basePage.py [line:38]: 等待"搜索框"元素,定位方式:('id', 'kw')
2021-12-31 17:26:24,028 - INFO basePage.py [line:43]: 等待"搜索框"时长:0:00:00.033822
2021-12-31 17:26:24,028 - INFO basePage.py [line:73]: 查找"搜索框"元素，元素定位:('id', 'kw')
2021-12-31 17:26:24,034 - INFO basePage.py [line:98]: 在"搜索框"输入"阿崔",元素定位:('id', 'kw')
2021-12-31 17:26:24,117 - INFO basePage.py [line:73]: 查找"搜索框"元素，元素定位:('id', 'kw')
2021-12-31 17:26:24,130 - INFO basePage.py [line:111]: 清除"搜索框",元素定位:('id', 'kw')
2021-12-31 17:26:24,153 - INFO basePage.py [line:73]: 查找"搜索框"元素，元素定位:('id', 'kw')
2021-12-31 17:26:24,159 - INFO basePage.py [line:98]: 在"搜索框"输入"呵呵",元素定位:('id', 'kw')
2021-12-31 17:26:24,200 - INFO basePage.py [line:38]: 等待""百度一下"搜索按钮"元素,定位方式:('id', 'su')
2021-12-31 17:26:24,216 - INFO basePage.py [line:43]: 等待""百度一下"搜索按钮"时长:0:00:00.016135
2021-12-31 17:26:24,217 - INFO basePage.py [line:73]: 查找""百度一下"搜索按钮"元素，元素定位:('id', 'su')
2021-12-31 17:26:24,223 - INFO basePage.py [line:125]: 点击""百度一下"搜索按钮",元素定位:('id', 'su')
2021-12-31 17:26:29,939 - INFO test_001_baiduSearch.py [line:31]: WebDriver 成功退出...
2021-12-31 17:26:44,214 - INFO basePage.py [line:73]: 查找"输入账号"元素，元素定位:('xpath', "//*[@id='app']/div/div[1]/div[2]/form/div[2]/div/div/input")
2021-12-31 17:26:44,227 - INFO basePage.py [line:98]: 在"输入账号"输入"pengjie",元素定位:('xpath', "//*[@id='app']/div/div[1]/div[2]/form/div[2]/div/div/input")
2021-12-31 17:26:44,295 - INFO basePage.py [line:73]: 查找"输入密码"元素，元素定位:('xpath', "//*[@id='app']/div/div[1]/div[2]/form/div[3]/div/div/input")
2021-12-31 17:26:44,306 - INFO basePage.py [line:98]: 在"输入密码"输入"Qq123456",元素定位:('xpath', "//*[@id='app']/div/div[1]/div[2]/form/div[3]/div/div/input")
2021-12-31 17:26:44,372 - INFO basePage.py [line:73]: 查找"点击登录"元素，元素定位:('xpath', "//*[@id='app']/div/div[1]/div[2]/form/button")
2021-12-31 17:26:44,383 - INFO basePage.py [line:125]: 点击"点击登录",元素定位:('xpath', "//*[@id='app']/div/div[1]/div[2]/form/button")
2021-12-31 17:26:47,448 - INFO basePage.py [line:38]: 等待"None"元素,定位方式:('xpath', "//*[@id='app']/div/div[2]/div/div[1]/div[3]/div[2]/span/span/button/span")
2021-12-31 17:26:47,489 - INFO basePage.py [line:43]: 等待"None"时长:0:00:00.038138
