2021-12-31 17:08:00,175 - INFO test_001_baiduSearch.py [line:21]: 
WebDriver 正在初始化...
2021-12-31 17:08:00,735 - INFO test_001_baiduSearch.py [line:23]: 打开链接: https://www.baidu.com/...
2021-12-31 17:08:00,919 - INFO test_001_baiduSearch.py [line:28]: WebDriver 初始化完成！
2021-12-31 17:08:00,925 - INFO baiduIndex.py [line:30]: 【===搜索操作===】
2021-12-31 17:08:00,926 - INFO basePage.py [line:38]: 等待"搜索框"元素,定位方式:('id', 'kw')
2021-12-31 17:08:01,023 - INFO basePage.py [line:43]: 等待"搜索框"时长:0:00:00.097246
2021-12-31 17:08:01,024 - INFO basePage.py [line:73]: 查找"搜索框"元素，元素定位:('id', 'kw')
2021-12-31 17:08:01,039 - INFO basePage.py [line:98]: 在"搜索框"输入"阿崔",元素定位:('id', 'kw')
2021-12-31 17:08:01,107 - INFO basePage.py [line:73]: 查找"搜索框"元素，元素定位:('id', 'kw')
2021-12-31 17:08:01,115 - INFO basePage.py [line:111]: 清除"搜索框",元素定位:('id', 'kw')
2021-12-31 17:08:01,145 - INFO basePage.py [line:73]: 查找"搜索框"元素，元素定位:('id', 'kw')
2021-12-31 17:08:01,159 - INFO basePage.py [line:98]: 在"搜索框"输入"哈哈",元素定位:('id', 'kw')
2021-12-31 17:08:01,198 - INFO basePage.py [line:38]: 等待""百度一下"搜索按钮"元素,定位方式:('id', 'su')
2021-12-31 17:08:01,221 - INFO basePage.py [line:43]: 等待""百度一下"搜索按钮"时长:0:00:00.021940
2021-12-31 17:08:01,221 - INFO basePage.py [line:73]: 查找""百度一下"搜索按钮"元素，元素定位:('id', 'su')
2021-12-31 17:08:01,226 - INFO basePage.py [line:125]: 点击""百度一下"搜索按钮",元素定位:('id', 'su')
2021-12-31 17:08:04,316 - INFO baiduIndex.py [line:30]: 【===搜索操作===】
2021-12-31 17:08:04,318 - INFO basePage.py [line:38]: 等待"搜索框"元素,定位方式:('id', 'kw')
2021-12-31 17:08:04,348 - INFO basePage.py [line:43]: 等待"搜索框"时长:0:00:00.029915
2021-12-31 17:08:04,348 - INFO basePage.py [line:73]: 查找"搜索框"元素，元素定位:('id', 'kw')
2021-12-31 17:08:04,355 - INFO basePage.py [line:98]: 在"搜索框"输入"阿崔",元素定位:('id', 'kw')
2021-12-31 17:08:04,423 - INFO basePage.py [line:73]: 查找"搜索框"元素，元素定位:('id', 'kw')
2021-12-31 17:08:04,437 - INFO basePage.py [line:111]: 清除"搜索框",元素定位:('id', 'kw')
2021-12-31 17:08:04,462 - INFO basePage.py [line:73]: 查找"搜索框"元素，元素定位:('id', 'kw')
2021-12-31 17:08:04,468 - INFO basePage.py [line:98]: 在"搜索框"输入"呵呵",元素定位:('id', 'kw')
2021-12-31 17:08:04,507 - INFO basePage.py [line:38]: 等待""百度一下"搜索按钮"元素,定位方式:('id', 'su')
2021-12-31 17:08:04,523 - INFO basePage.py [line:43]: 等待""百度一下"搜索按钮"时长:0:00:00.014683
2021-12-31 17:08:04,524 - INFO basePage.py [line:73]: 查找""百度一下"搜索按钮"元素，元素定位:('id', 'su')
2021-12-31 17:08:04,529 - INFO basePage.py [line:125]: 点击""百度一下"搜索按钮",元素定位:('id', 'su')
2021-12-31 17:08:10,311 - INFO test_001_baiduSearch.py [line:31]: WebDriver 成功退出...
