2021-12-31 16:50:34,179 - INFO test_001_baiduSearch.py [line:21]: 
WebDriver 正在初始化...
2021-12-31 16:50:46,723 - INFO test_001_baiduSearch.py [line:23]: 打开链接: https://iadmin.dev.jmj1995.com/login...
2021-12-31 16:50:46,855 - INFO test_001_baiduSearch.py [line:28]: WebDriver 初始化完成！
2021-12-31 16:50:46,859 - INFO baiduIndex.py [line:30]: 【===搜索操作===】
2021-12-31 16:50:46,859 - INFO basePage.py [line:38]: 等待"搜索框"元素,定位方式:('id', 'kw')
2021-12-31 16:51:18,421 - ERROR basePage.py [line:45]: 等待"搜索框"元素失败,定位方式:('id', 'kw')
Traceback (most recent call last):
  File "..\Common\basePage.py", line 41, in wait_eleVisible
    WebDriverWait(self.driver, timeout, poll_frequency).until(EC.visibility_of_element_located(loc))
  File "c:\users\bonjour\appdata\local\programs\python\python39\lib\site-packages\selenium\webdriver\support\wait.py", line 80, in until
    raise TimeoutException(message, screen, stacktrace)
selenium.common.exceptions.TimeoutException: Message: 

2021-12-31 16:51:19,093 - INFO basePage.py [line:232]: 截屏成功,图片路径为E:\Selenium_Demo-main\Screenshots\2021-12-31\等待元素[搜索框]出现异常_20211231_165118.png
2021-12-31 16:51:19,197 - INFO baiduIndex.py [line:30]: 【===搜索操作===】
2021-12-31 16:51:19,198 - INFO basePage.py [line:38]: 等待"搜索框"元素,定位方式:('id', 'kw')
2021-12-31 16:51:50,817 - ERROR basePage.py [line:45]: 等待"搜索框"元素失败,定位方式:('id', 'kw')
Traceback (most recent call last):
  File "..\Common\basePage.py", line 41, in wait_eleVisible
    WebDriverWait(self.driver, timeout, poll_frequency).until(EC.visibility_of_element_located(loc))
  File "c:\users\bonjour\appdata\local\programs\python\python39\lib\site-packages\selenium\webdriver\support\wait.py", line 80, in until
    raise TimeoutException(message, screen, stacktrace)
selenium.common.exceptions.TimeoutException: Message: 

2021-12-31 16:51:51,326 - INFO basePage.py [line:232]: 截屏成功,图片路径为E:\Selenium_Demo-main\Screenshots\2021-12-31\等待元素[搜索框]出现异常_20211231_165150.png
2021-12-31 16:51:53,834 - INFO test_001_baiduSearch.py [line:31]: WebDriver 成功退出...
