2021-12-31 17:08:34,919 - INFO test_001_baiduSearch.py [line:21]: 
WebDriver 正在初始化...
2021-12-31 17:08:35,463 - INFO test_001_baiduSearch.py [line:23]: 打开链接: https://www.baidu.com/...
2021-12-31 17:08:35,814 - INFO test_001_baiduSearch.py [line:28]: WebDriver 初始化完成！
2021-12-31 17:08:35,818 - INFO baiduIndex.py [line:30]: 【===搜索操作===】
2021-12-31 17:08:35,819 - INFO basePage.py [line:38]: 等待"搜索框"元素,定位方式:('id', 'kw')
2021-12-31 17:08:35,850 - INFO basePage.py [line:43]: 等待"搜索框"时长:0:00:00.030912
2021-12-31 17:08:35,851 - INFO basePage.py [line:73]: 查找"搜索框"元素，元素定位:('id', 'kw')
2021-12-31 17:08:35,857 - INFO basePage.py [line:98]: 在"搜索框"输入"阿崔",元素定位:('id', 'kw')
2021-12-31 17:08:35,928 - INFO basePage.py [line:73]: 查找"搜索框"元素，元素定位:('id', 'kw')
2021-12-31 17:08:35,937 - INFO basePage.py [line:111]: 清除"搜索框",元素定位:('id', 'kw')
2021-12-31 17:08:35,977 - INFO basePage.py [line:73]: 查找"搜索框"元素，元素定位:('id', 'kw')
2021-12-31 17:08:35,986 - INFO basePage.py [line:98]: 在"搜索框"输入"哈哈",元素定位:('id', 'kw')
2021-12-31 17:08:36,036 - INFO basePage.py [line:38]: 等待""百度一下"搜索按钮"元素,定位方式:('id', 'su')
2021-12-31 17:08:36,058 - INFO basePage.py [line:43]: 等待""百度一下"搜索按钮"时长:0:00:00.021942
2021-12-31 17:08:36,059 - INFO basePage.py [line:73]: 查找""百度一下"搜索按钮"元素，元素定位:('id', 'su')
2021-12-31 17:08:36,065 - INFO basePage.py [line:125]: 点击""百度一下"搜索按钮",元素定位:('id', 'su')
2021-12-31 17:08:39,126 - INFO baiduIndex.py [line:30]: 【===搜索操作===】
2021-12-31 17:08:39,126 - INFO basePage.py [line:38]: 等待"搜索框"元素,定位方式:('id', 'kw')
2021-12-31 17:08:39,142 - INFO basePage.py [line:43]: 等待"搜索框"时长:0:00:00.014960
2021-12-31 17:08:39,143 - INFO basePage.py [line:73]: 查找"搜索框"元素，元素定位:('id', 'kw')
2021-12-31 17:08:39,151 - INFO basePage.py [line:98]: 在"搜索框"输入"阿崔",元素定位:('id', 'kw')
2021-12-31 17:08:39,208 - INFO basePage.py [line:73]: 查找"搜索框"元素，元素定位:('id', 'kw')
2021-12-31 17:08:39,218 - INFO basePage.py [line:111]: 清除"搜索框",元素定位:('id', 'kw')
2021-12-31 17:08:39,241 - INFO basePage.py [line:73]: 查找"搜索框"元素，元素定位:('id', 'kw')
2021-12-31 17:08:39,251 - INFO basePage.py [line:98]: 在"搜索框"输入"呵呵",元素定位:('id', 'kw')
2021-12-31 17:08:39,295 - INFO basePage.py [line:38]: 等待""百度一下"搜索按钮"元素,定位方式:('id', 'su')
2021-12-31 17:08:39,316 - INFO basePage.py [line:43]: 等待""百度一下"搜索按钮"时长:0:00:00.019947
2021-12-31 17:08:39,317 - INFO basePage.py [line:73]: 查找""百度一下"搜索按钮"元素，元素定位:('id', 'su')
2021-12-31 17:08:39,323 - INFO basePage.py [line:125]: 点击""百度一下"搜索按钮",元素定位:('id', 'su')
2021-12-31 17:08:44,687 - INFO test_001_baiduSearch.py [line:31]: WebDriver 成功退出...
