2021-12-31 16:52:37,981 - INFO test_001_baiduSearch.py [line:21]: 
WebDriver 正在初始化...
2021-12-31 16:52:38,475 - INFO test_001_baiduSearch.py [line:23]: 打开链接: https://www.baidu.com/...
2021-12-31 16:52:38,749 - INFO test_001_baiduSearch.py [line:28]: WebDriver 初始化完成！
2021-12-31 16:52:38,765 - INFO baiduIndex.py [line:30]: 【===搜索操作===】
2021-12-31 16:52:38,767 - INFO basePage.py [line:38]: 等待"搜索框"元素,定位方式:('id', 'kw')
2021-12-31 16:52:38,803 - INFO basePage.py [line:43]: 等待"搜索框"时长:0:00:00.034306
2021-12-31 16:52:38,805 - INFO basePage.py [line:73]: 查找"搜索框"元素，元素定位:('id', 'kw')
2021-12-31 16:52:38,813 - INFO basePage.py [line:98]: 在"搜索框"输入"阿崔",元素定位:('id', 'kw')
2021-12-31 16:52:38,892 - INFO basePage.py [line:73]: 查找"搜索框"元素，元素定位:('id', 'kw')
2021-12-31 16:52:38,899 - INFO basePage.py [line:111]: 清除"搜索框",元素定位:('id', 'kw')
2021-12-31 16:52:38,941 - INFO basePage.py [line:73]: 查找"搜索框"元素，元素定位:('id', 'kw')
2021-12-31 16:52:38,946 - INFO basePage.py [line:98]: 在"搜索框"输入"哈哈",元素定位:('id', 'kw')
2021-12-31 16:52:38,986 - INFO basePage.py [line:38]: 等待""百度一下"搜索按钮"元素,定位方式:('id', 'su')
2021-12-31 16:52:39,010 - INFO basePage.py [line:43]: 等待""百度一下"搜索按钮"时长:0:00:00.021936
2021-12-31 16:52:39,010 - INFO basePage.py [line:73]: 查找""百度一下"搜索按钮"元素，元素定位:('id', 'su')
2021-12-31 16:52:39,016 - INFO basePage.py [line:125]: 点击""百度一下"搜索按钮",元素定位:('id', 'su')
2021-12-31 16:52:42,070 - INFO baiduIndex.py [line:30]: 【===搜索操作===】
2021-12-31 16:52:42,071 - INFO basePage.py [line:38]: 等待"搜索框"元素,定位方式:('id', 'kw')
2021-12-31 16:52:42,089 - INFO basePage.py [line:43]: 等待"搜索框"时长:0:00:00.017951
2021-12-31 16:52:42,090 - INFO basePage.py [line:73]: 查找"搜索框"元素，元素定位:('id', 'kw')
2021-12-31 16:52:42,101 - INFO basePage.py [line:98]: 在"搜索框"输入"阿崔",元素定位:('id', 'kw')
2021-12-31 16:52:42,169 - INFO basePage.py [line:73]: 查找"搜索框"元素，元素定位:('id', 'kw')
2021-12-31 16:52:42,180 - INFO basePage.py [line:111]: 清除"搜索框",元素定位:('id', 'kw')
2021-12-31 16:52:42,202 - INFO basePage.py [line:73]: 查找"搜索框"元素，元素定位:('id', 'kw')
2021-12-31 16:52:42,213 - INFO basePage.py [line:98]: 在"搜索框"输入"呵呵",元素定位:('id', 'kw')
2021-12-31 16:52:42,258 - INFO basePage.py [line:38]: 等待""百度一下"搜索按钮"元素,定位方式:('id', 'su')
2021-12-31 16:52:42,276 - INFO basePage.py [line:43]: 等待""百度一下"搜索按钮"时长:0:00:00.016945
2021-12-31 16:52:42,277 - INFO basePage.py [line:73]: 查找""百度一下"搜索按钮"元素，元素定位:('id', 'su')
2021-12-31 16:52:42,284 - INFO basePage.py [line:125]: 点击""百度一下"搜索按钮",元素定位:('id', 'su')
2021-12-31 16:52:47,834 - INFO test_001_baiduSearch.py [line:31]: WebDriver 成功退出...
