2022-02-08 17:59:15,133 - INFO requestbase.py [line:21]: 连通接口"https://supplychain-server-stg.datousoft.com/items",接口header为:"{'authorization': 'Bearer eyJhbGciOiJIUzUxMiJ9.eyJqdGkiOiIxYjg3MjdjYTc4YTA0ZTA1YjI1M2U3MmVhZTgwMThkMCIsImF1dGgiOiIiLCJpZCI6NTk5LCJzdWIiOiIxMiJ9.MqmoM9kZMwrwL368XIITVFNdIX8akJfq8EFUFQ6Y8Mq6N64ZlfVRrnFp3iCychbA4BpHpRqefMcNa3Xl0wsTgA'}",接口param为：{'pageNum': '1', 'pageSize': '20'}
2022-02-08 17:59:15,256 - INFO requestbase.py [line:26]: 等待接口"https://supplychain-server-stg.datousoft.com/items"时长:0:00:00.119886
2022-02-08 17:59:15,262 - INFO assertbase.py [line:28]: 预计接口返回code为"200.0",实际返回code为:"401"
2022-02-08 17:59:15,266 - ERROR assertbase.py [line:33]: 预计接口返回code为"200.0",实际返回code为:"401",失败
2022-02-08 17:59:15,477 - INFO requestbase.py [line:21]: 连通接口"https://supplychain-server-stg.datousoft.com/groups/current/items/1",接口header为:"{'authorization': 'Bearer eyJhbGciOiJIUzUxMiJ9.eyJqdGkiOiIxYjg3MjdjYTc4YTA0ZTA1YjI1M2U3MmVhZTgwMThkMCIsImF1dGgiOiIiLCJpZCI6NTk5LCJzdWIiOiIxMiJ9.MqmoM9kZMwrwL368XIITVFNdIX8akJfq8EFUFQ6Y8Mq6N64ZlfVRrnFp3iCychbA4BpHpRqefMcNa3Xl0wsTgA'}",接口param为：
2022-02-08 17:59:15,477 - INFO requestbase.py [line:21]: 连通接口"https://supplychain-server-stg.datousoft.com/groups/current/items/1",接口header为:"{'authorization': 'Bearer eyJhbGciOiJIUzUxMiJ9.eyJqdGkiOiIxYjg3MjdjYTc4YTA0ZTA1YjI1M2U3MmVhZTgwMThkMCIsImF1dGgiOiIiLCJpZCI6NTk5LCJzdWIiOiIxMiJ9.MqmoM9kZMwrwL368XIITVFNdIX8akJfq8EFUFQ6Y8Mq6N64ZlfVRrnFp3iCychbA4BpHpRqefMcNa3Xl0wsTgA'}",接口param为：
2022-02-08 17:59:15,652 - INFO requestbase.py [line:26]: 等待接口"https://supplychain-server-stg.datousoft.com/groups/current/items/1"时长:0:00:00.170349
2022-02-08 17:59:15,652 - INFO requestbase.py [line:26]: 等待接口"https://supplychain-server-stg.datousoft.com/groups/current/items/1"时长:0:00:00.170349
2022-02-08 17:59:15,663 - INFO assertbase.py [line:28]: 预计接口返回code为"200.0",实际返回code为:"401"
2022-02-08 17:59:15,663 - INFO assertbase.py [line:28]: 预计接口返回code为"200.0",实际返回code为:"401"
2022-02-08 17:59:15,669 - ERROR assertbase.py [line:33]: 预计接口返回code为"200.0",实际返回code为:"401",失败
2022-02-08 17:59:15,669 - ERROR assertbase.py [line:33]: 预计接口返回code为"200.0",实际返回code为:"401",失败
2022-02-08 17:59:15,701 - INFO requestbase.py [line:69]: 连通接口"https://supplychain-server-stg.datousoft.com/items/1",接口data为:"",接口json{'enable': 'true', 'tags': ['12', '23', '34', '45', '56', '67', '78', '89', '01', '99953816724', '99897524630', '99135297046', '99254607193', '99310649275', '99376528194', '99352478916', '99503247816', '99187059632', '99953042716', '99638017452', '99237065184'], 'enableValidDays': 'true'}
2022-02-08 17:59:15,701 - INFO requestbase.py [line:69]: 连通接口"https://supplychain-server-stg.datousoft.com/items/1",接口data为:"",接口json{'enable': 'true', 'tags': ['12', '23', '34', '45', '56', '67', '78', '89', '01', '99953816724', '99897524630', '99135297046', '99254607193', '99310649275', '99376528194', '99352478916', '99503247816', '99187059632', '99953042716', '99638017452', '99237065184'], 'enableValidDays': 'true'}
2022-02-08 17:59:15,701 - INFO requestbase.py [line:69]: 连通接口"https://supplychain-server-stg.datousoft.com/items/1",接口data为:"",接口json{'enable': 'true', 'tags': ['12', '23', '34', '45', '56', '67', '78', '89', '01', '99953816724', '99897524630', '99135297046', '99254607193', '99310649275', '99376528194', '99352478916', '99503247816', '99187059632', '99953042716', '99638017452', '99237065184'], 'enableValidDays': 'true'}
2022-02-08 17:59:15,803 - INFO requestbase.py [line:74]: 等待接口"https://supplychain-server-stg.datousoft.com/items/1"时长:0:00:00.098368
2022-02-08 17:59:15,803 - INFO requestbase.py [line:74]: 等待接口"https://supplychain-server-stg.datousoft.com/items/1"时长:0:00:00.098368
2022-02-08 17:59:15,803 - INFO requestbase.py [line:74]: 等待接口"https://supplychain-server-stg.datousoft.com/items/1"时长:0:00:00.098368
2022-02-08 17:59:15,815 - INFO assertbase.py [line:28]: 预计接口返回code为"200.0",实际返回code为:"401"
2022-02-08 17:59:15,815 - INFO assertbase.py [line:28]: 预计接口返回code为"200.0",实际返回code为:"401"
2022-02-08 17:59:15,815 - INFO assertbase.py [line:28]: 预计接口返回code为"200.0",实际返回code为:"401"
2022-02-08 17:59:15,820 - ERROR assertbase.py [line:33]: 预计接口返回code为"200.0",实际返回code为:"401",失败
2022-02-08 17:59:15,820 - ERROR assertbase.py [line:33]: 预计接口返回code为"200.0",实际返回code为:"401",失败
2022-02-08 17:59:15,820 - ERROR assertbase.py [line:33]: 预计接口返回code为"200.0",实际返回code为:"401",失败
2022-02-08 17:59:15,862 - INFO requestbase.py [line:69]: 连通接口"https://supplychain-server-stg.datousoft.com/shops/1",接口data为:"",接口json{'deliveryCenterId': 1, 'ownerCompanyId': 1}
2022-02-08 17:59:15,862 - INFO requestbase.py [line:69]: 连通接口"https://supplychain-server-stg.datousoft.com/shops/1",接口data为:"",接口json{'deliveryCenterId': 1, 'ownerCompanyId': 1}
2022-02-08 17:59:15,862 - INFO requestbase.py [line:69]: 连通接口"https://supplychain-server-stg.datousoft.com/shops/1",接口data为:"",接口json{'deliveryCenterId': 1, 'ownerCompanyId': 1}
2022-02-08 17:59:15,862 - INFO requestbase.py [line:69]: 连通接口"https://supplychain-server-stg.datousoft.com/shops/1",接口data为:"",接口json{'deliveryCenterId': 1, 'ownerCompanyId': 1}
2022-02-08 17:59:16,012 - INFO requestbase.py [line:74]: 等待接口"https://supplychain-server-stg.datousoft.com/shops/1"时长:0:00:00.146669
2022-02-08 17:59:16,012 - INFO requestbase.py [line:74]: 等待接口"https://supplychain-server-stg.datousoft.com/shops/1"时长:0:00:00.146669
2022-02-08 17:59:16,012 - INFO requestbase.py [line:74]: 等待接口"https://supplychain-server-stg.datousoft.com/shops/1"时长:0:00:00.146669
2022-02-08 17:59:16,012 - INFO requestbase.py [line:74]: 等待接口"https://supplychain-server-stg.datousoft.com/shops/1"时长:0:00:00.146669
2022-02-08 17:59:16,016 - INFO assertbase.py [line:28]: 预计接口返回code为"200.0",实际返回code为:"401"
2022-02-08 17:59:16,016 - INFO assertbase.py [line:28]: 预计接口返回code为"200.0",实际返回code为:"401"
2022-02-08 17:59:16,016 - INFO assertbase.py [line:28]: 预计接口返回code为"200.0",实际返回code为:"401"
2022-02-08 17:59:16,016 - INFO assertbase.py [line:28]: 预计接口返回code为"200.0",实际返回code为:"401"
2022-02-08 17:59:16,019 - ERROR assertbase.py [line:33]: 预计接口返回code为"200.0",实际返回code为:"401",失败
2022-02-08 17:59:16,019 - ERROR assertbase.py [line:33]: 预计接口返回code为"200.0",实际返回code为:"401",失败
2022-02-08 17:59:16,019 - ERROR assertbase.py [line:33]: 预计接口返回code为"200.0",实际返回code为:"401",失败
2022-02-08 17:59:16,019 - ERROR assertbase.py [line:33]: 预计接口返回code为"200.0",实际返回code为:"401",失败
2022-02-08 17:59:16,038 - INFO requestbase.py [line:21]: 连通接口"https://supplychain-server-stg.datousoft.com/suppliers/1",接口header为:"{'authorization': 'Bearer eyJhbGciOiJIUzUxMiJ9.eyJqdGkiOiIxYjg3MjdjYTc4YTA0ZTA1YjI1M2U3MmVhZTgwMThkMCIsImF1dGgiOiIiLCJpZCI6NTk5LCJzdWIiOiIxMiJ9.MqmoM9kZMwrwL368XIITVFNdIX8akJfq8EFUFQ6Y8Mq6N64ZlfVRrnFp3iCychbA4BpHpRqefMcNa3Xl0wsTgA'}",接口param为：
2022-02-08 17:59:16,038 - INFO requestbase.py [line:21]: 连通接口"https://supplychain-server-stg.datousoft.com/suppliers/1",接口header为:"{'authorization': 'Bearer eyJhbGciOiJIUzUxMiJ9.eyJqdGkiOiIxYjg3MjdjYTc4YTA0ZTA1YjI1M2U3MmVhZTgwMThkMCIsImF1dGgiOiIiLCJpZCI6NTk5LCJzdWIiOiIxMiJ9.MqmoM9kZMwrwL368XIITVFNdIX8akJfq8EFUFQ6Y8Mq6N64ZlfVRrnFp3iCychbA4BpHpRqefMcNa3Xl0wsTgA'}",接口param为：
2022-02-08 17:59:16,038 - INFO requestbase.py [line:21]: 连通接口"https://supplychain-server-stg.datousoft.com/suppliers/1",接口header为:"{'authorization': 'Bearer eyJhbGciOiJIUzUxMiJ9.eyJqdGkiOiIxYjg3MjdjYTc4YTA0ZTA1YjI1M2U3MmVhZTgwMThkMCIsImF1dGgiOiIiLCJpZCI6NTk5LCJzdWIiOiIxMiJ9.MqmoM9kZMwrwL368XIITVFNdIX8akJfq8EFUFQ6Y8Mq6N64ZlfVRrnFp3iCychbA4BpHpRqefMcNa3Xl0wsTgA'}",接口param为：
2022-02-08 17:59:16,038 - INFO requestbase.py [line:21]: 连通接口"https://supplychain-server-stg.datousoft.com/suppliers/1",接口header为:"{'authorization': 'Bearer eyJhbGciOiJIUzUxMiJ9.eyJqdGkiOiIxYjg3MjdjYTc4YTA0ZTA1YjI1M2U3MmVhZTgwMThkMCIsImF1dGgiOiIiLCJpZCI6NTk5LCJzdWIiOiIxMiJ9.MqmoM9kZMwrwL368XIITVFNdIX8akJfq8EFUFQ6Y8Mq6N64ZlfVRrnFp3iCychbA4BpHpRqefMcNa3Xl0wsTgA'}",接口param为：
2022-02-08 17:59:16,187 - INFO requestbase.py [line:26]: 等待接口"https://supplychain-server-stg.datousoft.com/suppliers/1"时长:0:00:00.144317
2022-02-08 17:59:16,187 - INFO requestbase.py [line:26]: 等待接口"https://supplychain-server-stg.datousoft.com/suppliers/1"时长:0:00:00.144317
2022-02-08 17:59:16,187 - INFO requestbase.py [line:26]: 等待接口"https://supplychain-server-stg.datousoft.com/suppliers/1"时长:0:00:00.144317
2022-02-08 17:59:16,187 - INFO requestbase.py [line:26]: 等待接口"https://supplychain-server-stg.datousoft.com/suppliers/1"时长:0:00:00.144317
2022-02-08 17:59:16,212 - INFO assertbase.py [line:28]: 预计接口返回code为"200.0",实际返回code为:"401"
2022-02-08 17:59:16,212 - INFO assertbase.py [line:28]: 预计接口返回code为"200.0",实际返回code为:"401"
2022-02-08 17:59:16,212 - INFO assertbase.py [line:28]: 预计接口返回code为"200.0",实际返回code为:"401"
2022-02-08 17:59:16,212 - INFO assertbase.py [line:28]: 预计接口返回code为"200.0",实际返回code为:"401"
2022-02-08 17:59:16,221 - ERROR assertbase.py [line:33]: 预计接口返回code为"200.0",实际返回code为:"401",失败
2022-02-08 17:59:16,221 - ERROR assertbase.py [line:33]: 预计接口返回code为"200.0",实际返回code为:"401",失败
2022-02-08 17:59:16,221 - ERROR assertbase.py [line:33]: 预计接口返回code为"200.0",实际返回code为:"401",失败
2022-02-08 17:59:16,221 - ERROR assertbase.py [line:33]: 预计接口返回code为"200.0",实际返回code为:"401",失败
2022-02-08 17:59:16,252 - INFO requestbase.py [line:69]: 连通接口"https://supplychain-server-stg.datousoft.com/suppliers/1",接口data为:"",接口json{'enable': 'false'}
2022-02-08 17:59:16,252 - INFO requestbase.py [line:69]: 连通接口"https://supplychain-server-stg.datousoft.com/suppliers/1",接口data为:"",接口json{'enable': 'false'}
2022-02-08 17:59:16,252 - INFO requestbase.py [line:69]: 连通接口"https://supplychain-server-stg.datousoft.com/suppliers/1",接口data为:"",接口json{'enable': 'false'}
2022-02-08 17:59:16,252 - INFO requestbase.py [line:69]: 连通接口"https://supplychain-server-stg.datousoft.com/suppliers/1",接口data为:"",接口json{'enable': 'false'}
2022-02-08 17:59:16,354 - INFO requestbase.py [line:74]: 等待接口"https://supplychain-server-stg.datousoft.com/suppliers/1"时长:0:00:00.095405
2022-02-08 17:59:16,354 - INFO requestbase.py [line:74]: 等待接口"https://supplychain-server-stg.datousoft.com/suppliers/1"时长:0:00:00.095405
2022-02-08 17:59:16,354 - INFO requestbase.py [line:74]: 等待接口"https://supplychain-server-stg.datousoft.com/suppliers/1"时长:0:00:00.095405
2022-02-08 17:59:16,354 - INFO requestbase.py [line:74]: 等待接口"https://supplychain-server-stg.datousoft.com/suppliers/1"时长:0:00:00.095405
2022-02-08 17:59:16,368 - INFO assertbase.py [line:28]: 预计接口返回code为"200.0",实际返回code为:"401"
2022-02-08 17:59:16,368 - INFO assertbase.py [line:28]: 预计接口返回code为"200.0",实际返回code为:"401"
2022-02-08 17:59:16,368 - INFO assertbase.py [line:28]: 预计接口返回code为"200.0",实际返回code为:"401"
2022-02-08 17:59:16,368 - INFO assertbase.py [line:28]: 预计接口返回code为"200.0",实际返回code为:"401"
2022-02-08 17:59:16,380 - ERROR assertbase.py [line:33]: 预计接口返回code为"200.0",实际返回code为:"401",失败
2022-02-08 17:59:16,380 - ERROR assertbase.py [line:33]: 预计接口返回code为"200.0",实际返回code为:"401",失败
2022-02-08 17:59:16,380 - ERROR assertbase.py [line:33]: 预计接口返回code为"200.0",实际返回code为:"401",失败
2022-02-08 17:59:16,380 - ERROR assertbase.py [line:33]: 预计接口返回code为"200.0",实际返回code为:"401",失败
