2022-02-08 18:00:08,331 - INFO requestbase.py [line:21]: 连通接口"https://supplychain-server-stg.datousoft.com/items",接口header为:"{'authorization': 'Bearer eyJhbGciOiJIUzUxMiJ9.eyJqdGkiOiIxNWUyNTA1MDZmNDU0ZjM2YTIyY2RlYjJkMTgzMTNhMyIsImF1dGgiOiIiLCJpZCI6NTk5LCJzdWIiOiIxMiJ9.TvYaEGdvaHwpAwW_9dq49D38m3xWnx0TQrHMa9JZ2fwH4b4OQ-4XpzfacdQ7WKpSaR6jcphtMWLsgTZAHDBOMg'}",接口param为：{'pageNum': '1', 'pageSize': '20'}
2022-02-08 18:00:08,560 - INFO requestbase.py [line:26]: 等待接口"https://supplychain-server-stg.datousoft.com/items"时长:0:00:00.225399
2022-02-08 18:00:08,566 - INFO assertbase.py [line:28]: 预计接口返回code为"200.0",实际返回code为:"200"
2022-02-08 18:00:08,569 - INFO assertbase.py [line:31]: 预计接口返回code为"200.0",实际返回code为:"200"
2022-02-08 18:00:08,579 - INFO requestbase.py [line:21]: 连通接口"https://supplychain-server-stg.datousoft.com/groups/current/items/1",接口header为:"{'authorization': 'Bearer eyJhbGciOiJIUzUxMiJ9.eyJqdGkiOiIxNWUyNTA1MDZmNDU0ZjM2YTIyY2RlYjJkMTgzMTNhMyIsImF1dGgiOiIiLCJpZCI6NTk5LCJzdWIiOiIxMiJ9.TvYaEGdvaHwpAwW_9dq49D38m3xWnx0TQrHMa9JZ2fwH4b4OQ-4XpzfacdQ7WKpSaR6jcphtMWLsgTZAHDBOMg'}",接口param为：
2022-02-08 18:00:08,579 - INFO requestbase.py [line:21]: 连通接口"https://supplychain-server-stg.datousoft.com/groups/current/items/1",接口header为:"{'authorization': 'Bearer eyJhbGciOiJIUzUxMiJ9.eyJqdGkiOiIxNWUyNTA1MDZmNDU0ZjM2YTIyY2RlYjJkMTgzMTNhMyIsImF1dGgiOiIiLCJpZCI6NTk5LCJzdWIiOiIxMiJ9.TvYaEGdvaHwpAwW_9dq49D38m3xWnx0TQrHMa9JZ2fwH4b4OQ-4XpzfacdQ7WKpSaR6jcphtMWLsgTZAHDBOMg'}",接口param为：
2022-02-08 18:00:08,722 - INFO requestbase.py [line:26]: 等待接口"https://supplychain-server-stg.datousoft.com/groups/current/items/1"时长:0:00:00.139627
2022-02-08 18:00:08,722 - INFO requestbase.py [line:26]: 等待接口"https://supplychain-server-stg.datousoft.com/groups/current/items/1"时长:0:00:00.139627
2022-02-08 18:00:08,725 - INFO assertbase.py [line:28]: 预计接口返回code为"200.0",实际返回code为:"200"
2022-02-08 18:00:08,725 - INFO assertbase.py [line:28]: 预计接口返回code为"200.0",实际返回code为:"200"
2022-02-08 18:00:08,730 - INFO assertbase.py [line:31]: 预计接口返回code为"200.0",实际返回code为:"200"
2022-02-08 18:00:08,730 - INFO assertbase.py [line:31]: 预计接口返回code为"200.0",实际返回code为:"200"
2022-02-08 18:00:08,740 - INFO requestbase.py [line:69]: 连通接口"https://supplychain-server-stg.datousoft.com/items/1",接口data为:"",接口json{'enable': 'true', 'tags': ['12', '23', '34', '45', '56', '67', '78', '89', '01', '99953816724', '99897524630', '99135297046', '99254607193', '99310649275', '99376528194', '99352478916', '99503247816', '99187059632', '99953042716', '99638017452', '99237065184'], 'enableValidDays': 'true'}
2022-02-08 18:00:08,740 - INFO requestbase.py [line:69]: 连通接口"https://supplychain-server-stg.datousoft.com/items/1",接口data为:"",接口json{'enable': 'true', 'tags': ['12', '23', '34', '45', '56', '67', '78', '89', '01', '99953816724', '99897524630', '99135297046', '99254607193', '99310649275', '99376528194', '99352478916', '99503247816', '99187059632', '99953042716', '99638017452', '99237065184'], 'enableValidDays': 'true'}
2022-02-08 18:00:08,740 - INFO requestbase.py [line:69]: 连通接口"https://supplychain-server-stg.datousoft.com/items/1",接口data为:"",接口json{'enable': 'true', 'tags': ['12', '23', '34', '45', '56', '67', '78', '89', '01', '99953816724', '99897524630', '99135297046', '99254607193', '99310649275', '99376528194', '99352478916', '99503247816', '99187059632', '99953042716', '99638017452', '99237065184'], 'enableValidDays': 'true'}
2022-02-08 18:00:08,847 - INFO requestbase.py [line:74]: 等待接口"https://supplychain-server-stg.datousoft.com/items/1"时长:0:00:00.103724
2022-02-08 18:00:08,847 - INFO requestbase.py [line:74]: 等待接口"https://supplychain-server-stg.datousoft.com/items/1"时长:0:00:00.103724
2022-02-08 18:00:08,847 - INFO requestbase.py [line:74]: 等待接口"https://supplychain-server-stg.datousoft.com/items/1"时长:0:00:00.103724
2022-02-08 18:00:08,850 - INFO assertbase.py [line:28]: 预计接口返回code为"200.0",实际返回code为:"200"
2022-02-08 18:00:08,850 - INFO assertbase.py [line:28]: 预计接口返回code为"200.0",实际返回code为:"200"
2022-02-08 18:00:08,850 - INFO assertbase.py [line:28]: 预计接口返回code为"200.0",实际返回code为:"200"
2022-02-08 18:00:08,852 - INFO assertbase.py [line:31]: 预计接口返回code为"200.0",实际返回code为:"200"
2022-02-08 18:00:08,852 - INFO assertbase.py [line:31]: 预计接口返回code为"200.0",实际返回code为:"200"
2022-02-08 18:00:08,852 - INFO assertbase.py [line:31]: 预计接口返回code为"200.0",实际返回code为:"200"
2022-02-08 18:00:08,862 - INFO requestbase.py [line:69]: 连通接口"https://supplychain-server-stg.datousoft.com/shops/1",接口data为:"",接口json{'deliveryCenterId': 1, 'ownerCompanyId': 1}
2022-02-08 18:00:08,862 - INFO requestbase.py [line:69]: 连通接口"https://supplychain-server-stg.datousoft.com/shops/1",接口data为:"",接口json{'deliveryCenterId': 1, 'ownerCompanyId': 1}
2022-02-08 18:00:08,862 - INFO requestbase.py [line:69]: 连通接口"https://supplychain-server-stg.datousoft.com/shops/1",接口data为:"",接口json{'deliveryCenterId': 1, 'ownerCompanyId': 1}
2022-02-08 18:00:08,862 - INFO requestbase.py [line:69]: 连通接口"https://supplychain-server-stg.datousoft.com/shops/1",接口data为:"",接口json{'deliveryCenterId': 1, 'ownerCompanyId': 1}
2022-02-08 18:00:08,996 - INFO requestbase.py [line:74]: 等待接口"https://supplychain-server-stg.datousoft.com/shops/1"时长:0:00:00.129655
2022-02-08 18:00:08,996 - INFO requestbase.py [line:74]: 等待接口"https://supplychain-server-stg.datousoft.com/shops/1"时长:0:00:00.129655
2022-02-08 18:00:08,996 - INFO requestbase.py [line:74]: 等待接口"https://supplychain-server-stg.datousoft.com/shops/1"时长:0:00:00.129655
2022-02-08 18:00:08,996 - INFO requestbase.py [line:74]: 等待接口"https://supplychain-server-stg.datousoft.com/shops/1"时长:0:00:00.129655
2022-02-08 18:00:08,999 - INFO assertbase.py [line:28]: 预计接口返回code为"200.0",实际返回code为:"200"
2022-02-08 18:00:08,999 - INFO assertbase.py [line:28]: 预计接口返回code为"200.0",实际返回code为:"200"
2022-02-08 18:00:08,999 - INFO assertbase.py [line:28]: 预计接口返回code为"200.0",实际返回code为:"200"
2022-02-08 18:00:08,999 - INFO assertbase.py [line:28]: 预计接口返回code为"200.0",实际返回code为:"200"
2022-02-08 18:00:09,001 - INFO assertbase.py [line:31]: 预计接口返回code为"200.0",实际返回code为:"200"
2022-02-08 18:00:09,001 - INFO assertbase.py [line:31]: 预计接口返回code为"200.0",实际返回code为:"200"
2022-02-08 18:00:09,001 - INFO assertbase.py [line:31]: 预计接口返回code为"200.0",实际返回code为:"200"
2022-02-08 18:00:09,001 - INFO assertbase.py [line:31]: 预计接口返回code为"200.0",实际返回code为:"200"
2022-02-08 18:00:09,009 - INFO requestbase.py [line:21]: 连通接口"https://supplychain-server-stg.datousoft.com/suppliers/1",接口header为:"{'authorization': 'Bearer eyJhbGciOiJIUzUxMiJ9.eyJqdGkiOiIxNWUyNTA1MDZmNDU0ZjM2YTIyY2RlYjJkMTgzMTNhMyIsImF1dGgiOiIiLCJpZCI6NTk5LCJzdWIiOiIxMiJ9.TvYaEGdvaHwpAwW_9dq49D38m3xWnx0TQrHMa9JZ2fwH4b4OQ-4XpzfacdQ7WKpSaR6jcphtMWLsgTZAHDBOMg'}",接口param为：
2022-02-08 18:00:09,009 - INFO requestbase.py [line:21]: 连通接口"https://supplychain-server-stg.datousoft.com/suppliers/1",接口header为:"{'authorization': 'Bearer eyJhbGciOiJIUzUxMiJ9.eyJqdGkiOiIxNWUyNTA1MDZmNDU0ZjM2YTIyY2RlYjJkMTgzMTNhMyIsImF1dGgiOiIiLCJpZCI6NTk5LCJzdWIiOiIxMiJ9.TvYaEGdvaHwpAwW_9dq49D38m3xWnx0TQrHMa9JZ2fwH4b4OQ-4XpzfacdQ7WKpSaR6jcphtMWLsgTZAHDBOMg'}",接口param为：
2022-02-08 18:00:09,009 - INFO requestbase.py [line:21]: 连通接口"https://supplychain-server-stg.datousoft.com/suppliers/1",接口header为:"{'authorization': 'Bearer eyJhbGciOiJIUzUxMiJ9.eyJqdGkiOiIxNWUyNTA1MDZmNDU0ZjM2YTIyY2RlYjJkMTgzMTNhMyIsImF1dGgiOiIiLCJpZCI6NTk5LCJzdWIiOiIxMiJ9.TvYaEGdvaHwpAwW_9dq49D38m3xWnx0TQrHMa9JZ2fwH4b4OQ-4XpzfacdQ7WKpSaR6jcphtMWLsgTZAHDBOMg'}",接口param为：
2022-02-08 18:00:09,009 - INFO requestbase.py [line:21]: 连通接口"https://supplychain-server-stg.datousoft.com/suppliers/1",接口header为:"{'authorization': 'Bearer eyJhbGciOiJIUzUxMiJ9.eyJqdGkiOiIxNWUyNTA1MDZmNDU0ZjM2YTIyY2RlYjJkMTgzMTNhMyIsImF1dGgiOiIiLCJpZCI6NTk5LCJzdWIiOiIxMiJ9.TvYaEGdvaHwpAwW_9dq49D38m3xWnx0TQrHMa9JZ2fwH4b4OQ-4XpzfacdQ7WKpSaR6jcphtMWLsgTZAHDBOMg'}",接口param为：
2022-02-08 18:00:09,108 - INFO requestbase.py [line:26]: 等待接口"https://supplychain-server-stg.datousoft.com/suppliers/1"时长:0:00:00.095767
2022-02-08 18:00:09,108 - INFO requestbase.py [line:26]: 等待接口"https://supplychain-server-stg.datousoft.com/suppliers/1"时长:0:00:00.095767
2022-02-08 18:00:09,108 - INFO requestbase.py [line:26]: 等待接口"https://supplychain-server-stg.datousoft.com/suppliers/1"时长:0:00:00.095767
2022-02-08 18:00:09,108 - INFO requestbase.py [line:26]: 等待接口"https://supplychain-server-stg.datousoft.com/suppliers/1"时长:0:00:00.095767
2022-02-08 18:00:09,110 - INFO assertbase.py [line:28]: 预计接口返回code为"200.0",实际返回code为:"200"
2022-02-08 18:00:09,110 - INFO assertbase.py [line:28]: 预计接口返回code为"200.0",实际返回code为:"200"
2022-02-08 18:00:09,110 - INFO assertbase.py [line:28]: 预计接口返回code为"200.0",实际返回code为:"200"
2022-02-08 18:00:09,110 - INFO assertbase.py [line:28]: 预计接口返回code为"200.0",实际返回code为:"200"
2022-02-08 18:00:09,114 - INFO assertbase.py [line:31]: 预计接口返回code为"200.0",实际返回code为:"200"
2022-02-08 18:00:09,114 - INFO assertbase.py [line:31]: 预计接口返回code为"200.0",实际返回code为:"200"
2022-02-08 18:00:09,114 - INFO assertbase.py [line:31]: 预计接口返回code为"200.0",实际返回code为:"200"
2022-02-08 18:00:09,114 - INFO assertbase.py [line:31]: 预计接口返回code为"200.0",实际返回code为:"200"
2022-02-08 18:00:09,123 - INFO requestbase.py [line:69]: 连通接口"https://supplychain-server-stg.datousoft.com/suppliers/1",接口data为:"",接口json{'enable': 'false'}
2022-02-08 18:00:09,123 - INFO requestbase.py [line:69]: 连通接口"https://supplychain-server-stg.datousoft.com/suppliers/1",接口data为:"",接口json{'enable': 'false'}
2022-02-08 18:00:09,123 - INFO requestbase.py [line:69]: 连通接口"https://supplychain-server-stg.datousoft.com/suppliers/1",接口data为:"",接口json{'enable': 'false'}
2022-02-08 18:00:09,123 - INFO requestbase.py [line:69]: 连通接口"https://supplychain-server-stg.datousoft.com/suppliers/1",接口data为:"",接口json{'enable': 'false'}
2022-02-08 18:00:09,268 - INFO requestbase.py [line:74]: 等待接口"https://supplychain-server-stg.datousoft.com/suppliers/1"时长:0:00:00.140626
2022-02-08 18:00:09,268 - INFO requestbase.py [line:74]: 等待接口"https://supplychain-server-stg.datousoft.com/suppliers/1"时长:0:00:00.140626
2022-02-08 18:00:09,268 - INFO requestbase.py [line:74]: 等待接口"https://supplychain-server-stg.datousoft.com/suppliers/1"时长:0:00:00.140626
2022-02-08 18:00:09,268 - INFO requestbase.py [line:74]: 等待接口"https://supplychain-server-stg.datousoft.com/suppliers/1"时长:0:00:00.140626
2022-02-08 18:00:09,271 - INFO assertbase.py [line:28]: 预计接口返回code为"200.0",实际返回code为:"200"
2022-02-08 18:00:09,271 - INFO assertbase.py [line:28]: 预计接口返回code为"200.0",实际返回code为:"200"
2022-02-08 18:00:09,271 - INFO assertbase.py [line:28]: 预计接口返回code为"200.0",实际返回code为:"200"
2022-02-08 18:00:09,271 - INFO assertbase.py [line:28]: 预计接口返回code为"200.0",实际返回code为:"200"
2022-02-08 18:00:09,274 - INFO assertbase.py [line:31]: 预计接口返回code为"200.0",实际返回code为:"200"
2022-02-08 18:00:09,274 - INFO assertbase.py [line:31]: 预计接口返回code为"200.0",实际返回code为:"200"
2022-02-08 18:00:09,274 - INFO assertbase.py [line:31]: 预计接口返回code为"200.0",实际返回code为:"200"
2022-02-08 18:00:09,274 - INFO assertbase.py [line:31]: 预计接口返回code为"200.0",实际返回code为:"200"
