2022-02-08 17:06:11,995 - INFO requestbase.py [line:33]: 连通接口"https://gateway-stg.datousoft.com/authority/auth/login",接口data为:"",接口json{'groupId': '3', 'username': 'TRtsH2z2egXgbqWAIOTsJBf7E+Z/nA17u7HoVWtUqBIQP3PXpTeNuxcIm2rHTBkpnuCplP+CR/CkjzNFC2oMTKzMgXJWSu97e0qqLOV+Sm8VqntO0HMC0gTlQkHzJ33LLA4x12fDEGJnLcaznG16eCYlZPgssGvazAPGvOO7Wqk=', 'password': 'rlSCBdDGZAeGyaN7qlTWWEsZN0r8dlD7y81u2Waq2IyyUJfIZZ9A8Iua0eJpViQOeEOUQgk4L/5SaZtRQrfv3iJG2ryuw+zv8FX+DS6CY/kkZwmq6jnebMDCeaUhcBkbS+6g3vOM9Q0fCR/5yPLOJ5SQlYAnyL+pd66NSlFkh4M=', 'validate': '', 'challenge': '', 'seccode': ''}
2022-02-08 17:06:11,995 - INFO requestbase.py [line:33]: 连通接口"https://gateway-stg.datousoft.com/authority/auth/login",接口data为:"",接口json{'groupId': '3', 'username': 'TRtsH2z2egXgbqWAIOTsJBf7E+Z/nA17u7HoVWtUqBIQP3PXpTeNuxcIm2rHTBkpnuCplP+CR/CkjzNFC2oMTKzMgXJWSu97e0qqLOV+Sm8VqntO0HMC0gTlQkHzJ33LLA4x12fDEGJnLcaznG16eCYlZPgssGvazAPGvOO7Wqk=', 'password': 'rlSCBdDGZAeGyaN7qlTWWEsZN0r8dlD7y81u2Waq2IyyUJfIZZ9A8Iua0eJpViQOeEOUQgk4L/5SaZtRQrfv3iJG2ryuw+zv8FX+DS6CY/kkZwmq6jnebMDCeaUhcBkbS+6g3vOM9Q0fCR/5yPLOJ5SQlYAnyL+pd66NSlFkh4M=', 'validate': '', 'challenge': '', 'seccode': ''}
2022-02-08 17:06:12,319 - INFO requestbase.py [line:38]: 等待接口"https://gateway-stg.datousoft.com/authority/auth/login"时长:0:00:00.275266
2022-02-08 17:06:12,319 - INFO requestbase.py [line:38]: 等待接口"https://gateway-stg.datousoft.com/authority/auth/login"时长:0:00:00.275266
2022-02-08 17:06:12,333 - INFO requestbase.py [line:21]: 连通接口"https://supplychain-server-stg.jmj1995.com/items",接口header为:"{'authorization': 'Bearer eyJhbGciOiJIUzUxMiJ9.eyJqdGkiOiJjZjU1MjMzOGZhYzE0NDIxYjYwNTJkNzNhZTFlYmIzMCIsImF1dGgiOiIiLCJpZCI6NTk5LCJzdWIiOiIxMiJ9.18vVxdW2pb5FI63C0GLc6gKmWAtyM0srTsWHmFV0s8kIqFQYWkLrfUiFUl2HUSff-JDmTDyIcfL6bDH033kA3w'}",接口param为：{'pageNum': '1', 'pageSize': '20'}
2022-02-08 17:06:12,333 - INFO requestbase.py [line:21]: 连通接口"https://supplychain-server-stg.jmj1995.com/items",接口header为:"{'authorization': 'Bearer eyJhbGciOiJIUzUxMiJ9.eyJqdGkiOiJjZjU1MjMzOGZhYzE0NDIxYjYwNTJkNzNhZTFlYmIzMCIsImF1dGgiOiIiLCJpZCI6NTk5LCJzdWIiOiIxMiJ9.18vVxdW2pb5FI63C0GLc6gKmWAtyM0srTsWHmFV0s8kIqFQYWkLrfUiFUl2HUSff-JDmTDyIcfL6bDH033kA3w'}",接口param为：{'pageNum': '1', 'pageSize': '20'}
2022-02-08 17:06:12,403 - INFO requestbase.py [line:26]: 等待接口"https://supplychain-server-stg.jmj1995.com/items"时长:0:00:00.067819
2022-02-08 17:06:12,403 - INFO requestbase.py [line:26]: 等待接口"https://supplychain-server-stg.jmj1995.com/items"时长:0:00:00.067819
2022-02-08 17:06:12,406 - INFO assertbase.py [line:28]: 预计接口返回code为"200.0",实际返回code为:"404"
2022-02-08 17:06:12,406 - INFO assertbase.py [line:28]: 预计接口返回code为"200.0",实际返回code为:"404"
2022-02-08 17:06:12,408 - ERROR assertbase.py [line:33]: 预计接口返回code为"200.0",实际返回code为:"404",失败
2022-02-08 17:06:12,408 - ERROR assertbase.py [line:33]: 预计接口返回code为"200.0",实际返回code为:"404",失败
2022-02-08 17:06:12,529 - INFO requestbase.py [line:21]: 连通接口"https://supplychain-server-stg.jmj1995.com/items/1/belongingStandardAlternativeItemGroup",接口header为:"{'authorization': 'Bearer eyJhbGciOiJIUzUxMiJ9.eyJqdGkiOiJjZjU1MjMzOGZhYzE0NDIxYjYwNTJkNzNhZTFlYmIzMCIsImF1dGgiOiIiLCJpZCI6NTk5LCJzdWIiOiIxMiJ9.18vVxdW2pb5FI63C0GLc6gKmWAtyM0srTsWHmFV0s8kIqFQYWkLrfUiFUl2HUSff-JDmTDyIcfL6bDH033kA3w'}",接口param为：
2022-02-08 17:06:12,529 - INFO requestbase.py [line:21]: 连通接口"https://supplychain-server-stg.jmj1995.com/items/1/belongingStandardAlternativeItemGroup",接口header为:"{'authorization': 'Bearer eyJhbGciOiJIUzUxMiJ9.eyJqdGkiOiJjZjU1MjMzOGZhYzE0NDIxYjYwNTJkNzNhZTFlYmIzMCIsImF1dGgiOiIiLCJpZCI6NTk5LCJzdWIiOiIxMiJ9.18vVxdW2pb5FI63C0GLc6gKmWAtyM0srTsWHmFV0s8kIqFQYWkLrfUiFUl2HUSff-JDmTDyIcfL6bDH033kA3w'}",接口param为：
2022-02-08 17:06:12,583 - INFO requestbase.py [line:26]: 等待接口"https://supplychain-server-stg.jmj1995.com/items/1/belongingStandardAlternativeItemGroup"时长:0:00:00.052887
2022-02-08 17:06:12,583 - INFO requestbase.py [line:26]: 等待接口"https://supplychain-server-stg.jmj1995.com/items/1/belongingStandardAlternativeItemGroup"时长:0:00:00.052887
2022-02-08 17:06:12,586 - INFO assertbase.py [line:28]: 预计接口返回code为"200.0",实际返回code为:"404"
2022-02-08 17:06:12,586 - INFO assertbase.py [line:28]: 预计接口返回code为"200.0",实际返回code为:"404"
2022-02-08 17:06:12,588 - ERROR assertbase.py [line:33]: 预计接口返回code为"200.0",实际返回code为:"404",失败
2022-02-08 17:06:12,588 - ERROR assertbase.py [line:33]: 预计接口返回code为"200.0",实际返回code为:"404",失败
2022-02-08 17:06:12,601 - INFO requestbase.py [line:69]: 连通接口"https://supplychain-server-stg.jmj1995.com/items/1",接口data为:"",接口json{'enable': 'true', 'tags': ['12', '23', '34', '45', '56', '67', '78', '89', '01', '99953816724', '99897524630', '99135297046', '99254607193', '99310649275', '99376528194', '99352478916', '99503247816', '99187059632', '99953042716', '99638017452', '99237065184'], 'enableValidDays': 'true'}
2022-02-08 17:06:12,601 - INFO requestbase.py [line:69]: 连通接口"https://supplychain-server-stg.jmj1995.com/items/1",接口data为:"",接口json{'enable': 'true', 'tags': ['12', '23', '34', '45', '56', '67', '78', '89', '01', '99953816724', '99897524630', '99135297046', '99254607193', '99310649275', '99376528194', '99352478916', '99503247816', '99187059632', '99953042716', '99638017452', '99237065184'], 'enableValidDays': 'true'}
2022-02-08 17:06:12,677 - INFO requestbase.py [line:74]: 等待接口"https://supplychain-server-stg.jmj1995.com/items/1"时长:0:00:00.073055
2022-02-08 17:06:12,677 - INFO requestbase.py [line:74]: 等待接口"https://supplychain-server-stg.jmj1995.com/items/1"时长:0:00:00.073055
2022-02-08 17:06:12,681 - INFO assertbase.py [line:28]: 预计接口返回code为"200.0",实际返回code为:"404"
2022-02-08 17:06:12,681 - INFO assertbase.py [line:28]: 预计接口返回code为"200.0",实际返回code为:"404"
2022-02-08 17:06:12,684 - ERROR assertbase.py [line:33]: 预计接口返回code为"200.0",实际返回code为:"404",失败
2022-02-08 17:06:12,684 - ERROR assertbase.py [line:33]: 预计接口返回code为"200.0",实际返回code为:"404",失败
2022-02-08 17:06:12,703 - INFO requestbase.py [line:69]: 连通接口"https://supplychain-server-stg.jmj1995.com/shops/1",接口data为:"",接口json{'deliveryCenterId': 1, 'ownerCompanyId': 1}
2022-02-08 17:06:12,703 - INFO requestbase.py [line:69]: 连通接口"https://supplychain-server-stg.jmj1995.com/shops/1",接口data为:"",接口json{'deliveryCenterId': 1, 'ownerCompanyId': 1}
2022-02-08 17:06:12,768 - INFO requestbase.py [line:74]: 等待接口"https://supplychain-server-stg.jmj1995.com/shops/1"时长:0:00:00.063221
2022-02-08 17:06:12,768 - INFO requestbase.py [line:74]: 等待接口"https://supplychain-server-stg.jmj1995.com/shops/1"时长:0:00:00.063221
2022-02-08 17:06:12,778 - INFO assertbase.py [line:28]: 预计接口返回code为"200.0",实际返回code为:"404"
2022-02-08 17:06:12,778 - INFO assertbase.py [line:28]: 预计接口返回code为"200.0",实际返回code为:"404"
2022-02-08 17:06:12,783 - ERROR assertbase.py [line:33]: 预计接口返回code为"200.0",实际返回code为:"404",失败
2022-02-08 17:06:12,783 - ERROR assertbase.py [line:33]: 预计接口返回code为"200.0",实际返回code为:"404",失败
2022-02-08 17:06:12,803 - INFO requestbase.py [line:21]: 连通接口"https://supplychain-server-stg.jmj1995.com/suppliers/1",接口header为:"{'authorization': 'Bearer eyJhbGciOiJIUzUxMiJ9.eyJqdGkiOiJjZjU1MjMzOGZhYzE0NDIxYjYwNTJkNzNhZTFlYmIzMCIsImF1dGgiOiIiLCJpZCI6NTk5LCJzdWIiOiIxMiJ9.18vVxdW2pb5FI63C0GLc6gKmWAtyM0srTsWHmFV0s8kIqFQYWkLrfUiFUl2HUSff-JDmTDyIcfL6bDH033kA3w'}",接口param为：
2022-02-08 17:06:12,803 - INFO requestbase.py [line:21]: 连通接口"https://supplychain-server-stg.jmj1995.com/suppliers/1",接口header为:"{'authorization': 'Bearer eyJhbGciOiJIUzUxMiJ9.eyJqdGkiOiJjZjU1MjMzOGZhYzE0NDIxYjYwNTJkNzNhZTFlYmIzMCIsImF1dGgiOiIiLCJpZCI6NTk5LCJzdWIiOiIxMiJ9.18vVxdW2pb5FI63C0GLc6gKmWAtyM0srTsWHmFV0s8kIqFQYWkLrfUiFUl2HUSff-JDmTDyIcfL6bDH033kA3w'}",接口param为：
2022-02-08 17:06:12,867 - INFO requestbase.py [line:26]: 等待接口"https://supplychain-server-stg.jmj1995.com/suppliers/1"时长:0:00:00.058804
2022-02-08 17:06:12,867 - INFO requestbase.py [line:26]: 等待接口"https://supplychain-server-stg.jmj1995.com/suppliers/1"时长:0:00:00.058804
2022-02-08 17:06:12,870 - INFO assertbase.py [line:28]: 预计接口返回code为"200.0",实际返回code为:"404"
2022-02-08 17:06:12,870 - INFO assertbase.py [line:28]: 预计接口返回code为"200.0",实际返回code为:"404"
2022-02-08 17:06:12,872 - ERROR assertbase.py [line:33]: 预计接口返回code为"200.0",实际返回code为:"404",失败
2022-02-08 17:06:12,872 - ERROR assertbase.py [line:33]: 预计接口返回code为"200.0",实际返回code为:"404",失败
2022-02-08 17:06:12,889 - INFO requestbase.py [line:69]: 连通接口"https://supplychain-server-stg.jmj1995.com/suppliers/1",接口data为:"",接口json{'enable': 'false'}
2022-02-08 17:06:12,889 - INFO requestbase.py [line:69]: 连通接口"https://supplychain-server-stg.jmj1995.com/suppliers/1",接口data为:"",接口json{'enable': 'false'}
2022-02-08 17:06:12,968 - INFO requestbase.py [line:74]: 等待接口"https://supplychain-server-stg.jmj1995.com/suppliers/1"时长:0:00:00.073803
2022-02-08 17:06:12,968 - INFO requestbase.py [line:74]: 等待接口"https://supplychain-server-stg.jmj1995.com/suppliers/1"时长:0:00:00.073803
2022-02-08 17:06:12,972 - INFO assertbase.py [line:28]: 预计接口返回code为"200.0",实际返回code为:"404"
2022-02-08 17:06:12,972 - INFO assertbase.py [line:28]: 预计接口返回code为"200.0",实际返回code为:"404"
2022-02-08 17:06:12,975 - ERROR assertbase.py [line:33]: 预计接口返回code为"200.0",实际返回code为:"404",失败
2022-02-08 17:06:12,975 - ERROR assertbase.py [line:33]: 预计接口返回code为"200.0",实际返回code为:"404",失败
