2022-02-08 16:33:08,824 - INFO basePage.py [line:88]: 查找"输入账号"元素，元素定位:('xpath', "//*[@id='app']/div/div[1]/div[2]/form/div[2]/div/div/input")
2022-02-08 16:33:08,824 - INFO basePage.py [line:88]: 查找"输入账号"元素，元素定位:('xpath', "//*[@id='app']/div/div[1]/div[2]/form/div[2]/div/div/input")
2022-02-08 16:33:08,842 - INFO basePage.py [line:113]: 在"输入账号"输入"oms1212",元素定位:('xpath', "//*[@id='app']/div/div[1]/div[2]/form/div[2]/div/div/input")
2022-02-08 16:33:08,842 - INFO basePage.py [line:113]: 在"输入账号"输入"oms1212",元素定位:('xpath', "//*[@id='app']/div/div[1]/div[2]/form/div[2]/div/div/input")
2022-02-08 16:33:08,919 - INFO basePage.py [line:88]: 查找"输入密码"元素，元素定位:('xpath', "//*[@id='app']/div/div[1]/div[2]/form/div[3]/div/div/input")
2022-02-08 16:33:08,919 - INFO basePage.py [line:88]: 查找"输入密码"元素，元素定位:('xpath', "//*[@id='app']/div/div[1]/div[2]/form/div[3]/div/div/input")
2022-02-08 16:33:08,931 - INFO basePage.py [line:113]: 在"输入密码"输入"Qq123456",元素定位:('xpath', "//*[@id='app']/div/div[1]/div[2]/form/div[3]/div/div/input")
2022-02-08 16:33:08,931 - INFO basePage.py [line:113]: 在"输入密码"输入"Qq123456",元素定位:('xpath', "//*[@id='app']/div/div[1]/div[2]/form/div[3]/div/div/input")
2022-02-08 16:33:08,994 - INFO basePage.py [line:88]: 查找"点击登录"元素，元素定位:('xpath', "//*[@id='app']/div/div[1]/div[2]/form/button")
2022-02-08 16:33:08,994 - INFO basePage.py [line:88]: 查找"点击登录"元素，元素定位:('xpath', "//*[@id='app']/div/div[1]/div[2]/form/button")
2022-02-08 16:33:09,006 - INFO basePage.py [line:140]: 点击"点击登录",元素定位:('xpath', "//*[@id='app']/div/div[1]/div[2]/form/button")
2022-02-08 16:33:09,006 - INFO basePage.py [line:140]: 点击"点击登录",元素定位:('xpath', "//*[@id='app']/div/div[1]/div[2]/form/button")
2022-02-08 16:33:12,066 - INFO basePage.py [line:88]: 查找"供应链管理"元素，元素定位:('xpath', "//*[@id='app']/div/div[1]/div[2]/div[1]/div/ul/div[2]/li/div")
2022-02-08 16:33:12,066 - INFO basePage.py [line:88]: 查找"供应链管理"元素，元素定位:('xpath', "//*[@id='app']/div/div[1]/div[2]/div[1]/div/ul/div[2]/li/div")
2022-02-08 16:33:12,103 - INFO basePage.py [line:140]: 点击"供应链管理",元素定位:('xpath', "//*[@id='app']/div/div[1]/div[2]/div[1]/div/ul/div[2]/li/div")
2022-02-08 16:33:12,103 - INFO basePage.py [line:140]: 点击"供应链管理",元素定位:('xpath', "//*[@id='app']/div/div[1]/div[2]/div[1]/div/ul/div[2]/li/div")
2022-02-08 16:33:12,151 - INFO basePage.py [line:88]: 查找"盘点模板管理"元素，元素定位:('xpath', "//*[@id='app']/div/div[1]/div[2]/div[1]/div/ul/div[2]/li/ul/div[9]/a/li")
2022-02-08 16:33:12,151 - INFO basePage.py [line:88]: 查找"盘点模板管理"元素，元素定位:('xpath', "//*[@id='app']/div/div[1]/div[2]/div[1]/div/ul/div[2]/li/ul/div[9]/a/li")
2022-02-08 16:33:12,162 - INFO basePage.py [line:140]: 点击"盘点模板管理",元素定位:('xpath', "//*[@id='app']/div/div[1]/div[2]/div[1]/div/ul/div[2]/li/ul/div[9]/a/li")
2022-02-08 16:33:12,162 - INFO basePage.py [line:140]: 点击"盘点模板管理",元素定位:('xpath', "//*[@id='app']/div/div[1]/div[2]/div[1]/div/ul/div[2]/li/ul/div[9]/a/li")
2022-02-08 16:33:14,350 - INFO basePage.py [line:88]: 查找"查看第一个模板"元素，元素定位:('xpath', "//*[@id='app']/div/div[2]/section/div/section/main/section/main/div/div[1]/div[4]/div[2]/table/tbody/tr[1]/td[2]/div/button[1]/span")
2022-02-08 16:33:14,350 - INFO basePage.py [line:88]: 查找"查看第一个模板"元素，元素定位:('xpath', "//*[@id='app']/div/div[2]/section/div/section/main/section/main/div/div[1]/div[4]/div[2]/table/tbody/tr[1]/td[2]/div/button[1]/span")
2022-02-08 16:33:14,558 - INFO basePage.py [line:140]: 点击"查看第一个模板",元素定位:('xpath', "//*[@id='app']/div/div[2]/section/div/section/main/section/main/div/div[1]/div[4]/div[2]/table/tbody/tr[1]/td[2]/div/button[1]/span")
2022-02-08 16:33:14,558 - INFO basePage.py [line:140]: 点击"查看第一个模板",元素定位:('xpath', "//*[@id='app']/div/div[2]/section/div/section/main/section/main/div/div[1]/div[4]/div[2]/table/tbody/tr[1]/td[2]/div/button[1]/span")
2022-02-08 16:33:14,986 - INFO basePage.py [line:33]: 等待"查看盘点模板断言"元素,定位方式:('xpath', "//*[@id='app']/div/div[2]/section/div/section/div/div/div[3]/div/button/span")
2022-02-08 16:33:14,986 - INFO basePage.py [line:33]: 等待"查看盘点模板断言"元素,定位方式:('xpath', "//*[@id='app']/div/div[2]/section/div/section/div/div/div[3]/div/button/span")
2022-02-08 16:33:15,020 - INFO basePage.py [line:38]: 等待"查看盘点模板断言"时长:0:00:00.032939
2022-02-08 16:33:15,020 - INFO basePage.py [line:38]: 等待"查看盘点模板断言"时长:0:00:00.032939
2022-02-08 16:33:33,533 - INFO basePage.py [line:88]: 查找"输入账号"元素，元素定位:('xpath', "//*[@id='app']/div/div[1]/div[2]/form/div[2]/div/div/input")
2022-02-08 16:33:33,533 - INFO basePage.py [line:88]: 查找"输入账号"元素，元素定位:('xpath', "//*[@id='app']/div/div[1]/div[2]/form/div[2]/div/div/input")
2022-02-08 16:33:33,545 - INFO basePage.py [line:113]: 在"输入账号"输入"oms1212",元素定位:('xpath', "//*[@id='app']/div/div[1]/div[2]/form/div[2]/div/div/input")
2022-02-08 16:33:33,545 - INFO basePage.py [line:113]: 在"输入账号"输入"oms1212",元素定位:('xpath', "//*[@id='app']/div/div[1]/div[2]/form/div[2]/div/div/input")
2022-02-08 16:33:33,622 - INFO basePage.py [line:88]: 查找"输入密码"元素，元素定位:('xpath', "//*[@id='app']/div/div[1]/div[2]/form/div[3]/div/div/input")
2022-02-08 16:33:33,622 - INFO basePage.py [line:88]: 查找"输入密码"元素，元素定位:('xpath', "//*[@id='app']/div/div[1]/div[2]/form/div[3]/div/div/input")
2022-02-08 16:33:33,633 - INFO basePage.py [line:113]: 在"输入密码"输入"Qq123456",元素定位:('xpath', "//*[@id='app']/div/div[1]/div[2]/form/div[3]/div/div/input")
2022-02-08 16:33:33,633 - INFO basePage.py [line:113]: 在"输入密码"输入"Qq123456",元素定位:('xpath', "//*[@id='app']/div/div[1]/div[2]/form/div[3]/div/div/input")
2022-02-08 16:33:33,695 - INFO basePage.py [line:88]: 查找"点击登录"元素，元素定位:('xpath', "//*[@id='app']/div/div[1]/div[2]/form/button")
2022-02-08 16:33:33,695 - INFO basePage.py [line:88]: 查找"点击登录"元素，元素定位:('xpath', "//*[@id='app']/div/div[1]/div[2]/form/button")
2022-02-08 16:33:33,706 - INFO basePage.py [line:140]: 点击"点击登录",元素定位:('xpath', "//*[@id='app']/div/div[1]/div[2]/form/button")
2022-02-08 16:33:33,706 - INFO basePage.py [line:140]: 点击"点击登录",元素定位:('xpath', "//*[@id='app']/div/div[1]/div[2]/form/button")
2022-02-08 16:33:36,774 - INFO basePage.py [line:88]: 查找"供应链管理"元素，元素定位:('xpath', "//*[@id='app']/div/div[1]/div[2]/div[1]/div/ul/div[2]/li/div")
2022-02-08 16:33:36,774 - INFO basePage.py [line:88]: 查找"供应链管理"元素，元素定位:('xpath', "//*[@id='app']/div/div[1]/div[2]/div[1]/div/ul/div[2]/li/div")
2022-02-08 16:33:36,790 - INFO basePage.py [line:140]: 点击"供应链管理",元素定位:('xpath', "//*[@id='app']/div/div[1]/div[2]/div[1]/div/ul/div[2]/li/div")
2022-02-08 16:33:36,790 - INFO basePage.py [line:140]: 点击"供应链管理",元素定位:('xpath', "//*[@id='app']/div/div[1]/div[2]/div[1]/div/ul/div[2]/li/div")
2022-02-08 16:33:36,837 - INFO basePage.py [line:88]: 查找"盘点模板管理"元素，元素定位:('xpath', "//*[@id='app']/div/div[1]/div[2]/div[1]/div/ul/div[2]/li/ul/div[9]/a/li")
2022-02-08 16:33:36,837 - INFO basePage.py [line:88]: 查找"盘点模板管理"元素，元素定位:('xpath', "//*[@id='app']/div/div[1]/div[2]/div[1]/div/ul/div[2]/li/ul/div[9]/a/li")
2022-02-08 16:33:36,848 - INFO basePage.py [line:140]: 点击"盘点模板管理",元素定位:('xpath', "//*[@id='app']/div/div[1]/div[2]/div[1]/div/ul/div[2]/li/ul/div[9]/a/li")
2022-02-08 16:33:36,848 - INFO basePage.py [line:140]: 点击"盘点模板管理",元素定位:('xpath', "//*[@id='app']/div/div[1]/div[2]/div[1]/div/ul/div[2]/li/ul/div[9]/a/li")
2022-02-08 16:33:39,058 - INFO basePage.py [line:88]: 查找"点击编辑盘点模板"元素，元素定位:('xpath', "//*[@id='app']/div/div[2]/section/div/section/main/section/main/div/div[1]/div[4]/div[2]/table/tbody/tr[1]/td[2]/div/button[2]/span")
2022-02-08 16:33:39,058 - INFO basePage.py [line:88]: 查找"点击编辑盘点模板"元素，元素定位:('xpath', "//*[@id='app']/div/div[2]/section/div/section/main/section/main/div/div[1]/div[4]/div[2]/table/tbody/tr[1]/td[2]/div/button[2]/span")
2022-02-08 16:33:39,419 - INFO basePage.py [line:140]: 点击"点击编辑盘点模板",元素定位:('xpath', "//*[@id='app']/div/div[2]/section/div/section/main/section/main/div/div[1]/div[4]/div[2]/table/tbody/tr[1]/td[2]/div/button[2]/span")
2022-02-08 16:33:39,419 - INFO basePage.py [line:140]: 点击"点击编辑盘点模板",元素定位:('xpath', "//*[@id='app']/div/div[2]/section/div/section/main/section/main/div/div[1]/div[4]/div[2]/table/tbody/tr[1]/td[2]/div/button[2]/span")
2022-02-08 16:33:41,893 - INFO basePage.py [line:88]: 查找"点击确定"元素，元素定位:('xpath', "//*[@id='app']/div/div[2]/section/div/section/div/div/div[3]/div/button[2]/span")
2022-02-08 16:33:41,893 - INFO basePage.py [line:88]: 查找"点击确定"元素，元素定位:('xpath', "//*[@id='app']/div/div[2]/section/div/section/div/div/div[3]/div/button[2]/span")
2022-02-08 16:33:41,917 - INFO basePage.py [line:140]: 点击"点击确定",元素定位:('xpath', "//*[@id='app']/div/div[2]/section/div/section/div/div/div[3]/div/button[2]/span")
2022-02-08 16:33:41,917 - INFO basePage.py [line:140]: 点击"点击确定",元素定位:('xpath', "//*[@id='app']/div/div[2]/section/div/section/div/div/div[3]/div/button[2]/span")
2022-02-08 16:33:41,961 - INFO basePage.py [line:74]: 等待"修改盘点模板断言"元素,定位方式:('xpath', '/html/body/div[2]/p')
2022-02-08 16:33:41,961 - INFO basePage.py [line:74]: 等待"修改盘点模板断言"元素,定位方式:('xpath', '/html/body/div[2]/p')
2022-02-08 16:33:42,314 - INFO basePage.py [line:79]: 等待"修改盘点模板断言"时长:0:00:00.352065
2022-02-08 16:33:42,314 - INFO basePage.py [line:79]: 等待"修改盘点模板断言"时长:0:00:00.352065
2022-02-08 16:34:00,869 - INFO basePage.py [line:88]: 查找"输入账号"元素，元素定位:('xpath', "//*[@id='app']/div/div[1]/div[2]/form/div[2]/div/div/input")
2022-02-08 16:34:00,869 - INFO basePage.py [line:88]: 查找"输入账号"元素，元素定位:('xpath', "//*[@id='app']/div/div[1]/div[2]/form/div[2]/div/div/input")
2022-02-08 16:34:00,881 - INFO basePage.py [line:113]: 在"输入账号"输入"oms1212",元素定位:('xpath', "//*[@id='app']/div/div[1]/div[2]/form/div[2]/div/div/input")
2022-02-08 16:34:00,881 - INFO basePage.py [line:113]: 在"输入账号"输入"oms1212",元素定位:('xpath', "//*[@id='app']/div/div[1]/div[2]/form/div[2]/div/div/input")
2022-02-08 16:34:00,959 - INFO basePage.py [line:88]: 查找"输入密码"元素，元素定位:('xpath', "//*[@id='app']/div/div[1]/div[2]/form/div[3]/div/div/input")
2022-02-08 16:34:00,959 - INFO basePage.py [line:88]: 查找"输入密码"元素，元素定位:('xpath', "//*[@id='app']/div/div[1]/div[2]/form/div[3]/div/div/input")
2022-02-08 16:34:00,972 - INFO basePage.py [line:113]: 在"输入密码"输入"Qq123456",元素定位:('xpath', "//*[@id='app']/div/div[1]/div[2]/form/div[3]/div/div/input")
2022-02-08 16:34:00,972 - INFO basePage.py [line:113]: 在"输入密码"输入"Qq123456",元素定位:('xpath', "//*[@id='app']/div/div[1]/div[2]/form/div[3]/div/div/input")
2022-02-08 16:34:01,034 - INFO basePage.py [line:88]: 查找"点击登录"元素，元素定位:('xpath', "//*[@id='app']/div/div[1]/div[2]/form/button")
2022-02-08 16:34:01,034 - INFO basePage.py [line:88]: 查找"点击登录"元素，元素定位:('xpath', "//*[@id='app']/div/div[1]/div[2]/form/button")
2022-02-08 16:34:01,045 - INFO basePage.py [line:140]: 点击"点击登录",元素定位:('xpath', "//*[@id='app']/div/div[1]/div[2]/form/button")
2022-02-08 16:34:01,045 - INFO basePage.py [line:140]: 点击"点击登录",元素定位:('xpath', "//*[@id='app']/div/div[1]/div[2]/form/button")
2022-02-08 16:34:04,104 - INFO basePage.py [line:88]: 查找"供应链管理"元素，元素定位:('xpath', "//*[@id='app']/div/div[1]/div[2]/div[1]/div/ul/div[2]/li/div")
2022-02-08 16:34:04,104 - INFO basePage.py [line:88]: 查找"供应链管理"元素，元素定位:('xpath', "//*[@id='app']/div/div[1]/div[2]/div[1]/div/ul/div[2]/li/div")
2022-02-08 16:34:04,127 - INFO basePage.py [line:140]: 点击"供应链管理",元素定位:('xpath', "//*[@id='app']/div/div[1]/div[2]/div[1]/div/ul/div[2]/li/div")
2022-02-08 16:34:04,127 - INFO basePage.py [line:140]: 点击"供应链管理",元素定位:('xpath', "//*[@id='app']/div/div[1]/div[2]/div[1]/div/ul/div[2]/li/div")
2022-02-08 16:34:04,172 - INFO basePage.py [line:88]: 查找"盘点模板管理"元素，元素定位:('xpath', "//*[@id='app']/div/div[1]/div[2]/div[1]/div/ul/div[2]/li/ul/div[9]/a/li")
2022-02-08 16:34:04,172 - INFO basePage.py [line:88]: 查找"盘点模板管理"元素，元素定位:('xpath', "//*[@id='app']/div/div[1]/div[2]/div[1]/div/ul/div[2]/li/ul/div[9]/a/li")
2022-02-08 16:34:04,183 - INFO basePage.py [line:140]: 点击"盘点模板管理",元素定位:('xpath', "//*[@id='app']/div/div[1]/div[2]/div[1]/div/ul/div[2]/li/ul/div[9]/a/li")
2022-02-08 16:34:04,183 - INFO basePage.py [line:140]: 点击"盘点模板管理",元素定位:('xpath', "//*[@id='app']/div/div[1]/div[2]/div[1]/div/ul/div[2]/li/ul/div[9]/a/li")
2022-02-08 16:34:06,451 - INFO basePage.py [line:88]: 查找"点击停用盘点模板"元素，元素定位:('xpath', "//*[@id='app']/div/div[2]/section/div/section/main/section/main/div/div[1]/div[4]/div[2]/table/tbody/tr[1]/td[2]/div/button[3]/span")
2022-02-08 16:34:06,451 - INFO basePage.py [line:88]: 查找"点击停用盘点模板"元素，元素定位:('xpath', "//*[@id='app']/div/div[2]/section/div/section/main/section/main/div/div[1]/div[4]/div[2]/table/tbody/tr[1]/td[2]/div/button[3]/span")
2022-02-08 16:34:07,035 - INFO basePage.py [line:140]: 点击"点击停用盘点模板",元素定位:('xpath', "//*[@id='app']/div/div[2]/section/div/section/main/section/main/div/div[1]/div[4]/div[2]/table/tbody/tr[1]/td[2]/div/button[3]/span")
2022-02-08 16:34:07,035 - INFO basePage.py [line:140]: 点击"点击停用盘点模板",元素定位:('xpath', "//*[@id='app']/div/div[2]/section/div/section/main/section/main/div/div[1]/div[4]/div[2]/table/tbody/tr[1]/td[2]/div/button[3]/span")
2022-02-08 16:34:08,231 - INFO basePage.py [line:74]: 等待"停用盘点模板断言"元素,定位方式:('xpath', '/html/body/div[2]/p')
2022-02-08 16:34:08,231 - INFO basePage.py [line:74]: 等待"停用盘点模板断言"元素,定位方式:('xpath', '/html/body/div[2]/p')
2022-02-08 16:34:08,274 - INFO basePage.py [line:79]: 等待"停用盘点模板断言"时长:0:00:00.039726
2022-02-08 16:34:08,274 - INFO basePage.py [line:79]: 等待"停用盘点模板断言"时长:0:00:00.039726
2022-02-08 16:34:26,847 - INFO basePage.py [line:88]: 查找"输入账号"元素，元素定位:('xpath', "//*[@id='app']/div/div[1]/div[2]/form/div[2]/div/div/input")
2022-02-08 16:34:26,847 - INFO basePage.py [line:88]: 查找"输入账号"元素，元素定位:('xpath', "//*[@id='app']/div/div[1]/div[2]/form/div[2]/div/div/input")
2022-02-08 16:34:26,861 - INFO basePage.py [line:113]: 在"输入账号"输入"oms1212",元素定位:('xpath', "//*[@id='app']/div/div[1]/div[2]/form/div[2]/div/div/input")
2022-02-08 16:34:26,861 - INFO basePage.py [line:113]: 在"输入账号"输入"oms1212",元素定位:('xpath', "//*[@id='app']/div/div[1]/div[2]/form/div[2]/div/div/input")
2022-02-08 16:34:26,933 - INFO basePage.py [line:88]: 查找"输入密码"元素，元素定位:('xpath', "//*[@id='app']/div/div[1]/div[2]/form/div[3]/div/div/input")
2022-02-08 16:34:26,933 - INFO basePage.py [line:88]: 查找"输入密码"元素，元素定位:('xpath', "//*[@id='app']/div/div[1]/div[2]/form/div[3]/div/div/input")
2022-02-08 16:34:26,945 - INFO basePage.py [line:113]: 在"输入密码"输入"Qq123456",元素定位:('xpath', "//*[@id='app']/div/div[1]/div[2]/form/div[3]/div/div/input")
2022-02-08 16:34:26,945 - INFO basePage.py [line:113]: 在"输入密码"输入"Qq123456",元素定位:('xpath', "//*[@id='app']/div/div[1]/div[2]/form/div[3]/div/div/input")
2022-02-08 16:34:27,008 - INFO basePage.py [line:88]: 查找"点击登录"元素，元素定位:('xpath', "//*[@id='app']/div/div[1]/div[2]/form/button")
2022-02-08 16:34:27,008 - INFO basePage.py [line:88]: 查找"点击登录"元素，元素定位:('xpath', "//*[@id='app']/div/div[1]/div[2]/form/button")
2022-02-08 16:34:27,019 - INFO basePage.py [line:140]: 点击"点击登录",元素定位:('xpath', "//*[@id='app']/div/div[1]/div[2]/form/button")
2022-02-08 16:34:27,019 - INFO basePage.py [line:140]: 点击"点击登录",元素定位:('xpath', "//*[@id='app']/div/div[1]/div[2]/form/button")
2022-02-08 16:34:30,074 - INFO basePage.py [line:88]: 查找"供应链管理"元素，元素定位:('xpath', "//*[@id='app']/div/div[1]/div[2]/div[1]/div/ul/div[2]/li/div")
2022-02-08 16:34:30,074 - INFO basePage.py [line:88]: 查找"供应链管理"元素，元素定位:('xpath', "//*[@id='app']/div/div[1]/div[2]/div[1]/div/ul/div[2]/li/div")
2022-02-08 16:34:30,095 - INFO basePage.py [line:140]: 点击"供应链管理",元素定位:('xpath', "//*[@id='app']/div/div[1]/div[2]/div[1]/div/ul/div[2]/li/div")
2022-02-08 16:34:30,095 - INFO basePage.py [line:140]: 点击"供应链管理",元素定位:('xpath', "//*[@id='app']/div/div[1]/div[2]/div[1]/div/ul/div[2]/li/div")
2022-02-08 16:34:30,144 - INFO basePage.py [line:88]: 查找"盘点模板管理"元素，元素定位:('xpath', "//*[@id='app']/div/div[1]/div[2]/div[1]/div/ul/div[2]/li/ul/div[9]/a/li")
2022-02-08 16:34:30,144 - INFO basePage.py [line:88]: 查找"盘点模板管理"元素，元素定位:('xpath', "//*[@id='app']/div/div[1]/div[2]/div[1]/div/ul/div[2]/li/ul/div[9]/a/li")
2022-02-08 16:34:30,158 - INFO basePage.py [line:140]: 点击"盘点模板管理",元素定位:('xpath', "//*[@id='app']/div/div[1]/div[2]/div[1]/div/ul/div[2]/li/ul/div[9]/a/li")
2022-02-08 16:34:30,158 - INFO basePage.py [line:140]: 点击"盘点模板管理",元素定位:('xpath', "//*[@id='app']/div/div[1]/div[2]/div[1]/div/ul/div[2]/li/ul/div[9]/a/li")
2022-02-08 16:34:32,398 - INFO basePage.py [line:88]: 查找"点击启用盘点模板"元素，元素定位:('xpath', "//*[@id='app']/div/div[2]/section/div/section/main/section/main/div/div[1]/div[4]/div[2]/table/tbody/tr[1]/td[2]/div/button[3]/span")
2022-02-08 16:34:32,398 - INFO basePage.py [line:88]: 查找"点击启用盘点模板"元素，元素定位:('xpath', "//*[@id='app']/div/div[2]/section/div/section/main/section/main/div/div[1]/div[4]/div[2]/table/tbody/tr[1]/td[2]/div/button[3]/span")
2022-02-08 16:34:32,881 - INFO basePage.py [line:140]: 点击"点击启用盘点模板",元素定位:('xpath', "//*[@id='app']/div/div[2]/section/div/section/main/section/main/div/div[1]/div[4]/div[2]/table/tbody/tr[1]/td[2]/div/button[3]/span")
2022-02-08 16:34:32,881 - INFO basePage.py [line:140]: 点击"点击启用盘点模板",元素定位:('xpath', "//*[@id='app']/div/div[2]/section/div/section/main/section/main/div/div[1]/div[4]/div[2]/table/tbody/tr[1]/td[2]/div/button[3]/span")
2022-02-08 16:34:34,335 - INFO basePage.py [line:74]: 等待"启用盘点模板断言"元素,定位方式:('xpath', '/html/body/div[2]/p')
2022-02-08 16:34:34,335 - INFO basePage.py [line:74]: 等待"启用盘点模板断言"元素,定位方式:('xpath', '/html/body/div[2]/p')
2022-02-08 16:34:34,361 - INFO basePage.py [line:79]: 等待"启用盘点模板断言"时长:0:00:00.022507
2022-02-08 16:34:34,361 - INFO basePage.py [line:79]: 等待"启用盘点模板断言"时长:0:00:00.022507
