2022-02-08 16:22:33,309 - INFO basePage.py [line:88]: 查找"输入账号"元素，元素定位:('xpath', "//*[@id='app']/div/div[1]/div[2]/form/div[2]/div/div/input")
2022-02-08 16:22:33,309 - INFO basePage.py [line:88]: 查找"输入账号"元素，元素定位:('xpath', "//*[@id='app']/div/div[1]/div[2]/form/div[2]/div/div/input")
2022-02-08 16:22:33,355 - INFO basePage.py [line:113]: 在"输入账号"输入"oms1212",元素定位:('xpath', "//*[@id='app']/div/div[1]/div[2]/form/div[2]/div/div/input")
2022-02-08 16:22:33,355 - INFO basePage.py [line:113]: 在"输入账号"输入"oms1212",元素定位:('xpath', "//*[@id='app']/div/div[1]/div[2]/form/div[2]/div/div/input")
2022-02-08 16:22:33,459 - INFO basePage.py [line:88]: 查找"输入密码"元素，元素定位:('xpath', "//*[@id='app']/div/div[1]/div[2]/form/div[3]/div/div/input")
2022-02-08 16:22:33,459 - INFO basePage.py [line:88]: 查找"输入密码"元素，元素定位:('xpath', "//*[@id='app']/div/div[1]/div[2]/form/div[3]/div/div/input")
2022-02-08 16:22:33,472 - INFO basePage.py [line:113]: 在"输入密码"输入"Qq123456",元素定位:('xpath', "//*[@id='app']/div/div[1]/div[2]/form/div[3]/div/div/input")
2022-02-08 16:22:33,472 - INFO basePage.py [line:113]: 在"输入密码"输入"Qq123456",元素定位:('xpath', "//*[@id='app']/div/div[1]/div[2]/form/div[3]/div/div/input")
2022-02-08 16:22:33,532 - INFO basePage.py [line:88]: 查找"点击登录"元素，元素定位:('xpath', "//*[@id='app']/div/div[1]/div[2]/form/button")
2022-02-08 16:22:33,532 - INFO basePage.py [line:88]: 查找"点击登录"元素，元素定位:('xpath', "//*[@id='app']/div/div[1]/div[2]/form/button")
2022-02-08 16:22:33,543 - INFO basePage.py [line:140]: 点击"点击登录",元素定位:('xpath', "//*[@id='app']/div/div[1]/div[2]/form/button")
2022-02-08 16:22:33,543 - INFO basePage.py [line:140]: 点击"点击登录",元素定位:('xpath', "//*[@id='app']/div/div[1]/div[2]/form/button")
2022-02-08 16:22:36,608 - INFO basePage.py [line:88]: 查找"供应链管理"元素，元素定位:('xpath', "//*[@id='app']/div/div[1]/div[2]/div[1]/div/ul/div[2]/li/div")
2022-02-08 16:22:36,608 - INFO basePage.py [line:88]: 查找"供应链管理"元素，元素定位:('xpath', "//*[@id='app']/div/div[1]/div[2]/div[1]/div/ul/div[2]/li/div")
2022-02-08 16:22:36,624 - INFO basePage.py [line:140]: 点击"供应链管理",元素定位:('xpath', "//*[@id='app']/div/div[1]/div[2]/div[1]/div/ul/div[2]/li/div")
2022-02-08 16:22:36,624 - INFO basePage.py [line:140]: 点击"供应链管理",元素定位:('xpath', "//*[@id='app']/div/div[1]/div[2]/div[1]/div/ul/div[2]/li/div")
2022-02-08 16:22:36,668 - INFO basePage.py [line:88]: 查找"盘点模板管理"元素，元素定位:('xpath', "//*[@id='app']/div/div[1]/div[2]/div[1]/div/ul/div[2]/li/ul/div[9]/a/li")
2022-02-08 16:22:36,668 - INFO basePage.py [line:88]: 查找"盘点模板管理"元素，元素定位:('xpath', "//*[@id='app']/div/div[1]/div[2]/div[1]/div/ul/div[2]/li/ul/div[9]/a/li")
2022-02-08 16:22:36,679 - INFO basePage.py [line:140]: 点击"盘点模板管理",元素定位:('xpath', "//*[@id='app']/div/div[1]/div[2]/div[1]/div/ul/div[2]/li/ul/div[9]/a/li")
2022-02-08 16:22:36,679 - INFO basePage.py [line:140]: 点击"盘点模板管理",元素定位:('xpath', "//*[@id='app']/div/div[1]/div[2]/div[1]/div/ul/div[2]/li/ul/div[9]/a/li")
2022-02-08 16:22:38,947 - INFO basePage.py [line:88]: 查找"点击停用盘点模板"元素，元素定位:('xpath', "//*[@id='app']/div/div[2]/section/div/section/main/section/main/div/div[1]/div[4]/div[2]/table/tbody/tr[1]/td[2]/div/button[3]/span")
2022-02-08 16:22:38,947 - INFO basePage.py [line:88]: 查找"点击停用盘点模板"元素，元素定位:('xpath', "//*[@id='app']/div/div[2]/section/div/section/main/section/main/div/div[1]/div[4]/div[2]/table/tbody/tr[1]/td[2]/div/button[3]/span")
2022-02-08 16:22:39,102 - INFO basePage.py [line:140]: 点击"点击停用盘点模板",元素定位:('xpath', "//*[@id='app']/div/div[2]/section/div/section/main/section/main/div/div[1]/div[4]/div[2]/table/tbody/tr[1]/td[2]/div/button[3]/span")
2022-02-08 16:22:39,102 - INFO basePage.py [line:140]: 点击"点击停用盘点模板",元素定位:('xpath', "//*[@id='app']/div/div[2]/section/div/section/main/section/main/div/div[1]/div[4]/div[2]/table/tbody/tr[1]/td[2]/div/button[3]/span")
2022-02-08 16:22:40,537 - INFO basePage.py [line:74]: 等待"停用盘点模板断言"元素,定位方式:('xpath', '/html/body/div[2]/p')
2022-02-08 16:22:40,537 - INFO basePage.py [line:74]: 等待"停用盘点模板断言"元素,定位方式:('xpath', '/html/body/div[2]/p')
2022-02-08 16:22:40,573 - INFO basePage.py [line:79]: 等待"停用盘点模板断言"时长:0:00:00.032176
2022-02-08 16:22:40,573 - INFO basePage.py [line:79]: 等待"停用盘点模板断言"时长:0:00:00.032176
2022-02-08 16:22:59,080 - INFO basePage.py [line:88]: 查找"输入账号"元素，元素定位:('xpath', "//*[@id='app']/div/div[1]/div[2]/form/div[2]/div/div/input")
2022-02-08 16:22:59,080 - INFO basePage.py [line:88]: 查找"输入账号"元素，元素定位:('xpath', "//*[@id='app']/div/div[1]/div[2]/form/div[2]/div/div/input")
2022-02-08 16:22:59,095 - INFO basePage.py [line:113]: 在"输入账号"输入"oms1212",元素定位:('xpath', "//*[@id='app']/div/div[1]/div[2]/form/div[2]/div/div/input")
2022-02-08 16:22:59,095 - INFO basePage.py [line:113]: 在"输入账号"输入"oms1212",元素定位:('xpath', "//*[@id='app']/div/div[1]/div[2]/form/div[2]/div/div/input")
2022-02-08 16:22:59,179 - INFO basePage.py [line:88]: 查找"输入密码"元素，元素定位:('xpath', "//*[@id='app']/div/div[1]/div[2]/form/div[3]/div/div/input")
2022-02-08 16:22:59,179 - INFO basePage.py [line:88]: 查找"输入密码"元素，元素定位:('xpath', "//*[@id='app']/div/div[1]/div[2]/form/div[3]/div/div/input")
2022-02-08 16:22:59,191 - INFO basePage.py [line:113]: 在"输入密码"输入"Qq123456",元素定位:('xpath', "//*[@id='app']/div/div[1]/div[2]/form/div[3]/div/div/input")
2022-02-08 16:22:59,191 - INFO basePage.py [line:113]: 在"输入密码"输入"Qq123456",元素定位:('xpath', "//*[@id='app']/div/div[1]/div[2]/form/div[3]/div/div/input")
2022-02-08 16:22:59,256 - INFO basePage.py [line:88]: 查找"点击登录"元素，元素定位:('xpath', "//*[@id='app']/div/div[1]/div[2]/form/button")
2022-02-08 16:22:59,256 - INFO basePage.py [line:88]: 查找"点击登录"元素，元素定位:('xpath', "//*[@id='app']/div/div[1]/div[2]/form/button")
2022-02-08 16:22:59,268 - INFO basePage.py [line:140]: 点击"点击登录",元素定位:('xpath', "//*[@id='app']/div/div[1]/div[2]/form/button")
2022-02-08 16:22:59,268 - INFO basePage.py [line:140]: 点击"点击登录",元素定位:('xpath', "//*[@id='app']/div/div[1]/div[2]/form/button")
2022-02-08 16:23:02,323 - INFO basePage.py [line:88]: 查找"供应链管理"元素，元素定位:('xpath', "//*[@id='app']/div/div[1]/div[2]/div[1]/div/ul/div[2]/li/div")
2022-02-08 16:23:02,323 - INFO basePage.py [line:88]: 查找"供应链管理"元素，元素定位:('xpath', "//*[@id='app']/div/div[1]/div[2]/div[1]/div/ul/div[2]/li/div")
2022-02-08 16:23:02,357 - INFO basePage.py [line:140]: 点击"供应链管理",元素定位:('xpath', "//*[@id='app']/div/div[1]/div[2]/div[1]/div/ul/div[2]/li/div")
2022-02-08 16:23:02,357 - INFO basePage.py [line:140]: 点击"供应链管理",元素定位:('xpath', "//*[@id='app']/div/div[1]/div[2]/div[1]/div/ul/div[2]/li/div")
2022-02-08 16:23:02,435 - INFO basePage.py [line:88]: 查找"盘点模板管理"元素，元素定位:('xpath', "//*[@id='app']/div/div[1]/div[2]/div[1]/div/ul/div[2]/li/ul/div[9]/a/li")
2022-02-08 16:23:02,435 - INFO basePage.py [line:88]: 查找"盘点模板管理"元素，元素定位:('xpath', "//*[@id='app']/div/div[1]/div[2]/div[1]/div/ul/div[2]/li/ul/div[9]/a/li")
2022-02-08 16:23:02,459 - INFO basePage.py [line:140]: 点击"盘点模板管理",元素定位:('xpath', "//*[@id='app']/div/div[1]/div[2]/div[1]/div/ul/div[2]/li/ul/div[9]/a/li")
2022-02-08 16:23:02,459 - INFO basePage.py [line:140]: 点击"盘点模板管理",元素定位:('xpath', "//*[@id='app']/div/div[1]/div[2]/div[1]/div/ul/div[2]/li/ul/div[9]/a/li")
2022-02-08 16:23:04,732 - INFO basePage.py [line:88]: 查找"点击启用盘点模板"元素，元素定位:('xpath', "//*[@id='app']/div/div[2]/section/div/section/main/section/main/div/div[1]/div[4]/div[2]/table/tbody/tr[1]/td[2]/div/button[3]/span")
2022-02-08 16:23:04,732 - INFO basePage.py [line:88]: 查找"点击启用盘点模板"元素，元素定位:('xpath', "//*[@id='app']/div/div[2]/section/div/section/main/section/main/div/div[1]/div[4]/div[2]/table/tbody/tr[1]/td[2]/div/button[3]/span")
2022-02-08 16:23:05,092 - INFO basePage.py [line:140]: 点击"点击启用盘点模板",元素定位:('xpath', "//*[@id='app']/div/div[2]/section/div/section/main/section/main/div/div[1]/div[4]/div[2]/table/tbody/tr[1]/td[2]/div/button[3]/span")
2022-02-08 16:23:05,092 - INFO basePage.py [line:140]: 点击"点击启用盘点模板",元素定位:('xpath', "//*[@id='app']/div/div[2]/section/div/section/main/section/main/div/div[1]/div[4]/div[2]/table/tbody/tr[1]/td[2]/div/button[3]/span")
2022-02-08 16:23:06,594 - INFO basePage.py [line:74]: 等待"启用盘点模板断言"元素,定位方式:('xpath', '/html/body/div[2]/p')
2022-02-08 16:23:06,594 - INFO basePage.py [line:74]: 等待"启用盘点模板断言"元素,定位方式:('xpath', '/html/body/div[2]/p')
2022-02-08 16:23:21,204 - ERROR basePage.py [line:81]: 等待"启用盘点模板断言"元素失败,定位方式:('xpath', '/html/body/div[2]/p')
Traceback (most recent call last):
  File "..\Common\basePage.py", line 77, in wait_text
    WebDriverWait(self.driver, timeout, poll_frequency).until(EC.text_to_be_present_in_element(loc,text))
  File "C:\Users\bonjour\AppData\Local\Programs\Python\Python39\lib\site-packages\selenium\webdriver\support\wait.py", line 80, in until
    raise TimeoutException(message, screen, stacktrace)
selenium.common.exceptions.TimeoutException: Message: 

2022-02-08 16:23:21,204 - ERROR basePage.py [line:81]: 等待"启用盘点模板断言"元素失败,定位方式:('xpath', '/html/body/div[2]/p')
Traceback (most recent call last):
  File "..\Common\basePage.py", line 77, in wait_text
    WebDriverWait(self.driver, timeout, poll_frequency).until(EC.text_to_be_present_in_element(loc,text))
  File "C:\Users\bonjour\AppData\Local\Programs\Python\Python39\lib\site-packages\selenium\webdriver\support\wait.py", line 80, in until
    raise TimeoutException(message, screen, stacktrace)
selenium.common.exceptions.TimeoutException: Message: 

2022-02-08 16:23:21,382 - INFO basePage.py [line:247]: 截屏成功,图片路径为E:\12\Screenshots\2022-02-08\等待元素[启用盘点模板断言]出现异常_20220208_162321.png
2022-02-08 16:23:21,382 - INFO basePage.py [line:247]: 截屏成功,图片路径为E:\12\Screenshots\2022-02-08\等待元素[启用盘点模板断言]出现异常_20220208_162321.png
