2022-01-19 15:27:50,028 - INFO basePage.py [line:88]: 查找"输入账号"元素，元素定位:('xpath', "//*[@id='app']/div/div[1]/div[2]/form/div[2]/div/div/input")
2022-01-19 15:27:50,028 - INFO basePage.py [line:88]: 查找"输入账号"元素，元素定位:('xpath', "//*[@id='app']/div/div[1]/div[2]/form/div[2]/div/div/input")
2022-01-19 15:27:50,041 - INFO basePage.py [line:113]: 在"输入账号"输入"oms1212",元素定位:('xpath', "//*[@id='app']/div/div[1]/div[2]/form/div[2]/div/div/input")
2022-01-19 15:27:50,041 - INFO basePage.py [line:113]: 在"输入账号"输入"oms1212",元素定位:('xpath', "//*[@id='app']/div/div[1]/div[2]/form/div[2]/div/div/input")
2022-01-19 15:27:50,115 - INFO basePage.py [line:88]: 查找"输入密码"元素，元素定位:('xpath', "//*[@id='app']/div/div[1]/div[2]/form/div[3]/div/div/input")
2022-01-19 15:27:50,115 - INFO basePage.py [line:88]: 查找"输入密码"元素，元素定位:('xpath', "//*[@id='app']/div/div[1]/div[2]/form/div[3]/div/div/input")
2022-01-19 15:27:50,129 - INFO basePage.py [line:113]: 在"输入密码"输入"Qq123456",元素定位:('xpath', "//*[@id='app']/div/div[1]/div[2]/form/div[3]/div/div/input")
2022-01-19 15:27:50,129 - INFO basePage.py [line:113]: 在"输入密码"输入"Qq123456",元素定位:('xpath', "//*[@id='app']/div/div[1]/div[2]/form/div[3]/div/div/input")
2022-01-19 15:27:50,193 - INFO basePage.py [line:88]: 查找"点击登录"元素，元素定位:('xpath', "//*[@id='app']/div/div[1]/div[2]/form/button")
2022-01-19 15:27:50,193 - INFO basePage.py [line:88]: 查找"点击登录"元素，元素定位:('xpath', "//*[@id='app']/div/div[1]/div[2]/form/button")
2022-01-19 15:27:50,204 - INFO basePage.py [line:140]: 点击"点击登录",元素定位:('xpath', "//*[@id='app']/div/div[1]/div[2]/form/button")
2022-01-19 15:27:50,204 - INFO basePage.py [line:140]: 点击"点击登录",元素定位:('xpath', "//*[@id='app']/div/div[1]/div[2]/form/button")
2022-01-19 15:27:52,259 - INFO basePage.py [line:88]: 查找"展开模块"元素，元素定位:('class name', 'hamburger-container')
2022-01-19 15:27:52,259 - INFO basePage.py [line:88]: 查找"展开模块"元素，元素定位:('class name', 'hamburger-container')
2022-01-19 15:27:52,277 - INFO basePage.py [line:140]: 点击"展开模块",元素定位:('class name', 'hamburger-container')
2022-01-19 15:27:52,277 - INFO basePage.py [line:140]: 点击"展开模块",元素定位:('class name', 'hamburger-container')
2022-01-19 15:27:53,352 - INFO basePage.py [line:88]: 查找"供应链管理"元素，元素定位:('xpath', "//*[@id='app']/div/div[2]/div[2]/div[1]/div/ul/div[2]/li/div")
2022-01-19 15:27:53,352 - INFO basePage.py [line:88]: 查找"供应链管理"元素，元素定位:('xpath', "//*[@id='app']/div/div[2]/div[2]/div[1]/div/ul/div[2]/li/div")
2022-01-19 15:27:53,403 - INFO basePage.py [line:140]: 点击"供应链管理",元素定位:('xpath', "//*[@id='app']/div/div[2]/div[2]/div[1]/div/ul/div[2]/li/div")
2022-01-19 15:27:53,403 - INFO basePage.py [line:140]: 点击"供应链管理",元素定位:('xpath', "//*[@id='app']/div/div[2]/div[2]/div[1]/div/ul/div[2]/li/div")
2022-01-19 15:27:53,449 - INFO basePage.py [line:88]: 查找"员工餐管理"元素，元素定位:('xpath', "//*[@id='app']/div/div[2]/div[2]/div[1]/div/ul/div[2]/li/ul/div[6]/li/div")
2022-01-19 15:27:53,449 - INFO basePage.py [line:88]: 查找"员工餐管理"元素，元素定位:('xpath', "//*[@id='app']/div/div[2]/div[2]/div[1]/div/ul/div[2]/li/ul/div[6]/li/div")
2022-01-19 15:27:53,459 - INFO basePage.py [line:140]: 点击"员工餐管理",元素定位:('xpath', "//*[@id='app']/div/div[2]/div[2]/div[1]/div/ul/div[2]/li/ul/div[6]/li/div")
2022-01-19 15:27:53,459 - INFO basePage.py [line:140]: 点击"员工餐管理",元素定位:('xpath', "//*[@id='app']/div/div[2]/div[2]/div[1]/div/ul/div[2]/li/ul/div[6]/li/div")
2022-01-19 15:27:55,632 - INFO basePage.py [line:88]: 查找"点击员工餐模板"元素，元素定位:('xpath', "//*[@id='app']/div/div[2]/div[2]/div[1]/div/ul/div[2]/li/ul/div[6]/li/ul/div[1]/a/li")
2022-01-19 15:27:55,632 - INFO basePage.py [line:88]: 查找"点击员工餐模板"元素，元素定位:('xpath', "//*[@id='app']/div/div[2]/div[2]/div[1]/div/ul/div[2]/li/ul/div[6]/li/ul/div[1]/a/li")
2022-01-19 15:27:55,644 - INFO basePage.py [line:140]: 点击"点击员工餐模板",元素定位:('xpath', "//*[@id='app']/div/div[2]/div[2]/div[1]/div/ul/div[2]/li/ul/div[6]/li/ul/div[1]/a/li")
2022-01-19 15:27:55,644 - INFO basePage.py [line:140]: 点击"点击员工餐模板",元素定位:('xpath', "//*[@id='app']/div/div[2]/div[2]/div[1]/div/ul/div[2]/li/ul/div[6]/li/ul/div[1]/a/li")
2022-01-19 15:27:55,703 - INFO basePage.py [line:88]: 查找"点击新增员工餐模板"元素，元素定位:('xpath', "//*[@id='app']/div/div[2]/section/div/section/header/div[2]/button")
2022-01-19 15:27:55,703 - INFO basePage.py [line:88]: 查找"点击新增员工餐模板"元素，元素定位:('xpath', "//*[@id='app']/div/div[2]/section/div/section/header/div[2]/button")
2022-01-19 15:27:57,722 - INFO basePage.py [line:140]: 点击"点击新增员工餐模板",元素定位:('xpath', "//*[@id='app']/div/div[2]/section/div/section/header/div[2]/button")
2022-01-19 15:27:57,722 - INFO basePage.py [line:140]: 点击"点击新增员工餐模板",元素定位:('xpath', "//*[@id='app']/div/div[2]/section/div/section/header/div[2]/button")
2022-01-19 15:27:57,974 - INFO basePage.py [line:88]: 查找"模板名称"元素，元素定位:('xpath', "//*[@id='app']/div/div[2]/section/div/section/div/div/div[2]/div[3]/div[1]/div[2]/div/form/div[1]/div/div/input")
2022-01-19 15:27:57,974 - INFO basePage.py [line:88]: 查找"模板名称"元素，元素定位:('xpath', "//*[@id='app']/div/div[2]/section/div/section/div/div/div[2]/div[3]/div[1]/div[2]/div/form/div[1]/div/div/input")
2022-01-19 15:27:57,990 - INFO basePage.py [line:113]: 在"模板名称"输入"99790456283",元素定位:('xpath', "//*[@id='app']/div/div[2]/section/div/section/div/div/div[2]/div[3]/div[1]/div[2]/div/form/div[1]/div/div/input")
2022-01-19 15:27:57,990 - INFO basePage.py [line:113]: 在"模板名称"输入"99790456283",元素定位:('xpath', "//*[@id='app']/div/div[2]/section/div/section/div/div/div[2]/div[3]/div[1]/div[2]/div/form/div[1]/div/div/input")
2022-01-19 15:27:58,083 - INFO basePage.py [line:88]: 查找"点击确定"元素，元素定位:('xpath', "//*[@id='app']/div/div[2]/section/div/section/div/div/div[3]/div/button[2]/span")
2022-01-19 15:27:58,083 - INFO basePage.py [line:88]: 查找"点击确定"元素，元素定位:('xpath', "//*[@id='app']/div/div[2]/section/div/section/div/div/div[3]/div/button[2]/span")
2022-01-19 15:27:58,095 - INFO basePage.py [line:140]: 点击"点击确定",元素定位:('xpath', "//*[@id='app']/div/div[2]/section/div/section/div/div/div[3]/div/button[2]/span")
2022-01-19 15:27:58,095 - INFO basePage.py [line:140]: 点击"点击确定",元素定位:('xpath', "//*[@id='app']/div/div[2]/section/div/section/div/div/div[3]/div/button[2]/span")
2022-01-19 15:27:59,195 - ERROR basePage.py [line:144]: "点击确定"点击失败
Traceback (most recent call last):
  File "..\Common\basePage.py", line 142, in click_element
    ele.click()
  File "c:\users\bonjour\appdata\local\programs\python\python39\lib\site-packages\selenium\webdriver\remote\webelement.py", line 80, in click
    self._execute(Command.CLICK_ELEMENT)
  File "c:\users\bonjour\appdata\local\programs\python\python39\lib\site-packages\selenium\webdriver\remote\webelement.py", line 633, in _execute
    return self._parent.execute(command, params)
  File "c:\users\bonjour\appdata\local\programs\python\python39\lib\site-packages\selenium\webdriver\remote\webdriver.py", line 321, in execute
    self.error_handler.check_response(response)
  File "c:\users\bonjour\appdata\local\programs\python\python39\lib\site-packages\selenium\webdriver\remote\errorhandler.py", line 242, in check_response
    raise exception_class(message, screen, stacktrace)
selenium.common.exceptions.ElementClickInterceptedException: Message: element click intercepted: Element <span>...</span> is not clickable at point (418, 557). Other element would receive the click: <div data-v-fbc0c6fa="" data-v-76068154="" class="el-dialog__wrapper dialog-spec" store-editable="true" style="z-index: 2002;">...</div>
  (Session info: headless chrome=97.0.4692.71)

2022-01-19 15:27:59,195 - ERROR basePage.py [line:144]: "点击确定"点击失败
Traceback (most recent call last):
  File "..\Common\basePage.py", line 142, in click_element
    ele.click()
  File "c:\users\bonjour\appdata\local\programs\python\python39\lib\site-packages\selenium\webdriver\remote\webelement.py", line 80, in click
    self._execute(Command.CLICK_ELEMENT)
  File "c:\users\bonjour\appdata\local\programs\python\python39\lib\site-packages\selenium\webdriver\remote\webelement.py", line 633, in _execute
    return self._parent.execute(command, params)
  File "c:\users\bonjour\appdata\local\programs\python\python39\lib\site-packages\selenium\webdriver\remote\webdriver.py", line 321, in execute
    self.error_handler.check_response(response)
  File "c:\users\bonjour\appdata\local\programs\python\python39\lib\site-packages\selenium\webdriver\remote\errorhandler.py", line 242, in check_response
    raise exception_class(message, screen, stacktrace)
selenium.common.exceptions.ElementClickInterceptedException: Message: element click intercepted: Element <span>...</span> is not clickable at point (418, 557). Other element would receive the click: <div data-v-fbc0c6fa="" data-v-76068154="" class="el-dialog__wrapper dialog-spec" store-editable="true" style="z-index: 2002;">...</div>
  (Session info: headless chrome=97.0.4692.71)

2022-01-19 15:27:59,272 - INFO basePage.py [line:247]: 截屏成功,图片路径为E:\12\Screenshots\2022-01-19\[点击确定]点击异常_20220119_152759.png
2022-01-19 15:27:59,272 - INFO basePage.py [line:247]: 截屏成功,图片路径为E:\12\Screenshots\2022-01-19\[点击确定]点击异常_20220119_152759.png
2022-01-19 15:28:27,884 - INFO basePage.py [line:88]: 查找"输入账号"元素，元素定位:('xpath', "//*[@id='app']/div/div[1]/div[2]/form/div[2]/div/div/input")
2022-01-19 15:28:27,884 - INFO basePage.py [line:88]: 查找"输入账号"元素，元素定位:('xpath', "//*[@id='app']/div/div[1]/div[2]/form/div[2]/div/div/input")
2022-01-19 15:28:27,902 - INFO basePage.py [line:113]: 在"输入账号"输入"oms1212",元素定位:('xpath', "//*[@id='app']/div/div[1]/div[2]/form/div[2]/div/div/input")
2022-01-19 15:28:27,902 - INFO basePage.py [line:113]: 在"输入账号"输入"oms1212",元素定位:('xpath', "//*[@id='app']/div/div[1]/div[2]/form/div[2]/div/div/input")
2022-01-19 15:28:27,986 - INFO basePage.py [line:88]: 查找"输入密码"元素，元素定位:('xpath', "//*[@id='app']/div/div[1]/div[2]/form/div[3]/div/div/input")
2022-01-19 15:28:27,986 - INFO basePage.py [line:88]: 查找"输入密码"元素，元素定位:('xpath', "//*[@id='app']/div/div[1]/div[2]/form/div[3]/div/div/input")
2022-01-19 15:28:27,999 - INFO basePage.py [line:113]: 在"输入密码"输入"Qq123456",元素定位:('xpath', "//*[@id='app']/div/div[1]/div[2]/form/div[3]/div/div/input")
2022-01-19 15:28:27,999 - INFO basePage.py [line:113]: 在"输入密码"输入"Qq123456",元素定位:('xpath', "//*[@id='app']/div/div[1]/div[2]/form/div[3]/div/div/input")
2022-01-19 15:28:28,112 - INFO basePage.py [line:88]: 查找"点击登录"元素，元素定位:('xpath', "//*[@id='app']/div/div[1]/div[2]/form/button")
2022-01-19 15:28:28,112 - INFO basePage.py [line:88]: 查找"点击登录"元素，元素定位:('xpath', "//*[@id='app']/div/div[1]/div[2]/form/button")
2022-01-19 15:28:28,128 - INFO basePage.py [line:140]: 点击"点击登录",元素定位:('xpath', "//*[@id='app']/div/div[1]/div[2]/form/button")
2022-01-19 15:28:28,128 - INFO basePage.py [line:140]: 点击"点击登录",元素定位:('xpath', "//*[@id='app']/div/div[1]/div[2]/form/button")
2022-01-19 15:28:30,208 - INFO basePage.py [line:88]: 查找"展开模块"元素，元素定位:('class name', 'hamburger-container')
2022-01-19 15:28:30,208 - INFO basePage.py [line:88]: 查找"展开模块"元素，元素定位:('class name', 'hamburger-container')
2022-01-19 15:28:30,227 - INFO basePage.py [line:140]: 点击"展开模块",元素定位:('class name', 'hamburger-container')
2022-01-19 15:28:30,227 - INFO basePage.py [line:140]: 点击"展开模块",元素定位:('class name', 'hamburger-container')
2022-01-19 15:28:31,303 - INFO basePage.py [line:88]: 查找"供应链管理"元素，元素定位:('xpath', "//*[@id='app']/div/div[2]/div[2]/div[1]/div/ul/div[2]/li/div")
2022-01-19 15:28:31,303 - INFO basePage.py [line:88]: 查找"供应链管理"元素，元素定位:('xpath', "//*[@id='app']/div/div[2]/div[2]/div[1]/div/ul/div[2]/li/div")
2022-01-19 15:28:31,335 - INFO basePage.py [line:140]: 点击"供应链管理",元素定位:('xpath', "//*[@id='app']/div/div[2]/div[2]/div[1]/div/ul/div[2]/li/div")
2022-01-19 15:28:31,335 - INFO basePage.py [line:140]: 点击"供应链管理",元素定位:('xpath', "//*[@id='app']/div/div[2]/div[2]/div[1]/div/ul/div[2]/li/div")
2022-01-19 15:28:31,378 - INFO basePage.py [line:88]: 查找"员工餐管理"元素，元素定位:('xpath', "//*[@id='app']/div/div[2]/div[2]/div[1]/div/ul/div[2]/li/ul/div[6]/li/div")
2022-01-19 15:28:31,378 - INFO basePage.py [line:88]: 查找"员工餐管理"元素，元素定位:('xpath', "//*[@id='app']/div/div[2]/div[2]/div[1]/div/ul/div[2]/li/ul/div[6]/li/div")
2022-01-19 15:28:31,391 - INFO basePage.py [line:140]: 点击"员工餐管理",元素定位:('xpath', "//*[@id='app']/div/div[2]/div[2]/div[1]/div/ul/div[2]/li/ul/div[6]/li/div")
2022-01-19 15:28:31,391 - INFO basePage.py [line:140]: 点击"员工餐管理",元素定位:('xpath', "//*[@id='app']/div/div[2]/div[2]/div[1]/div/ul/div[2]/li/ul/div[6]/li/div")
2022-01-19 15:28:33,560 - INFO basePage.py [line:88]: 查找"点击员工餐模板"元素，元素定位:('xpath', "//*[@id='app']/div/div[2]/div[2]/div[1]/div/ul/div[2]/li/ul/div[6]/li/ul/div[1]/a/li")
2022-01-19 15:28:33,560 - INFO basePage.py [line:88]: 查找"点击员工餐模板"元素，元素定位:('xpath', "//*[@id='app']/div/div[2]/div[2]/div[1]/div/ul/div[2]/li/ul/div[6]/li/ul/div[1]/a/li")
2022-01-19 15:28:33,576 - INFO basePage.py [line:140]: 点击"点击员工餐模板",元素定位:('xpath', "//*[@id='app']/div/div[2]/div[2]/div[1]/div/ul/div[2]/li/ul/div[6]/li/ul/div[1]/a/li")
2022-01-19 15:28:33,576 - INFO basePage.py [line:140]: 点击"点击员工餐模板",元素定位:('xpath', "//*[@id='app']/div/div[2]/div[2]/div[1]/div/ul/div[2]/li/ul/div[6]/li/ul/div[1]/a/li")
2022-01-19 15:28:33,641 - INFO basePage.py [line:88]: 查找"点击新增员工餐模板"元素，元素定位:('xpath', "//*[@id='app']/div/div[2]/section/div/section/header/div[2]/button")
2022-01-19 15:28:33,641 - INFO basePage.py [line:88]: 查找"点击新增员工餐模板"元素，元素定位:('xpath', "//*[@id='app']/div/div[2]/section/div/section/header/div[2]/button")
2022-01-19 15:28:35,704 - INFO basePage.py [line:140]: 点击"点击新增员工餐模板",元素定位:('xpath', "//*[@id='app']/div/div[2]/section/div/section/header/div[2]/button")
2022-01-19 15:28:35,704 - INFO basePage.py [line:140]: 点击"点击新增员工餐模板",元素定位:('xpath', "//*[@id='app']/div/div[2]/section/div/section/header/div[2]/button")
2022-01-19 15:28:36,000 - INFO basePage.py [line:88]: 查找"模板名称"元素，元素定位:('xpath', "//*[@id='app']/div/div[2]/section/div/section/div/div/div[2]/div[3]/div[1]/div[2]/div/form/div[1]/div/div/input")
2022-01-19 15:28:36,000 - INFO basePage.py [line:88]: 查找"模板名称"元素，元素定位:('xpath', "//*[@id='app']/div/div[2]/section/div/section/div/div/div[2]/div[3]/div[1]/div[2]/div/form/div[1]/div/div/input")
2022-01-19 15:28:36,058 - INFO basePage.py [line:113]: 在"模板名称"输入"99790456283",元素定位:('xpath', "//*[@id='app']/div/div[2]/section/div/section/div/div/div[2]/div[3]/div[1]/div[2]/div/form/div[1]/div/div/input")
2022-01-19 15:28:36,058 - INFO basePage.py [line:113]: 在"模板名称"输入"99790456283",元素定位:('xpath', "//*[@id='app']/div/div[2]/section/div/section/div/div/div[2]/div[3]/div[1]/div[2]/div/form/div[1]/div/div/input")
2022-01-19 15:28:36,330 - INFO basePage.py [line:88]: 查找"点击确定"元素，元素定位:('xpath', "//*[@id='app']/div/div[2]/section/div/section/div/div/div[3]/div/button[2]/span")
2022-01-19 15:28:36,330 - INFO basePage.py [line:88]: 查找"点击确定"元素，元素定位:('xpath', "//*[@id='app']/div/div[2]/section/div/section/div/div/div[3]/div/button[2]/span")
2022-01-19 15:28:36,345 - INFO basePage.py [line:140]: 点击"点击确定",元素定位:('xpath', "//*[@id='app']/div/div[2]/section/div/section/div/div/div[3]/div/button[2]/span")
2022-01-19 15:28:36,345 - INFO basePage.py [line:140]: 点击"点击确定",元素定位:('xpath', "//*[@id='app']/div/div[2]/section/div/section/div/div/div[3]/div/button[2]/span")
2022-01-19 15:28:36,381 - INFO basePage.py [line:74]: 等待"断言"元素,定位方式:('xpath', '/html/body/div[4]/p')
2022-01-19 15:28:36,381 - INFO basePage.py [line:74]: 等待"断言"元素,定位方式:('xpath', '/html/body/div[4]/p')
2022-01-19 15:29:07,958 - ERROR basePage.py [line:81]: 等待"断言"元素失败,定位方式:('xpath', '/html/body/div[4]/p')
Traceback (most recent call last):
  File "..\Common\basePage.py", line 77, in wait_text
    WebDriverWait(self.driver, timeout, poll_frequency).until(EC.text_to_be_present_in_element(loc,text))
  File "c:\users\bonjour\appdata\local\programs\python\python39\lib\site-packages\selenium\webdriver\support\wait.py", line 80, in until
    raise TimeoutException(message, screen, stacktrace)
selenium.common.exceptions.TimeoutException: Message: 

2022-01-19 15:29:07,958 - ERROR basePage.py [line:81]: 等待"断言"元素失败,定位方式:('xpath', '/html/body/div[4]/p')
Traceback (most recent call last):
  File "..\Common\basePage.py", line 77, in wait_text
    WebDriverWait(self.driver, timeout, poll_frequency).until(EC.text_to_be_present_in_element(loc,text))
  File "c:\users\bonjour\appdata\local\programs\python\python39\lib\site-packages\selenium\webdriver\support\wait.py", line 80, in until
    raise TimeoutException(message, screen, stacktrace)
selenium.common.exceptions.TimeoutException: Message: 

2022-01-19 15:29:08,031 - INFO basePage.py [line:247]: 截屏成功,图片路径为E:\12\Screenshots\2022-01-19\等待元素[断言]出现异常_20220119_152907.png
2022-01-19 15:29:08,031 - INFO basePage.py [line:247]: 截屏成功,图片路径为E:\12\Screenshots\2022-01-19\等待元素[断言]出现异常_20220119_152907.png
