2022-01-19 16:02:47,163 - INFO basePage.py [line:88]: 查找"输入账号"元素，元素定位:('xpath', "//*[@id='app']/div/div[1]/div[2]/form/div[2]/div/div/input")
2022-01-19 16:02:47,163 - INFO basePage.py [line:88]: 查找"输入账号"元素，元素定位:('xpath', "//*[@id='app']/div/div[1]/div[2]/form/div[2]/div/div/input")
2022-01-19 16:02:47,175 - INFO basePage.py [line:113]: 在"输入账号"输入"pengjie32",元素定位:('xpath', "//*[@id='app']/div/div[1]/div[2]/form/div[2]/div/div/input")
2022-01-19 16:02:47,175 - INFO basePage.py [line:113]: 在"输入账号"输入"pengjie32",元素定位:('xpath', "//*[@id='app']/div/div[1]/div[2]/form/div[2]/div/div/input")
2022-01-19 16:02:47,257 - INFO basePage.py [line:88]: 查找"输入密码"元素，元素定位:('xpath', "//*[@id='app']/div/div[1]/div[2]/form/div[3]/div/div/input")
2022-01-19 16:02:47,257 - INFO basePage.py [line:88]: 查找"输入密码"元素，元素定位:('xpath', "//*[@id='app']/div/div[1]/div[2]/form/div[3]/div/div/input")
2022-01-19 16:02:47,270 - INFO basePage.py [line:113]: 在"输入密码"输入"Qq123456",元素定位:('xpath', "//*[@id='app']/div/div[1]/div[2]/form/div[3]/div/div/input")
2022-01-19 16:02:47,270 - INFO basePage.py [line:113]: 在"输入密码"输入"Qq123456",元素定位:('xpath', "//*[@id='app']/div/div[1]/div[2]/form/div[3]/div/div/input")
2022-01-19 16:02:47,330 - INFO basePage.py [line:88]: 查找"点击登录"元素，元素定位:('xpath', "//*[@id='app']/div/div[1]/div[2]/form/button")
2022-01-19 16:02:47,330 - INFO basePage.py [line:88]: 查找"点击登录"元素，元素定位:('xpath', "//*[@id='app']/div/div[1]/div[2]/form/button")
2022-01-19 16:02:47,340 - INFO basePage.py [line:140]: 点击"点击登录",元素定位:('xpath', "//*[@id='app']/div/div[1]/div[2]/form/button")
2022-01-19 16:02:47,340 - INFO basePage.py [line:140]: 点击"点击登录",元素定位:('xpath', "//*[@id='app']/div/div[1]/div[2]/form/button")
2022-01-19 16:02:49,395 - INFO basePage.py [line:54]: 等待"断言"消失,元素定位:('xpath', "//*[@id='app']/div/div[2]/div/div[1]/div[3]/div[2]/span/span/button/span")
2022-01-19 16:02:49,395 - INFO basePage.py [line:54]: 等待"断言"消失,元素定位:('xpath', "//*[@id='app']/div/div[2]/div/div[1]/div[3]/div[2]/span/span/button/span")
2022-01-19 16:02:59,462 - INFO basePage.py [line:59]: 等待"断言"时长:0:00:10.064745
2022-01-19 16:02:59,462 - INFO basePage.py [line:59]: 等待"断言"时长:0:00:10.064745
2022-01-19 16:03:17,901 - INFO basePage.py [line:88]: 查找"输入账号"元素，元素定位:('xpath', "//*[@id='app']/div/div[1]/div[2]/form/div[2]/div/div/input")
2022-01-19 16:03:17,901 - INFO basePage.py [line:88]: 查找"输入账号"元素，元素定位:('xpath', "//*[@id='app']/div/div[1]/div[2]/form/div[2]/div/div/input")
2022-01-19 16:03:17,914 - INFO basePage.py [line:113]: 在"输入账号"输入"pengjie",元素定位:('xpath', "//*[@id='app']/div/div[1]/div[2]/form/div[2]/div/div/input")
2022-01-19 16:03:17,914 - INFO basePage.py [line:113]: 在"输入账号"输入"pengjie",元素定位:('xpath', "//*[@id='app']/div/div[1]/div[2]/form/div[2]/div/div/input")
2022-01-19 16:03:17,988 - INFO basePage.py [line:88]: 查找"输入密码"元素，元素定位:('xpath', "//*[@id='app']/div/div[1]/div[2]/form/div[3]/div/div/input")
2022-01-19 16:03:17,988 - INFO basePage.py [line:88]: 查找"输入密码"元素，元素定位:('xpath', "//*[@id='app']/div/div[1]/div[2]/form/div[3]/div/div/input")
2022-01-19 16:03:18,000 - INFO basePage.py [line:113]: 在"输入密码"输入"qq123",元素定位:('xpath', "//*[@id='app']/div/div[1]/div[2]/form/div[3]/div/div/input")
2022-01-19 16:03:18,000 - INFO basePage.py [line:113]: 在"输入密码"输入"qq123",元素定位:('xpath', "//*[@id='app']/div/div[1]/div[2]/form/div[3]/div/div/input")
2022-01-19 16:03:18,051 - INFO basePage.py [line:88]: 查找"点击登录"元素，元素定位:('xpath', "//*[@id='app']/div/div[1]/div[2]/form/button")
2022-01-19 16:03:18,051 - INFO basePage.py [line:88]: 查找"点击登录"元素，元素定位:('xpath', "//*[@id='app']/div/div[1]/div[2]/form/button")
2022-01-19 16:03:18,060 - INFO basePage.py [line:140]: 点击"点击登录",元素定位:('xpath', "//*[@id='app']/div/div[1]/div[2]/form/button")
2022-01-19 16:03:18,060 - INFO basePage.py [line:140]: 点击"点击登录",元素定位:('xpath', "//*[@id='app']/div/div[1]/div[2]/form/button")
2022-01-19 16:03:20,120 - INFO basePage.py [line:54]: 等待"断言"消失,元素定位:('xpath', "//*[@id='app']/div/div[2]/div/div[1]/div[3]/div[2]/span/span/button/span")
2022-01-19 16:03:20,120 - INFO basePage.py [line:54]: 等待"断言"消失,元素定位:('xpath', "//*[@id='app']/div/div[2]/div/div[1]/div[3]/div[2]/span/span/button/span")
2022-01-19 16:03:30,156 - INFO basePage.py [line:59]: 等待"断言"时长:0:00:10.033477
2022-01-19 16:03:30,156 - INFO basePage.py [line:59]: 等待"断言"时长:0:00:10.033477
2022-01-19 16:03:48,557 - INFO basePage.py [line:88]: 查找"输入账号"元素，元素定位:('xpath', "//*[@id='app']/div/div[1]/div[2]/form/div[2]/div/div/input")
2022-01-19 16:03:48,557 - INFO basePage.py [line:88]: 查找"输入账号"元素，元素定位:('xpath', "//*[@id='app']/div/div[1]/div[2]/form/div[2]/div/div/input")
2022-01-19 16:03:48,588 - INFO basePage.py [line:113]: 在"输入账号"输入"oms1212",元素定位:('xpath', "//*[@id='app']/div/div[1]/div[2]/form/div[2]/div/div/input")
2022-01-19 16:03:48,588 - INFO basePage.py [line:113]: 在"输入账号"输入"oms1212",元素定位:('xpath', "//*[@id='app']/div/div[1]/div[2]/form/div[2]/div/div/input")
2022-01-19 16:03:48,682 - INFO basePage.py [line:88]: 查找"输入密码"元素，元素定位:('xpath', "//*[@id='app']/div/div[1]/div[2]/form/div[3]/div/div/input")
2022-01-19 16:03:48,682 - INFO basePage.py [line:88]: 查找"输入密码"元素，元素定位:('xpath', "//*[@id='app']/div/div[1]/div[2]/form/div[3]/div/div/input")
2022-01-19 16:03:48,692 - INFO basePage.py [line:113]: 在"输入密码"输入"Qq123456",元素定位:('xpath', "//*[@id='app']/div/div[1]/div[2]/form/div[3]/div/div/input")
2022-01-19 16:03:48,692 - INFO basePage.py [line:113]: 在"输入密码"输入"Qq123456",元素定位:('xpath', "//*[@id='app']/div/div[1]/div[2]/form/div[3]/div/div/input")
2022-01-19 16:03:48,746 - INFO basePage.py [line:88]: 查找"点击登录"元素，元素定位:('xpath', "//*[@id='app']/div/div[1]/div[2]/form/button")
2022-01-19 16:03:48,746 - INFO basePage.py [line:88]: 查找"点击登录"元素，元素定位:('xpath', "//*[@id='app']/div/div[1]/div[2]/form/button")
2022-01-19 16:03:48,755 - INFO basePage.py [line:140]: 点击"点击登录",元素定位:('xpath', "//*[@id='app']/div/div[1]/div[2]/form/button")
2022-01-19 16:03:48,755 - INFO basePage.py [line:140]: 点击"点击登录",元素定位:('xpath', "//*[@id='app']/div/div[1]/div[2]/form/button")
2022-01-19 16:03:51,812 - INFO basePage.py [line:88]: 查找"供应链管理"元素，元素定位:('xpath', "//*[@id='app']/div/div[1]/div[2]/div[1]/div/ul/div[2]/li/div")
2022-01-19 16:03:51,812 - INFO basePage.py [line:88]: 查找"供应链管理"元素，元素定位:('xpath', "//*[@id='app']/div/div[1]/div[2]/div[1]/div/ul/div[2]/li/div")
2022-01-19 16:03:51,829 - INFO basePage.py [line:140]: 点击"供应链管理",元素定位:('xpath', "//*[@id='app']/div/div[1]/div[2]/div[1]/div/ul/div[2]/li/div")
2022-01-19 16:03:51,829 - INFO basePage.py [line:140]: 点击"供应链管理",元素定位:('xpath', "//*[@id='app']/div/div[1]/div[2]/div[1]/div/ul/div[2]/li/div")
2022-01-19 16:03:51,873 - INFO basePage.py [line:88]: 查找"品项管理"元素，元素定位:('xpath', "//*[@id='app']/div/div[1]/div[2]/div[1]/div/ul/div[2]/li/ul/div[1]/a/li")
2022-01-19 16:03:51,873 - INFO basePage.py [line:88]: 查找"品项管理"元素，元素定位:('xpath', "//*[@id='app']/div/div[1]/div[2]/div[1]/div/ul/div[2]/li/ul/div[1]/a/li")
2022-01-19 16:03:51,884 - INFO basePage.py [line:140]: 点击"品项管理",元素定位:('xpath', "//*[@id='app']/div/div[1]/div[2]/div[1]/div/ul/div[2]/li/ul/div[1]/a/li")
2022-01-19 16:03:51,884 - INFO basePage.py [line:140]: 点击"品项管理",元素定位:('xpath', "//*[@id='app']/div/div[1]/div[2]/div[1]/div/ul/div[2]/li/ul/div[1]/a/li")
2022-01-19 16:03:55,953 - INFO basePage.py [line:88]: 查找"点击查看"元素，元素定位:('xpath', "//*[@id='app']/div/div[2]/section/div/div/section/main/section/main/div/div[1]/div[4]/div[2]/table/tbody/tr[1]/td[3]/div/button[1]/span")
2022-01-19 16:03:55,953 - INFO basePage.py [line:88]: 查找"点击查看"元素，元素定位:('xpath', "//*[@id='app']/div/div[2]/section/div/div/section/main/section/main/div/div[1]/div[4]/div[2]/table/tbody/tr[1]/td[3]/div/button[1]/span")
2022-01-19 16:03:55,970 - INFO basePage.py [line:140]: 点击"点击查看",元素定位:('xpath', "//*[@id='app']/div/div[2]/section/div/div/section/main/section/main/div/div[1]/div[4]/div[2]/table/tbody/tr[1]/td[3]/div/button[1]/span")
2022-01-19 16:03:55,970 - INFO basePage.py [line:140]: 点击"点击查看",元素定位:('xpath', "//*[@id='app']/div/div[2]/section/div/div/section/main/section/main/div/div[1]/div[4]/div[2]/table/tbody/tr[1]/td[3]/div/button[1]/span")
2022-01-19 16:03:58,132 - INFO basePage.py [line:33]: 等待"断言"元素,定位方式:('xpath', "//*[@id='app']/div/div[2]/section/div/div/div/div/div[3]/div/button/span")
2022-01-19 16:03:58,132 - INFO basePage.py [line:33]: 等待"断言"元素,定位方式:('xpath', "//*[@id='app']/div/div[2]/section/div/div/div/div/div[3]/div/button/span")
2022-01-19 16:03:58,160 - INFO basePage.py [line:38]: 等待"断言"时长:0:00:00.024399
2022-01-19 16:03:58,160 - INFO basePage.py [line:38]: 等待"断言"时长:0:00:00.024399
2022-01-19 16:04:16,517 - INFO basePage.py [line:88]: 查找"输入账号"元素，元素定位:('xpath', "//*[@id='app']/div/div[1]/div[2]/form/div[2]/div/div/input")
2022-01-19 16:04:16,517 - INFO basePage.py [line:88]: 查找"输入账号"元素，元素定位:('xpath', "//*[@id='app']/div/div[1]/div[2]/form/div[2]/div/div/input")
2022-01-19 16:04:16,536 - INFO basePage.py [line:113]: 在"输入账号"输入"oms1212",元素定位:('xpath', "//*[@id='app']/div/div[1]/div[2]/form/div[2]/div/div/input")
2022-01-19 16:04:16,536 - INFO basePage.py [line:113]: 在"输入账号"输入"oms1212",元素定位:('xpath', "//*[@id='app']/div/div[1]/div[2]/form/div[2]/div/div/input")
2022-01-19 16:04:16,624 - INFO basePage.py [line:88]: 查找"输入密码"元素，元素定位:('xpath', "//*[@id='app']/div/div[1]/div[2]/form/div[3]/div/div/input")
2022-01-19 16:04:16,624 - INFO basePage.py [line:88]: 查找"输入密码"元素，元素定位:('xpath', "//*[@id='app']/div/div[1]/div[2]/form/div[3]/div/div/input")
2022-01-19 16:04:16,640 - INFO basePage.py [line:113]: 在"输入密码"输入"Qq123456",元素定位:('xpath', "//*[@id='app']/div/div[1]/div[2]/form/div[3]/div/div/input")
2022-01-19 16:04:16,640 - INFO basePage.py [line:113]: 在"输入密码"输入"Qq123456",元素定位:('xpath', "//*[@id='app']/div/div[1]/div[2]/form/div[3]/div/div/input")
2022-01-19 16:04:16,709 - INFO basePage.py [line:88]: 查找"点击登录"元素，元素定位:('xpath', "//*[@id='app']/div/div[1]/div[2]/form/button")
2022-01-19 16:04:16,709 - INFO basePage.py [line:88]: 查找"点击登录"元素，元素定位:('xpath', "//*[@id='app']/div/div[1]/div[2]/form/button")
2022-01-19 16:04:16,720 - INFO basePage.py [line:140]: 点击"点击登录",元素定位:('xpath', "//*[@id='app']/div/div[1]/div[2]/form/button")
2022-01-19 16:04:16,720 - INFO basePage.py [line:140]: 点击"点击登录",元素定位:('xpath', "//*[@id='app']/div/div[1]/div[2]/form/button")
2022-01-19 16:04:19,776 - INFO basePage.py [line:88]: 查找"供应链管理"元素，元素定位:('xpath', "//*[@id='app']/div/div[1]/div[2]/div[1]/div/ul/div[2]/li/div")
2022-01-19 16:04:19,776 - INFO basePage.py [line:88]: 查找"供应链管理"元素，元素定位:('xpath', "//*[@id='app']/div/div[1]/div[2]/div[1]/div/ul/div[2]/li/div")
2022-01-19 16:04:19,797 - INFO basePage.py [line:140]: 点击"供应链管理",元素定位:('xpath', "//*[@id='app']/div/div[1]/div[2]/div[1]/div/ul/div[2]/li/div")
2022-01-19 16:04:19,797 - INFO basePage.py [line:140]: 点击"供应链管理",元素定位:('xpath', "//*[@id='app']/div/div[1]/div[2]/div[1]/div/ul/div[2]/li/div")
2022-01-19 16:04:19,840 - INFO basePage.py [line:88]: 查找"品项管理"元素，元素定位:('xpath', "//*[@id='app']/div/div[1]/div[2]/div[1]/div/ul/div[2]/li/ul/div[1]/a/li")
2022-01-19 16:04:19,840 - INFO basePage.py [line:88]: 查找"品项管理"元素，元素定位:('xpath', "//*[@id='app']/div/div[1]/div[2]/div[1]/div/ul/div[2]/li/ul/div[1]/a/li")
2022-01-19 16:04:19,851 - INFO basePage.py [line:140]: 点击"品项管理",元素定位:('xpath', "//*[@id='app']/div/div[1]/div[2]/div[1]/div/ul/div[2]/li/ul/div[1]/a/li")
2022-01-19 16:04:19,851 - INFO basePage.py [line:140]: 点击"品项管理",元素定位:('xpath', "//*[@id='app']/div/div[1]/div[2]/div[1]/div/ul/div[2]/li/ul/div[1]/a/li")
2022-01-19 16:04:21,899 - INFO basePage.py [line:88]: 查找"点击编辑"元素，元素定位:('xpath', "//*[@id='app']/div/div[2]/section/div/div/section/main/section/main/div/div[1]/div[4]/div[2]/table/tbody/tr[1]/td[3]/div/button[2]/span")
2022-01-19 16:04:21,899 - INFO basePage.py [line:88]: 查找"点击编辑"元素，元素定位:('xpath', "//*[@id='app']/div/div[2]/section/div/div/section/main/section/main/div/div[1]/div[4]/div[2]/table/tbody/tr[1]/td[3]/div/button[2]/span")
2022-01-19 16:04:22,263 - INFO basePage.py [line:140]: 点击"点击编辑",元素定位:('xpath', "//*[@id='app']/div/div[2]/section/div/div/section/main/section/main/div/div[1]/div[4]/div[2]/table/tbody/tr[1]/td[3]/div/button[2]/span")
2022-01-19 16:04:22,263 - INFO basePage.py [line:140]: 点击"点击编辑",元素定位:('xpath', "//*[@id='app']/div/div[2]/section/div/div/section/main/section/main/div/div[1]/div[4]/div[2]/table/tbody/tr[1]/td[3]/div/button[2]/span")
2022-01-19 16:04:22,546 - INFO basePage.py [line:88]: 查找"None"元素，元素定位:('xpath', "//*[@id='pane-basic']/div/form[1]/div[9]/div/div[1]/div/input")
2022-01-19 16:04:22,546 - INFO basePage.py [line:88]: 查找"None"元素，元素定位:('xpath', "//*[@id='pane-basic']/div/form[1]/div[9]/div/div[1]/div/input")
2022-01-19 16:04:22,603 - INFO basePage.py [line:113]: 在"None"输入"99791802456",元素定位:('xpath', "//*[@id='pane-basic']/div/form[1]/div[9]/div/div[1]/div/input")
2022-01-19 16:04:22,603 - INFO basePage.py [line:113]: 在"None"输入"99791802456",元素定位:('xpath', "//*[@id='pane-basic']/div/form[1]/div[9]/div/div[1]/div/input")
2022-01-19 16:04:22,893 - INFO basePage.py [line:88]: 查找"点击添加"元素，元素定位:('xpath', "//*[@id='pane-basic']/div/form[1]/div[9]/div/div[2]/button/span")
2022-01-19 16:04:22,893 - INFO basePage.py [line:88]: 查找"点击添加"元素，元素定位:('xpath', "//*[@id='pane-basic']/div/form[1]/div[9]/div/div[2]/button/span")
2022-01-19 16:04:22,914 - INFO basePage.py [line:140]: 点击"点击添加",元素定位:('xpath', "//*[@id='pane-basic']/div/form[1]/div[9]/div/div[2]/button/span")
2022-01-19 16:04:22,914 - INFO basePage.py [line:140]: 点击"点击添加",元素定位:('xpath', "//*[@id='pane-basic']/div/form[1]/div[9]/div/div[2]/button/span")
2022-01-19 16:04:22,956 - INFO basePage.py [line:88]: 查找"点击确定"元素，元素定位:('xpath', "//*[@id='app']/div/div[2]/section/div/div/div/div/div[3]/div/button[2]/span")
2022-01-19 16:04:22,956 - INFO basePage.py [line:88]: 查找"点击确定"元素，元素定位:('xpath', "//*[@id='app']/div/div[2]/section/div/div/div/div/div[3]/div/button[2]/span")
2022-01-19 16:04:22,971 - INFO basePage.py [line:140]: 点击"点击确定",元素定位:('xpath', "//*[@id='app']/div/div[2]/section/div/div/div/div/div[3]/div/button[2]/span")
2022-01-19 16:04:22,971 - INFO basePage.py [line:140]: 点击"点击确定",元素定位:('xpath', "//*[@id='app']/div/div[2]/section/div/div/div/div/div[3]/div/button[2]/span")
2022-01-19 16:04:23,006 - INFO basePage.py [line:74]: 等待"断言"元素,定位方式:('xpath', '/html/body/div[2]/p')
2022-01-19 16:04:23,006 - INFO basePage.py [line:74]: 等待"断言"元素,定位方式:('xpath', '/html/body/div[2]/p')
2022-01-19 16:04:23,320 - INFO basePage.py [line:79]: 等待"断言"时长:0:00:00.314756
2022-01-19 16:04:23,320 - INFO basePage.py [line:79]: 等待"断言"时长:0:00:00.314756
2022-01-19 16:04:41,736 - INFO basePage.py [line:88]: 查找"输入账号"元素，元素定位:('xpath', "//*[@id='app']/div/div[1]/div[2]/form/div[2]/div/div/input")
2022-01-19 16:04:41,736 - INFO basePage.py [line:88]: 查找"输入账号"元素，元素定位:('xpath', "//*[@id='app']/div/div[1]/div[2]/form/div[2]/div/div/input")
2022-01-19 16:04:41,749 - INFO basePage.py [line:113]: 在"输入账号"输入"oms1212",元素定位:('xpath', "//*[@id='app']/div/div[1]/div[2]/form/div[2]/div/div/input")
2022-01-19 16:04:41,749 - INFO basePage.py [line:113]: 在"输入账号"输入"oms1212",元素定位:('xpath', "//*[@id='app']/div/div[1]/div[2]/form/div[2]/div/div/input")
2022-01-19 16:04:41,822 - INFO basePage.py [line:88]: 查找"输入密码"元素，元素定位:('xpath', "//*[@id='app']/div/div[1]/div[2]/form/div[3]/div/div/input")
2022-01-19 16:04:41,822 - INFO basePage.py [line:88]: 查找"输入密码"元素，元素定位:('xpath', "//*[@id='app']/div/div[1]/div[2]/form/div[3]/div/div/input")
2022-01-19 16:04:41,835 - INFO basePage.py [line:113]: 在"输入密码"输入"Qq123456",元素定位:('xpath', "//*[@id='app']/div/div[1]/div[2]/form/div[3]/div/div/input")
2022-01-19 16:04:41,835 - INFO basePage.py [line:113]: 在"输入密码"输入"Qq123456",元素定位:('xpath', "//*[@id='app']/div/div[1]/div[2]/form/div[3]/div/div/input")
2022-01-19 16:04:41,896 - INFO basePage.py [line:88]: 查找"点击登录"元素，元素定位:('xpath', "//*[@id='app']/div/div[1]/div[2]/form/button")
2022-01-19 16:04:41,896 - INFO basePage.py [line:88]: 查找"点击登录"元素，元素定位:('xpath', "//*[@id='app']/div/div[1]/div[2]/form/button")
2022-01-19 16:04:41,907 - INFO basePage.py [line:140]: 点击"点击登录",元素定位:('xpath', "//*[@id='app']/div/div[1]/div[2]/form/button")
2022-01-19 16:04:41,907 - INFO basePage.py [line:140]: 点击"点击登录",元素定位:('xpath', "//*[@id='app']/div/div[1]/div[2]/form/button")
2022-01-19 16:04:44,974 - INFO basePage.py [line:88]: 查找"供应链管理"元素，元素定位:('xpath', "//*[@id='app']/div/div[1]/div[2]/div[1]/div/ul/div[2]/li/div")
2022-01-19 16:04:44,974 - INFO basePage.py [line:88]: 查找"供应链管理"元素，元素定位:('xpath', "//*[@id='app']/div/div[1]/div[2]/div[1]/div/ul/div[2]/li/div")
2022-01-19 16:04:44,985 - INFO basePage.py [line:140]: 点击"供应链管理",元素定位:('xpath', "//*[@id='app']/div/div[1]/div[2]/div[1]/div/ul/div[2]/li/div")
2022-01-19 16:04:44,985 - INFO basePage.py [line:140]: 点击"供应链管理",元素定位:('xpath', "//*[@id='app']/div/div[1]/div[2]/div[1]/div/ul/div[2]/li/div")
2022-01-19 16:04:45,042 - INFO basePage.py [line:88]: 查找"门店管理"元素，元素定位:('xpath', "//*[@id='app']/div/div[1]/div[2]/div[1]/div/ul/div[2]/li/ul/div[2]/a/li")
2022-01-19 16:04:45,042 - INFO basePage.py [line:88]: 查找"门店管理"元素，元素定位:('xpath', "//*[@id='app']/div/div[1]/div[2]/div[1]/div/ul/div[2]/li/ul/div[2]/a/li")
2022-01-19 16:04:45,060 - INFO basePage.py [line:140]: 点击"门店管理",元素定位:('xpath', "//*[@id='app']/div/div[1]/div[2]/div[1]/div/ul/div[2]/li/ul/div[2]/a/li")
2022-01-19 16:04:45,060 - INFO basePage.py [line:140]: 点击"门店管理",元素定位:('xpath', "//*[@id='app']/div/div[1]/div[2]/div[1]/div/ul/div[2]/li/ul/div[2]/a/li")
2022-01-19 16:04:47,220 - INFO basePage.py [line:88]: 查找"点击编辑"元素，元素定位:('xpath', "//*[@id='app']/div/div[2]/section/div/div/div/div[2]/div[1]/div[4]/div[2]/table/tbody/tr[1]/td[2]/div/button")
2022-01-19 16:04:47,220 - INFO basePage.py [line:88]: 查找"点击编辑"元素，元素定位:('xpath', "//*[@id='app']/div/div[2]/section/div/div/div/div[2]/div[1]/div[4]/div[2]/table/tbody/tr[1]/td[2]/div/button")
2022-01-19 16:04:47,459 - INFO basePage.py [line:140]: 点击"点击编辑",元素定位:('xpath', "//*[@id='app']/div/div[2]/section/div/div/div/div[2]/div[1]/div[4]/div[2]/table/tbody/tr[1]/td[2]/div/button")
2022-01-19 16:04:47,459 - INFO basePage.py [line:140]: 点击"点击编辑",元素定位:('xpath', "//*[@id='app']/div/div[2]/section/div/div/div/div[2]/div[1]/div[4]/div[2]/table/tbody/tr[1]/td[2]/div/button")
2022-01-19 16:04:47,921 - INFO basePage.py [line:88]: 查找"点击修改"元素，元素定位:('xpath', "//*[@id='app']/div/div[2]/section/div/div/div/div/form/div[3]/div/div/div/button[2]")
2022-01-19 16:04:47,921 - INFO basePage.py [line:88]: 查找"点击修改"元素，元素定位:('xpath', "//*[@id='app']/div/div[2]/section/div/div/div/div/form/div[3]/div/div/div/button[2]")
2022-01-19 16:04:48,023 - INFO basePage.py [line:140]: 点击"点击修改",元素定位:('xpath', "//*[@id='app']/div/div[2]/section/div/div/div/div/form/div[3]/div/div/div/button[2]")
2022-01-19 16:04:48,023 - INFO basePage.py [line:140]: 点击"点击修改",元素定位:('xpath', "//*[@id='app']/div/div[2]/section/div/div/div/div/form/div[3]/div/div/div/button[2]")
2022-01-19 16:04:48,153 - INFO basePage.py [line:74]: 等待"断言"元素,定位方式:('xpath', '/html/body/div[2]/div/div[2]/p')
2022-01-19 16:04:48,153 - INFO basePage.py [line:74]: 等待"断言"元素,定位方式:('xpath', '/html/body/div[2]/div/div[2]/p')
2022-01-19 16:05:19,802 - ERROR basePage.py [line:81]: 等待"断言"元素失败,定位方式:('xpath', '/html/body/div[2]/div/div[2]/p')
Traceback (most recent call last):
  File "e:\12\Common\basePage.py", line 77, in wait_text
    WebDriverWait(self.driver, timeout, poll_frequency).until(EC.text_to_be_present_in_element(loc,text))
  File "C:\Users\bonjour\AppData\Local\Programs\Python\Python39\lib\site-packages\selenium\webdriver\support\wait.py", line 80, in until
    raise TimeoutException(message, screen, stacktrace)
selenium.common.exceptions.TimeoutException: Message: 

2022-01-19 16:05:19,802 - ERROR basePage.py [line:81]: 等待"断言"元素失败,定位方式:('xpath', '/html/body/div[2]/div/div[2]/p')
Traceback (most recent call last):
  File "e:\12\Common\basePage.py", line 77, in wait_text
    WebDriverWait(self.driver, timeout, poll_frequency).until(EC.text_to_be_present_in_element(loc,text))
  File "C:\Users\bonjour\AppData\Local\Programs\Python\Python39\lib\site-packages\selenium\webdriver\support\wait.py", line 80, in until
    raise TimeoutException(message, screen, stacktrace)
selenium.common.exceptions.TimeoutException: Message: 

2022-01-19 16:05:20,023 - INFO basePage.py [line:247]: 截屏成功,图片路径为E:\12\Screenshots\2022-01-19\等待元素[断言]出现异常_20220119_160519.png
2022-01-19 16:05:20,023 - INFO basePage.py [line:247]: 截屏成功,图片路径为E:\12\Screenshots\2022-01-19\等待元素[断言]出现异常_20220119_160519.png
2022-01-19 16:05:51,445 - INFO basePage.py [line:88]: 查找"输入账号"元素，元素定位:('xpath', "//*[@id='app']/div/div[1]/div[2]/form/div[2]/div/div/input")
2022-01-19 16:05:51,445 - INFO basePage.py [line:88]: 查找"输入账号"元素，元素定位:('xpath', "//*[@id='app']/div/div[1]/div[2]/form/div[2]/div/div/input")
2022-01-19 16:05:51,458 - INFO basePage.py [line:113]: 在"输入账号"输入"oms1212",元素定位:('xpath', "//*[@id='app']/div/div[1]/div[2]/form/div[2]/div/div/input")
2022-01-19 16:05:51,458 - INFO basePage.py [line:113]: 在"输入账号"输入"oms1212",元素定位:('xpath', "//*[@id='app']/div/div[1]/div[2]/form/div[2]/div/div/input")
2022-01-19 16:05:51,532 - INFO basePage.py [line:88]: 查找"输入密码"元素，元素定位:('xpath', "//*[@id='app']/div/div[1]/div[2]/form/div[3]/div/div/input")
2022-01-19 16:05:51,532 - INFO basePage.py [line:88]: 查找"输入密码"元素，元素定位:('xpath', "//*[@id='app']/div/div[1]/div[2]/form/div[3]/div/div/input")
2022-01-19 16:05:51,545 - INFO basePage.py [line:113]: 在"输入密码"输入"Qq123456",元素定位:('xpath', "//*[@id='app']/div/div[1]/div[2]/form/div[3]/div/div/input")
2022-01-19 16:05:51,545 - INFO basePage.py [line:113]: 在"输入密码"输入"Qq123456",元素定位:('xpath', "//*[@id='app']/div/div[1]/div[2]/form/div[3]/div/div/input")
2022-01-19 16:05:51,605 - INFO basePage.py [line:88]: 查找"点击登录"元素，元素定位:('xpath', "//*[@id='app']/div/div[1]/div[2]/form/button")
2022-01-19 16:05:51,605 - INFO basePage.py [line:88]: 查找"点击登录"元素，元素定位:('xpath', "//*[@id='app']/div/div[1]/div[2]/form/button")
2022-01-19 16:05:51,616 - INFO basePage.py [line:140]: 点击"点击登录",元素定位:('xpath', "//*[@id='app']/div/div[1]/div[2]/form/button")
2022-01-19 16:05:51,616 - INFO basePage.py [line:140]: 点击"点击登录",元素定位:('xpath', "//*[@id='app']/div/div[1]/div[2]/form/button")
2022-01-19 16:05:54,665 - INFO basePage.py [line:88]: 查找"供应链管理"元素，元素定位:('xpath', "//*[@id='app']/div/div[1]/div[2]/div[1]/div/ul/div[2]/li/div")
2022-01-19 16:05:54,665 - INFO basePage.py [line:88]: 查找"供应链管理"元素，元素定位:('xpath', "//*[@id='app']/div/div[1]/div[2]/div[1]/div/ul/div[2]/li/div")
2022-01-19 16:05:54,680 - INFO basePage.py [line:140]: 点击"供应链管理",元素定位:('xpath', "//*[@id='app']/div/div[1]/div[2]/div[1]/div/ul/div[2]/li/div")
2022-01-19 16:05:54,680 - INFO basePage.py [line:140]: 点击"供应链管理",元素定位:('xpath', "//*[@id='app']/div/div[1]/div[2]/div[1]/div/ul/div[2]/li/div")
2022-01-19 16:05:54,723 - INFO basePage.py [line:88]: 查找"门店管理"元素，元素定位:('xpath', "//*[@id='app']/div/div[1]/div[2]/div[1]/div/ul/div[2]/li/ul/div[2]/a/li")
2022-01-19 16:05:54,723 - INFO basePage.py [line:88]: 查找"门店管理"元素，元素定位:('xpath', "//*[@id='app']/div/div[1]/div[2]/div[1]/div/ul/div[2]/li/ul/div[2]/a/li")
2022-01-19 16:05:54,745 - INFO basePage.py [line:140]: 点击"门店管理",元素定位:('xpath', "//*[@id='app']/div/div[1]/div[2]/div[1]/div/ul/div[2]/li/ul/div[2]/a/li")
2022-01-19 16:05:54,745 - INFO basePage.py [line:140]: 点击"门店管理",元素定位:('xpath', "//*[@id='app']/div/div[1]/div[2]/div[1]/div/ul/div[2]/li/ul/div[2]/a/li")
2022-01-19 16:05:56,875 - INFO basePage.py [line:88]: 查找"点击编辑"元素，元素定位:('xpath', "//*[@id='app']/div/div[2]/section/div/div/div/div[2]/div[1]/div[4]/div[2]/table/tbody/tr[1]/td[2]/div/button")
2022-01-19 16:05:56,875 - INFO basePage.py [line:88]: 查找"点击编辑"元素，元素定位:('xpath', "//*[@id='app']/div/div[2]/section/div/div/div/div[2]/div[1]/div[4]/div[2]/table/tbody/tr[1]/td[2]/div/button")
2022-01-19 16:05:57,106 - INFO basePage.py [line:140]: 点击"点击编辑",元素定位:('xpath', "//*[@id='app']/div/div[2]/section/div/div/div/div[2]/div[1]/div[4]/div[2]/table/tbody/tr[1]/td[2]/div/button")
2022-01-19 16:05:57,106 - INFO basePage.py [line:140]: 点击"点击编辑",元素定位:('xpath', "//*[@id='app']/div/div[2]/section/div/div/div/div[2]/div[1]/div[4]/div[2]/table/tbody/tr[1]/td[2]/div/button")
2022-01-19 16:05:57,634 - INFO basePage.py [line:88]: 查找"点击修改"元素，元素定位:('xpath', "//*[@id='app']/div/div[2]/section/div/div/div/div/form/div[3]/div/div/div/button[2]")
2022-01-19 16:05:57,634 - INFO basePage.py [line:88]: 查找"点击修改"元素，元素定位:('xpath', "//*[@id='app']/div/div[2]/section/div/div/div/div/form/div[3]/div/div/div/button[2]")
2022-01-19 16:05:57,684 - INFO basePage.py [line:140]: 点击"点击修改",元素定位:('xpath', "//*[@id='app']/div/div[2]/section/div/div/div/div/form/div[3]/div/div/div/button[2]")
2022-01-19 16:05:57,684 - INFO basePage.py [line:140]: 点击"点击修改",元素定位:('xpath', "//*[@id='app']/div/div[2]/section/div/div/div/div/form/div[3]/div/div/div/button[2]")
2022-01-19 16:05:57,812 - INFO basePage.py [line:74]: 等待"断言"元素,定位方式:('xpath', '/html/body/div[2]/div/div[2]/p')
2022-01-19 16:05:57,812 - INFO basePage.py [line:74]: 等待"断言"元素,定位方式:('xpath', '/html/body/div[2]/div/div[2]/p')
2022-01-19 16:06:29,474 - ERROR basePage.py [line:81]: 等待"断言"元素失败,定位方式:('xpath', '/html/body/div[2]/div/div[2]/p')
Traceback (most recent call last):
  File "e:\12\Common\basePage.py", line 77, in wait_text
    WebDriverWait(self.driver, timeout, poll_frequency).until(EC.text_to_be_present_in_element(loc,text))
  File "C:\Users\bonjour\AppData\Local\Programs\Python\Python39\lib\site-packages\selenium\webdriver\support\wait.py", line 80, in until
    raise TimeoutException(message, screen, stacktrace)
selenium.common.exceptions.TimeoutException: Message: 

2022-01-19 16:06:29,474 - ERROR basePage.py [line:81]: 等待"断言"元素失败,定位方式:('xpath', '/html/body/div[2]/div/div[2]/p')
Traceback (most recent call last):
  File "e:\12\Common\basePage.py", line 77, in wait_text
    WebDriverWait(self.driver, timeout, poll_frequency).until(EC.text_to_be_present_in_element(loc,text))
  File "C:\Users\bonjour\AppData\Local\Programs\Python\Python39\lib\site-packages\selenium\webdriver\support\wait.py", line 80, in until
    raise TimeoutException(message, screen, stacktrace)
selenium.common.exceptions.TimeoutException: Message: 

2022-01-19 16:06:29,684 - INFO basePage.py [line:247]: 截屏成功,图片路径为E:\12\Screenshots\2022-01-19\等待元素[断言]出现异常_20220119_160629.png
2022-01-19 16:06:29,684 - INFO basePage.py [line:247]: 截屏成功,图片路径为E:\12\Screenshots\2022-01-19\等待元素[断言]出现异常_20220119_160629.png
2022-01-19 16:06:48,122 - INFO basePage.py [line:88]: 查找"输入账号"元素，元素定位:('xpath', "//*[@id='app']/div/div[1]/div[2]/form/div[2]/div/div/input")
2022-01-19 16:06:48,122 - INFO basePage.py [line:88]: 查找"输入账号"元素，元素定位:('xpath', "//*[@id='app']/div/div[1]/div[2]/form/div[2]/div/div/input")
2022-01-19 16:06:48,137 - INFO basePage.py [line:113]: 在"输入账号"输入"oms1212",元素定位:('xpath', "//*[@id='app']/div/div[1]/div[2]/form/div[2]/div/div/input")
2022-01-19 16:06:48,137 - INFO basePage.py [line:113]: 在"输入账号"输入"oms1212",元素定位:('xpath', "//*[@id='app']/div/div[1]/div[2]/form/div[2]/div/div/input")
2022-01-19 16:06:48,209 - INFO basePage.py [line:88]: 查找"输入密码"元素，元素定位:('xpath', "//*[@id='app']/div/div[1]/div[2]/form/div[3]/div/div/input")
2022-01-19 16:06:48,209 - INFO basePage.py [line:88]: 查找"输入密码"元素，元素定位:('xpath', "//*[@id='app']/div/div[1]/div[2]/form/div[3]/div/div/input")
2022-01-19 16:06:48,221 - INFO basePage.py [line:113]: 在"输入密码"输入"Qq123456",元素定位:('xpath', "//*[@id='app']/div/div[1]/div[2]/form/div[3]/div/div/input")
2022-01-19 16:06:48,221 - INFO basePage.py [line:113]: 在"输入密码"输入"Qq123456",元素定位:('xpath', "//*[@id='app']/div/div[1]/div[2]/form/div[3]/div/div/input")
2022-01-19 16:06:48,282 - INFO basePage.py [line:88]: 查找"点击登录"元素，元素定位:('xpath', "//*[@id='app']/div/div[1]/div[2]/form/button")
2022-01-19 16:06:48,282 - INFO basePage.py [line:88]: 查找"点击登录"元素，元素定位:('xpath', "//*[@id='app']/div/div[1]/div[2]/form/button")
2022-01-19 16:06:48,293 - INFO basePage.py [line:140]: 点击"点击登录",元素定位:('xpath', "//*[@id='app']/div/div[1]/div[2]/form/button")
2022-01-19 16:06:48,293 - INFO basePage.py [line:140]: 点击"点击登录",元素定位:('xpath', "//*[@id='app']/div/div[1]/div[2]/form/button")
2022-01-19 16:06:51,353 - INFO basePage.py [line:88]: 查找"供应链管理"元素，元素定位:('xpath', "//*[@id='app']/div/div[1]/div[2]/div[1]/div/ul/div[2]/li/div")
2022-01-19 16:06:51,353 - INFO basePage.py [line:88]: 查找"供应链管理"元素，元素定位:('xpath', "//*[@id='app']/div/div[1]/div[2]/div[1]/div/ul/div[2]/li/div")
2022-01-19 16:06:51,369 - INFO basePage.py [line:140]: 点击"供应链管理",元素定位:('xpath', "//*[@id='app']/div/div[1]/div[2]/div[1]/div/ul/div[2]/li/div")
2022-01-19 16:06:51,369 - INFO basePage.py [line:140]: 点击"供应链管理",元素定位:('xpath', "//*[@id='app']/div/div[1]/div[2]/div[1]/div/ul/div[2]/li/div")
2022-01-19 16:06:51,409 - INFO basePage.py [line:88]: 查找"供应商管理"元素，元素定位:('xpath', "//*[@id='app']/div/div[1]/div[2]/div[1]/div/ul/div[2]/li/ul/div[3]/a/li")
2022-01-19 16:06:51,409 - INFO basePage.py [line:88]: 查找"供应商管理"元素，元素定位:('xpath', "//*[@id='app']/div/div[1]/div[2]/div[1]/div/ul/div[2]/li/ul/div[3]/a/li")
2022-01-19 16:06:51,421 - INFO basePage.py [line:140]: 点击"供应商管理",元素定位:('xpath', "//*[@id='app']/div/div[1]/div[2]/div[1]/div/ul/div[2]/li/ul/div[3]/a/li")
2022-01-19 16:06:51,421 - INFO basePage.py [line:140]: 点击"供应商管理",元素定位:('xpath', "//*[@id='app']/div/div[1]/div[2]/div[1]/div/ul/div[2]/li/ul/div[3]/a/li")
2022-01-19 16:06:53,552 - INFO basePage.py [line:88]: 查找"点击查看"元素，元素定位:('xpath', "//*[@id='app']/div/div[2]/section/div/div/section/main/section/main/div/div[1]/div[4]/div[2]/table/tbody/tr[1]/td[2]/div/button[1]")
2022-01-19 16:06:53,552 - INFO basePage.py [line:88]: 查找"点击查看"元素，元素定位:('xpath', "//*[@id='app']/div/div[2]/section/div/div/section/main/section/main/div/div[1]/div[4]/div[2]/table/tbody/tr[1]/td[2]/div/button[1]")
2022-01-19 16:06:53,747 - INFO basePage.py [line:140]: 点击"点击查看",元素定位:('xpath', "//*[@id='app']/div/div[2]/section/div/div/section/main/section/main/div/div[1]/div[4]/div[2]/table/tbody/tr[1]/td[2]/div/button[1]")
2022-01-19 16:06:53,747 - INFO basePage.py [line:140]: 点击"点击查看",元素定位:('xpath', "//*[@id='app']/div/div[2]/section/div/div/section/main/section/main/div/div[1]/div[4]/div[2]/table/tbody/tr[1]/td[2]/div/button[1]")
2022-01-19 16:06:56,186 - INFO basePage.py [line:33]: 等待"断言"元素,定位方式:('xpath', "//*[@id='app']/div/div[2]/section/div/div/div/div/div[3]/div/button")
2022-01-19 16:06:56,186 - INFO basePage.py [line:33]: 等待"断言"元素,定位方式:('xpath', "//*[@id='app']/div/div[2]/section/div/div/div/div/div[3]/div/button")
2022-01-19 16:06:56,215 - INFO basePage.py [line:38]: 等待"断言"时长:0:00:00.023891
2022-01-19 16:06:56,215 - INFO basePage.py [line:38]: 等待"断言"时长:0:00:00.023891
2022-01-19 16:07:14,658 - INFO basePage.py [line:88]: 查找"输入账号"元素，元素定位:('xpath', "//*[@id='app']/div/div[1]/div[2]/form/div[2]/div/div/input")
2022-01-19 16:07:14,658 - INFO basePage.py [line:88]: 查找"输入账号"元素，元素定位:('xpath', "//*[@id='app']/div/div[1]/div[2]/form/div[2]/div/div/input")
2022-01-19 16:07:14,677 - INFO basePage.py [line:113]: 在"输入账号"输入"oms1212",元素定位:('xpath', "//*[@id='app']/div/div[1]/div[2]/form/div[2]/div/div/input")
2022-01-19 16:07:14,677 - INFO basePage.py [line:113]: 在"输入账号"输入"oms1212",元素定位:('xpath', "//*[@id='app']/div/div[1]/div[2]/form/div[2]/div/div/input")
2022-01-19 16:07:14,754 - INFO basePage.py [line:88]: 查找"输入密码"元素，元素定位:('xpath', "//*[@id='app']/div/div[1]/div[2]/form/div[3]/div/div/input")
2022-01-19 16:07:14,754 - INFO basePage.py [line:88]: 查找"输入密码"元素，元素定位:('xpath', "//*[@id='app']/div/div[1]/div[2]/form/div[3]/div/div/input")
2022-01-19 16:07:14,767 - INFO basePage.py [line:113]: 在"输入密码"输入"Qq123456",元素定位:('xpath', "//*[@id='app']/div/div[1]/div[2]/form/div[3]/div/div/input")
2022-01-19 16:07:14,767 - INFO basePage.py [line:113]: 在"输入密码"输入"Qq123456",元素定位:('xpath', "//*[@id='app']/div/div[1]/div[2]/form/div[3]/div/div/input")
2022-01-19 16:07:14,832 - INFO basePage.py [line:88]: 查找"点击登录"元素，元素定位:('xpath', "//*[@id='app']/div/div[1]/div[2]/form/button")
2022-01-19 16:07:14,832 - INFO basePage.py [line:88]: 查找"点击登录"元素，元素定位:('xpath', "//*[@id='app']/div/div[1]/div[2]/form/button")
2022-01-19 16:07:14,855 - INFO basePage.py [line:140]: 点击"点击登录",元素定位:('xpath', "//*[@id='app']/div/div[1]/div[2]/form/button")
2022-01-19 16:07:14,855 - INFO basePage.py [line:140]: 点击"点击登录",元素定位:('xpath', "//*[@id='app']/div/div[1]/div[2]/form/button")
2022-01-19 16:07:17,927 - INFO basePage.py [line:88]: 查找"供应链管理"元素，元素定位:('xpath', "//*[@id='app']/div/div[1]/div[2]/div[1]/div/ul/div[2]/li/div")
2022-01-19 16:07:17,927 - INFO basePage.py [line:88]: 查找"供应链管理"元素，元素定位:('xpath', "//*[@id='app']/div/div[1]/div[2]/div[1]/div/ul/div[2]/li/div")
2022-01-19 16:07:17,944 - INFO basePage.py [line:140]: 点击"供应链管理",元素定位:('xpath', "//*[@id='app']/div/div[1]/div[2]/div[1]/div/ul/div[2]/li/div")
2022-01-19 16:07:17,944 - INFO basePage.py [line:140]: 点击"供应链管理",元素定位:('xpath', "//*[@id='app']/div/div[1]/div[2]/div[1]/div/ul/div[2]/li/div")
2022-01-19 16:07:17,990 - INFO basePage.py [line:88]: 查找"供应商管理"元素，元素定位:('xpath', "//*[@id='app']/div/div[1]/div[2]/div[1]/div/ul/div[2]/li/ul/div[3]/a/li")
2022-01-19 16:07:17,990 - INFO basePage.py [line:88]: 查找"供应商管理"元素，元素定位:('xpath', "//*[@id='app']/div/div[1]/div[2]/div[1]/div/ul/div[2]/li/ul/div[3]/a/li")
2022-01-19 16:07:18,003 - INFO basePage.py [line:140]: 点击"供应商管理",元素定位:('xpath', "//*[@id='app']/div/div[1]/div[2]/div[1]/div/ul/div[2]/li/ul/div[3]/a/li")
2022-01-19 16:07:18,003 - INFO basePage.py [line:140]: 点击"供应商管理",元素定位:('xpath', "//*[@id='app']/div/div[1]/div[2]/div[1]/div/ul/div[2]/li/ul/div[3]/a/li")
2022-01-19 16:07:20,142 - INFO basePage.py [line:88]: 查找"点击查看"元素，元素定位:('xpath', "//*[@id='app']/div/div[2]/section/div/div/section/main/section/main/div/div[1]/div[4]/div[2]/table/tbody/tr[1]/td[2]/div/button[2]")
2022-01-19 16:07:20,142 - INFO basePage.py [line:88]: 查找"点击查看"元素，元素定位:('xpath', "//*[@id='app']/div/div[2]/section/div/div/section/main/section/main/div/div[1]/div[4]/div[2]/table/tbody/tr[1]/td[2]/div/button[2]")
2022-01-19 16:07:20,336 - INFO basePage.py [line:140]: 点击"点击查看",元素定位:('xpath', "//*[@id='app']/div/div[2]/section/div/div/section/main/section/main/div/div[1]/div[4]/div[2]/table/tbody/tr[1]/td[2]/div/button[2]")
2022-01-19 16:07:20,336 - INFO basePage.py [line:140]: 点击"点击查看",元素定位:('xpath', "//*[@id='app']/div/div[2]/section/div/div/section/main/section/main/div/div[1]/div[4]/div[2]/table/tbody/tr[1]/td[2]/div/button[2]")
2022-01-19 16:07:20,715 - INFO basePage.py [line:88]: 查找"点击确定"元素，元素定位:('xpath', "//*[@id='app']/div/div[2]/section/div/div/div/div/div[3]/div/button[2]")
2022-01-19 16:07:20,715 - INFO basePage.py [line:88]: 查找"点击确定"元素，元素定位:('xpath', "//*[@id='app']/div/div[2]/section/div/div/div/div/div[3]/div/button[2]")
2022-01-19 16:07:20,740 - INFO basePage.py [line:140]: 点击"点击确定",元素定位:('xpath', "//*[@id='app']/div/div[2]/section/div/div/div/div/div[3]/div/button[2]")
2022-01-19 16:07:20,740 - INFO basePage.py [line:140]: 点击"点击确定",元素定位:('xpath', "//*[@id='app']/div/div[2]/section/div/div/div/div/div[3]/div/button[2]")
2022-01-19 16:07:20,798 - INFO basePage.py [line:74]: 等待"断言"元素,定位方式:('xpath', '/html/body/div[2]/p')
2022-01-19 16:07:20,798 - INFO basePage.py [line:74]: 等待"断言"元素,定位方式:('xpath', '/html/body/div[2]/p')
2022-01-19 16:07:21,120 - INFO basePage.py [line:79]: 等待"断言"时长:0:00:00.321489
2022-01-19 16:07:21,120 - INFO basePage.py [line:79]: 等待"断言"时长:0:00:00.321489
