2022-01-29 17:01:28,838 - INFO requestbase.py [line:33]: 连通接口"https://gateway-stg.jmj1995.com/authority/auth/login",接口data为:"",接口json{'groupId': '3', 'username': 'zaBjHxGvRVWGsVQ/zHecPnJqslj4HcDGZK7ETczs2779Znband2qnM9dVgyq2G9slLX69nVKb2HBQ51VgVuivFK5oizx/RSIgSmZlSQDaHHL4IHAnbwoGNWO85ERBFxOerLaNhP0EYrSkNABcJOfqiCRfazIXSxUKQd4XOx3H7c=', 'password': 'NXn+tGp/+m3dtqV2Em2fqAs21CQIjm0F05JqPWzNjKUiRvvZG/MTcmilW3xymwqUzfCgM8vNMdOgVqffnD4piFrh3araElM6AW8GcyoUBz+hpEBoYY0X+ZBCXLSHTMWMc1UYbZxnMM9BNng9Mpj9kEgnuc9jE76yN6nE0fNPkvs=', 'validate': '', 'challenge': '', 'seccode': ''}
2022-01-29 17:01:28,838 - INFO requestbase.py [line:33]: 连通接口"https://gateway-stg.jmj1995.com/authority/auth/login",接口data为:"",接口json{'groupId': '3', 'username': 'zaBjHxGvRVWGsVQ/zHecPnJqslj4HcDGZK7ETczs2779Znband2qnM9dVgyq2G9slLX69nVKb2HBQ51VgVuivFK5oizx/RSIgSmZlSQDaHHL4IHAnbwoGNWO85ERBFxOerLaNhP0EYrSkNABcJOfqiCRfazIXSxUKQd4XOx3H7c=', 'password': 'NXn+tGp/+m3dtqV2Em2fqAs21CQIjm0F05JqPWzNjKUiRvvZG/MTcmilW3xymwqUzfCgM8vNMdOgVqffnD4piFrh3araElM6AW8GcyoUBz+hpEBoYY0X+ZBCXLSHTMWMc1UYbZxnMM9BNng9Mpj9kEgnuc9jE76yN6nE0fNPkvs=', 'validate': '', 'challenge': '', 'seccode': ''}
2022-01-29 17:01:29,121 - INFO requestbase.py [line:38]: 等待接口"https://gateway-stg.jmj1995.com/authority/auth/login"时长:0:00:00.282246
2022-01-29 17:01:29,121 - INFO requestbase.py [line:38]: 等待接口"https://gateway-stg.jmj1995.com/authority/auth/login"时长:0:00:00.282246
2022-01-29 17:01:49,891 - INFO basePage.py [line:88]: 查找"输入账号"元素，元素定位:('xpath', "//*[@id='app']/div/div[1]/div[2]/form/div[2]/div/div/input")
2022-01-29 17:01:49,891 - INFO basePage.py [line:88]: 查找"输入账号"元素，元素定位:('xpath', "//*[@id='app']/div/div[1]/div[2]/form/div[2]/div/div/input")
2022-01-29 17:01:49,915 - INFO basePage.py [line:113]: 在"输入账号"输入"pengjie",元素定位:('xpath', "//*[@id='app']/div/div[1]/div[2]/form/div[2]/div/div/input")
2022-01-29 17:01:49,915 - INFO basePage.py [line:113]: 在"输入账号"输入"pengjie",元素定位:('xpath', "//*[@id='app']/div/div[1]/div[2]/form/div[2]/div/div/input")
2022-01-29 17:01:50,006 - INFO basePage.py [line:88]: 查找"输入密码"元素，元素定位:('xpath', "//*[@id='app']/div/div[1]/div[2]/form/div[3]/div/div/input")
2022-01-29 17:01:50,006 - INFO basePage.py [line:88]: 查找"输入密码"元素，元素定位:('xpath', "//*[@id='app']/div/div[1]/div[2]/form/div[3]/div/div/input")
2022-01-29 17:01:50,019 - INFO basePage.py [line:113]: 在"输入密码"输入"Qq123456",元素定位:('xpath', "//*[@id='app']/div/div[1]/div[2]/form/div[3]/div/div/input")
2022-01-29 17:01:50,019 - INFO basePage.py [line:113]: 在"输入密码"输入"Qq123456",元素定位:('xpath', "//*[@id='app']/div/div[1]/div[2]/form/div[3]/div/div/input")
2022-01-29 17:01:50,077 - INFO basePage.py [line:88]: 查找"点击登录"元素，元素定位:('xpath', "//*[@id='app']/div/div[1]/div[2]/form/button")
2022-01-29 17:01:50,077 - INFO basePage.py [line:88]: 查找"点击登录"元素，元素定位:('xpath', "//*[@id='app']/div/div[1]/div[2]/form/button")
2022-01-29 17:01:50,088 - INFO basePage.py [line:140]: 点击"点击登录",元素定位:('xpath', "//*[@id='app']/div/div[1]/div[2]/form/button")
2022-01-29 17:01:50,088 - INFO basePage.py [line:140]: 点击"点击登录",元素定位:('xpath', "//*[@id='app']/div/div[1]/div[2]/form/button")
2022-01-29 17:01:52,138 - INFO basePage.py [line:33]: 等待"断言"元素,定位方式:('xpath', "//*[@id='app']/div/div[2]/div/div[1]/div[3]/div[2]/span/span/button/span")
2022-01-29 17:01:52,138 - INFO basePage.py [line:33]: 等待"断言"元素,定位方式:('xpath', "//*[@id='app']/div/div[2]/div/div[1]/div[3]/div[2]/span/span/button/span")
2022-01-29 17:01:52,186 - INFO basePage.py [line:38]: 等待"断言"时长:0:00:00.044879
2022-01-29 17:01:52,186 - INFO basePage.py [line:38]: 等待"断言"时长:0:00:00.044879
2022-01-29 17:02:19,471 - INFO basePage.py [line:88]: 查找"输入账号"元素，元素定位:('xpath', "//*[@id='app']/div/div[1]/div[2]/form/div[2]/div/div/input")
2022-01-29 17:02:19,471 - INFO basePage.py [line:88]: 查找"输入账号"元素，元素定位:('xpath', "//*[@id='app']/div/div[1]/div[2]/form/div[2]/div/div/input")
2022-01-29 17:02:19,510 - INFO basePage.py [line:113]: 在"输入账号"输入"pengjie32",元素定位:('xpath', "//*[@id='app']/div/div[1]/div[2]/form/div[2]/div/div/input")
2022-01-29 17:02:19,510 - INFO basePage.py [line:113]: 在"输入账号"输入"pengjie32",元素定位:('xpath', "//*[@id='app']/div/div[1]/div[2]/form/div[2]/div/div/input")
2022-01-29 17:02:19,602 - INFO basePage.py [line:88]: 查找"输入密码"元素，元素定位:('xpath', "//*[@id='app']/div/div[1]/div[2]/form/div[3]/div/div/input")
2022-01-29 17:02:19,602 - INFO basePage.py [line:88]: 查找"输入密码"元素，元素定位:('xpath', "//*[@id='app']/div/div[1]/div[2]/form/div[3]/div/div/input")
2022-01-29 17:02:19,616 - INFO basePage.py [line:113]: 在"输入密码"输入"Qq123456",元素定位:('xpath', "//*[@id='app']/div/div[1]/div[2]/form/div[3]/div/div/input")
2022-01-29 17:02:19,616 - INFO basePage.py [line:113]: 在"输入密码"输入"Qq123456",元素定位:('xpath', "//*[@id='app']/div/div[1]/div[2]/form/div[3]/div/div/input")
2022-01-29 17:02:19,681 - INFO basePage.py [line:88]: 查找"点击登录"元素，元素定位:('xpath', "//*[@id='app']/div/div[1]/div[2]/form/button")
2022-01-29 17:02:19,681 - INFO basePage.py [line:88]: 查找"点击登录"元素，元素定位:('xpath', "//*[@id='app']/div/div[1]/div[2]/form/button")
2022-01-29 17:02:19,691 - INFO basePage.py [line:140]: 点击"点击登录",元素定位:('xpath', "//*[@id='app']/div/div[1]/div[2]/form/button")
2022-01-29 17:02:19,691 - INFO basePage.py [line:140]: 点击"点击登录",元素定位:('xpath', "//*[@id='app']/div/div[1]/div[2]/form/button")
2022-01-29 17:02:21,747 - INFO basePage.py [line:54]: 等待"断言"消失,元素定位:('xpath', "//*[@id='app']/div/div[2]/div/div[1]/div[3]/div[2]/span/span/button/span")
2022-01-29 17:02:21,747 - INFO basePage.py [line:54]: 等待"断言"消失,元素定位:('xpath', "//*[@id='app']/div/div[2]/div/div[1]/div[3]/div[2]/span/span/button/span")
2022-01-29 17:02:31,769 - INFO basePage.py [line:59]: 等待"断言"时长:0:00:10.019877
2022-01-29 17:02:31,769 - INFO basePage.py [line:59]: 等待"断言"时长:0:00:10.019877
2022-01-29 17:03:00,453 - INFO basePage.py [line:88]: 查找"输入账号"元素，元素定位:('xpath', "//*[@id='app']/div/div[1]/div[2]/form/div[2]/div/div/input")
2022-01-29 17:03:00,453 - INFO basePage.py [line:88]: 查找"输入账号"元素，元素定位:('xpath', "//*[@id='app']/div/div[1]/div[2]/form/div[2]/div/div/input")
2022-01-29 17:03:00,473 - INFO basePage.py [line:113]: 在"输入账号"输入"pengjie",元素定位:('xpath', "//*[@id='app']/div/div[1]/div[2]/form/div[2]/div/div/input")
2022-01-29 17:03:00,473 - INFO basePage.py [line:113]: 在"输入账号"输入"pengjie",元素定位:('xpath', "//*[@id='app']/div/div[1]/div[2]/form/div[2]/div/div/input")
2022-01-29 17:03:00,554 - INFO basePage.py [line:88]: 查找"输入密码"元素，元素定位:('xpath', "//*[@id='app']/div/div[1]/div[2]/form/div[3]/div/div/input")
2022-01-29 17:03:00,554 - INFO basePage.py [line:88]: 查找"输入密码"元素，元素定位:('xpath', "//*[@id='app']/div/div[1]/div[2]/form/div[3]/div/div/input")
2022-01-29 17:03:00,567 - INFO basePage.py [line:113]: 在"输入密码"输入"qq123",元素定位:('xpath', "//*[@id='app']/div/div[1]/div[2]/form/div[3]/div/div/input")
2022-01-29 17:03:00,567 - INFO basePage.py [line:113]: 在"输入密码"输入"qq123",元素定位:('xpath', "//*[@id='app']/div/div[1]/div[2]/form/div[3]/div/div/input")
2022-01-29 17:03:00,625 - INFO basePage.py [line:88]: 查找"点击登录"元素，元素定位:('xpath', "//*[@id='app']/div/div[1]/div[2]/form/button")
2022-01-29 17:03:00,625 - INFO basePage.py [line:88]: 查找"点击登录"元素，元素定位:('xpath', "//*[@id='app']/div/div[1]/div[2]/form/button")
2022-01-29 17:03:00,635 - INFO basePage.py [line:140]: 点击"点击登录",元素定位:('xpath', "//*[@id='app']/div/div[1]/div[2]/form/button")
2022-01-29 17:03:00,635 - INFO basePage.py [line:140]: 点击"点击登录",元素定位:('xpath', "//*[@id='app']/div/div[1]/div[2]/form/button")
2022-01-29 17:03:02,692 - INFO basePage.py [line:54]: 等待"断言"消失,元素定位:('xpath', "//*[@id='app']/div/div[2]/div/div[1]/div[3]/div[2]/span/span/button/span]")
2022-01-29 17:03:02,692 - INFO basePage.py [line:54]: 等待"断言"消失,元素定位:('xpath', "//*[@id='app']/div/div[2]/div/div[1]/div[3]/div[2]/span/span/button/span]")
2022-01-29 17:03:02,735 - INFO basePage.py [line:59]: 等待"断言"时长:0:00:00.040456
2022-01-29 17:03:02,735 - INFO basePage.py [line:59]: 等待"断言"时长:0:00:00.040456
