2022-01-29 16:21:36,493 - INFO requestbase.py [line:33]: 连通接口"https://gateway-stg.jmj1995.com/authority/auth/login",接口data为:"",接口json{'groupId': '3', 'username': 'zaBjHxGvRVWGsVQ/zHecPnJqslj4HcDGZK7ETczs2779Znband2qnM9dVgyq2G9slLX69nVKb2HBQ51VgVuivFK5oizx/RSIgSmZlSQDaHHL4IHAnbwoGNWO85ERBFxOerLaNhP0EYrSkNABcJOfqiCRfazIXSxUKQd4XOx3H7c=', 'password': 'NXn+tGp/+m3dtqV2Em2fqAs21CQIjm0F05JqPWzNjKUiRvvZG/MTcmilW3xymwqUzfCgM8vNMdOgVqffnD4piFrh3araElM6AW8GcyoUBz+hpEBoYY0X+ZBCXLSHTMWMc1UYbZxnMM9BNng9Mpj9kEgnuc9jE76yN6nE0fNPkvs=', 'validate': '', 'challenge': '', 'seccode': ''}
2022-01-29 16:21:36,493 - INFO requestbase.py [line:33]: 连通接口"https://gateway-stg.jmj1995.com/authority/auth/login",接口data为:"",接口json{'groupId': '3', 'username': 'zaBjHxGvRVWGsVQ/zHecPnJqslj4HcDGZK7ETczs2779Znband2qnM9dVgyq2G9slLX69nVKb2HBQ51VgVuivFK5oizx/RSIgSmZlSQDaHHL4IHAnbwoGNWO85ERBFxOerLaNhP0EYrSkNABcJOfqiCRfazIXSxUKQd4XOx3H7c=', 'password': 'NXn+tGp/+m3dtqV2Em2fqAs21CQIjm0F05JqPWzNjKUiRvvZG/MTcmilW3xymwqUzfCgM8vNMdOgVqffnD4piFrh3araElM6AW8GcyoUBz+hpEBoYY0X+ZBCXLSHTMWMc1UYbZxnMM9BNng9Mpj9kEgnuc9jE76yN6nE0fNPkvs=', 'validate': '', 'challenge': '', 'seccode': ''}
2022-01-29 16:21:36,850 - INFO requestbase.py [line:38]: 等待接口"https://gateway-stg.jmj1995.com/authority/auth/login"时长:0:00:00.357742
2022-01-29 16:21:36,850 - INFO requestbase.py [line:38]: 等待接口"https://gateway-stg.jmj1995.com/authority/auth/login"时长:0:00:00.357742
2022-01-29 16:21:50,137 - INFO basePage.py [line:88]: 查找"输入账号"元素，元素定位:('xpath', "//*[@id='app']/div/div[1]/div[2]/form/div[2]/div/div/input")
2022-01-29 16:21:50,137 - INFO basePage.py [line:88]: 查找"输入账号"元素，元素定位:('xpath', "//*[@id='app']/div/div[1]/div[2]/form/div[2]/div/div/input")
2022-01-29 16:21:50,150 - INFO basePage.py [line:113]: 在"输入账号"输入"oms1212",元素定位:('xpath', "//*[@id='app']/div/div[1]/div[2]/form/div[2]/div/div/input")
2022-01-29 16:21:50,150 - INFO basePage.py [line:113]: 在"输入账号"输入"oms1212",元素定位:('xpath', "//*[@id='app']/div/div[1]/div[2]/form/div[2]/div/div/input")
2022-01-29 16:21:50,257 - INFO basePage.py [line:88]: 查找"输入密码"元素，元素定位:('xpath', "//*[@id='app']/div/div[1]/div[2]/form/div[3]/div/div/input")
2022-01-29 16:21:50,257 - INFO basePage.py [line:88]: 查找"输入密码"元素，元素定位:('xpath', "//*[@id='app']/div/div[1]/div[2]/form/div[3]/div/div/input")
2022-01-29 16:21:50,275 - INFO basePage.py [line:113]: 在"输入密码"输入"Qq123456",元素定位:('xpath', "//*[@id='app']/div/div[1]/div[2]/form/div[3]/div/div/input")
2022-01-29 16:21:50,275 - INFO basePage.py [line:113]: 在"输入密码"输入"Qq123456",元素定位:('xpath', "//*[@id='app']/div/div[1]/div[2]/form/div[3]/div/div/input")
2022-01-29 16:21:50,340 - INFO basePage.py [line:88]: 查找"点击登录"元素，元素定位:('xpath', "//*[@id='app']/div/div[1]/div[2]/form/button")
2022-01-29 16:21:50,340 - INFO basePage.py [line:88]: 查找"点击登录"元素，元素定位:('xpath', "//*[@id='app']/div/div[1]/div[2]/form/button")
2022-01-29 16:21:50,353 - INFO basePage.py [line:140]: 点击"点击登录",元素定位:('xpath', "//*[@id='app']/div/div[1]/div[2]/form/button")
2022-01-29 16:21:50,353 - INFO basePage.py [line:140]: 点击"点击登录",元素定位:('xpath', "//*[@id='app']/div/div[1]/div[2]/form/button")
2022-01-29 16:21:53,406 - INFO basePage.py [line:88]: 查找"供应链管理"元素，元素定位:('xpath', "//*[@id='app']/div/div[1]/div[2]/div[1]/div/ul/div[2]/li/div")
2022-01-29 16:21:53,406 - INFO basePage.py [line:88]: 查找"供应链管理"元素，元素定位:('xpath', "//*[@id='app']/div/div[1]/div[2]/div[1]/div/ul/div[2]/li/div")
2022-01-29 16:21:53,439 - INFO basePage.py [line:140]: 点击"供应链管理",元素定位:('xpath', "//*[@id='app']/div/div[1]/div[2]/div[1]/div/ul/div[2]/li/div")
2022-01-29 16:21:53,439 - INFO basePage.py [line:140]: 点击"供应链管理",元素定位:('xpath', "//*[@id='app']/div/div[1]/div[2]/div[1]/div/ul/div[2]/li/div")
2022-01-29 16:21:53,484 - INFO basePage.py [line:88]: 查找"门店管理"元素，元素定位:('xpath', "//*[@id='app']/div/div[1]/div[2]/div[1]/div/ul/div[2]/li/ul/div[2]/a/li")
2022-01-29 16:21:53,484 - INFO basePage.py [line:88]: 查找"门店管理"元素，元素定位:('xpath', "//*[@id='app']/div/div[1]/div[2]/div[1]/div/ul/div[2]/li/ul/div[2]/a/li")
2022-01-29 16:21:53,494 - INFO basePage.py [line:140]: 点击"门店管理",元素定位:('xpath', "//*[@id='app']/div/div[1]/div[2]/div[1]/div/ul/div[2]/li/ul/div[2]/a/li")
2022-01-29 16:21:53,494 - INFO basePage.py [line:140]: 点击"门店管理",元素定位:('xpath', "//*[@id='app']/div/div[1]/div[2]/div[1]/div/ul/div[2]/li/ul/div[2]/a/li")
2022-01-29 16:21:55,616 - INFO basePage.py [line:88]: 查找"点击编辑"元素，元素定位:('xpath', "//*[@id='app']/div/div[2]/section/div/div/div/div[2]/div[1]/div[4]/div[2]/table/tbody/tr[1]/td[2]/div/button")
2022-01-29 16:21:55,616 - INFO basePage.py [line:88]: 查找"点击编辑"元素，元素定位:('xpath', "//*[@id='app']/div/div[2]/section/div/div/div/div[2]/div[1]/div[4]/div[2]/table/tbody/tr[1]/td[2]/div/button")
2022-01-29 16:21:55,994 - INFO basePage.py [line:140]: 点击"点击编辑",元素定位:('xpath', "//*[@id='app']/div/div[2]/section/div/div/div/div[2]/div[1]/div[4]/div[2]/table/tbody/tr[1]/td[2]/div/button")
2022-01-29 16:21:55,994 - INFO basePage.py [line:140]: 点击"点击编辑",元素定位:('xpath', "//*[@id='app']/div/div[2]/section/div/div/div/div[2]/div[1]/div[4]/div[2]/table/tbody/tr[1]/td[2]/div/button")
2022-01-29 16:21:56,533 - INFO basePage.py [line:88]: 查找"点击修改"元素，元素定位:('xpath', "//*[@id='app']/div/div[2]/section/div/div/div/div/form/div[3]/div/div/div/button[2]")
2022-01-29 16:21:56,533 - INFO basePage.py [line:88]: 查找"点击修改"元素，元素定位:('xpath', "//*[@id='app']/div/div[2]/section/div/div/div/div/form/div[3]/div/div/div/button[2]")
2022-01-29 16:21:56,545 - INFO basePage.py [line:140]: 点击"点击修改",元素定位:('xpath', "//*[@id='app']/div/div[2]/section/div/div/div/div/form/div[3]/div/div/div/button[2]")
2022-01-29 16:21:56,545 - INFO basePage.py [line:140]: 点击"点击修改",元素定位:('xpath', "//*[@id='app']/div/div[2]/section/div/div/div/div/form/div[3]/div/div/div/button[2]")
2022-01-29 16:21:57,013 - INFO basePage.py [line:33]: 等待"断言"元素,定位方式:('xpath', "//*[@id='app']/div/div[2]/section/div/div/div/div[2]/div[1]/div[4]/div[2]/table/tbody/tr[1]/td[2]/div/button")
2022-01-29 16:21:57,013 - INFO basePage.py [line:33]: 等待"断言"元素,定位方式:('xpath', "//*[@id='app']/div/div[2]/section/div/div/div/div[2]/div[1]/div[4]/div[2]/table/tbody/tr[1]/td[2]/div/button")
2022-01-29 16:21:57,444 - INFO basePage.py [line:38]: 等待"断言"时长:0:00:00.431156
2022-01-29 16:21:57,444 - INFO basePage.py [line:38]: 等待"断言"时长:0:00:00.431156
2022-01-29 16:22:15,924 - INFO basePage.py [line:88]: 查找"输入账号"元素，元素定位:('xpath', "//*[@id='app']/div/div[1]/div[2]/form/div[2]/div/div/input")
2022-01-29 16:22:15,924 - INFO basePage.py [line:88]: 查找"输入账号"元素，元素定位:('xpath', "//*[@id='app']/div/div[1]/div[2]/form/div[2]/div/div/input")
2022-01-29 16:22:15,937 - INFO basePage.py [line:113]: 在"输入账号"输入"oms1212",元素定位:('xpath', "//*[@id='app']/div/div[1]/div[2]/form/div[2]/div/div/input")
2022-01-29 16:22:15,937 - INFO basePage.py [line:113]: 在"输入账号"输入"oms1212",元素定位:('xpath', "//*[@id='app']/div/div[1]/div[2]/form/div[2]/div/div/input")
2022-01-29 16:22:16,009 - INFO basePage.py [line:88]: 查找"输入密码"元素，元素定位:('xpath', "//*[@id='app']/div/div[1]/div[2]/form/div[3]/div/div/input")
2022-01-29 16:22:16,009 - INFO basePage.py [line:88]: 查找"输入密码"元素，元素定位:('xpath', "//*[@id='app']/div/div[1]/div[2]/form/div[3]/div/div/input")
2022-01-29 16:22:16,025 - INFO basePage.py [line:113]: 在"输入密码"输入"Qq123456",元素定位:('xpath', "//*[@id='app']/div/div[1]/div[2]/form/div[3]/div/div/input")
2022-01-29 16:22:16,025 - INFO basePage.py [line:113]: 在"输入密码"输入"Qq123456",元素定位:('xpath', "//*[@id='app']/div/div[1]/div[2]/form/div[3]/div/div/input")
2022-01-29 16:22:16,088 - INFO basePage.py [line:88]: 查找"点击登录"元素，元素定位:('xpath', "//*[@id='app']/div/div[1]/div[2]/form/button")
2022-01-29 16:22:16,088 - INFO basePage.py [line:88]: 查找"点击登录"元素，元素定位:('xpath', "//*[@id='app']/div/div[1]/div[2]/form/button")
2022-01-29 16:22:16,100 - INFO basePage.py [line:140]: 点击"点击登录",元素定位:('xpath', "//*[@id='app']/div/div[1]/div[2]/form/button")
2022-01-29 16:22:16,100 - INFO basePage.py [line:140]: 点击"点击登录",元素定位:('xpath', "//*[@id='app']/div/div[1]/div[2]/form/button")
2022-01-29 16:22:19,167 - INFO basePage.py [line:88]: 查找"供应链管理"元素，元素定位:('xpath', "//*[@id='app']/div/div[1]/div[2]/div[1]/div/ul/div[2]/li/div")
2022-01-29 16:22:19,167 - INFO basePage.py [line:88]: 查找"供应链管理"元素，元素定位:('xpath', "//*[@id='app']/div/div[1]/div[2]/div[1]/div/ul/div[2]/li/div")
2022-01-29 16:22:19,185 - INFO basePage.py [line:140]: 点击"供应链管理",元素定位:('xpath', "//*[@id='app']/div/div[1]/div[2]/div[1]/div/ul/div[2]/li/div")
2022-01-29 16:22:19,185 - INFO basePage.py [line:140]: 点击"供应链管理",元素定位:('xpath', "//*[@id='app']/div/div[1]/div[2]/div[1]/div/ul/div[2]/li/div")
2022-01-29 16:22:19,233 - INFO basePage.py [line:88]: 查找"供应商管理"元素，元素定位:('xpath', "//*[@id='app']/div/div[1]/div[2]/div[1]/div/ul/div[2]/li/ul/div[3]/a/li")
2022-01-29 16:22:19,233 - INFO basePage.py [line:88]: 查找"供应商管理"元素，元素定位:('xpath', "//*[@id='app']/div/div[1]/div[2]/div[1]/div/ul/div[2]/li/ul/div[3]/a/li")
2022-01-29 16:22:19,245 - INFO basePage.py [line:140]: 点击"供应商管理",元素定位:('xpath', "//*[@id='app']/div/div[1]/div[2]/div[1]/div/ul/div[2]/li/ul/div[3]/a/li")
2022-01-29 16:22:19,245 - INFO basePage.py [line:140]: 点击"供应商管理",元素定位:('xpath', "//*[@id='app']/div/div[1]/div[2]/div[1]/div/ul/div[2]/li/ul/div[3]/a/li")
2022-01-29 16:22:21,360 - INFO basePage.py [line:88]: 查找"点击查看"元素，元素定位:('xpath', "//*[@id='app']/div/div[2]/section/div/div/section/main/section/main/div/div[1]/div[4]/div[2]/table/tbody/tr[1]/td[2]/div/button[1]")
2022-01-29 16:22:21,360 - INFO basePage.py [line:88]: 查找"点击查看"元素，元素定位:('xpath', "//*[@id='app']/div/div[2]/section/div/div/section/main/section/main/div/div[1]/div[4]/div[2]/table/tbody/tr[1]/td[2]/div/button[1]")
2022-01-29 16:22:21,710 - INFO basePage.py [line:140]: 点击"点击查看",元素定位:('xpath', "//*[@id='app']/div/div[2]/section/div/div/section/main/section/main/div/div[1]/div[4]/div[2]/table/tbody/tr[1]/td[2]/div/button[1]")
2022-01-29 16:22:21,710 - INFO basePage.py [line:140]: 点击"点击查看",元素定位:('xpath', "//*[@id='app']/div/div[2]/section/div/div/section/main/section/main/div/div[1]/div[4]/div[2]/table/tbody/tr[1]/td[2]/div/button[1]")
2022-01-29 16:22:24,126 - INFO basePage.py [line:33]: 等待"断言"元素,定位方式:('xpath', "//*[@id='app']/div/div[2]/section/div/div/div/div/div[3]/div/button")
2022-01-29 16:22:24,126 - INFO basePage.py [line:33]: 等待"断言"元素,定位方式:('xpath', "//*[@id='app']/div/div[2]/section/div/div/div/div/div[3]/div/button")
2022-01-29 16:22:24,153 - INFO basePage.py [line:38]: 等待"断言"时长:0:00:00.026844
2022-01-29 16:22:24,153 - INFO basePage.py [line:38]: 等待"断言"时长:0:00:00.026844
2022-01-29 16:22:42,550 - INFO basePage.py [line:88]: 查找"输入账号"元素，元素定位:('xpath', "//*[@id='app']/div/div[1]/div[2]/form/div[2]/div/div/input")
2022-01-29 16:22:42,550 - INFO basePage.py [line:88]: 查找"输入账号"元素，元素定位:('xpath', "//*[@id='app']/div/div[1]/div[2]/form/div[2]/div/div/input")
2022-01-29 16:22:42,563 - INFO basePage.py [line:113]: 在"输入账号"输入"oms1212",元素定位:('xpath', "//*[@id='app']/div/div[1]/div[2]/form/div[2]/div/div/input")
2022-01-29 16:22:42,563 - INFO basePage.py [line:113]: 在"输入账号"输入"oms1212",元素定位:('xpath', "//*[@id='app']/div/div[1]/div[2]/form/div[2]/div/div/input")
2022-01-29 16:22:42,635 - INFO basePage.py [line:88]: 查找"输入密码"元素，元素定位:('xpath', "//*[@id='app']/div/div[1]/div[2]/form/div[3]/div/div/input")
2022-01-29 16:22:42,635 - INFO basePage.py [line:88]: 查找"输入密码"元素，元素定位:('xpath', "//*[@id='app']/div/div[1]/div[2]/form/div[3]/div/div/input")
2022-01-29 16:22:42,647 - INFO basePage.py [line:113]: 在"输入密码"输入"Qq123456",元素定位:('xpath', "//*[@id='app']/div/div[1]/div[2]/form/div[3]/div/div/input")
2022-01-29 16:22:42,647 - INFO basePage.py [line:113]: 在"输入密码"输入"Qq123456",元素定位:('xpath', "//*[@id='app']/div/div[1]/div[2]/form/div[3]/div/div/input")
2022-01-29 16:22:42,710 - INFO basePage.py [line:88]: 查找"点击登录"元素，元素定位:('xpath', "//*[@id='app']/div/div[1]/div[2]/form/button")
2022-01-29 16:22:42,710 - INFO basePage.py [line:88]: 查找"点击登录"元素，元素定位:('xpath', "//*[@id='app']/div/div[1]/div[2]/form/button")
2022-01-29 16:22:42,721 - INFO basePage.py [line:140]: 点击"点击登录",元素定位:('xpath', "//*[@id='app']/div/div[1]/div[2]/form/button")
2022-01-29 16:22:42,721 - INFO basePage.py [line:140]: 点击"点击登录",元素定位:('xpath', "//*[@id='app']/div/div[1]/div[2]/form/button")
2022-01-29 16:22:45,770 - INFO basePage.py [line:88]: 查找"供应链管理"元素，元素定位:('xpath', "//*[@id='app']/div/div[1]/div[2]/div[1]/div/ul/div[2]/li/div")
2022-01-29 16:22:45,770 - INFO basePage.py [line:88]: 查找"供应链管理"元素，元素定位:('xpath', "//*[@id='app']/div/div[1]/div[2]/div[1]/div/ul/div[2]/li/div")
2022-01-29 16:22:45,787 - INFO basePage.py [line:140]: 点击"供应链管理",元素定位:('xpath', "//*[@id='app']/div/div[1]/div[2]/div[1]/div/ul/div[2]/li/div")
2022-01-29 16:22:45,787 - INFO basePage.py [line:140]: 点击"供应链管理",元素定位:('xpath', "//*[@id='app']/div/div[1]/div[2]/div[1]/div/ul/div[2]/li/div")
2022-01-29 16:22:45,827 - INFO basePage.py [line:88]: 查找"供应商管理"元素，元素定位:('xpath', "//*[@id='app']/div/div[1]/div[2]/div[1]/div/ul/div[2]/li/ul/div[3]/a/li")
2022-01-29 16:22:45,827 - INFO basePage.py [line:88]: 查找"供应商管理"元素，元素定位:('xpath', "//*[@id='app']/div/div[1]/div[2]/div[1]/div/ul/div[2]/li/ul/div[3]/a/li")
2022-01-29 16:22:45,840 - INFO basePage.py [line:140]: 点击"供应商管理",元素定位:('xpath', "//*[@id='app']/div/div[1]/div[2]/div[1]/div/ul/div[2]/li/ul/div[3]/a/li")
2022-01-29 16:22:45,840 - INFO basePage.py [line:140]: 点击"供应商管理",元素定位:('xpath', "//*[@id='app']/div/div[1]/div[2]/div[1]/div/ul/div[2]/li/ul/div[3]/a/li")
2022-01-29 16:22:47,953 - INFO basePage.py [line:88]: 查找"点击编辑"元素，元素定位:('xpath', "//*[@id='app']/div/div[2]/section/div/div/section/main/section/main/div/div[1]/div[4]/div[2]/table/tbody/tr[1]/td[2]/div/button[2]")
2022-01-29 16:22:47,953 - INFO basePage.py [line:88]: 查找"点击编辑"元素，元素定位:('xpath', "//*[@id='app']/div/div[2]/section/div/div/section/main/section/main/div/div[1]/div[4]/div[2]/table/tbody/tr[1]/td[2]/div/button[2]")
2022-01-29 16:22:48,208 - INFO basePage.py [line:140]: 点击"点击编辑",元素定位:('xpath', "//*[@id='app']/div/div[2]/section/div/div/section/main/section/main/div/div[1]/div[4]/div[2]/table/tbody/tr[1]/td[2]/div/button[2]")
2022-01-29 16:22:48,208 - INFO basePage.py [line:140]: 点击"点击编辑",元素定位:('xpath', "//*[@id='app']/div/div[2]/section/div/div/section/main/section/main/div/div[1]/div[4]/div[2]/table/tbody/tr[1]/td[2]/div/button[2]")
2022-01-29 16:22:48,499 - INFO basePage.py [line:88]: 查找"点击确定"元素，元素定位:('xpath', "//*[@id='app']/div/div[2]/section/div/div/div/div/div[3]/div/button[2]")
2022-01-29 16:22:48,499 - INFO basePage.py [line:88]: 查找"点击确定"元素，元素定位:('xpath', "//*[@id='app']/div/div[2]/section/div/div/div/div/div[3]/div/button[2]")
2022-01-29 16:22:48,561 - INFO basePage.py [line:140]: 点击"点击确定",元素定位:('xpath', "//*[@id='app']/div/div[2]/section/div/div/div/div/div[3]/div/button[2]")
2022-01-29 16:22:48,561 - INFO basePage.py [line:140]: 点击"点击确定",元素定位:('xpath', "//*[@id='app']/div/div[2]/section/div/div/div/div/div[3]/div/button[2]")
2022-01-29 16:22:48,619 - INFO basePage.py [line:74]: 等待"更新供应商详情成功断言"元素,定位方式:('xpath', '/html/body/div[2]/p')
2022-01-29 16:22:48,619 - INFO basePage.py [line:74]: 等待"更新供应商详情成功断言"元素,定位方式:('xpath', '/html/body/div[2]/p')
2022-01-29 16:22:48,951 - INFO basePage.py [line:79]: 等待"更新供应商详情成功断言"时长:0:00:00.331547
2022-01-29 16:22:48,951 - INFO basePage.py [line:79]: 等待"更新供应商详情成功断言"时长:0:00:00.331547
