2022-01-29 15:57:04,095 - INFO basePage.py [line:88]: 查找"输入账号"元素，元素定位:('xpath', "//*[@id='app']/div/div[1]/div[2]/form/div[2]/div/div/input")
2022-01-29 15:57:04,095 - INFO basePage.py [line:88]: 查找"输入账号"元素，元素定位:('xpath', "//*[@id='app']/div/div[1]/div[2]/form/div[2]/div/div/input")
2022-01-29 15:57:04,108 - INFO basePage.py [line:113]: 在"输入账号"输入"pengjie",元素定位:('xpath', "//*[@id='app']/div/div[1]/div[2]/form/div[2]/div/div/input")
2022-01-29 15:57:04,108 - INFO basePage.py [line:113]: 在"输入账号"输入"pengjie",元素定位:('xpath', "//*[@id='app']/div/div[1]/div[2]/form/div[2]/div/div/input")
2022-01-29 15:57:04,186 - INFO basePage.py [line:88]: 查找"输入密码"元素，元素定位:('xpath', "//*[@id='app']/div/div[1]/div[2]/form/div[3]/div/div/input")
2022-01-29 15:57:04,186 - INFO basePage.py [line:88]: 查找"输入密码"元素，元素定位:('xpath', "//*[@id='app']/div/div[1]/div[2]/form/div[3]/div/div/input")
2022-01-29 15:57:04,199 - INFO basePage.py [line:113]: 在"输入密码"输入"qq123",元素定位:('xpath', "//*[@id='app']/div/div[1]/div[2]/form/div[3]/div/div/input")
2022-01-29 15:57:04,199 - INFO basePage.py [line:113]: 在"输入密码"输入"qq123",元素定位:('xpath', "//*[@id='app']/div/div[1]/div[2]/form/div[3]/div/div/input")
2022-01-29 15:57:04,254 - INFO basePage.py [line:88]: 查找"点击登录"元素，元素定位:('xpath', "//*[@id='app']/div/div[1]/div[2]/form/button")
2022-01-29 15:57:04,254 - INFO basePage.py [line:88]: 查找"点击登录"元素，元素定位:('xpath', "//*[@id='app']/div/div[1]/div[2]/form/button")
2022-01-29 15:57:04,266 - INFO basePage.py [line:140]: 点击"点击登录",元素定位:('xpath', "//*[@id='app']/div/div[1]/div[2]/form/button")
2022-01-29 15:57:04,266 - INFO basePage.py [line:140]: 点击"点击登录",元素定位:('xpath', "//*[@id='app']/div/div[1]/div[2]/form/button")
2022-01-29 15:57:06,321 - INFO basePage.py [line:54]: 等待"断言"消失,元素定位:(By.XPATH,"//*[@id='app']/div/div[2]/div/div[1]/div[3]/div[2]/span/span/button/span]")
2022-01-29 15:57:06,321 - INFO basePage.py [line:54]: 等待"断言"消失,元素定位:(By.XPATH,"//*[@id='app']/div/div[2]/div/div[1]/div[3]/div[2]/span/span/button/span]")
2022-01-29 15:57:34,855 - INFO basePage.py [line:88]: 查找"输入账号"元素，元素定位:('xpath', "//*[@id='app']/div/div[1]/div[2]/form/div[2]/div/div/input")
2022-01-29 15:57:34,855 - INFO basePage.py [line:88]: 查找"输入账号"元素，元素定位:('xpath', "//*[@id='app']/div/div[1]/div[2]/form/div[2]/div/div/input")
2022-01-29 15:57:34,881 - INFO basePage.py [line:113]: 在"输入账号"输入"pengjie",元素定位:('xpath', "//*[@id='app']/div/div[1]/div[2]/form/div[2]/div/div/input")
2022-01-29 15:57:34,881 - INFO basePage.py [line:113]: 在"输入账号"输入"pengjie",元素定位:('xpath', "//*[@id='app']/div/div[1]/div[2]/form/div[2]/div/div/input")
2022-01-29 15:57:34,969 - INFO basePage.py [line:88]: 查找"输入密码"元素，元素定位:('xpath', "//*[@id='app']/div/div[1]/div[2]/form/div[3]/div/div/input")
2022-01-29 15:57:34,969 - INFO basePage.py [line:88]: 查找"输入密码"元素，元素定位:('xpath', "//*[@id='app']/div/div[1]/div[2]/form/div[3]/div/div/input")
2022-01-29 15:57:34,983 - INFO basePage.py [line:113]: 在"输入密码"输入"qq123",元素定位:('xpath', "//*[@id='app']/div/div[1]/div[2]/form/div[3]/div/div/input")
2022-01-29 15:57:34,983 - INFO basePage.py [line:113]: 在"输入密码"输入"qq123",元素定位:('xpath', "//*[@id='app']/div/div[1]/div[2]/form/div[3]/div/div/input")
2022-01-29 15:57:35,037 - INFO basePage.py [line:88]: 查找"点击登录"元素，元素定位:('xpath', "//*[@id='app']/div/div[1]/div[2]/form/button")
2022-01-29 15:57:35,037 - INFO basePage.py [line:88]: 查找"点击登录"元素，元素定位:('xpath', "//*[@id='app']/div/div[1]/div[2]/form/button")
2022-01-29 15:57:35,048 - INFO basePage.py [line:140]: 点击"点击登录",元素定位:('xpath', "//*[@id='app']/div/div[1]/div[2]/form/button")
2022-01-29 15:57:35,048 - INFO basePage.py [line:140]: 点击"点击登录",元素定位:('xpath', "//*[@id='app']/div/div[1]/div[2]/form/button")
2022-01-29 15:57:37,105 - INFO basePage.py [line:54]: 等待"断言"消失,元素定位:(By.XPATH,"//*[@id='app']/div/div[2]/div/div[1]/div[3]/div[2]/span/span/button/span]")
2022-01-29 15:57:37,105 - INFO basePage.py [line:54]: 等待"断言"消失,元素定位:(By.XPATH,"//*[@id='app']/div/div[2]/div/div[1]/div[3]/div[2]/span/span/button/span]")
