2022-01-28 16:20:13,154 - INFO requestbase.py [line:33]: 连通接口"https://gateway-stg.jmj1995.com/authority/auth/login",接口data为:"",接口json{'groupId': '3', 'username': 'zaBjHxGvRVWGsVQ/zHecPnJqslj4HcDGZK7ETczs2779Znband2qnM9dVgyq2G9slLX69nVKb2HBQ51VgVuivFK5oizx/RSIgSmZlSQDaHHL4IHAnbwoGNWO85ERBFxOerLaNhP0EYrSkNABcJOfqiCRfazIXSxUKQd4XOx3H7c=', 'password': 'NXn+tGp/+m3dtqV2Em2fqAs21CQIjm0F05JqPWzNjKUiRvvZG/MTcmilW3xymwqUzfCgM8vNMdOgVqffnD4piFrh3araElM6AW8GcyoUBz+hpEBoYY0X+ZBCXLSHTMWMc1UYbZxnMM9BNng9Mpj9kEgnuc9jE76yN6nE0fNPkvs=', 'validate': '', 'challenge': '', 'seccode': ''}
2022-01-28 16:20:13,154 - INFO requestbase.py [line:33]: 连通接口"https://gateway-stg.jmj1995.com/authority/auth/login",接口data为:"",接口json{'groupId': '3', 'username': 'zaBjHxGvRVWGsVQ/zHecPnJqslj4HcDGZK7ETczs2779Znband2qnM9dVgyq2G9slLX69nVKb2HBQ51VgVuivFK5oizx/RSIgSmZlSQDaHHL4IHAnbwoGNWO85ERBFxOerLaNhP0EYrSkNABcJOfqiCRfazIXSxUKQd4XOx3H7c=', 'password': 'NXn+tGp/+m3dtqV2Em2fqAs21CQIjm0F05JqPWzNjKUiRvvZG/MTcmilW3xymwqUzfCgM8vNMdOgVqffnD4piFrh3araElM6AW8GcyoUBz+hpEBoYY0X+ZBCXLSHTMWMc1UYbZxnMM9BNng9Mpj9kEgnuc9jE76yN6nE0fNPkvs=', 'validate': '', 'challenge': '', 'seccode': ''}
2022-01-28 16:20:13,399 - INFO requestbase.py [line:38]: 等待接口"https://gateway-stg.jmj1995.com/authority/auth/login"时长:0:00:00.239003
2022-01-28 16:20:13,399 - INFO requestbase.py [line:38]: 等待接口"https://gateway-stg.jmj1995.com/authority/auth/login"时长:0:00:00.239003
2022-01-28 16:20:13,414 - INFO requestbase.py [line:21]: 连通接口"https://supplychain-server-stg.jmj1995.com/items",接口header为:"{'authorization': 'Bearer eyJhbGciOiJIUzUxMiJ9.eyJqdGkiOiJjYTU1MWViNjM1NTQ0YTYzYTBhMWY1Y2QxNDEzNjNmOCIsImF1dGgiOiIiLCJpZCI6NTk2LCJzdWIiOiIxMiJ9.SPFIxFKS3ftmZr4z2NqsgpKuvnuIFCgfTdO7x5RtwnRlkn3uG_wkwJxi3kve0eBG7CcLbG0I9IYLvkRrAZfATg'}",接口param为：{'pageNum': '1', 'pageSize': '20'}
2022-01-28 16:20:13,414 - INFO requestbase.py [line:21]: 连通接口"https://supplychain-server-stg.jmj1995.com/items",接口header为:"{'authorization': 'Bearer eyJhbGciOiJIUzUxMiJ9.eyJqdGkiOiJjYTU1MWViNjM1NTQ0YTYzYTBhMWY1Y2QxNDEzNjNmOCIsImF1dGgiOiIiLCJpZCI6NTk2LCJzdWIiOiIxMiJ9.SPFIxFKS3ftmZr4z2NqsgpKuvnuIFCgfTdO7x5RtwnRlkn3uG_wkwJxi3kve0eBG7CcLbG0I9IYLvkRrAZfATg'}",接口param为：{'pageNum': '1', 'pageSize': '20'}
2022-01-28 16:20:13,414 - INFO requestbase.py [line:21]: 连通接口"https://supplychain-server-stg.jmj1995.com/items",接口header为:"{'authorization': 'Bearer eyJhbGciOiJIUzUxMiJ9.eyJqdGkiOiJjYTU1MWViNjM1NTQ0YTYzYTBhMWY1Y2QxNDEzNjNmOCIsImF1dGgiOiIiLCJpZCI6NTk2LCJzdWIiOiIxMiJ9.SPFIxFKS3ftmZr4z2NqsgpKuvnuIFCgfTdO7x5RtwnRlkn3uG_wkwJxi3kve0eBG7CcLbG0I9IYLvkRrAZfATg'}",接口param为：{'pageNum': '1', 'pageSize': '20'}
2022-01-28 16:20:13,642 - INFO requestbase.py [line:26]: 等待接口"https://supplychain-server-stg.jmj1995.com/items"时长:0:00:00.225450
2022-01-28 16:20:13,642 - INFO requestbase.py [line:26]: 等待接口"https://supplychain-server-stg.jmj1995.com/items"时长:0:00:00.225450
2022-01-28 16:20:13,642 - INFO requestbase.py [line:26]: 等待接口"https://supplychain-server-stg.jmj1995.com/items"时长:0:00:00.225450
2022-01-28 16:20:13,645 - INFO assertbase.py [line:28]: 预计接口返回code为"200.0",实际返回code为:"200"
2022-01-28 16:20:13,645 - INFO assertbase.py [line:28]: 预计接口返回code为"200.0",实际返回code为:"200"
2022-01-28 16:20:13,645 - INFO assertbase.py [line:28]: 预计接口返回code为"200.0",实际返回code为:"200"
2022-01-28 16:20:13,649 - INFO assertbase.py [line:31]: 预计接口返回code为"200.0",实际返回code为:"200"
2022-01-28 16:20:13,649 - INFO assertbase.py [line:31]: 预计接口返回code为"200.0",实际返回code为:"200"
2022-01-28 16:20:13,649 - INFO assertbase.py [line:31]: 预计接口返回code为"200.0",实际返回code为:"200"
2022-01-28 16:20:13,658 - INFO requestbase.py [line:21]: 连通接口"https://supplychain-server-stg.jmj1995.com/items/1/belongingStandardAlternativeItemGroup",接口header为:"{'authorization': 'Bearer eyJhbGciOiJIUzUxMiJ9.eyJqdGkiOiJjYTU1MWViNjM1NTQ0YTYzYTBhMWY1Y2QxNDEzNjNmOCIsImF1dGgiOiIiLCJpZCI6NTk2LCJzdWIiOiIxMiJ9.SPFIxFKS3ftmZr4z2NqsgpKuvnuIFCgfTdO7x5RtwnRlkn3uG_wkwJxi3kve0eBG7CcLbG0I9IYLvkRrAZfATg'}",接口param为：
2022-01-28 16:20:13,658 - INFO requestbase.py [line:21]: 连通接口"https://supplychain-server-stg.jmj1995.com/items/1/belongingStandardAlternativeItemGroup",接口header为:"{'authorization': 'Bearer eyJhbGciOiJIUzUxMiJ9.eyJqdGkiOiJjYTU1MWViNjM1NTQ0YTYzYTBhMWY1Y2QxNDEzNjNmOCIsImF1dGgiOiIiLCJpZCI6NTk2LCJzdWIiOiIxMiJ9.SPFIxFKS3ftmZr4z2NqsgpKuvnuIFCgfTdO7x5RtwnRlkn3uG_wkwJxi3kve0eBG7CcLbG0I9IYLvkRrAZfATg'}",接口param为：
2022-01-28 16:20:13,658 - INFO requestbase.py [line:21]: 连通接口"https://supplychain-server-stg.jmj1995.com/items/1/belongingStandardAlternativeItemGroup",接口header为:"{'authorization': 'Bearer eyJhbGciOiJIUzUxMiJ9.eyJqdGkiOiJjYTU1MWViNjM1NTQ0YTYzYTBhMWY1Y2QxNDEzNjNmOCIsImF1dGgiOiIiLCJpZCI6NTk2LCJzdWIiOiIxMiJ9.SPFIxFKS3ftmZr4z2NqsgpKuvnuIFCgfTdO7x5RtwnRlkn3uG_wkwJxi3kve0eBG7CcLbG0I9IYLvkRrAZfATg'}",接口param为：
2022-01-28 16:20:13,658 - INFO requestbase.py [line:21]: 连通接口"https://supplychain-server-stg.jmj1995.com/items/1/belongingStandardAlternativeItemGroup",接口header为:"{'authorization': 'Bearer eyJhbGciOiJIUzUxMiJ9.eyJqdGkiOiJjYTU1MWViNjM1NTQ0YTYzYTBhMWY1Y2QxNDEzNjNmOCIsImF1dGgiOiIiLCJpZCI6NTk2LCJzdWIiOiIxMiJ9.SPFIxFKS3ftmZr4z2NqsgpKuvnuIFCgfTdO7x5RtwnRlkn3uG_wkwJxi3kve0eBG7CcLbG0I9IYLvkRrAZfATg'}",接口param为：
2022-01-28 16:20:13,738 - INFO requestbase.py [line:26]: 等待接口"https://supplychain-server-stg.jmj1995.com/items/1/belongingStandardAlternativeItemGroup"时长:0:00:00.075797
2022-01-28 16:20:13,738 - INFO requestbase.py [line:26]: 等待接口"https://supplychain-server-stg.jmj1995.com/items/1/belongingStandardAlternativeItemGroup"时长:0:00:00.075797
2022-01-28 16:20:13,738 - INFO requestbase.py [line:26]: 等待接口"https://supplychain-server-stg.jmj1995.com/items/1/belongingStandardAlternativeItemGroup"时长:0:00:00.075797
2022-01-28 16:20:13,738 - INFO requestbase.py [line:26]: 等待接口"https://supplychain-server-stg.jmj1995.com/items/1/belongingStandardAlternativeItemGroup"时长:0:00:00.075797
2022-01-28 16:20:13,741 - INFO assertbase.py [line:28]: 预计接口返回code为"200.0",实际返回code为:"200"
2022-01-28 16:20:13,741 - INFO assertbase.py [line:28]: 预计接口返回code为"200.0",实际返回code为:"200"
2022-01-28 16:20:13,741 - INFO assertbase.py [line:28]: 预计接口返回code为"200.0",实际返回code为:"200"
2022-01-28 16:20:13,741 - INFO assertbase.py [line:28]: 预计接口返回code为"200.0",实际返回code为:"200"
2022-01-28 16:20:13,744 - INFO assertbase.py [line:31]: 预计接口返回code为"200.0",实际返回code为:"200"
2022-01-28 16:20:13,744 - INFO assertbase.py [line:31]: 预计接口返回code为"200.0",实际返回code为:"200"
2022-01-28 16:20:13,744 - INFO assertbase.py [line:31]: 预计接口返回code为"200.0",实际返回code为:"200"
2022-01-28 16:20:13,744 - INFO assertbase.py [line:31]: 预计接口返回code为"200.0",实际返回code为:"200"
2022-01-28 16:20:13,756 - INFO requestbase.py [line:69]: 连通接口"https://supplychain-server-stg.jmj1995.com/items/1",接口data为:"",接口json{"enable":"true","tags":["12","23","34","45","56","67","78","89","01","99953816724","99897524630","99135297046","99254607193","99310649275","99376528194","99352478916","99503247816","99187059632","99953042716","99638017452","99237065184"],"enableValidDays":"true"}
2022-01-28 16:20:13,756 - INFO requestbase.py [line:69]: 连通接口"https://supplychain-server-stg.jmj1995.com/items/1",接口data为:"",接口json{"enable":"true","tags":["12","23","34","45","56","67","78","89","01","99953816724","99897524630","99135297046","99254607193","99310649275","99376528194","99352478916","99503247816","99187059632","99953042716","99638017452","99237065184"],"enableValidDays":"true"}
2022-01-28 16:20:13,756 - INFO requestbase.py [line:69]: 连通接口"https://supplychain-server-stg.jmj1995.com/items/1",接口data为:"",接口json{"enable":"true","tags":["12","23","34","45","56","67","78","89","01","99953816724","99897524630","99135297046","99254607193","99310649275","99376528194","99352478916","99503247816","99187059632","99953042716","99638017452","99237065184"],"enableValidDays":"true"}
2022-01-28 16:20:13,756 - INFO requestbase.py [line:69]: 连通接口"https://supplychain-server-stg.jmj1995.com/items/1",接口data为:"",接口json{"enable":"true","tags":["12","23","34","45","56","67","78","89","01","99953816724","99897524630","99135297046","99254607193","99310649275","99376528194","99352478916","99503247816","99187059632","99953042716","99638017452","99237065184"],"enableValidDays":"true"}
2022-01-28 16:20:13,756 - INFO requestbase.py [line:69]: 连通接口"https://supplychain-server-stg.jmj1995.com/items/1",接口data为:"",接口json{"enable":"true","tags":["12","23","34","45","56","67","78","89","01","99953816724","99897524630","99135297046","99254607193","99310649275","99376528194","99352478916","99503247816","99187059632","99953042716","99638017452","99237065184"],"enableValidDays":"true"}
2022-01-28 16:20:13,814 - INFO requestbase.py [line:74]: 等待接口"https://supplychain-server-stg.jmj1995.com/items/1"时长:0:00:00.052859
2022-01-28 16:20:13,814 - INFO requestbase.py [line:74]: 等待接口"https://supplychain-server-stg.jmj1995.com/items/1"时长:0:00:00.052859
2022-01-28 16:20:13,814 - INFO requestbase.py [line:74]: 等待接口"https://supplychain-server-stg.jmj1995.com/items/1"时长:0:00:00.052859
2022-01-28 16:20:13,814 - INFO requestbase.py [line:74]: 等待接口"https://supplychain-server-stg.jmj1995.com/items/1"时长:0:00:00.052859
2022-01-28 16:20:13,814 - INFO requestbase.py [line:74]: 等待接口"https://supplychain-server-stg.jmj1995.com/items/1"时长:0:00:00.052859
2022-01-28 16:20:13,817 - INFO assertbase.py [line:28]: 预计接口返回code为"200.0",实际返回code为:"400"
2022-01-28 16:20:13,817 - INFO assertbase.py [line:28]: 预计接口返回code为"200.0",实际返回code为:"400"
2022-01-28 16:20:13,817 - INFO assertbase.py [line:28]: 预计接口返回code为"200.0",实际返回code为:"400"
2022-01-28 16:20:13,817 - INFO assertbase.py [line:28]: 预计接口返回code为"200.0",实际返回code为:"400"
2022-01-28 16:20:13,817 - INFO assertbase.py [line:28]: 预计接口返回code为"200.0",实际返回code为:"400"
2022-01-28 16:20:13,821 - ERROR assertbase.py [line:33]: 预计接口返回code为"200.0",实际返回code为:"400",失败
2022-01-28 16:20:13,821 - ERROR assertbase.py [line:33]: 预计接口返回code为"200.0",实际返回code为:"400",失败
2022-01-28 16:20:13,821 - ERROR assertbase.py [line:33]: 预计接口返回code为"200.0",实际返回code为:"400",失败
2022-01-28 16:20:13,821 - ERROR assertbase.py [line:33]: 预计接口返回code为"200.0",实际返回code为:"400",失败
2022-01-28 16:20:13,821 - ERROR assertbase.py [line:33]: 预计接口返回code为"200.0",实际返回code为:"400",失败
