2022-01-28 16:21:03,376 - INFO requestbase.py [line:21]: 连通接口"https://supplychain-server-stg.jmj1995.com/items",接口header为:"{'authorization': 'Bearer eyJhbGciOiJIUzUxMiJ9.eyJqdGkiOiJlODE0Mzk4ZmJjNzI0YjNiYmQ1ODE5ODMzYzFkYjVkMyIsImF1dGgiOiIiLCJpZCI6NTk2LCJzdWIiOiIxMiJ9.N0INeV4GUPX6WARCQk1qJPum8UM9Lc19hWVQ5oEsXSM22r9KQMXYXIhW5vN2ejB4YPuzzPTwTyFB-k9VK8FzQg'}",接口param为：{'pageNum': '1', 'pageSize': '20'}
2022-01-28 16:21:03,527 - INFO requestbase.py [line:26]: 等待接口"https://supplychain-server-stg.jmj1995.com/items"时长:0:00:00.148602
2022-01-28 16:21:03,529 - INFO assertbase.py [line:28]: 预计接口返回code为"200.0",实际返回code为:"200"
2022-01-28 16:21:03,532 - INFO assertbase.py [line:31]: 预计接口返回code为"200.0",实际返回code为:"200"
2022-01-28 16:21:03,540 - INFO requestbase.py [line:21]: 连通接口"https://supplychain-server-stg.jmj1995.com/items/1/belongingStandardAlternativeItemGroup",接口header为:"{'authorization': 'Bearer eyJhbGciOiJIUzUxMiJ9.eyJqdGkiOiJlODE0Mzk4ZmJjNzI0YjNiYmQ1ODE5ODMzYzFkYjVkMyIsImF1dGgiOiIiLCJpZCI6NTk2LCJzdWIiOiIxMiJ9.N0INeV4GUPX6WARCQk1qJPum8UM9Lc19hWVQ5oEsXSM22r9KQMXYXIhW5vN2ejB4YPuzzPTwTyFB-k9VK8FzQg'}",接口param为：
2022-01-28 16:21:03,540 - INFO requestbase.py [line:21]: 连通接口"https://supplychain-server-stg.jmj1995.com/items/1/belongingStandardAlternativeItemGroup",接口header为:"{'authorization': 'Bearer eyJhbGciOiJIUzUxMiJ9.eyJqdGkiOiJlODE0Mzk4ZmJjNzI0YjNiYmQ1ODE5ODMzYzFkYjVkMyIsImF1dGgiOiIiLCJpZCI6NTk2LCJzdWIiOiIxMiJ9.N0INeV4GUPX6WARCQk1qJPum8UM9Lc19hWVQ5oEsXSM22r9KQMXYXIhW5vN2ejB4YPuzzPTwTyFB-k9VK8FzQg'}",接口param为：
2022-01-28 16:21:03,606 - INFO requestbase.py [line:26]: 等待接口"https://supplychain-server-stg.jmj1995.com/items/1/belongingStandardAlternativeItemGroup"时长:0:00:00.061834
2022-01-28 16:21:03,606 - INFO requestbase.py [line:26]: 等待接口"https://supplychain-server-stg.jmj1995.com/items/1/belongingStandardAlternativeItemGroup"时长:0:00:00.061834
2022-01-28 16:21:03,611 - INFO assertbase.py [line:28]: 预计接口返回code为"200.0",实际返回code为:"200"
2022-01-28 16:21:03,611 - INFO assertbase.py [line:28]: 预计接口返回code为"200.0",实际返回code为:"200"
2022-01-28 16:21:03,616 - INFO assertbase.py [line:31]: 预计接口返回code为"200.0",实际返回code为:"200"
2022-01-28 16:21:03,616 - INFO assertbase.py [line:31]: 预计接口返回code为"200.0",实际返回code为:"200"
2022-01-28 16:21:03,627 - INFO requestbase.py [line:69]: 连通接口"https://supplychain-server-stg.jmj1995.com/items/1",接口data为:"",接口json{"enable":true,"tags":["12","23","34","45","56","67","78","89","01","99953816724","99897524630","99135297046","99254607193","99310649275","99376528194","99352478916","99503247816","99187059632","99953042716","99638017452","99237065184"],"enableValidDays":true}
2022-01-28 16:21:03,627 - INFO requestbase.py [line:69]: 连通接口"https://supplychain-server-stg.jmj1995.com/items/1",接口data为:"",接口json{"enable":true,"tags":["12","23","34","45","56","67","78","89","01","99953816724","99897524630","99135297046","99254607193","99310649275","99376528194","99352478916","99503247816","99187059632","99953042716","99638017452","99237065184"],"enableValidDays":true}
2022-01-28 16:21:03,627 - INFO requestbase.py [line:69]: 连通接口"https://supplychain-server-stg.jmj1995.com/items/1",接口data为:"",接口json{"enable":true,"tags":["12","23","34","45","56","67","78","89","01","99953816724","99897524630","99135297046","99254607193","99310649275","99376528194","99352478916","99503247816","99187059632","99953042716","99638017452","99237065184"],"enableValidDays":true}
2022-01-28 16:21:03,686 - INFO requestbase.py [line:74]: 等待接口"https://supplychain-server-stg.jmj1995.com/items/1"时长:0:00:00.054853
2022-01-28 16:21:03,686 - INFO requestbase.py [line:74]: 等待接口"https://supplychain-server-stg.jmj1995.com/items/1"时长:0:00:00.054853
2022-01-28 16:21:03,686 - INFO requestbase.py [line:74]: 等待接口"https://supplychain-server-stg.jmj1995.com/items/1"时长:0:00:00.054853
2022-01-28 16:21:03,690 - INFO assertbase.py [line:28]: 预计接口返回code为"200.0",实际返回code为:"400"
2022-01-28 16:21:03,690 - INFO assertbase.py [line:28]: 预计接口返回code为"200.0",实际返回code为:"400"
2022-01-28 16:21:03,690 - INFO assertbase.py [line:28]: 预计接口返回code为"200.0",实际返回code为:"400"
2022-01-28 16:21:03,694 - ERROR assertbase.py [line:33]: 预计接口返回code为"200.0",实际返回code为:"400",失败
2022-01-28 16:21:03,694 - ERROR assertbase.py [line:33]: 预计接口返回code为"200.0",实际返回code为:"400",失败
2022-01-28 16:21:03,694 - ERROR assertbase.py [line:33]: 预计接口返回code为"200.0",实际返回code为:"400",失败
