2022-01-28 16:08:06,751 - INFO requestbase.py [line:33]: 连通接口"https://gateway-stg.jmj1995.com/authority/auth/login",接口data为:"",接口json{'groupId': '3', 'username': 'zaBjHxGvRVWGsVQ/zHecPnJqslj4HcDGZK7ETczs2779Znband2qnM9dVgyq2G9slLX69nVKb2HBQ51VgVuivFK5oizx/RSIgSmZlSQDaHHL4IHAnbwoGNWO85ERBFxOerLaNhP0EYrSkNABcJOfqiCRfazIXSxUKQd4XOx3H7c=', 'password': 'NXn+tGp/+m3dtqV2Em2fqAs21CQIjm0F05JqPWzNjKUiRvvZG/MTcmilW3xymwqUzfCgM8vNMdOgVqffnD4piFrh3araElM6AW8GcyoUBz+hpEBoYY0X+ZBCXLSHTMWMc1UYbZxnMM9BNng9Mpj9kEgnuc9jE76yN6nE0fNPkvs=', 'validate': '', 'challenge': '', 'seccode': ''}
2022-01-28 16:08:06,751 - INFO requestbase.py [line:33]: 连通接口"https://gateway-stg.jmj1995.com/authority/auth/login",接口data为:"",接口json{'groupId': '3', 'username': 'zaBjHxGvRVWGsVQ/zHecPnJqslj4HcDGZK7ETczs2779Znband2qnM9dVgyq2G9slLX69nVKb2HBQ51VgVuivFK5oizx/RSIgSmZlSQDaHHL4IHAnbwoGNWO85ERBFxOerLaNhP0EYrSkNABcJOfqiCRfazIXSxUKQd4XOx3H7c=', 'password': 'NXn+tGp/+m3dtqV2Em2fqAs21CQIjm0F05JqPWzNjKUiRvvZG/MTcmilW3xymwqUzfCgM8vNMdOgVqffnD4piFrh3araElM6AW8GcyoUBz+hpEBoYY0X+ZBCXLSHTMWMc1UYbZxnMM9BNng9Mpj9kEgnuc9jE76yN6nE0fNPkvs=', 'validate': '', 'challenge': '', 'seccode': ''}
2022-01-28 16:08:07,080 - INFO requestbase.py [line:38]: 等待接口"https://gateway-stg.jmj1995.com/authority/auth/login"时长:0:00:00.321794
2022-01-28 16:08:07,080 - INFO requestbase.py [line:38]: 等待接口"https://gateway-stg.jmj1995.com/authority/auth/login"时长:0:00:00.321794
2022-01-28 16:08:07,101 - INFO requestbase.py [line:21]: 连通接口"https://supplychain-server-stg.jmj1995.com/items",接口header为:"{'authorization': 'Bearer eyJhbGciOiJIUzUxMiJ9.eyJqdGkiOiI3NTVkNWI2YjkzMDY0ZTFlYjNlMGZhMDczMzVjNGNmNSIsImF1dGgiOiIiLCJpZCI6NTk2LCJzdWIiOiIxMiJ9.t444tuSuKkH591UhLTCbXEQYzIKXXi8EKoMKMdneVT8Wradfo6T1N4orkYGhpGybsL7xZ59t-8Pl3MCG7sx-DQ'}",接口param为：{'pageNum': '1', 'pageSize': '20'}
2022-01-28 16:08:07,101 - INFO requestbase.py [line:21]: 连通接口"https://supplychain-server-stg.jmj1995.com/items",接口header为:"{'authorization': 'Bearer eyJhbGciOiJIUzUxMiJ9.eyJqdGkiOiI3NTVkNWI2YjkzMDY0ZTFlYjNlMGZhMDczMzVjNGNmNSIsImF1dGgiOiIiLCJpZCI6NTk2LCJzdWIiOiIxMiJ9.t444tuSuKkH591UhLTCbXEQYzIKXXi8EKoMKMdneVT8Wradfo6T1N4orkYGhpGybsL7xZ59t-8Pl3MCG7sx-DQ'}",接口param为：{'pageNum': '1', 'pageSize': '20'}
2022-01-28 16:08:07,320 - INFO requestbase.py [line:26]: 等待接口"https://supplychain-server-stg.jmj1995.com/items"时长:0:00:00.214399
2022-01-28 16:08:07,320 - INFO requestbase.py [line:26]: 等待接口"https://supplychain-server-stg.jmj1995.com/items"时长:0:00:00.214399
2022-01-28 16:08:07,322 - INFO assertbase.py [line:28]: 预计接口返回code为"200.0",实际返回code为:"200"
2022-01-28 16:08:07,322 - INFO assertbase.py [line:28]: 预计接口返回code为"200.0",实际返回code为:"200"
2022-01-28 16:08:07,325 - INFO assertbase.py [line:31]: 预计接口返回code为"200.0",实际返回code为:"200"
2022-01-28 16:08:07,325 - INFO assertbase.py [line:31]: 预计接口返回code为"200.0",实际返回code为:"200"
2022-01-28 16:08:07,336 - INFO requestbase.py [line:21]: 连通接口"https://supplychain-server-stg.jmj1995.com/items/1/belongingStandardAlternativeItemGroup",接口header为:"{'authorization': 'Bearer eyJhbGciOiJIUzUxMiJ9.eyJqdGkiOiI3NTVkNWI2YjkzMDY0ZTFlYjNlMGZhMDczMzVjNGNmNSIsImF1dGgiOiIiLCJpZCI6NTk2LCJzdWIiOiIxMiJ9.t444tuSuKkH591UhLTCbXEQYzIKXXi8EKoMKMdneVT8Wradfo6T1N4orkYGhpGybsL7xZ59t-8Pl3MCG7sx-DQ'}",接口param为：
2022-01-28 16:08:07,336 - INFO requestbase.py [line:21]: 连通接口"https://supplychain-server-stg.jmj1995.com/items/1/belongingStandardAlternativeItemGroup",接口header为:"{'authorization': 'Bearer eyJhbGciOiJIUzUxMiJ9.eyJqdGkiOiI3NTVkNWI2YjkzMDY0ZTFlYjNlMGZhMDczMzVjNGNmNSIsImF1dGgiOiIiLCJpZCI6NTk2LCJzdWIiOiIxMiJ9.t444tuSuKkH591UhLTCbXEQYzIKXXi8EKoMKMdneVT8Wradfo6T1N4orkYGhpGybsL7xZ59t-8Pl3MCG7sx-DQ'}",接口param为：
2022-01-28 16:08:07,402 - INFO requestbase.py [line:26]: 等待接口"https://supplychain-server-stg.jmj1995.com/items/1/belongingStandardAlternativeItemGroup"时长:0:00:00.062828
2022-01-28 16:08:07,402 - INFO requestbase.py [line:26]: 等待接口"https://supplychain-server-stg.jmj1995.com/items/1/belongingStandardAlternativeItemGroup"时长:0:00:00.062828
2022-01-28 16:08:07,405 - INFO assertbase.py [line:28]: 预计接口返回code为"200.0",实际返回code为:"200"
2022-01-28 16:08:07,405 - INFO assertbase.py [line:28]: 预计接口返回code为"200.0",实际返回code为:"200"
2022-01-28 16:08:07,407 - INFO assertbase.py [line:31]: 预计接口返回code为"200.0",实际返回code为:"200"
2022-01-28 16:08:07,407 - INFO assertbase.py [line:31]: 预计接口返回code为"200.0",实际返回code为:"200"
