2022-01-28 16:14:53,321 - INFO requestbase.py [line:33]: 连通接口"https://gateway-stg.jmj1995.com/authority/auth/login",接口data为:"",接口json{'groupId': '3', 'username': 'zaBjHxGvRVWGsVQ/zHecPnJqslj4HcDGZK7ETczs2779Znband2qnM9dVgyq2G9slLX69nVKb2HBQ51VgVuivFK5oizx/RSIgSmZlSQDaHHL4IHAnbwoGNWO85ERBFxOerLaNhP0EYrSkNABcJOfqiCRfazIXSxUKQd4XOx3H7c=', 'password': 'NXn+tGp/+m3dtqV2Em2fqAs21CQIjm0F05JqPWzNjKUiRvvZG/MTcmilW3xymwqUzfCgM8vNMdOgVqffnD4piFrh3araElM6AW8GcyoUBz+hpEBoYY0X+ZBCXLSHTMWMc1UYbZxnMM9BNng9Mpj9kEgnuc9jE76yN6nE0fNPkvs=', 'validate': '', 'challenge': '', 'seccode': ''}
2022-01-28 16:14:53,321 - INFO requestbase.py [line:33]: 连通接口"https://gateway-stg.jmj1995.com/authority/auth/login",接口data为:"",接口json{'groupId': '3', 'username': 'zaBjHxGvRVWGsVQ/zHecPnJqslj4HcDGZK7ETczs2779Znband2qnM9dVgyq2G9slLX69nVKb2HBQ51VgVuivFK5oizx/RSIgSmZlSQDaHHL4IHAnbwoGNWO85ERBFxOerLaNhP0EYrSkNABcJOfqiCRfazIXSxUKQd4XOx3H7c=', 'password': 'NXn+tGp/+m3dtqV2Em2fqAs21CQIjm0F05JqPWzNjKUiRvvZG/MTcmilW3xymwqUzfCgM8vNMdOgVqffnD4piFrh3araElM6AW8GcyoUBz+hpEBoYY0X+ZBCXLSHTMWMc1UYbZxnMM9BNng9Mpj9kEgnuc9jE76yN6nE0fNPkvs=', 'validate': '', 'challenge': '', 'seccode': ''}
2022-01-28 16:14:53,644 - INFO requestbase.py [line:38]: 等待接口"https://gateway-stg.jmj1995.com/authority/auth/login"时长:0:00:00.317783
2022-01-28 16:14:53,644 - INFO requestbase.py [line:38]: 等待接口"https://gateway-stg.jmj1995.com/authority/auth/login"时长:0:00:00.317783
2022-01-28 16:14:53,666 - INFO requestbase.py [line:21]: 连通接口"https://supplychain-server-stg.jmj1995.com/items",接口header为:"{'authorization': 'Bearer eyJhbGciOiJIUzUxMiJ9.eyJqdGkiOiI1NTY1N2E4MTg4NzY0ZDMwYjg5MzY3NGI5YmU2Yjg2ZSIsImF1dGgiOiIiLCJpZCI6NTk2LCJzdWIiOiIxMiJ9.5xfyRvnnjIYhxavdjpsIc9kioh4-C5q-KHoXGElcqp26c5DaHfa-rw0EHBw3r6hDNSy-CI-NzWLd2jDjCqITQw'}",接口param为：{'pageNum': '1', 'pageSize': '20'}
2022-01-28 16:14:53,666 - INFO requestbase.py [line:21]: 连通接口"https://supplychain-server-stg.jmj1995.com/items",接口header为:"{'authorization': 'Bearer eyJhbGciOiJIUzUxMiJ9.eyJqdGkiOiI1NTY1N2E4MTg4NzY0ZDMwYjg5MzY3NGI5YmU2Yjg2ZSIsImF1dGgiOiIiLCJpZCI6NTk2LCJzdWIiOiIxMiJ9.5xfyRvnnjIYhxavdjpsIc9kioh4-C5q-KHoXGElcqp26c5DaHfa-rw0EHBw3r6hDNSy-CI-NzWLd2jDjCqITQw'}",接口param为：{'pageNum': '1', 'pageSize': '20'}
2022-01-28 16:14:53,666 - INFO requestbase.py [line:21]: 连通接口"https://supplychain-server-stg.jmj1995.com/items",接口header为:"{'authorization': 'Bearer eyJhbGciOiJIUzUxMiJ9.eyJqdGkiOiI1NTY1N2E4MTg4NzY0ZDMwYjg5MzY3NGI5YmU2Yjg2ZSIsImF1dGgiOiIiLCJpZCI6NTk2LCJzdWIiOiIxMiJ9.5xfyRvnnjIYhxavdjpsIc9kioh4-C5q-KHoXGElcqp26c5DaHfa-rw0EHBw3r6hDNSy-CI-NzWLd2jDjCqITQw'}",接口param为：{'pageNum': '1', 'pageSize': '20'}
2022-01-28 16:14:53,879 - INFO requestbase.py [line:26]: 等待接口"https://supplychain-server-stg.jmj1995.com/items"时长:0:00:00.209891
2022-01-28 16:14:53,879 - INFO requestbase.py [line:26]: 等待接口"https://supplychain-server-stg.jmj1995.com/items"时长:0:00:00.209891
2022-01-28 16:14:53,879 - INFO requestbase.py [line:26]: 等待接口"https://supplychain-server-stg.jmj1995.com/items"时长:0:00:00.209891
2022-01-28 16:14:53,882 - INFO assertbase.py [line:28]: 预计接口返回code为"200.0",实际返回code为:"200"
2022-01-28 16:14:53,882 - INFO assertbase.py [line:28]: 预计接口返回code为"200.0",实际返回code为:"200"
2022-01-28 16:14:53,882 - INFO assertbase.py [line:28]: 预计接口返回code为"200.0",实际返回code为:"200"
2022-01-28 16:14:53,885 - INFO assertbase.py [line:31]: 预计接口返回code为"200.0",实际返回code为:"200"
2022-01-28 16:14:53,885 - INFO assertbase.py [line:31]: 预计接口返回code为"200.0",实际返回code为:"200"
2022-01-28 16:14:53,885 - INFO assertbase.py [line:31]: 预计接口返回code为"200.0",实际返回code为:"200"
2022-01-28 16:14:53,900 - INFO requestbase.py [line:21]: 连通接口"https://supplychain-server-stg.jmj1995.com/items/1/belongingStandardAlternativeItemGroup",接口header为:"{'authorization': 'Bearer eyJhbGciOiJIUzUxMiJ9.eyJqdGkiOiI1NTY1N2E4MTg4NzY0ZDMwYjg5MzY3NGI5YmU2Yjg2ZSIsImF1dGgiOiIiLCJpZCI6NTk2LCJzdWIiOiIxMiJ9.5xfyRvnnjIYhxavdjpsIc9kioh4-C5q-KHoXGElcqp26c5DaHfa-rw0EHBw3r6hDNSy-CI-NzWLd2jDjCqITQw'}",接口param为：
2022-01-28 16:14:53,900 - INFO requestbase.py [line:21]: 连通接口"https://supplychain-server-stg.jmj1995.com/items/1/belongingStandardAlternativeItemGroup",接口header为:"{'authorization': 'Bearer eyJhbGciOiJIUzUxMiJ9.eyJqdGkiOiI1NTY1N2E4MTg4NzY0ZDMwYjg5MzY3NGI5YmU2Yjg2ZSIsImF1dGgiOiIiLCJpZCI6NTk2LCJzdWIiOiIxMiJ9.5xfyRvnnjIYhxavdjpsIc9kioh4-C5q-KHoXGElcqp26c5DaHfa-rw0EHBw3r6hDNSy-CI-NzWLd2jDjCqITQw'}",接口param为：
2022-01-28 16:14:53,900 - INFO requestbase.py [line:21]: 连通接口"https://supplychain-server-stg.jmj1995.com/items/1/belongingStandardAlternativeItemGroup",接口header为:"{'authorization': 'Bearer eyJhbGciOiJIUzUxMiJ9.eyJqdGkiOiI1NTY1N2E4MTg4NzY0ZDMwYjg5MzY3NGI5YmU2Yjg2ZSIsImF1dGgiOiIiLCJpZCI6NTk2LCJzdWIiOiIxMiJ9.5xfyRvnnjIYhxavdjpsIc9kioh4-C5q-KHoXGElcqp26c5DaHfa-rw0EHBw3r6hDNSy-CI-NzWLd2jDjCqITQw'}",接口param为：
2022-01-28 16:14:53,900 - INFO requestbase.py [line:21]: 连通接口"https://supplychain-server-stg.jmj1995.com/items/1/belongingStandardAlternativeItemGroup",接口header为:"{'authorization': 'Bearer eyJhbGciOiJIUzUxMiJ9.eyJqdGkiOiI1NTY1N2E4MTg4NzY0ZDMwYjg5MzY3NGI5YmU2Yjg2ZSIsImF1dGgiOiIiLCJpZCI6NTk2LCJzdWIiOiIxMiJ9.5xfyRvnnjIYhxavdjpsIc9kioh4-C5q-KHoXGElcqp26c5DaHfa-rw0EHBw3r6hDNSy-CI-NzWLd2jDjCqITQw'}",接口param为：
2022-01-28 16:14:53,972 - INFO requestbase.py [line:26]: 等待接口"https://supplychain-server-stg.jmj1995.com/items/1/belongingStandardAlternativeItemGroup"时长:0:00:00.066819
2022-01-28 16:14:53,972 - INFO requestbase.py [line:26]: 等待接口"https://supplychain-server-stg.jmj1995.com/items/1/belongingStandardAlternativeItemGroup"时长:0:00:00.066819
2022-01-28 16:14:53,972 - INFO requestbase.py [line:26]: 等待接口"https://supplychain-server-stg.jmj1995.com/items/1/belongingStandardAlternativeItemGroup"时长:0:00:00.066819
2022-01-28 16:14:53,972 - INFO requestbase.py [line:26]: 等待接口"https://supplychain-server-stg.jmj1995.com/items/1/belongingStandardAlternativeItemGroup"时长:0:00:00.066819
2022-01-28 16:14:53,975 - INFO assertbase.py [line:28]: 预计接口返回code为"200.0",实际返回code为:"200"
2022-01-28 16:14:53,975 - INFO assertbase.py [line:28]: 预计接口返回code为"200.0",实际返回code为:"200"
2022-01-28 16:14:53,975 - INFO assertbase.py [line:28]: 预计接口返回code为"200.0",实际返回code为:"200"
2022-01-28 16:14:53,975 - INFO assertbase.py [line:28]: 预计接口返回code为"200.0",实际返回code为:"200"
2022-01-28 16:14:53,977 - INFO assertbase.py [line:31]: 预计接口返回code为"200.0",实际返回code为:"200"
2022-01-28 16:14:53,977 - INFO assertbase.py [line:31]: 预计接口返回code为"200.0",实际返回code为:"200"
2022-01-28 16:14:53,977 - INFO assertbase.py [line:31]: 预计接口返回code为"200.0",实际返回code为:"200"
2022-01-28 16:14:53,977 - INFO assertbase.py [line:31]: 预计接口返回code为"200.0",实际返回code为:"200"
2022-01-28 16:14:53,986 - INFO requestbase.py [line:69]: 连通接口"https://supplychain-server-stg.jmj1995.com/items/1/belongingStandardAlternativeItemGroup",接口data为:"",接口json{"enable":"true","tags":["12","23","34","45","56","67","78","89","01","99953816724","99897524630","99135297046","99254607193","99310649275","99376528194","99352478916","99503247816","99187059632","99953042716","99638017452","99237065184"],"enableValidDays":"true"}
2022-01-28 16:14:53,986 - INFO requestbase.py [line:69]: 连通接口"https://supplychain-server-stg.jmj1995.com/items/1/belongingStandardAlternativeItemGroup",接口data为:"",接口json{"enable":"true","tags":["12","23","34","45","56","67","78","89","01","99953816724","99897524630","99135297046","99254607193","99310649275","99376528194","99352478916","99503247816","99187059632","99953042716","99638017452","99237065184"],"enableValidDays":"true"}
2022-01-28 16:14:53,986 - INFO requestbase.py [line:69]: 连通接口"https://supplychain-server-stg.jmj1995.com/items/1/belongingStandardAlternativeItemGroup",接口data为:"",接口json{"enable":"true","tags":["12","23","34","45","56","67","78","89","01","99953816724","99897524630","99135297046","99254607193","99310649275","99376528194","99352478916","99503247816","99187059632","99953042716","99638017452","99237065184"],"enableValidDays":"true"}
2022-01-28 16:14:53,986 - INFO requestbase.py [line:69]: 连通接口"https://supplychain-server-stg.jmj1995.com/items/1/belongingStandardAlternativeItemGroup",接口data为:"",接口json{"enable":"true","tags":["12","23","34","45","56","67","78","89","01","99953816724","99897524630","99135297046","99254607193","99310649275","99376528194","99352478916","99503247816","99187059632","99953042716","99638017452","99237065184"],"enableValidDays":"true"}
2022-01-28 16:14:53,986 - INFO requestbase.py [line:69]: 连通接口"https://supplychain-server-stg.jmj1995.com/items/1/belongingStandardAlternativeItemGroup",接口data为:"",接口json{"enable":"true","tags":["12","23","34","45","56","67","78","89","01","99953816724","99897524630","99135297046","99254607193","99310649275","99376528194","99352478916","99503247816","99187059632","99953042716","99638017452","99237065184"],"enableValidDays":"true"}
2022-01-28 16:14:54,042 - INFO requestbase.py [line:74]: 等待接口"https://supplychain-server-stg.jmj1995.com/items/1/belongingStandardAlternativeItemGroup"时长:0:00:00.052859
2022-01-28 16:14:54,042 - INFO requestbase.py [line:74]: 等待接口"https://supplychain-server-stg.jmj1995.com/items/1/belongingStandardAlternativeItemGroup"时长:0:00:00.052859
2022-01-28 16:14:54,042 - INFO requestbase.py [line:74]: 等待接口"https://supplychain-server-stg.jmj1995.com/items/1/belongingStandardAlternativeItemGroup"时长:0:00:00.052859
2022-01-28 16:14:54,042 - INFO requestbase.py [line:74]: 等待接口"https://supplychain-server-stg.jmj1995.com/items/1/belongingStandardAlternativeItemGroup"时长:0:00:00.052859
2022-01-28 16:14:54,042 - INFO requestbase.py [line:74]: 等待接口"https://supplychain-server-stg.jmj1995.com/items/1/belongingStandardAlternativeItemGroup"时长:0:00:00.052859
2022-01-28 16:14:54,046 - INFO assertbase.py [line:28]: 预计接口返回code为"200.0",实际返回code为:"405"
2022-01-28 16:14:54,046 - INFO assertbase.py [line:28]: 预计接口返回code为"200.0",实际返回code为:"405"
2022-01-28 16:14:54,046 - INFO assertbase.py [line:28]: 预计接口返回code为"200.0",实际返回code为:"405"
2022-01-28 16:14:54,046 - INFO assertbase.py [line:28]: 预计接口返回code为"200.0",实际返回code为:"405"
2022-01-28 16:14:54,046 - INFO assertbase.py [line:28]: 预计接口返回code为"200.0",实际返回code为:"405"
2022-01-28 16:14:54,050 - ERROR assertbase.py [line:33]: 预计接口返回code为"200.0",实际返回code为:"405",失败
2022-01-28 16:14:54,050 - ERROR assertbase.py [line:33]: 预计接口返回code为"200.0",实际返回code为:"405",失败
2022-01-28 16:14:54,050 - ERROR assertbase.py [line:33]: 预计接口返回code为"200.0",实际返回code为:"405",失败
2022-01-28 16:14:54,050 - ERROR assertbase.py [line:33]: 预计接口返回code为"200.0",实际返回code为:"405",失败
2022-01-28 16:14:54,050 - ERROR assertbase.py [line:33]: 预计接口返回code为"200.0",实际返回code为:"405",失败
