2022-03-02 17:17:16,993 - INFO basePage.py [line:88]: 查找"输入账号"元素，元素定位:('xpath', "//*[@id='app']/div/div[1]/div[2]/form/div[2]/div/div/input")
2022-03-02 17:17:16,993 - INFO basePage.py [line:88]: 查找"输入账号"元素，元素定位:('xpath', "//*[@id='app']/div/div[1]/div[2]/form/div[2]/div/div/input")
2022-03-02 17:17:17,008 - INFO basePage.py [line:113]: 在"输入账号"输入"oms1213",元素定位:('xpath', "//*[@id='app']/div/div[1]/div[2]/form/div[2]/div/div/input")
2022-03-02 17:17:17,008 - INFO basePage.py [line:113]: 在"输入账号"输入"oms1213",元素定位:('xpath', "//*[@id='app']/div/div[1]/div[2]/form/div[2]/div/div/input")
2022-03-02 17:17:17,087 - INFO basePage.py [line:88]: 查找"输入密码"元素，元素定位:('xpath', "//*[@id='app']/div/div[1]/div[2]/form/div[3]/div/div/input")
2022-03-02 17:17:17,087 - INFO basePage.py [line:88]: 查找"输入密码"元素，元素定位:('xpath', "//*[@id='app']/div/div[1]/div[2]/form/div[3]/div/div/input")
2022-03-02 17:17:17,098 - INFO basePage.py [line:113]: 在"输入密码"输入"Qq123456",元素定位:('xpath', "//*[@id='app']/div/div[1]/div[2]/form/div[3]/div/div/input")
2022-03-02 17:17:17,098 - INFO basePage.py [line:113]: 在"输入密码"输入"Qq123456",元素定位:('xpath', "//*[@id='app']/div/div[1]/div[2]/form/div[3]/div/div/input")
2022-03-02 17:17:17,156 - INFO basePage.py [line:88]: 查找"点击登录"元素，元素定位:('xpath', "//*[@id='app']/div/div[1]/div[2]/form/button")
2022-03-02 17:17:17,156 - INFO basePage.py [line:88]: 查找"点击登录"元素，元素定位:('xpath', "//*[@id='app']/div/div[1]/div[2]/form/button")
2022-03-02 17:17:17,167 - INFO basePage.py [line:140]: 点击"点击登录",元素定位:('xpath', "//*[@id='app']/div/div[1]/div[2]/form/button")
2022-03-02 17:17:17,167 - INFO basePage.py [line:140]: 点击"点击登录",元素定位:('xpath', "//*[@id='app']/div/div[1]/div[2]/form/button")
2022-03-02 17:17:20,219 - INFO basePage.py [line:88]: 查找"供应链管理"元素，元素定位:('xpath', "//*[@id='app']/div/div[1]/div[2]/div[1]/div/ul/div[2]/li/div")
2022-03-02 17:17:20,219 - INFO basePage.py [line:88]: 查找"供应链管理"元素，元素定位:('xpath', "//*[@id='app']/div/div[1]/div[2]/div[1]/div/ul/div[2]/li/div")
2022-03-02 17:17:20,251 - INFO basePage.py [line:140]: 点击"供应链管理",元素定位:('xpath', "//*[@id='app']/div/div[1]/div[2]/div[1]/div/ul/div[2]/li/div")
2022-03-02 17:17:20,251 - INFO basePage.py [line:140]: 点击"供应链管理",元素定位:('xpath', "//*[@id='app']/div/div[1]/div[2]/div[1]/div/ul/div[2]/li/div")
2022-03-02 17:17:20,296 - INFO basePage.py [line:88]: 查找"员工餐管理"元素，元素定位:('xpath', "//*[@id='app']/div/div[1]/div[2]/div[1]/div/ul/div[2]/li/ul/div[6]/li/div")
2022-03-02 17:17:20,296 - INFO basePage.py [line:88]: 查找"员工餐管理"元素，元素定位:('xpath', "//*[@id='app']/div/div[1]/div[2]/div[1]/div/ul/div[2]/li/ul/div[6]/li/div")
2022-03-02 17:17:20,308 - INFO basePage.py [line:140]: 点击"员工餐管理",元素定位:('xpath', "//*[@id='app']/div/div[1]/div[2]/div[1]/div/ul/div[2]/li/ul/div[6]/li/div")
2022-03-02 17:17:20,308 - INFO basePage.py [line:140]: 点击"员工餐管理",元素定位:('xpath', "//*[@id='app']/div/div[1]/div[2]/div[1]/div/ul/div[2]/li/ul/div[6]/li/div")
2022-03-02 17:17:20,488 - INFO basePage.py [line:88]: 查找"点击员工餐模板"元素，元素定位:('xpath', "//*[@id='app']/div/div[1]/div[2]/div[1]/div/ul/div[2]/li/ul/div[6]/li/ul/div[1]/a/li")
2022-03-02 17:17:20,488 - INFO basePage.py [line:88]: 查找"点击员工餐模板"元素，元素定位:('xpath', "//*[@id='app']/div/div[1]/div[2]/div[1]/div/ul/div[2]/li/ul/div[6]/li/ul/div[1]/a/li")
2022-03-02 17:17:20,501 - INFO basePage.py [line:140]: 点击"点击员工餐模板",元素定位:('xpath', "//*[@id='app']/div/div[1]/div[2]/div[1]/div/ul/div[2]/li/ul/div[6]/li/ul/div[1]/a/li")
2022-03-02 17:17:20,501 - INFO basePage.py [line:140]: 点击"点击员工餐模板",元素定位:('xpath', "//*[@id='app']/div/div[1]/div[2]/div[1]/div/ul/div[2]/li/ul/div[6]/li/ul/div[1]/a/li")
2022-03-02 17:17:20,546 - INFO basePage.py [line:88]: 查找"点击删除员工餐模板"元素，元素定位:('xpath', "//*[@id='app']/div/div[2]/section/div/section/main/section/main/div/div[1]/div[4]/div[2]/table/tbody/tr[1]/td[2]/div/span/span/button/span")
2022-03-02 17:17:20,546 - INFO basePage.py [line:88]: 查找"点击删除员工餐模板"元素，元素定位:('xpath', "//*[@id='app']/div/div[2]/section/div/section/main/section/main/div/div[1]/div[4]/div[2]/table/tbody/tr[1]/td[2]/div/span/span/button/span")
2022-03-02 17:17:22,391 - INFO basePage.py [line:140]: 点击"点击删除员工餐模板",元素定位:('xpath', "//*[@id='app']/div/div[2]/section/div/section/main/section/main/div/div[1]/div[4]/div[2]/table/tbody/tr[1]/td[2]/div/span/span/button/span")
2022-03-02 17:17:22,391 - INFO basePage.py [line:140]: 点击"点击删除员工餐模板",元素定位:('xpath', "//*[@id='app']/div/div[2]/section/div/section/main/section/main/div/div[1]/div[4]/div[2]/table/tbody/tr[1]/td[2]/div/span/span/button/span")
2022-03-02 17:17:23,447 - ERROR basePage.py [line:144]: "点击删除员工餐模板"点击失败
Traceback (most recent call last):
  File "e:\12\Common\basePage.py", line 142, in click_element
    ele.click()
  File "C:\Users\bonjour\AppData\Local\Programs\Python\Python39\lib\site-packages\selenium\webdriver\remote\webelement.py", line 80, in click
    self._execute(Command.CLICK_ELEMENT)
  File "C:\Users\bonjour\AppData\Local\Programs\Python\Python39\lib\site-packages\selenium\webdriver\remote\webelement.py", line 633, in _execute
    return self._parent.execute(command, params)
  File "C:\Users\bonjour\AppData\Local\Programs\Python\Python39\lib\site-packages\selenium\webdriver\remote\webdriver.py", line 321, in execute
    self.error_handler.check_response(response)
  File "C:\Users\bonjour\AppData\Local\Programs\Python\Python39\lib\site-packages\selenium\webdriver\remote\errorhandler.py", line 242, in check_response
    raise exception_class(message, screen, stacktrace)
selenium.common.exceptions.ElementClickInterceptedException: Message: element click intercepted: Element <span>...</span> is not clickable at point (378, 231). Other element would receive the click: <div class="cell">...</div>
  (Session info: headless chrome=98.0.4758.102)

2022-03-02 17:17:23,447 - ERROR basePage.py [line:144]: "点击删除员工餐模板"点击失败
Traceback (most recent call last):
  File "e:\12\Common\basePage.py", line 142, in click_element
    ele.click()
  File "C:\Users\bonjour\AppData\Local\Programs\Python\Python39\lib\site-packages\selenium\webdriver\remote\webelement.py", line 80, in click
    self._execute(Command.CLICK_ELEMENT)
  File "C:\Users\bonjour\AppData\Local\Programs\Python\Python39\lib\site-packages\selenium\webdriver\remote\webelement.py", line 633, in _execute
    return self._parent.execute(command, params)
  File "C:\Users\bonjour\AppData\Local\Programs\Python\Python39\lib\site-packages\selenium\webdriver\remote\webdriver.py", line 321, in execute
    self.error_handler.check_response(response)
  File "C:\Users\bonjour\AppData\Local\Programs\Python\Python39\lib\site-packages\selenium\webdriver\remote\errorhandler.py", line 242, in check_response
    raise exception_class(message, screen, stacktrace)
selenium.common.exceptions.ElementClickInterceptedException: Message: element click intercepted: Element <span>...</span> is not clickable at point (378, 231). Other element would receive the click: <div class="cell">...</div>
  (Session info: headless chrome=98.0.4758.102)

2022-03-02 17:17:23,611 - INFO basePage.py [line:247]: 截屏成功,图片路径为E:\12\Screenshots\2022-03-02\[点击删除员工餐模板]点击异常_20220302_171723.png
2022-03-02 17:17:23,611 - INFO basePage.py [line:247]: 截屏成功,图片路径为E:\12\Screenshots\2022-03-02\[点击删除员工餐模板]点击异常_20220302_171723.png
