2022-03-02 15:38:35,426 - INFO basePage.py [line:88]: 查找"输入账号"元素，元素定位:('xpath', "//*[@id='app']/div/div[1]/div[2]/form/div[2]/div/div/input")
2022-03-02 15:38:35,426 - INFO basePage.py [line:88]: 查找"输入账号"元素，元素定位:('xpath', "//*[@id='app']/div/div[1]/div[2]/form/div[2]/div/div/input")
2022-03-02 15:38:35,442 - INFO basePage.py [line:113]: 在"输入账号"输入"oms1213",元素定位:('xpath', "//*[@id='app']/div/div[1]/div[2]/form/div[2]/div/div/input")
2022-03-02 15:38:35,442 - INFO basePage.py [line:113]: 在"输入账号"输入"oms1213",元素定位:('xpath', "//*[@id='app']/div/div[1]/div[2]/form/div[2]/div/div/input")
2022-03-02 15:38:35,506 - INFO basePage.py [line:88]: 查找"输入密码"元素，元素定位:('xpath', "//*[@id='app']/div/div[1]/div[2]/form/div[3]/div/div/input")
2022-03-02 15:38:35,506 - INFO basePage.py [line:88]: 查找"输入密码"元素，元素定位:('xpath', "//*[@id='app']/div/div[1]/div[2]/form/div[3]/div/div/input")
2022-03-02 15:38:35,517 - INFO basePage.py [line:113]: 在"输入密码"输入"Qq123456",元素定位:('xpath', "//*[@id='app']/div/div[1]/div[2]/form/div[3]/div/div/input")
2022-03-02 15:38:35,517 - INFO basePage.py [line:113]: 在"输入密码"输入"Qq123456",元素定位:('xpath', "//*[@id='app']/div/div[1]/div[2]/form/div[3]/div/div/input")
2022-03-02 15:38:35,580 - INFO basePage.py [line:88]: 查找"点击登录"元素，元素定位:('xpath', "//*[@id='app']/div/div[1]/div[2]/form/button")
2022-03-02 15:38:35,580 - INFO basePage.py [line:88]: 查找"点击登录"元素，元素定位:('xpath', "//*[@id='app']/div/div[1]/div[2]/form/button")
2022-03-02 15:38:35,591 - INFO basePage.py [line:140]: 点击"点击登录",元素定位:('xpath', "//*[@id='app']/div/div[1]/div[2]/form/button")
2022-03-02 15:38:35,591 - INFO basePage.py [line:140]: 点击"点击登录",元素定位:('xpath', "//*[@id='app']/div/div[1]/div[2]/form/button")
2022-03-02 15:38:38,654 - INFO basePage.py [line:88]: 查找"供应链管理"元素，元素定位:('xpath', "//*[@id='app']/div/div[1]/div[2]/div[1]/div/ul/div[2]/li/div")
2022-03-02 15:38:38,654 - INFO basePage.py [line:88]: 查找"供应链管理"元素，元素定位:('xpath', "//*[@id='app']/div/div[1]/div[2]/div[1]/div/ul/div[2]/li/div")
2022-03-02 15:38:38,668 - INFO basePage.py [line:140]: 点击"供应链管理",元素定位:('xpath', "//*[@id='app']/div/div[1]/div[2]/div[1]/div/ul/div[2]/li/div")
2022-03-02 15:38:38,668 - INFO basePage.py [line:140]: 点击"供应链管理",元素定位:('xpath', "//*[@id='app']/div/div[1]/div[2]/div[1]/div/ul/div[2]/li/div")
2022-03-02 15:38:38,708 - INFO basePage.py [line:88]: 查找"员工餐管理"元素，元素定位:('xpath', "//*[@id='app']/div/div[1]/div[2]/div[1]/div/ul/div[2]/li/ul/div[6]/li/div")
2022-03-02 15:38:38,708 - INFO basePage.py [line:88]: 查找"员工餐管理"元素，元素定位:('xpath', "//*[@id='app']/div/div[1]/div[2]/div[1]/div/ul/div[2]/li/ul/div[6]/li/div")
2022-03-02 15:38:38,722 - INFO basePage.py [line:140]: 点击"员工餐管理",元素定位:('xpath', "//*[@id='app']/div/div[1]/div[2]/div[1]/div/ul/div[2]/li/ul/div[6]/li/div")
2022-03-02 15:38:38,722 - INFO basePage.py [line:140]: 点击"员工餐管理",元素定位:('xpath', "//*[@id='app']/div/div[1]/div[2]/div[1]/div/ul/div[2]/li/ul/div[6]/li/div")
2022-03-02 15:38:38,914 - INFO basePage.py [line:88]: 查找"点击员工餐模板"元素，元素定位:('xpath', "//*[@id='app']/div/div[1]/div[2]/div[1]/div/ul/div[2]/li/ul/div[6]/li/ul/div[1]/a/li")
2022-03-02 15:38:38,914 - INFO basePage.py [line:88]: 查找"点击员工餐模板"元素，元素定位:('xpath', "//*[@id='app']/div/div[1]/div[2]/div[1]/div/ul/div[2]/li/ul/div[6]/li/ul/div[1]/a/li")
2022-03-02 15:38:38,928 - INFO basePage.py [line:140]: 点击"点击员工餐模板",元素定位:('xpath', "//*[@id='app']/div/div[1]/div[2]/div[1]/div/ul/div[2]/li/ul/div[6]/li/ul/div[1]/a/li")
2022-03-02 15:38:38,928 - INFO basePage.py [line:140]: 点击"点击员工餐模板",元素定位:('xpath', "//*[@id='app']/div/div[1]/div[2]/div[1]/div/ul/div[2]/li/ul/div[6]/li/ul/div[1]/a/li")
2022-03-02 15:38:39,040 - INFO basePage.py [line:88]: 查找"点击编辑员工餐模板"元素，元素定位:('xpath', "//*[@id='app']/div/div[2]/section/div/section/main/section/main/div/div[1]/div[4]/div[2]/table/tbody/tr[1]/td[2]/div/button[2]/span")
2022-03-02 15:38:39,040 - INFO basePage.py [line:88]: 查找"点击编辑员工餐模板"元素，元素定位:('xpath', "//*[@id='app']/div/div[2]/section/div/section/main/section/main/div/div[1]/div[4]/div[2]/table/tbody/tr[1]/td[2]/div/button[2]/span")
2022-03-02 15:38:40,874 - INFO basePage.py [line:140]: 点击"点击编辑员工餐模板",元素定位:('xpath', "//*[@id='app']/div/div[2]/section/div/section/main/section/main/div/div[1]/div[4]/div[2]/table/tbody/tr[1]/td[2]/div/button[2]/span")
2022-03-02 15:38:40,874 - INFO basePage.py [line:140]: 点击"点击编辑员工餐模板",元素定位:('xpath', "//*[@id='app']/div/div[2]/section/div/section/main/section/main/div/div[1]/div[4]/div[2]/table/tbody/tr[1]/td[2]/div/button[2]/span")
2022-03-02 15:38:41,937 - ERROR basePage.py [line:144]: "点击编辑员工餐模板"点击失败
Traceback (most recent call last):
  File "e:\12\Common\basePage.py", line 142, in click_element
    ele.click()
  File "C:\Users\bonjour\AppData\Local\Programs\Python\Python39\lib\site-packages\selenium\webdriver\remote\webelement.py", line 80, in click
    self._execute(Command.CLICK_ELEMENT)
  File "C:\Users\bonjour\AppData\Local\Programs\Python\Python39\lib\site-packages\selenium\webdriver\remote\webelement.py", line 633, in _execute
    return self._parent.execute(command, params)
  File "C:\Users\bonjour\AppData\Local\Programs\Python\Python39\lib\site-packages\selenium\webdriver\remote\webdriver.py", line 321, in execute
    self.error_handler.check_response(response)
  File "C:\Users\bonjour\AppData\Local\Programs\Python\Python39\lib\site-packages\selenium\webdriver\remote\errorhandler.py", line 242, in check_response
    raise exception_class(message, screen, stacktrace)
selenium.common.exceptions.ElementClickInterceptedException: Message: element click intercepted: Element <span>...</span> is not clickable at point (335, 231). Other element would receive the click: <div class="cell">...</div>
  (Session info: headless chrome=98.0.4758.102)

2022-03-02 15:38:41,937 - ERROR basePage.py [line:144]: "点击编辑员工餐模板"点击失败
Traceback (most recent call last):
  File "e:\12\Common\basePage.py", line 142, in click_element
    ele.click()
  File "C:\Users\bonjour\AppData\Local\Programs\Python\Python39\lib\site-packages\selenium\webdriver\remote\webelement.py", line 80, in click
    self._execute(Command.CLICK_ELEMENT)
  File "C:\Users\bonjour\AppData\Local\Programs\Python\Python39\lib\site-packages\selenium\webdriver\remote\webelement.py", line 633, in _execute
    return self._parent.execute(command, params)
  File "C:\Users\bonjour\AppData\Local\Programs\Python\Python39\lib\site-packages\selenium\webdriver\remote\webdriver.py", line 321, in execute
    self.error_handler.check_response(response)
  File "C:\Users\bonjour\AppData\Local\Programs\Python\Python39\lib\site-packages\selenium\webdriver\remote\errorhandler.py", line 242, in check_response
    raise exception_class(message, screen, stacktrace)
selenium.common.exceptions.ElementClickInterceptedException: Message: element click intercepted: Element <span>...</span> is not clickable at point (335, 231). Other element would receive the click: <div class="cell">...</div>
  (Session info: headless chrome=98.0.4758.102)

2022-03-02 15:38:42,073 - INFO basePage.py [line:247]: 截屏成功,图片路径为E:\12\Screenshots\2022-03-02\[点击编辑员工餐模板]点击异常_20220302_153841.png
2022-03-02 15:38:42,073 - INFO basePage.py [line:247]: 截屏成功,图片路径为E:\12\Screenshots\2022-03-02\[点击编辑员工餐模板]点击异常_20220302_153841.png
2022-03-02 15:39:01,160 - INFO basePage.py [line:88]: 查找"输入账号"元素，元素定位:('xpath', "//*[@id='app']/div/div[1]/div[2]/form/div[2]/div/div/input")
2022-03-02 15:39:01,160 - INFO basePage.py [line:88]: 查找"输入账号"元素，元素定位:('xpath', "//*[@id='app']/div/div[1]/div[2]/form/div[2]/div/div/input")
2022-03-02 15:39:01,187 - INFO basePage.py [line:113]: 在"输入账号"输入"oms1213",元素定位:('xpath', "//*[@id='app']/div/div[1]/div[2]/form/div[2]/div/div/input")
2022-03-02 15:39:01,187 - INFO basePage.py [line:113]: 在"输入账号"输入"oms1213",元素定位:('xpath', "//*[@id='app']/div/div[1]/div[2]/form/div[2]/div/div/input")
2022-03-02 15:39:01,265 - INFO basePage.py [line:88]: 查找"输入密码"元素，元素定位:('xpath', "//*[@id='app']/div/div[1]/div[2]/form/div[3]/div/div/input")
2022-03-02 15:39:01,265 - INFO basePage.py [line:88]: 查找"输入密码"元素，元素定位:('xpath', "//*[@id='app']/div/div[1]/div[2]/form/div[3]/div/div/input")
2022-03-02 15:39:01,277 - INFO basePage.py [line:113]: 在"输入密码"输入"Qq123456",元素定位:('xpath', "//*[@id='app']/div/div[1]/div[2]/form/div[3]/div/div/input")
2022-03-02 15:39:01,277 - INFO basePage.py [line:113]: 在"输入密码"输入"Qq123456",元素定位:('xpath', "//*[@id='app']/div/div[1]/div[2]/form/div[3]/div/div/input")
2022-03-02 15:39:01,340 - INFO basePage.py [line:88]: 查找"点击登录"元素，元素定位:('xpath', "//*[@id='app']/div/div[1]/div[2]/form/button")
2022-03-02 15:39:01,340 - INFO basePage.py [line:88]: 查找"点击登录"元素，元素定位:('xpath', "//*[@id='app']/div/div[1]/div[2]/form/button")
2022-03-02 15:39:01,351 - INFO basePage.py [line:140]: 点击"点击登录",元素定位:('xpath', "//*[@id='app']/div/div[1]/div[2]/form/button")
2022-03-02 15:39:01,351 - INFO basePage.py [line:140]: 点击"点击登录",元素定位:('xpath', "//*[@id='app']/div/div[1]/div[2]/form/button")
2022-03-02 15:39:04,403 - INFO basePage.py [line:88]: 查找"供应链管理"元素，元素定位:('xpath', "//*[@id='app']/div/div[1]/div[2]/div[1]/div/ul/div[2]/li/div")
2022-03-02 15:39:04,403 - INFO basePage.py [line:88]: 查找"供应链管理"元素，元素定位:('xpath', "//*[@id='app']/div/div[1]/div[2]/div[1]/div/ul/div[2]/li/div")
2022-03-02 15:39:04,426 - INFO basePage.py [line:140]: 点击"供应链管理",元素定位:('xpath', "//*[@id='app']/div/div[1]/div[2]/div[1]/div/ul/div[2]/li/div")
2022-03-02 15:39:04,426 - INFO basePage.py [line:140]: 点击"供应链管理",元素定位:('xpath', "//*[@id='app']/div/div[1]/div[2]/div[1]/div/ul/div[2]/li/div")
2022-03-02 15:39:04,481 - INFO basePage.py [line:88]: 查找"员工餐管理"元素，元素定位:('xpath', "//*[@id='app']/div/div[1]/div[2]/div[1]/div/ul/div[2]/li/ul/div[6]/li/div")
2022-03-02 15:39:04,481 - INFO basePage.py [line:88]: 查找"员工餐管理"元素，元素定位:('xpath', "//*[@id='app']/div/div[1]/div[2]/div[1]/div/ul/div[2]/li/ul/div[6]/li/div")
2022-03-02 15:39:04,493 - INFO basePage.py [line:140]: 点击"员工餐管理",元素定位:('xpath', "//*[@id='app']/div/div[1]/div[2]/div[1]/div/ul/div[2]/li/ul/div[6]/li/div")
2022-03-02 15:39:04,493 - INFO basePage.py [line:140]: 点击"员工餐管理",元素定位:('xpath', "//*[@id='app']/div/div[1]/div[2]/div[1]/div/ul/div[2]/li/ul/div[6]/li/div")
2022-03-02 15:39:04,662 - INFO basePage.py [line:88]: 查找"点击员工餐模板"元素，元素定位:('xpath', "//*[@id='app']/div/div[1]/div[2]/div[1]/div/ul/div[2]/li/ul/div[6]/li/ul/div[1]/a/li")
2022-03-02 15:39:04,662 - INFO basePage.py [line:88]: 查找"点击员工餐模板"元素，元素定位:('xpath', "//*[@id='app']/div/div[1]/div[2]/div[1]/div/ul/div[2]/li/ul/div[6]/li/ul/div[1]/a/li")
2022-03-02 15:39:04,675 - INFO basePage.py [line:140]: 点击"点击员工餐模板",元素定位:('xpath', "//*[@id='app']/div/div[1]/div[2]/div[1]/div/ul/div[2]/li/ul/div[6]/li/ul/div[1]/a/li")
2022-03-02 15:39:04,675 - INFO basePage.py [line:140]: 点击"点击员工餐模板",元素定位:('xpath', "//*[@id='app']/div/div[1]/div[2]/div[1]/div/ul/div[2]/li/ul/div[6]/li/ul/div[1]/a/li")
2022-03-02 15:39:04,722 - INFO basePage.py [line:88]: 查找"点击删除员工餐模板"元素，元素定位:('xpath', "//*[@id='app']/div/div[2]/section/div/section/main/section/main/div/div[1]/div[4]/div[2]/table/tbody/tr[2]/td[2]/div/span/span/button/span")
2022-03-02 15:39:04,722 - INFO basePage.py [line:88]: 查找"点击删除员工餐模板"元素，元素定位:('xpath', "//*[@id='app']/div/div[2]/section/div/section/main/section/main/div/div[1]/div[4]/div[2]/table/tbody/tr[2]/td[2]/div/span/span/button/span")
2022-03-02 15:39:06,572 - INFO basePage.py [line:140]: 点击"点击删除员工餐模板",元素定位:('xpath', "//*[@id='app']/div/div[2]/section/div/section/main/section/main/div/div[1]/div[4]/div[2]/table/tbody/tr[2]/td[2]/div/span/span/button/span")
2022-03-02 15:39:06,572 - INFO basePage.py [line:140]: 点击"点击删除员工餐模板",元素定位:('xpath', "//*[@id='app']/div/div[2]/section/div/section/main/section/main/div/div[1]/div[4]/div[2]/table/tbody/tr[2]/td[2]/div/span/span/button/span")
2022-03-02 15:39:06,950 - INFO basePage.py [line:88]: 查找"二次确定删除"元素，元素定位:('xpath', '/html/body/div[2]/div[1]/div/button[2]/span')
2022-03-02 15:39:06,950 - INFO basePage.py [line:88]: 查找"二次确定删除"元素，元素定位:('xpath', '/html/body/div[2]/div[1]/div/button[2]/span')
2022-03-02 15:39:06,985 - INFO basePage.py [line:140]: 点击"二次确定删除",元素定位:('xpath', '/html/body/div[2]/div[1]/div/button[2]/span')
2022-03-02 15:39:06,985 - INFO basePage.py [line:140]: 点击"二次确定删除",元素定位:('xpath', '/html/body/div[2]/div[1]/div/button[2]/span')
2022-03-02 15:39:07,032 - INFO basePage.py [line:74]: 等待"删除断言"元素,定位方式:('xpath', '/html/body/div[3]/p')
2022-03-02 15:39:07,032 - INFO basePage.py [line:74]: 等待"删除断言"元素,定位方式:('xpath', '/html/body/div[3]/p')
2022-03-02 15:39:07,154 - INFO basePage.py [line:79]: 等待"删除断言"时长:0:00:00.120588
2022-03-02 15:39:07,154 - INFO basePage.py [line:79]: 等待"删除断言"时长:0:00:00.120588
