2022-03-02 17:41:05,677 - INFO basePage.py [line:88]: 查找"输入账号"元素，元素定位:('xpath', "//*[@id='app']/div/div[1]/div[2]/form/div[2]/div/div/input")
2022-03-02 17:41:05,677 - INFO basePage.py [line:88]: 查找"输入账号"元素，元素定位:('xpath', "//*[@id='app']/div/div[1]/div[2]/form/div[2]/div/div/input")
2022-03-02 17:41:05,697 - INFO basePage.py [line:113]: 在"输入账号"输入"oms1213",元素定位:('xpath', "//*[@id='app']/div/div[1]/div[2]/form/div[2]/div/div/input")
2022-03-02 17:41:05,697 - INFO basePage.py [line:113]: 在"输入账号"输入"oms1213",元素定位:('xpath', "//*[@id='app']/div/div[1]/div[2]/form/div[2]/div/div/input")
2022-03-02 17:41:05,762 - INFO basePage.py [line:88]: 查找"输入密码"元素，元素定位:('xpath', "//*[@id='app']/div/div[1]/div[2]/form/div[3]/div/div/input")
2022-03-02 17:41:05,762 - INFO basePage.py [line:88]: 查找"输入密码"元素，元素定位:('xpath', "//*[@id='app']/div/div[1]/div[2]/form/div[3]/div/div/input")
2022-03-02 17:41:05,773 - INFO basePage.py [line:113]: 在"输入密码"输入"Qq123456",元素定位:('xpath', "//*[@id='app']/div/div[1]/div[2]/form/div[3]/div/div/input")
2022-03-02 17:41:05,773 - INFO basePage.py [line:113]: 在"输入密码"输入"Qq123456",元素定位:('xpath', "//*[@id='app']/div/div[1]/div[2]/form/div[3]/div/div/input")
2022-03-02 17:41:05,837 - INFO basePage.py [line:88]: 查找"点击登录"元素，元素定位:('xpath', "//*[@id='app']/div/div[1]/div[2]/form/button")
2022-03-02 17:41:05,837 - INFO basePage.py [line:88]: 查找"点击登录"元素，元素定位:('xpath', "//*[@id='app']/div/div[1]/div[2]/form/button")
2022-03-02 17:41:05,847 - INFO basePage.py [line:140]: 点击"点击登录",元素定位:('xpath', "//*[@id='app']/div/div[1]/div[2]/form/button")
2022-03-02 17:41:05,847 - INFO basePage.py [line:140]: 点击"点击登录",元素定位:('xpath', "//*[@id='app']/div/div[1]/div[2]/form/button")
2022-03-02 17:41:08,904 - INFO basePage.py [line:88]: 查找"供应链管理"元素，元素定位:('xpath', "//*[@id='app']/div/div[1]/div[2]/div[1]/div/ul/div[2]/li/div")
2022-03-02 17:41:08,904 - INFO basePage.py [line:88]: 查找"供应链管理"元素，元素定位:('xpath', "//*[@id='app']/div/div[1]/div[2]/div[1]/div/ul/div[2]/li/div")
2022-03-02 17:41:08,919 - INFO basePage.py [line:140]: 点击"供应链管理",元素定位:('xpath', "//*[@id='app']/div/div[1]/div[2]/div[1]/div/ul/div[2]/li/div")
2022-03-02 17:41:08,919 - INFO basePage.py [line:140]: 点击"供应链管理",元素定位:('xpath', "//*[@id='app']/div/div[1]/div[2]/div[1]/div/ul/div[2]/li/div")
2022-03-02 17:41:08,964 - INFO basePage.py [line:88]: 查找"员工餐管理"元素，元素定位:('xpath', "//*[@id='app']/div/div[1]/div[2]/div[1]/div/ul/div[2]/li/ul/div[6]/li/div")
2022-03-02 17:41:08,964 - INFO basePage.py [line:88]: 查找"员工餐管理"元素，元素定位:('xpath', "//*[@id='app']/div/div[1]/div[2]/div[1]/div/ul/div[2]/li/ul/div[6]/li/div")
2022-03-02 17:41:08,976 - INFO basePage.py [line:140]: 点击"员工餐管理",元素定位:('xpath', "//*[@id='app']/div/div[1]/div[2]/div[1]/div/ul/div[2]/li/ul/div[6]/li/div")
2022-03-02 17:41:08,976 - INFO basePage.py [line:140]: 点击"员工餐管理",元素定位:('xpath', "//*[@id='app']/div/div[1]/div[2]/div[1]/div/ul/div[2]/li/ul/div[6]/li/div")
2022-03-02 17:41:11,166 - INFO basePage.py [line:88]: 查找"点击员工餐模板"元素，元素定位:('xpath', "//*[@id='app']/div/div[1]/div[2]/div[1]/div/ul/div[2]/li/ul/div[6]/li/ul/div[1]/a/li")
2022-03-02 17:41:11,166 - INFO basePage.py [line:88]: 查找"点击员工餐模板"元素，元素定位:('xpath', "//*[@id='app']/div/div[1]/div[2]/div[1]/div/ul/div[2]/li/ul/div[6]/li/ul/div[1]/a/li")
2022-03-02 17:41:11,188 - INFO basePage.py [line:140]: 点击"点击员工餐模板",元素定位:('xpath', "//*[@id='app']/div/div[1]/div[2]/div[1]/div/ul/div[2]/li/ul/div[6]/li/ul/div[1]/a/li")
2022-03-02 17:41:11,188 - INFO basePage.py [line:140]: 点击"点击员工餐模板",元素定位:('xpath', "//*[@id='app']/div/div[1]/div[2]/div[1]/div/ul/div[2]/li/ul/div[6]/li/ul/div[1]/a/li")
2022-03-02 17:41:11,270 - INFO basePage.py [line:88]: 查找"点击新增员工餐模板"元素，元素定位:('xpath', "//*[@id='app']/div/div[2]/section/div/section/header/div[2]/button")
2022-03-02 17:41:11,270 - INFO basePage.py [line:88]: 查找"点击新增员工餐模板"元素，元素定位:('xpath', "//*[@id='app']/div/div[2]/section/div/section/header/div[2]/button")
2022-03-02 17:41:13,176 - INFO basePage.py [line:140]: 点击"点击新增员工餐模板",元素定位:('xpath', "//*[@id='app']/div/div[2]/section/div/section/header/div[2]/button")
2022-03-02 17:41:13,176 - INFO basePage.py [line:140]: 点击"点击新增员工餐模板",元素定位:('xpath', "//*[@id='app']/div/div[2]/section/div/section/header/div[2]/button")
2022-03-02 17:41:13,283 - INFO basePage.py [line:88]: 查找"输入模板名称"元素，元素定位:('xpath', "//*[@id='app']/div/div[2]/section/div/section/div/div/div[2]/div[3]/div[1]/div[2]/div/form/div[1]/div/div/input")
2022-03-02 17:41:13,283 - INFO basePage.py [line:88]: 查找"输入模板名称"元素，元素定位:('xpath', "//*[@id='app']/div/div[2]/section/div/section/div/div/div[2]/div[3]/div[1]/div[2]/div/form/div[1]/div/div/input")
2022-03-02 17:41:13,297 - INFO basePage.py [line:113]: 在"输入模板名称"输入"99847612905",元素定位:('xpath', "//*[@id='app']/div/div[2]/section/div/section/div/div/div[2]/div[3]/div[1]/div[2]/div/form/div[1]/div/div/input")
2022-03-02 17:41:13,297 - INFO basePage.py [line:113]: 在"输入模板名称"输入"99847612905",元素定位:('xpath', "//*[@id='app']/div/div[2]/section/div/section/div/div/div[2]/div[3]/div[1]/div[2]/div/form/div[1]/div/div/input")
2022-03-02 17:41:15,482 - INFO basePage.py [line:88]: 查找"点击确定"元素，元素定位:('xpath', "//*[@id='app']/div/div[2]/section/div/section/div/div/div[3]/div/button[2]")
2022-03-02 17:41:15,482 - INFO basePage.py [line:88]: 查找"点击确定"元素，元素定位:('xpath', "//*[@id='app']/div/div[2]/section/div/section/div/div/div[3]/div/button[2]")
2022-03-02 17:41:15,498 - INFO basePage.py [line:140]: 点击"点击确定",元素定位:('xpath', "//*[@id='app']/div/div[2]/section/div/section/div/div/div[3]/div/button[2]")
2022-03-02 17:41:15,498 - INFO basePage.py [line:140]: 点击"点击确定",元素定位:('xpath', "//*[@id='app']/div/div[2]/section/div/section/div/div/div[3]/div/button[2]")
2022-03-02 17:41:15,540 - INFO basePage.py [line:74]: 等待"新增员工餐模板断言"元素,定位方式:('xpath', '/html/body/div[2]/p')
2022-03-02 17:41:15,540 - INFO basePage.py [line:74]: 等待"新增员工餐模板断言"元素,定位方式:('xpath', '/html/body/div[2]/p')
2022-03-02 17:41:15,854 - INFO basePage.py [line:79]: 等待"新增员工餐模板断言"时长:0:00:00.313135
2022-03-02 17:41:15,854 - INFO basePage.py [line:79]: 等待"新增员工餐模板断言"时长:0:00:00.313135
2022-03-02 17:41:34,922 - INFO basePage.py [line:88]: 查找"输入账号"元素，元素定位:('xpath', "//*[@id='app']/div/div[1]/div[2]/form/div[2]/div/div/input")
2022-03-02 17:41:34,922 - INFO basePage.py [line:88]: 查找"输入账号"元素，元素定位:('xpath', "//*[@id='app']/div/div[1]/div[2]/form/div[2]/div/div/input")
2022-03-02 17:41:34,935 - INFO basePage.py [line:113]: 在"输入账号"输入"oms1213",元素定位:('xpath', "//*[@id='app']/div/div[1]/div[2]/form/div[2]/div/div/input")
2022-03-02 17:41:34,935 - INFO basePage.py [line:113]: 在"输入账号"输入"oms1213",元素定位:('xpath', "//*[@id='app']/div/div[1]/div[2]/form/div[2]/div/div/input")
2022-03-02 17:41:35,010 - INFO basePage.py [line:88]: 查找"输入密码"元素，元素定位:('xpath', "//*[@id='app']/div/div[1]/div[2]/form/div[3]/div/div/input")
2022-03-02 17:41:35,010 - INFO basePage.py [line:88]: 查找"输入密码"元素，元素定位:('xpath', "//*[@id='app']/div/div[1]/div[2]/form/div[3]/div/div/input")
2022-03-02 17:41:35,023 - INFO basePage.py [line:113]: 在"输入密码"输入"Qq123456",元素定位:('xpath', "//*[@id='app']/div/div[1]/div[2]/form/div[3]/div/div/input")
2022-03-02 17:41:35,023 - INFO basePage.py [line:113]: 在"输入密码"输入"Qq123456",元素定位:('xpath', "//*[@id='app']/div/div[1]/div[2]/form/div[3]/div/div/input")
2022-03-02 17:41:35,083 - INFO basePage.py [line:88]: 查找"点击登录"元素，元素定位:('xpath', "//*[@id='app']/div/div[1]/div[2]/form/button")
2022-03-02 17:41:35,083 - INFO basePage.py [line:88]: 查找"点击登录"元素，元素定位:('xpath', "//*[@id='app']/div/div[1]/div[2]/form/button")
2022-03-02 17:41:35,094 - INFO basePage.py [line:140]: 点击"点击登录",元素定位:('xpath', "//*[@id='app']/div/div[1]/div[2]/form/button")
2022-03-02 17:41:35,094 - INFO basePage.py [line:140]: 点击"点击登录",元素定位:('xpath', "//*[@id='app']/div/div[1]/div[2]/form/button")
2022-03-02 17:41:38,148 - INFO basePage.py [line:88]: 查找"供应链管理"元素，元素定位:('xpath', "//*[@id='app']/div/div[1]/div[2]/div[1]/div/ul/div[2]/li/div")
2022-03-02 17:41:38,148 - INFO basePage.py [line:88]: 查找"供应链管理"元素，元素定位:('xpath', "//*[@id='app']/div/div[1]/div[2]/div[1]/div/ul/div[2]/li/div")
2022-03-02 17:41:38,174 - INFO basePage.py [line:140]: 点击"供应链管理",元素定位:('xpath', "//*[@id='app']/div/div[1]/div[2]/div[1]/div/ul/div[2]/li/div")
2022-03-02 17:41:38,174 - INFO basePage.py [line:140]: 点击"供应链管理",元素定位:('xpath', "//*[@id='app']/div/div[1]/div[2]/div[1]/div/ul/div[2]/li/div")
2022-03-02 17:41:38,218 - INFO basePage.py [line:88]: 查找"员工餐管理"元素，元素定位:('xpath', "//*[@id='app']/div/div[1]/div[2]/div[1]/div/ul/div[2]/li/ul/div[6]/li/div")
2022-03-02 17:41:38,218 - INFO basePage.py [line:88]: 查找"员工餐管理"元素，元素定位:('xpath', "//*[@id='app']/div/div[1]/div[2]/div[1]/div/ul/div[2]/li/ul/div[6]/li/div")
2022-03-02 17:41:38,229 - INFO basePage.py [line:140]: 点击"员工餐管理",元素定位:('xpath', "//*[@id='app']/div/div[1]/div[2]/div[1]/div/ul/div[2]/li/ul/div[6]/li/div")
2022-03-02 17:41:38,229 - INFO basePage.py [line:140]: 点击"员工餐管理",元素定位:('xpath', "//*[@id='app']/div/div[1]/div[2]/div[1]/div/ul/div[2]/li/ul/div[6]/li/div")
2022-03-02 17:41:40,414 - INFO basePage.py [line:88]: 查找"点击员工餐模板"元素，元素定位:('xpath', "//*[@id='app']/div/div[1]/div[2]/div[1]/div/ul/div[2]/li/ul/div[6]/li/ul/div[1]/a/li")
2022-03-02 17:41:40,414 - INFO basePage.py [line:88]: 查找"点击员工餐模板"元素，元素定位:('xpath', "//*[@id='app']/div/div[1]/div[2]/div[1]/div/ul/div[2]/li/ul/div[6]/li/ul/div[1]/a/li")
2022-03-02 17:41:40,430 - INFO basePage.py [line:140]: 点击"点击员工餐模板",元素定位:('xpath', "//*[@id='app']/div/div[1]/div[2]/div[1]/div/ul/div[2]/li/ul/div[6]/li/ul/div[1]/a/li")
2022-03-02 17:41:40,430 - INFO basePage.py [line:140]: 点击"点击员工餐模板",元素定位:('xpath', "//*[@id='app']/div/div[1]/div[2]/div[1]/div/ul/div[2]/li/ul/div[6]/li/ul/div[1]/a/li")
2022-03-02 17:42:01,941 - INFO basePage.py [line:88]: 查找"输入账号"元素，元素定位:('xpath', "//*[@id='app']/div/div[1]/div[2]/form/div[2]/div/div/input")
2022-03-02 17:42:01,941 - INFO basePage.py [line:88]: 查找"输入账号"元素，元素定位:('xpath', "//*[@id='app']/div/div[1]/div[2]/form/div[2]/div/div/input")
2022-03-02 17:42:01,954 - INFO basePage.py [line:113]: 在"输入账号"输入"oms1213",元素定位:('xpath', "//*[@id='app']/div/div[1]/div[2]/form/div[2]/div/div/input")
2022-03-02 17:42:01,954 - INFO basePage.py [line:113]: 在"输入账号"输入"oms1213",元素定位:('xpath', "//*[@id='app']/div/div[1]/div[2]/form/div[2]/div/div/input")
2022-03-02 17:42:02,017 - INFO basePage.py [line:88]: 查找"输入密码"元素，元素定位:('xpath', "//*[@id='app']/div/div[1]/div[2]/form/div[3]/div/div/input")
2022-03-02 17:42:02,017 - INFO basePage.py [line:88]: 查找"输入密码"元素，元素定位:('xpath', "//*[@id='app']/div/div[1]/div[2]/form/div[3]/div/div/input")
2022-03-02 17:42:02,028 - INFO basePage.py [line:113]: 在"输入密码"输入"Qq123456",元素定位:('xpath', "//*[@id='app']/div/div[1]/div[2]/form/div[3]/div/div/input")
2022-03-02 17:42:02,028 - INFO basePage.py [line:113]: 在"输入密码"输入"Qq123456",元素定位:('xpath', "//*[@id='app']/div/div[1]/div[2]/form/div[3]/div/div/input")
2022-03-02 17:42:02,088 - INFO basePage.py [line:88]: 查找"点击登录"元素，元素定位:('xpath', "//*[@id='app']/div/div[1]/div[2]/form/button")
2022-03-02 17:42:02,088 - INFO basePage.py [line:88]: 查找"点击登录"元素，元素定位:('xpath', "//*[@id='app']/div/div[1]/div[2]/form/button")
2022-03-02 17:42:02,099 - INFO basePage.py [line:140]: 点击"点击登录",元素定位:('xpath', "//*[@id='app']/div/div[1]/div[2]/form/button")
2022-03-02 17:42:02,099 - INFO basePage.py [line:140]: 点击"点击登录",元素定位:('xpath', "//*[@id='app']/div/div[1]/div[2]/form/button")
2022-03-02 17:42:05,157 - INFO basePage.py [line:88]: 查找"供应链管理"元素，元素定位:('xpath', "//*[@id='app']/div/div[1]/div[2]/div[1]/div/ul/div[2]/li/div")
2022-03-02 17:42:05,157 - INFO basePage.py [line:88]: 查找"供应链管理"元素，元素定位:('xpath', "//*[@id='app']/div/div[1]/div[2]/div[1]/div/ul/div[2]/li/div")
2022-03-02 17:42:05,173 - INFO basePage.py [line:140]: 点击"供应链管理",元素定位:('xpath', "//*[@id='app']/div/div[1]/div[2]/div[1]/div/ul/div[2]/li/div")
2022-03-02 17:42:05,173 - INFO basePage.py [line:140]: 点击"供应链管理",元素定位:('xpath', "//*[@id='app']/div/div[1]/div[2]/div[1]/div/ul/div[2]/li/div")
2022-03-02 17:42:05,230 - INFO basePage.py [line:88]: 查找"员工餐管理"元素，元素定位:('xpath', "//*[@id='app']/div/div[1]/div[2]/div[1]/div/ul/div[2]/li/ul/div[6]/li/div")
2022-03-02 17:42:05,230 - INFO basePage.py [line:88]: 查找"员工餐管理"元素，元素定位:('xpath', "//*[@id='app']/div/div[1]/div[2]/div[1]/div/ul/div[2]/li/ul/div[6]/li/div")
2022-03-02 17:42:05,245 - INFO basePage.py [line:140]: 点击"员工餐管理",元素定位:('xpath', "//*[@id='app']/div/div[1]/div[2]/div[1]/div/ul/div[2]/li/ul/div[6]/li/div")
2022-03-02 17:42:05,245 - INFO basePage.py [line:140]: 点击"员工餐管理",元素定位:('xpath', "//*[@id='app']/div/div[1]/div[2]/div[1]/div/ul/div[2]/li/ul/div[6]/li/div")
2022-03-02 17:42:07,422 - INFO basePage.py [line:88]: 查找"点击员工餐模板"元素，元素定位:('xpath', "//*[@id='app']/div/div[1]/div[2]/div[1]/div/ul/div[2]/li/ul/div[6]/li/ul/div[1]/a/li")
2022-03-02 17:42:07,422 - INFO basePage.py [line:88]: 查找"点击员工餐模板"元素，元素定位:('xpath', "//*[@id='app']/div/div[1]/div[2]/div[1]/div/ul/div[2]/li/ul/div[6]/li/ul/div[1]/a/li")
2022-03-02 17:42:07,433 - INFO basePage.py [line:140]: 点击"点击员工餐模板",元素定位:('xpath', "//*[@id='app']/div/div[1]/div[2]/div[1]/div/ul/div[2]/li/ul/div[6]/li/ul/div[1]/a/li")
2022-03-02 17:42:07,433 - INFO basePage.py [line:140]: 点击"点击员工餐模板",元素定位:('xpath', "//*[@id='app']/div/div[1]/div[2]/div[1]/div/ul/div[2]/li/ul/div[6]/li/ul/div[1]/a/li")
2022-03-02 17:42:07,499 - INFO basePage.py [line:88]: 查找"点击编辑员工餐模板"元素，元素定位:('xpath', "//*[@id='app']/div/div[2]/section/div/section/main/section/main/div/div[1]/div[4]/div[2]/table/tbody/tr[1]/td[2]/div/button[2]/span")
2022-03-02 17:42:07,499 - INFO basePage.py [line:88]: 查找"点击编辑员工餐模板"元素，元素定位:('xpath', "//*[@id='app']/div/div[2]/section/div/section/main/section/main/div/div[1]/div[4]/div[2]/table/tbody/tr[1]/td[2]/div/button[2]/span")
2022-03-02 17:42:09,422 - INFO basePage.py [line:140]: 点击"点击编辑员工餐模板",元素定位:('xpath', "//*[@id='app']/div/div[2]/section/div/section/main/section/main/div/div[1]/div[4]/div[2]/table/tbody/tr[1]/td[2]/div/button[2]/span")
2022-03-02 17:42:09,422 - INFO basePage.py [line:140]: 点击"点击编辑员工餐模板",元素定位:('xpath', "//*[@id='app']/div/div[2]/section/div/section/main/section/main/div/div[1]/div[4]/div[2]/table/tbody/tr[1]/td[2]/div/button[2]/span")
2022-03-02 17:42:11,886 - INFO basePage.py [line:88]: 查找"点击确定"元素，元素定位:('xpath', "//*[@id='app']/div/div[2]/section/div/section/div/div/div[3]/div/button[2]")
2022-03-02 17:42:11,886 - INFO basePage.py [line:88]: 查找"点击确定"元素，元素定位:('xpath', "//*[@id='app']/div/div[2]/section/div/section/div/div/div[3]/div/button[2]")
2022-03-02 17:42:11,908 - INFO basePage.py [line:140]: 点击"点击确定",元素定位:('xpath', "//*[@id='app']/div/div[2]/section/div/section/div/div/div[3]/div/button[2]")
2022-03-02 17:42:11,908 - INFO basePage.py [line:140]: 点击"点击确定",元素定位:('xpath', "//*[@id='app']/div/div[2]/section/div/section/div/div/div[3]/div/button[2]")
2022-03-02 17:42:11,952 - INFO basePage.py [line:74]: 等待"修改员工餐模板断言"元素,定位方式:('xpath', '/html/body/div[2]/p')
2022-03-02 17:42:11,952 - INFO basePage.py [line:74]: 等待"修改员工餐模板断言"元素,定位方式:('xpath', '/html/body/div[2]/p')
2022-03-02 17:42:12,420 - INFO basePage.py [line:79]: 等待"修改员工餐模板断言"时长:0:00:00.466600
2022-03-02 17:42:12,420 - INFO basePage.py [line:79]: 等待"修改员工餐模板断言"时长:0:00:00.466600
2022-03-02 17:42:31,391 - INFO basePage.py [line:88]: 查找"输入账号"元素，元素定位:('xpath', "//*[@id='app']/div/div[1]/div[2]/form/div[2]/div/div/input")
2022-03-02 17:42:31,391 - INFO basePage.py [line:88]: 查找"输入账号"元素，元素定位:('xpath', "//*[@id='app']/div/div[1]/div[2]/form/div[2]/div/div/input")
2022-03-02 17:42:31,404 - INFO basePage.py [line:113]: 在"输入账号"输入"oms1213",元素定位:('xpath', "//*[@id='app']/div/div[1]/div[2]/form/div[2]/div/div/input")
2022-03-02 17:42:31,404 - INFO basePage.py [line:113]: 在"输入账号"输入"oms1213",元素定位:('xpath', "//*[@id='app']/div/div[1]/div[2]/form/div[2]/div/div/input")
2022-03-02 17:42:31,481 - INFO basePage.py [line:88]: 查找"输入密码"元素，元素定位:('xpath', "//*[@id='app']/div/div[1]/div[2]/form/div[3]/div/div/input")
2022-03-02 17:42:31,481 - INFO basePage.py [line:88]: 查找"输入密码"元素，元素定位:('xpath', "//*[@id='app']/div/div[1]/div[2]/form/div[3]/div/div/input")
2022-03-02 17:42:31,494 - INFO basePage.py [line:113]: 在"输入密码"输入"Qq123456",元素定位:('xpath', "//*[@id='app']/div/div[1]/div[2]/form/div[3]/div/div/input")
2022-03-02 17:42:31,494 - INFO basePage.py [line:113]: 在"输入密码"输入"Qq123456",元素定位:('xpath', "//*[@id='app']/div/div[1]/div[2]/form/div[3]/div/div/input")
2022-03-02 17:42:31,557 - INFO basePage.py [line:88]: 查找"点击登录"元素，元素定位:('xpath', "//*[@id='app']/div/div[1]/div[2]/form/button")
2022-03-02 17:42:31,557 - INFO basePage.py [line:88]: 查找"点击登录"元素，元素定位:('xpath', "//*[@id='app']/div/div[1]/div[2]/form/button")
2022-03-02 17:42:31,568 - INFO basePage.py [line:140]: 点击"点击登录",元素定位:('xpath', "//*[@id='app']/div/div[1]/div[2]/form/button")
2022-03-02 17:42:31,568 - INFO basePage.py [line:140]: 点击"点击登录",元素定位:('xpath', "//*[@id='app']/div/div[1]/div[2]/form/button")
2022-03-02 17:42:34,627 - INFO basePage.py [line:88]: 查找"供应链管理"元素，元素定位:('xpath', "//*[@id='app']/div/div[1]/div[2]/div[1]/div/ul/div[2]/li/div")
2022-03-02 17:42:34,627 - INFO basePage.py [line:88]: 查找"供应链管理"元素，元素定位:('xpath', "//*[@id='app']/div/div[1]/div[2]/div[1]/div/ul/div[2]/li/div")
2022-03-02 17:42:34,640 - INFO basePage.py [line:140]: 点击"供应链管理",元素定位:('xpath', "//*[@id='app']/div/div[1]/div[2]/div[1]/div/ul/div[2]/li/div")
2022-03-02 17:42:34,640 - INFO basePage.py [line:140]: 点击"供应链管理",元素定位:('xpath', "//*[@id='app']/div/div[1]/div[2]/div[1]/div/ul/div[2]/li/div")
2022-03-02 17:42:34,687 - INFO basePage.py [line:88]: 查找"员工餐管理"元素，元素定位:('xpath', "//*[@id='app']/div/div[1]/div[2]/div[1]/div/ul/div[2]/li/ul/div[6]/li/div")
2022-03-02 17:42:34,687 - INFO basePage.py [line:88]: 查找"员工餐管理"元素，元素定位:('xpath', "//*[@id='app']/div/div[1]/div[2]/div[1]/div/ul/div[2]/li/ul/div[6]/li/div")
2022-03-02 17:42:34,700 - INFO basePage.py [line:140]: 点击"员工餐管理",元素定位:('xpath', "//*[@id='app']/div/div[1]/div[2]/div[1]/div/ul/div[2]/li/ul/div[6]/li/div")
2022-03-02 17:42:34,700 - INFO basePage.py [line:140]: 点击"员工餐管理",元素定位:('xpath', "//*[@id='app']/div/div[1]/div[2]/div[1]/div/ul/div[2]/li/ul/div[6]/li/div")
2022-03-02 17:42:36,866 - INFO basePage.py [line:88]: 查找"点击员工餐模板"元素，元素定位:('xpath', "//*[@id='app']/div/div[1]/div[2]/div[1]/div/ul/div[2]/li/ul/div[6]/li/ul/div[1]/a/li")
2022-03-02 17:42:36,866 - INFO basePage.py [line:88]: 查找"点击员工餐模板"元素，元素定位:('xpath', "//*[@id='app']/div/div[1]/div[2]/div[1]/div/ul/div[2]/li/ul/div[6]/li/ul/div[1]/a/li")
2022-03-02 17:42:36,882 - INFO basePage.py [line:140]: 点击"点击员工餐模板",元素定位:('xpath', "//*[@id='app']/div/div[1]/div[2]/div[1]/div/ul/div[2]/li/ul/div[6]/li/ul/div[1]/a/li")
2022-03-02 17:42:36,882 - INFO basePage.py [line:140]: 点击"点击员工餐模板",元素定位:('xpath', "//*[@id='app']/div/div[1]/div[2]/div[1]/div/ul/div[2]/li/ul/div[6]/li/ul/div[1]/a/li")
2022-03-02 17:42:36,954 - INFO basePage.py [line:88]: 查找"点击删除员工餐模板"元素，元素定位:('xpath', "//*[@id='app']/div/div[2]/section/div/section/main/section/main/div/div[1]/div[4]/div[2]/table/tbody/tr[1]/td[2]/div/button[3]/span")
2022-03-02 17:42:36,954 - INFO basePage.py [line:88]: 查找"点击删除员工餐模板"元素，元素定位:('xpath', "//*[@id='app']/div/div[2]/section/div/section/main/section/main/div/div[1]/div[4]/div[2]/table/tbody/tr[1]/td[2]/div/button[3]/span")
2022-03-02 17:42:46,966 - ERROR basePage.py [line:92]: 查找"点击删除员工餐模板"元素失败,定位方式:('xpath', "//*[@id='app']/div/div[2]/section/div/section/main/section/main/div/div[1]/div[4]/div[2]/table/tbody/tr[1]/td[2]/div/button[3]/span")
Traceback (most recent call last):
  File "e:\12\Common\basePage.py", line 90, in find_element
    return self.driver.find_element(*loc)
  File "C:\Users\bonjour\AppData\Local\Programs\Python\Python39\lib\site-packages\selenium\webdriver\remote\webdriver.py", line 976, in find_element
    return self.execute(Command.FIND_ELEMENT, {
  File "C:\Users\bonjour\AppData\Local\Programs\Python\Python39\lib\site-packages\selenium\webdriver\remote\webdriver.py", line 321, in execute
    self.error_handler.check_response(response)
  File "C:\Users\bonjour\AppData\Local\Programs\Python\Python39\lib\site-packages\selenium\webdriver\remote\errorhandler.py", line 242, in check_response
    raise exception_class(message, screen, stacktrace)
selenium.common.exceptions.NoSuchElementException: Message: no such element: Unable to locate element: {"method":"xpath","selector":"//*[@id='app']/div/div[2]/section/div/section/main/section/main/div/div[1]/div[4]/div[2]/table/tbody/tr[1]/td[2]/div/button[3]/span"}
  (Session info: headless chrome=98.0.4758.102)

2022-03-02 17:42:46,966 - ERROR basePage.py [line:92]: 查找"点击删除员工餐模板"元素失败,定位方式:('xpath', "//*[@id='app']/div/div[2]/section/div/section/main/section/main/div/div[1]/div[4]/div[2]/table/tbody/tr[1]/td[2]/div/button[3]/span")
Traceback (most recent call last):
  File "e:\12\Common\basePage.py", line 90, in find_element
    return self.driver.find_element(*loc)
  File "C:\Users\bonjour\AppData\Local\Programs\Python\Python39\lib\site-packages\selenium\webdriver\remote\webdriver.py", line 976, in find_element
    return self.execute(Command.FIND_ELEMENT, {
  File "C:\Users\bonjour\AppData\Local\Programs\Python\Python39\lib\site-packages\selenium\webdriver\remote\webdriver.py", line 321, in execute
    self.error_handler.check_response(response)
  File "C:\Users\bonjour\AppData\Local\Programs\Python\Python39\lib\site-packages\selenium\webdriver\remote\errorhandler.py", line 242, in check_response
    raise exception_class(message, screen, stacktrace)
selenium.common.exceptions.NoSuchElementException: Message: no such element: Unable to locate element: {"method":"xpath","selector":"//*[@id='app']/div/div[2]/section/div/section/main/section/main/div/div[1]/div[4]/div[2]/table/tbody/tr[1]/td[2]/div/button[3]/span"}
  (Session info: headless chrome=98.0.4758.102)

2022-03-02 17:42:47,115 - INFO basePage.py [line:247]: 截屏成功,图片路径为E:\12\Screenshots\2022-03-02\查找元素[点击删除员工餐模板]异常_20220302_174246.png
2022-03-02 17:42:47,115 - INFO basePage.py [line:247]: 截屏成功,图片路径为E:\12\Screenshots\2022-03-02\查找元素[点击删除员工餐模板]异常_20220302_174246.png
