2022-01-17 14:24:52,692 - INFO basePage.py [line:88]: 查找"输入账号"元素，元素定位:('xpath', "//*[@id='app']/div/div[1]/div[2]/form/div[2]/div/div/input")
2022-01-17 14:24:52,692 - INFO basePage.py [line:88]: 查找"输入账号"元素，元素定位:('xpath', "//*[@id='app']/div/div[1]/div[2]/form/div[2]/div/div/input")
2022-01-17 14:24:52,709 - INFO basePage.py [line:113]: 在"输入账号"输入"oms1212",元素定位:('xpath', "//*[@id='app']/div/div[1]/div[2]/form/div[2]/div/div/input")
2022-01-17 14:24:52,709 - INFO basePage.py [line:113]: 在"输入账号"输入"oms1212",元素定位:('xpath', "//*[@id='app']/div/div[1]/div[2]/form/div[2]/div/div/input")
2022-01-17 14:24:52,786 - INFO basePage.py [line:88]: 查找"输入密码"元素，元素定位:('xpath', "//*[@id='app']/div/div[1]/div[2]/form/div[3]/div/div/input")
2022-01-17 14:24:52,786 - INFO basePage.py [line:88]: 查找"输入密码"元素，元素定位:('xpath', "//*[@id='app']/div/div[1]/div[2]/form/div[3]/div/div/input")
2022-01-17 14:24:52,799 - INFO basePage.py [line:113]: 在"输入密码"输入"Qq123456",元素定位:('xpath', "//*[@id='app']/div/div[1]/div[2]/form/div[3]/div/div/input")
2022-01-17 14:24:52,799 - INFO basePage.py [line:113]: 在"输入密码"输入"Qq123456",元素定位:('xpath', "//*[@id='app']/div/div[1]/div[2]/form/div[3]/div/div/input")
2022-01-17 14:24:52,862 - INFO basePage.py [line:88]: 查找"点击登录"元素，元素定位:('xpath', "//*[@id='app']/div/div[1]/div[2]/form/button")
2022-01-17 14:24:52,862 - INFO basePage.py [line:88]: 查找"点击登录"元素，元素定位:('xpath', "//*[@id='app']/div/div[1]/div[2]/form/button")
2022-01-17 14:24:52,873 - INFO basePage.py [line:140]: 点击"点击登录",元素定位:('xpath', "//*[@id='app']/div/div[1]/div[2]/form/button")
2022-01-17 14:24:52,873 - INFO basePage.py [line:140]: 点击"点击登录",元素定位:('xpath', "//*[@id='app']/div/div[1]/div[2]/form/button")
2022-01-17 14:24:54,919 - INFO basePage.py [line:88]: 查找"展开模块"元素，元素定位:('class name', 'hamburger-container')
2022-01-17 14:24:54,919 - INFO basePage.py [line:88]: 查找"展开模块"元素，元素定位:('class name', 'hamburger-container')
2022-01-17 14:24:54,930 - INFO basePage.py [line:140]: 点击"展开模块",元素定位:('class name', 'hamburger-container')
2022-01-17 14:24:54,930 - INFO basePage.py [line:140]: 点击"展开模块",元素定位:('class name', 'hamburger-container')
2022-01-17 14:24:56,013 - INFO basePage.py [line:88]: 查找"供应链管理"元素，元素定位:('xpath', "//*[@id='app']/div/div[2]/div[2]/div[1]/div/ul/div[2]/li/div")
2022-01-17 14:24:56,013 - INFO basePage.py [line:88]: 查找"供应链管理"元素，元素定位:('xpath', "//*[@id='app']/div/div[2]/div[2]/div[1]/div/ul/div[2]/li/div")
2022-01-17 14:24:56,034 - INFO basePage.py [line:140]: 点击"供应链管理",元素定位:('xpath', "//*[@id='app']/div/div[2]/div[2]/div[1]/div/ul/div[2]/li/div")
2022-01-17 14:24:56,034 - INFO basePage.py [line:140]: 点击"供应链管理",元素定位:('xpath', "//*[@id='app']/div/div[2]/div[2]/div[1]/div/ul/div[2]/li/div")
2022-01-17 14:24:56,083 - INFO basePage.py [line:88]: 查找"品项管理"元素，元素定位:('xpath', "//*[@id='app']/div/div[2]/div[2]/div[1]/div/ul/div[2]/li/ul/div[1]/a/li")
2022-01-17 14:24:56,083 - INFO basePage.py [line:88]: 查找"品项管理"元素，元素定位:('xpath', "//*[@id='app']/div/div[2]/div[2]/div[1]/div/ul/div[2]/li/ul/div[1]/a/li")
2022-01-17 14:24:56,098 - INFO basePage.py [line:140]: 点击"品项管理",元素定位:('xpath', "//*[@id='app']/div/div[2]/div[2]/div[1]/div/ul/div[2]/li/ul/div[1]/a/li")
2022-01-17 14:24:56,098 - INFO basePage.py [line:140]: 点击"品项管理",元素定位:('xpath', "//*[@id='app']/div/div[2]/div[2]/div[1]/div/ul/div[2]/li/ul/div[1]/a/li")
2022-01-17 14:25:00,152 - INFO basePage.py [line:88]: 查找"点击查看"元素，元素定位:('xpath', "//*[@id='app']/div/div[2]/section/div/div/section/main/section/main/div/div[1]/div[4]/div[2]/table/tbody/tr[1]/td[3]/div/button[1]/span")
2022-01-17 14:25:00,152 - INFO basePage.py [line:88]: 查找"点击查看"元素，元素定位:('xpath', "//*[@id='app']/div/div[2]/section/div/div/section/main/section/main/div/div[1]/div[4]/div[2]/table/tbody/tr[1]/td[3]/div/button[1]/span")
2022-01-17 14:25:00,168 - INFO basePage.py [line:140]: 点击"点击查看",元素定位:('xpath', "//*[@id='app']/div/div[2]/section/div/div/section/main/section/main/div/div[1]/div[4]/div[2]/table/tbody/tr[1]/td[3]/div/button[1]/span")
2022-01-17 14:25:00,168 - INFO basePage.py [line:140]: 点击"点击查看",元素定位:('xpath', "//*[@id='app']/div/div[2]/section/div/div/section/main/section/main/div/div[1]/div[4]/div[2]/table/tbody/tr[1]/td[3]/div/button[1]/span")
2022-01-17 14:25:02,349 - INFO basePage.py [line:33]: 等待"断言"元素,定位方式:('xpath', "//*[@id='app']/div/div[2]/section/div/div/div/div/div[3]/div/button/span")
2022-01-17 14:25:02,349 - INFO basePage.py [line:33]: 等待"断言"元素,定位方式:('xpath', "//*[@id='app']/div/div[2]/section/div/div/div/div/div[3]/div/button/span")
2022-01-17 14:25:02,407 - INFO basePage.py [line:38]: 等待"断言"时长:0:00:00.055353
2022-01-17 14:25:02,407 - INFO basePage.py [line:38]: 等待"断言"时长:0:00:00.055353
2022-01-17 14:25:20,998 - INFO basePage.py [line:88]: 查找"输入账号"元素，元素定位:('xpath', "//*[@id='app']/div/div[1]/div[2]/form/div[2]/div/div/input")
2022-01-17 14:25:20,998 - INFO basePage.py [line:88]: 查找"输入账号"元素，元素定位:('xpath', "//*[@id='app']/div/div[1]/div[2]/form/div[2]/div/div/input")
2022-01-17 14:25:21,016 - INFO basePage.py [line:113]: 在"输入账号"输入"oms1212",元素定位:('xpath', "//*[@id='app']/div/div[1]/div[2]/form/div[2]/div/div/input")
2022-01-17 14:25:21,016 - INFO basePage.py [line:113]: 在"输入账号"输入"oms1212",元素定位:('xpath', "//*[@id='app']/div/div[1]/div[2]/form/div[2]/div/div/input")
2022-01-17 14:25:21,092 - INFO basePage.py [line:88]: 查找"输入密码"元素，元素定位:('xpath', "//*[@id='app']/div/div[1]/div[2]/form/div[3]/div/div/input")
2022-01-17 14:25:21,092 - INFO basePage.py [line:88]: 查找"输入密码"元素，元素定位:('xpath', "//*[@id='app']/div/div[1]/div[2]/form/div[3]/div/div/input")
2022-01-17 14:25:21,105 - INFO basePage.py [line:113]: 在"输入密码"输入"Qq123456",元素定位:('xpath', "//*[@id='app']/div/div[1]/div[2]/form/div[3]/div/div/input")
2022-01-17 14:25:21,105 - INFO basePage.py [line:113]: 在"输入密码"输入"Qq123456",元素定位:('xpath', "//*[@id='app']/div/div[1]/div[2]/form/div[3]/div/div/input")
2022-01-17 14:25:21,171 - INFO basePage.py [line:88]: 查找"点击登录"元素，元素定位:('xpath', "//*[@id='app']/div/div[1]/div[2]/form/button")
2022-01-17 14:25:21,171 - INFO basePage.py [line:88]: 查找"点击登录"元素，元素定位:('xpath', "//*[@id='app']/div/div[1]/div[2]/form/button")
2022-01-17 14:25:21,184 - INFO basePage.py [line:140]: 点击"点击登录",元素定位:('xpath', "//*[@id='app']/div/div[1]/div[2]/form/button")
2022-01-17 14:25:21,184 - INFO basePage.py [line:140]: 点击"点击登录",元素定位:('xpath', "//*[@id='app']/div/div[1]/div[2]/form/button")
2022-01-17 14:25:23,236 - INFO basePage.py [line:88]: 查找"展开模块"元素，元素定位:('class name', 'hamburger-container')
2022-01-17 14:25:23,236 - INFO basePage.py [line:88]: 查找"展开模块"元素，元素定位:('class name', 'hamburger-container')
2022-01-17 14:25:23,266 - INFO basePage.py [line:140]: 点击"展开模块",元素定位:('class name', 'hamburger-container')
2022-01-17 14:25:23,266 - INFO basePage.py [line:140]: 点击"展开模块",元素定位:('class name', 'hamburger-container')
2022-01-17 14:25:24,342 - INFO basePage.py [line:88]: 查找"供应链管理"元素，元素定位:('xpath', "//*[@id='app']/div/div[2]/div[2]/div[1]/div/ul/div[2]/li/div")
2022-01-17 14:25:24,342 - INFO basePage.py [line:88]: 查找"供应链管理"元素，元素定位:('xpath', "//*[@id='app']/div/div[2]/div[2]/div[1]/div/ul/div[2]/li/div")
2022-01-17 14:25:24,383 - INFO basePage.py [line:140]: 点击"供应链管理",元素定位:('xpath', "//*[@id='app']/div/div[2]/div[2]/div[1]/div/ul/div[2]/li/div")
2022-01-17 14:25:24,383 - INFO basePage.py [line:140]: 点击"供应链管理",元素定位:('xpath', "//*[@id='app']/div/div[2]/div[2]/div[1]/div/ul/div[2]/li/div")
2022-01-17 14:25:24,429 - INFO basePage.py [line:88]: 查找"品项管理"元素，元素定位:('xpath', "//*[@id='app']/div/div[2]/div[2]/div[1]/div/ul/div[2]/li/ul/div[1]/a/li")
2022-01-17 14:25:24,429 - INFO basePage.py [line:88]: 查找"品项管理"元素，元素定位:('xpath', "//*[@id='app']/div/div[2]/div[2]/div[1]/div/ul/div[2]/li/ul/div[1]/a/li")
2022-01-17 14:25:24,445 - INFO basePage.py [line:140]: 点击"品项管理",元素定位:('xpath', "//*[@id='app']/div/div[2]/div[2]/div[1]/div/ul/div[2]/li/ul/div[1]/a/li")
2022-01-17 14:25:24,445 - INFO basePage.py [line:140]: 点击"品项管理",元素定位:('xpath', "//*[@id='app']/div/div[2]/div[2]/div[1]/div/ul/div[2]/li/ul/div[1]/a/li")
2022-01-17 14:25:26,492 - INFO basePage.py [line:88]: 查找"点击编辑"元素，元素定位:('xpath', "//*[@id='app']/div/div[2]/section/div/div/section/main/section/main/div/div[1]/div[4]/div[2]/table/tbody/tr[1]/td[3]/div/button[2]/span")
2022-01-17 14:25:26,492 - INFO basePage.py [line:88]: 查找"点击编辑"元素，元素定位:('xpath', "//*[@id='app']/div/div[2]/section/div/div/section/main/section/main/div/div[1]/div[4]/div[2]/table/tbody/tr[1]/td[3]/div/button[2]/span")
2022-01-17 14:25:26,735 - INFO basePage.py [line:140]: 点击"点击编辑",元素定位:('xpath', "//*[@id='app']/div/div[2]/section/div/div/section/main/section/main/div/div[1]/div[4]/div[2]/table/tbody/tr[1]/td[3]/div/button[2]/span")
2022-01-17 14:25:26,735 - INFO basePage.py [line:140]: 点击"点击编辑",元素定位:('xpath', "//*[@id='app']/div/div[2]/section/div/div/section/main/section/main/div/div[1]/div[4]/div[2]/table/tbody/tr[1]/td[3]/div/button[2]/span")
2022-01-17 14:25:27,236 - INFO basePage.py [line:88]: 查找"None"元素，元素定位:('xpath', "//*[@id='pane-basic']/div/form[1]/div[9]/div/div[1]/div/input")
2022-01-17 14:25:27,236 - INFO basePage.py [line:88]: 查找"None"元素，元素定位:('xpath', "//*[@id='pane-basic']/div/form[1]/div[9]/div/div[1]/div/input")
2022-01-17 14:25:27,262 - INFO basePage.py [line:113]: 在"None"输入"99428917536",元素定位:('xpath', "//*[@id='pane-basic']/div/form[1]/div[9]/div/div[1]/div/input")
2022-01-17 14:25:27,262 - INFO basePage.py [line:113]: 在"None"输入"99428917536",元素定位:('xpath', "//*[@id='pane-basic']/div/form[1]/div[9]/div/div[1]/div/input")
2022-01-17 14:25:27,496 - INFO basePage.py [line:88]: 查找"点击添加"元素，元素定位:('xpath', "//*[@id='pane-basic']/div/form[1]/div[9]/div/div[2]/button/span")
2022-01-17 14:25:27,496 - INFO basePage.py [line:88]: 查找"点击添加"元素，元素定位:('xpath', "//*[@id='pane-basic']/div/form[1]/div[9]/div/div[2]/button/span")
2022-01-17 14:25:27,509 - INFO basePage.py [line:140]: 点击"点击添加",元素定位:('xpath', "//*[@id='pane-basic']/div/form[1]/div[9]/div/div[2]/button/span")
2022-01-17 14:25:27,509 - INFO basePage.py [line:140]: 点击"点击添加",元素定位:('xpath', "//*[@id='pane-basic']/div/form[1]/div[9]/div/div[2]/button/span")
2022-01-17 14:25:27,682 - INFO basePage.py [line:88]: 查找"点击确定"元素，元素定位:('xpath', "//*[@id='app']/div/div[2]/section/div/div/div/div/div[3]/div/button[2]/span")
2022-01-17 14:25:27,682 - INFO basePage.py [line:88]: 查找"点击确定"元素，元素定位:('xpath', "//*[@id='app']/div/div[2]/section/div/div/div/div/div[3]/div/button[2]/span")
2022-01-17 14:25:27,697 - INFO basePage.py [line:140]: 点击"点击确定",元素定位:('xpath', "//*[@id='app']/div/div[2]/section/div/div/div/div/div[3]/div/button[2]/span")
2022-01-17 14:25:27,697 - INFO basePage.py [line:140]: 点击"点击确定",元素定位:('xpath', "//*[@id='app']/div/div[2]/section/div/div/div/div/div[3]/div/button[2]/span")
2022-01-17 14:25:27,735 - INFO basePage.py [line:74]: 等待"断言"元素,定位方式:('xpath', '/html/body/div[2]/p')
2022-01-17 14:25:27,735 - INFO basePage.py [line:74]: 等待"断言"元素,定位方式:('xpath', '/html/body/div[2]/p')
2022-01-17 14:25:28,111 - INFO basePage.py [line:79]: 等待"断言"时长:0:00:00.374408
2022-01-17 14:25:28,111 - INFO basePage.py [line:79]: 等待"断言"时长:0:00:00.374408
2022-01-17 14:25:46,738 - INFO basePage.py [line:88]: 查找"输入账号"元素，元素定位:('xpath', "//*[@id='app']/div/div[1]/div[2]/form/div[2]/div/div/input")
2022-01-17 14:25:46,738 - INFO basePage.py [line:88]: 查找"输入账号"元素，元素定位:('xpath', "//*[@id='app']/div/div[1]/div[2]/form/div[2]/div/div/input")
2022-01-17 14:25:46,751 - INFO basePage.py [line:113]: 在"输入账号"输入"oms1212",元素定位:('xpath', "//*[@id='app']/div/div[1]/div[2]/form/div[2]/div/div/input")
2022-01-17 14:25:46,751 - INFO basePage.py [line:113]: 在"输入账号"输入"oms1212",元素定位:('xpath', "//*[@id='app']/div/div[1]/div[2]/form/div[2]/div/div/input")
2022-01-17 14:25:46,821 - INFO basePage.py [line:88]: 查找"输入密码"元素，元素定位:('xpath', "//*[@id='app']/div/div[1]/div[2]/form/div[3]/div/div/input")
2022-01-17 14:25:46,821 - INFO basePage.py [line:88]: 查找"输入密码"元素，元素定位:('xpath', "//*[@id='app']/div/div[1]/div[2]/form/div[3]/div/div/input")
2022-01-17 14:25:46,835 - INFO basePage.py [line:113]: 在"输入密码"输入"Qq123456",元素定位:('xpath', "//*[@id='app']/div/div[1]/div[2]/form/div[3]/div/div/input")
2022-01-17 14:25:46,835 - INFO basePage.py [line:113]: 在"输入密码"输入"Qq123456",元素定位:('xpath', "//*[@id='app']/div/div[1]/div[2]/form/div[3]/div/div/input")
2022-01-17 14:25:46,895 - INFO basePage.py [line:88]: 查找"点击登录"元素，元素定位:('xpath', "//*[@id='app']/div/div[1]/div[2]/form/button")
2022-01-17 14:25:46,895 - INFO basePage.py [line:88]: 查找"点击登录"元素，元素定位:('xpath', "//*[@id='app']/div/div[1]/div[2]/form/button")
2022-01-17 14:25:46,906 - INFO basePage.py [line:140]: 点击"点击登录",元素定位:('xpath', "//*[@id='app']/div/div[1]/div[2]/form/button")
2022-01-17 14:25:46,906 - INFO basePage.py [line:140]: 点击"点击登录",元素定位:('xpath', "//*[@id='app']/div/div[1]/div[2]/form/button")
2022-01-17 14:25:48,958 - INFO basePage.py [line:88]: 查找"展开模块"元素，元素定位:('class name', 'hamburger-container')
2022-01-17 14:25:48,958 - INFO basePage.py [line:88]: 查找"展开模块"元素，元素定位:('class name', 'hamburger-container')
2022-01-17 14:25:48,979 - INFO basePage.py [line:140]: 点击"展开模块",元素定位:('class name', 'hamburger-container')
2022-01-17 14:25:48,979 - INFO basePage.py [line:140]: 点击"展开模块",元素定位:('class name', 'hamburger-container')
2022-01-17 14:25:50,103 - INFO basePage.py [line:88]: 查找"供应链管理"元素，元素定位:('xpath', "//*[@id='app']/div/div[2]/div[2]/div[1]/div/ul/div[2]/li/div")
2022-01-17 14:25:50,103 - INFO basePage.py [line:88]: 查找"供应链管理"元素，元素定位:('xpath', "//*[@id='app']/div/div[2]/div[2]/div[1]/div/ul/div[2]/li/div")
2022-01-17 14:25:50,154 - INFO basePage.py [line:140]: 点击"供应链管理",元素定位:('xpath', "//*[@id='app']/div/div[2]/div[2]/div[1]/div/ul/div[2]/li/div")
2022-01-17 14:25:50,154 - INFO basePage.py [line:140]: 点击"供应链管理",元素定位:('xpath', "//*[@id='app']/div/div[2]/div[2]/div[1]/div/ul/div[2]/li/div")
2022-01-17 14:25:50,202 - INFO basePage.py [line:88]: 查找"门店管理"元素，元素定位:('xpath', "//*[@id='app']/div/div[2]/div[2]/div[1]/div/ul/div[2]/li/ul/div[2]/a/li")
2022-01-17 14:25:50,202 - INFO basePage.py [line:88]: 查找"门店管理"元素，元素定位:('xpath', "//*[@id='app']/div/div[2]/div[2]/div[1]/div/ul/div[2]/li/ul/div[2]/a/li")
2022-01-17 14:25:50,217 - INFO basePage.py [line:140]: 点击"门店管理",元素定位:('xpath', "//*[@id='app']/div/div[2]/div[2]/div[1]/div/ul/div[2]/li/ul/div[2]/a/li")
2022-01-17 14:25:50,217 - INFO basePage.py [line:140]: 点击"门店管理",元素定位:('xpath', "//*[@id='app']/div/div[2]/div[2]/div[1]/div/ul/div[2]/li/ul/div[2]/a/li")
2022-01-17 14:25:50,329 - INFO basePage.py [line:88]: 查找"点击编辑"元素，元素定位:('xpath', "//*[@id='app']/div/div[2]/section/div/div/div/div[2]/div[1]/div[4]/div[2]/table/tbody/tr[1]/td[2]/div/button")
2022-01-17 14:25:50,329 - INFO basePage.py [line:88]: 查找"点击编辑"元素，元素定位:('xpath', "//*[@id='app']/div/div[2]/section/div/div/div/div[2]/div[1]/div[4]/div[2]/table/tbody/tr[1]/td[2]/div/button")
2022-01-17 14:25:52,513 - INFO basePage.py [line:140]: 点击"点击编辑",元素定位:('xpath', "//*[@id='app']/div/div[2]/section/div/div/div/div[2]/div[1]/div[4]/div[2]/table/tbody/tr[1]/td[2]/div/button")
2022-01-17 14:25:52,513 - INFO basePage.py [line:140]: 点击"点击编辑",元素定位:('xpath', "//*[@id='app']/div/div[2]/section/div/div/div/div[2]/div[1]/div[4]/div[2]/table/tbody/tr[1]/td[2]/div/button")
2022-01-17 14:25:52,986 - INFO basePage.py [line:88]: 查找"点击修改"元素，元素定位:('xpath', "//*[@id='app']/div/div[2]/section/div/div/div/div/form/div[3]/div/div/div/button[2]")
2022-01-17 14:25:52,986 - INFO basePage.py [line:88]: 查找"点击修改"元素，元素定位:('xpath', "//*[@id='app']/div/div[2]/section/div/div/div/div/form/div[3]/div/div/div/button[2]")
2022-01-17 14:25:53,007 - INFO basePage.py [line:140]: 点击"点击修改",元素定位:('xpath', "//*[@id='app']/div/div[2]/section/div/div/div/div/form/div[3]/div/div/div/button[2]")
2022-01-17 14:25:53,007 - INFO basePage.py [line:140]: 点击"点击修改",元素定位:('xpath', "//*[@id='app']/div/div[2]/section/div/div/div/div/form/div[3]/div/div/div/button[2]")
2022-01-17 14:25:53,315 - INFO basePage.py [line:74]: 等待"断言"元素,定位方式:('xpath', '/html/body/div[2]/div/div[1]/p')
2022-01-17 14:25:53,315 - INFO basePage.py [line:74]: 等待"断言"元素,定位方式:('xpath', '/html/body/div[2]/div/div[1]/p')
2022-01-17 14:25:54,162 - INFO basePage.py [line:79]: 等待"断言"时长:0:00:00.845160
2022-01-17 14:25:54,162 - INFO basePage.py [line:79]: 等待"断言"时长:0:00:00.845160
2022-01-17 14:26:26,255 - INFO basePage.py [line:88]: 查找"输入账号"元素，元素定位:('xpath', "//*[@id='app']/div/div[1]/div[2]/form/div[2]/div/div/input")
2022-01-17 14:26:26,255 - INFO basePage.py [line:88]: 查找"输入账号"元素，元素定位:('xpath', "//*[@id='app']/div/div[1]/div[2]/form/div[2]/div/div/input")
2022-01-17 14:26:26,269 - INFO basePage.py [line:113]: 在"输入账号"输入"oms1212",元素定位:('xpath', "//*[@id='app']/div/div[1]/div[2]/form/div[2]/div/div/input")
2022-01-17 14:26:26,269 - INFO basePage.py [line:113]: 在"输入账号"输入"oms1212",元素定位:('xpath', "//*[@id='app']/div/div[1]/div[2]/form/div[2]/div/div/input")
2022-01-17 14:26:26,397 - INFO basePage.py [line:88]: 查找"输入密码"元素，元素定位:('xpath', "//*[@id='app']/div/div[1]/div[2]/form/div[3]/div/div/input")
2022-01-17 14:26:26,397 - INFO basePage.py [line:88]: 查找"输入密码"元素，元素定位:('xpath', "//*[@id='app']/div/div[1]/div[2]/form/div[3]/div/div/input")
2022-01-17 14:26:26,409 - INFO basePage.py [line:113]: 在"输入密码"输入"Qq123456",元素定位:('xpath', "//*[@id='app']/div/div[1]/div[2]/form/div[3]/div/div/input")
2022-01-17 14:26:26,409 - INFO basePage.py [line:113]: 在"输入密码"输入"Qq123456",元素定位:('xpath', "//*[@id='app']/div/div[1]/div[2]/form/div[3]/div/div/input")
2022-01-17 14:26:26,475 - INFO basePage.py [line:88]: 查找"点击登录"元素，元素定位:('xpath', "//*[@id='app']/div/div[1]/div[2]/form/button")
2022-01-17 14:26:26,475 - INFO basePage.py [line:88]: 查找"点击登录"元素，元素定位:('xpath', "//*[@id='app']/div/div[1]/div[2]/form/button")
2022-01-17 14:26:26,485 - INFO basePage.py [line:140]: 点击"点击登录",元素定位:('xpath', "//*[@id='app']/div/div[1]/div[2]/form/button")
2022-01-17 14:26:26,485 - INFO basePage.py [line:140]: 点击"点击登录",元素定位:('xpath', "//*[@id='app']/div/div[1]/div[2]/form/button")
2022-01-17 14:26:28,537 - INFO basePage.py [line:88]: 查找"展开模块"元素，元素定位:('class name', 'hamburger-container')
2022-01-17 14:26:28,537 - INFO basePage.py [line:88]: 查找"展开模块"元素，元素定位:('class name', 'hamburger-container')
2022-01-17 14:26:28,552 - INFO basePage.py [line:140]: 点击"展开模块",元素定位:('class name', 'hamburger-container')
2022-01-17 14:26:28,552 - INFO basePage.py [line:140]: 点击"展开模块",元素定位:('class name', 'hamburger-container')
2022-01-17 14:26:29,624 - INFO basePage.py [line:88]: 查找"供应链管理"元素，元素定位:('xpath', "//*[@id='app']/div/div[2]/div[2]/div[1]/div/ul/div[2]/li/div")
2022-01-17 14:26:29,624 - INFO basePage.py [line:88]: 查找"供应链管理"元素，元素定位:('xpath', "//*[@id='app']/div/div[2]/div[2]/div[1]/div/ul/div[2]/li/div")
2022-01-17 14:26:29,639 - INFO basePage.py [line:140]: 点击"供应链管理",元素定位:('xpath', "//*[@id='app']/div/div[2]/div[2]/div[1]/div/ul/div[2]/li/div")
2022-01-17 14:26:29,639 - INFO basePage.py [line:140]: 点击"供应链管理",元素定位:('xpath', "//*[@id='app']/div/div[2]/div[2]/div[1]/div/ul/div[2]/li/div")
2022-01-17 14:26:29,680 - INFO basePage.py [line:88]: 查找"门店管理"元素，元素定位:('xpath', "//*[@id='app']/div/div[2]/div[2]/div[1]/div/ul/div[2]/li/ul/div[2]/a/li")
2022-01-17 14:26:29,680 - INFO basePage.py [line:88]: 查找"门店管理"元素，元素定位:('xpath', "//*[@id='app']/div/div[2]/div[2]/div[1]/div/ul/div[2]/li/ul/div[2]/a/li")
2022-01-17 14:26:29,694 - INFO basePage.py [line:140]: 点击"门店管理",元素定位:('xpath', "//*[@id='app']/div/div[2]/div[2]/div[1]/div/ul/div[2]/li/ul/div[2]/a/li")
2022-01-17 14:26:29,694 - INFO basePage.py [line:140]: 点击"门店管理",元素定位:('xpath', "//*[@id='app']/div/div[2]/div[2]/div[1]/div/ul/div[2]/li/ul/div[2]/a/li")
2022-01-17 14:26:29,809 - INFO basePage.py [line:88]: 查找"点击编辑"元素，元素定位:('xpath', "//*[@id='app']/div/div[2]/section/div/div/div/div[2]/div[1]/div[4]/div[2]/table/tbody/tr[1]/td[2]/div/button")
2022-01-17 14:26:29,809 - INFO basePage.py [line:88]: 查找"点击编辑"元素，元素定位:('xpath', "//*[@id='app']/div/div[2]/section/div/div/div/div[2]/div[1]/div[4]/div[2]/table/tbody/tr[1]/td[2]/div/button")
2022-01-17 14:26:39,848 - ERROR basePage.py [line:92]: 查找"点击编辑"元素失败,定位方式:('xpath', "//*[@id='app']/div/div[2]/section/div/div/div/div[2]/div[1]/div[4]/div[2]/table/tbody/tr[1]/td[2]/div/button")
Traceback (most recent call last):
  File "..\Common\basePage.py", line 90, in find_element
    return self.driver.find_element(*loc)
  File "c:\users\bonjour\appdata\local\programs\python\python39\lib\site-packages\selenium\webdriver\remote\webdriver.py", line 976, in find_element
    return self.execute(Command.FIND_ELEMENT, {
  File "c:\users\bonjour\appdata\local\programs\python\python39\lib\site-packages\selenium\webdriver\remote\webdriver.py", line 321, in execute
    self.error_handler.check_response(response)
  File "c:\users\bonjour\appdata\local\programs\python\python39\lib\site-packages\selenium\webdriver\remote\errorhandler.py", line 242, in check_response
    raise exception_class(message, screen, stacktrace)
selenium.common.exceptions.NoSuchElementException: Message: no such element: Unable to locate element: {"method":"xpath","selector":"//*[@id='app']/div/div[2]/section/div/div/div/div[2]/div[1]/div[4]/div[2]/table/tbody/tr[1]/td[2]/div/button"}
  (Session info: headless chrome=97.0.4692.71)

2022-01-17 14:26:39,848 - ERROR basePage.py [line:92]: 查找"点击编辑"元素失败,定位方式:('xpath', "//*[@id='app']/div/div[2]/section/div/div/div/div[2]/div[1]/div[4]/div[2]/table/tbody/tr[1]/td[2]/div/button")
Traceback (most recent call last):
  File "..\Common\basePage.py", line 90, in find_element
    return self.driver.find_element(*loc)
  File "c:\users\bonjour\appdata\local\programs\python\python39\lib\site-packages\selenium\webdriver\remote\webdriver.py", line 976, in find_element
    return self.execute(Command.FIND_ELEMENT, {
  File "c:\users\bonjour\appdata\local\programs\python\python39\lib\site-packages\selenium\webdriver\remote\webdriver.py", line 321, in execute
    self.error_handler.check_response(response)
  File "c:\users\bonjour\appdata\local\programs\python\python39\lib\site-packages\selenium\webdriver\remote\errorhandler.py", line 242, in check_response
    raise exception_class(message, screen, stacktrace)
selenium.common.exceptions.NoSuchElementException: Message: no such element: Unable to locate element: {"method":"xpath","selector":"//*[@id='app']/div/div[2]/section/div/div/div/div[2]/div[1]/div[4]/div[2]/table/tbody/tr[1]/td[2]/div/button"}
  (Session info: headless chrome=97.0.4692.71)

2022-01-17 14:26:39,925 - INFO basePage.py [line:247]: 截屏成功,图片路径为E:\12\Screenshots\2022-01-17\查找元素[点击编辑]异常_20220117_142639.png
2022-01-17 14:26:39,925 - INFO basePage.py [line:247]: 截屏成功,图片路径为E:\12\Screenshots\2022-01-17\查找元素[点击编辑]异常_20220117_142639.png
2022-01-17 14:27:08,551 - INFO basePage.py [line:88]: 查找"输入账号"元素，元素定位:('xpath', "//*[@id='app']/div/div[1]/div[2]/form/div[2]/div/div/input")
2022-01-17 14:27:08,551 - INFO basePage.py [line:88]: 查找"输入账号"元素，元素定位:('xpath', "//*[@id='app']/div/div[1]/div[2]/form/div[2]/div/div/input")
2022-01-17 14:27:08,563 - INFO basePage.py [line:113]: 在"输入账号"输入"oms1212",元素定位:('xpath', "//*[@id='app']/div/div[1]/div[2]/form/div[2]/div/div/input")
2022-01-17 14:27:08,563 - INFO basePage.py [line:113]: 在"输入账号"输入"oms1212",元素定位:('xpath', "//*[@id='app']/div/div[1]/div[2]/form/div[2]/div/div/input")
2022-01-17 14:27:08,634 - INFO basePage.py [line:88]: 查找"输入密码"元素，元素定位:('xpath', "//*[@id='app']/div/div[1]/div[2]/form/div[3]/div/div/input")
2022-01-17 14:27:08,634 - INFO basePage.py [line:88]: 查找"输入密码"元素，元素定位:('xpath', "//*[@id='app']/div/div[1]/div[2]/form/div[3]/div/div/input")
2022-01-17 14:27:08,647 - INFO basePage.py [line:113]: 在"输入密码"输入"Qq123456",元素定位:('xpath', "//*[@id='app']/div/div[1]/div[2]/form/div[3]/div/div/input")
2022-01-17 14:27:08,647 - INFO basePage.py [line:113]: 在"输入密码"输入"Qq123456",元素定位:('xpath', "//*[@id='app']/div/div[1]/div[2]/form/div[3]/div/div/input")
2022-01-17 14:27:08,715 - INFO basePage.py [line:88]: 查找"点击登录"元素，元素定位:('xpath', "//*[@id='app']/div/div[1]/div[2]/form/button")
2022-01-17 14:27:08,715 - INFO basePage.py [line:88]: 查找"点击登录"元素，元素定位:('xpath', "//*[@id='app']/div/div[1]/div[2]/form/button")
2022-01-17 14:27:08,727 - INFO basePage.py [line:140]: 点击"点击登录",元素定位:('xpath', "//*[@id='app']/div/div[1]/div[2]/form/button")
2022-01-17 14:27:08,727 - INFO basePage.py [line:140]: 点击"点击登录",元素定位:('xpath', "//*[@id='app']/div/div[1]/div[2]/form/button")
2022-01-17 14:27:10,774 - INFO basePage.py [line:88]: 查找"展开模块"元素，元素定位:('class name', 'hamburger-container')
2022-01-17 14:27:10,774 - INFO basePage.py [line:88]: 查找"展开模块"元素，元素定位:('class name', 'hamburger-container')
2022-01-17 14:27:10,785 - INFO basePage.py [line:140]: 点击"展开模块",元素定位:('class name', 'hamburger-container')
2022-01-17 14:27:10,785 - INFO basePage.py [line:140]: 点击"展开模块",元素定位:('class name', 'hamburger-container')
2022-01-17 14:27:11,853 - INFO basePage.py [line:88]: 查找"供应链管理"元素，元素定位:('xpath', "//*[@id='app']/div/div[2]/div[2]/div[1]/div/ul/div[2]/li/div")
2022-01-17 14:27:11,853 - INFO basePage.py [line:88]: 查找"供应链管理"元素，元素定位:('xpath', "//*[@id='app']/div/div[2]/div[2]/div[1]/div/ul/div[2]/li/div")
2022-01-17 14:27:11,869 - INFO basePage.py [line:140]: 点击"供应链管理",元素定位:('xpath', "//*[@id='app']/div/div[2]/div[2]/div[1]/div/ul/div[2]/li/div")
2022-01-17 14:27:11,869 - INFO basePage.py [line:140]: 点击"供应链管理",元素定位:('xpath', "//*[@id='app']/div/div[2]/div[2]/div[1]/div/ul/div[2]/li/div")
2022-01-17 14:27:11,923 - INFO basePage.py [line:88]: 查找"门店管理"元素，元素定位:('xpath', "//*[@id='app']/div/div[2]/div[2]/div[1]/div/ul/div[2]/li/ul/div[2]/a/li")
2022-01-17 14:27:11,923 - INFO basePage.py [line:88]: 查找"门店管理"元素，元素定位:('xpath', "//*[@id='app']/div/div[2]/div[2]/div[1]/div/ul/div[2]/li/ul/div[2]/a/li")
2022-01-17 14:27:11,935 - INFO basePage.py [line:140]: 点击"门店管理",元素定位:('xpath', "//*[@id='app']/div/div[2]/div[2]/div[1]/div/ul/div[2]/li/ul/div[2]/a/li")
2022-01-17 14:27:11,935 - INFO basePage.py [line:140]: 点击"门店管理",元素定位:('xpath', "//*[@id='app']/div/div[2]/div[2]/div[1]/div/ul/div[2]/li/ul/div[2]/a/li")
2022-01-17 14:27:12,043 - INFO basePage.py [line:88]: 查找"点击编辑"元素，元素定位:('xpath', "//*[@id='app']/div/div[2]/section/div/div/div/div[2]/div[1]/div[4]/div[2]/table/tbody/tr[1]/td[2]/div/button")
2022-01-17 14:27:12,043 - INFO basePage.py [line:88]: 查找"点击编辑"元素，元素定位:('xpath', "//*[@id='app']/div/div[2]/section/div/div/div/div[2]/div[1]/div[4]/div[2]/table/tbody/tr[1]/td[2]/div/button")
2022-01-17 14:27:14,372 - INFO basePage.py [line:140]: 点击"点击编辑",元素定位:('xpath', "//*[@id='app']/div/div[2]/section/div/div/div/div[2]/div[1]/div[4]/div[2]/table/tbody/tr[1]/td[2]/div/button")
2022-01-17 14:27:14,372 - INFO basePage.py [line:140]: 点击"点击编辑",元素定位:('xpath', "//*[@id='app']/div/div[2]/section/div/div/div/div[2]/div[1]/div[4]/div[2]/table/tbody/tr[1]/td[2]/div/button")
2022-01-17 14:27:14,794 - INFO basePage.py [line:88]: 查找"点击修改"元素，元素定位:('xpath', "//*[@id='app']/div/div[2]/section/div/div/div/div/form/div[3]/div/div/div/button[2]")
2022-01-17 14:27:14,794 - INFO basePage.py [line:88]: 查找"点击修改"元素，元素定位:('xpath', "//*[@id='app']/div/div[2]/section/div/div/div/div/form/div[3]/div/div/div/button[2]")
2022-01-17 14:27:14,807 - INFO basePage.py [line:140]: 点击"点击修改",元素定位:('xpath', "//*[@id='app']/div/div[2]/section/div/div/div/div/form/div[3]/div/div/div/button[2]")
2022-01-17 14:27:14,807 - INFO basePage.py [line:140]: 点击"点击修改",元素定位:('xpath', "//*[@id='app']/div/div[2]/section/div/div/div/div/form/div[3]/div/div/div/button[2]")
2022-01-17 14:27:15,078 - INFO basePage.py [line:74]: 等待"断言"元素,定位方式:('xpath', '/html/body/div[2]/div/div[1]/p')
2022-01-17 14:27:15,078 - INFO basePage.py [line:74]: 等待"断言"元素,定位方式:('xpath', '/html/body/div[2]/div/div[1]/p')
2022-01-17 14:27:15,865 - INFO basePage.py [line:79]: 等待"断言"时长:0:00:00.786494
2022-01-17 14:27:15,865 - INFO basePage.py [line:79]: 等待"断言"时长:0:00:00.786494
