2022-01-17 15:20:19,275 - INFO basePage.py [line:88]: 查找"输入账号"元素，元素定位:('xpath', "//*[@id='app']/div/div[1]/div[2]/form/div[2]/div/div/input")
2022-01-17 15:20:19,275 - INFO basePage.py [line:88]: 查找"输入账号"元素，元素定位:('xpath', "//*[@id='app']/div/div[1]/div[2]/form/div[2]/div/div/input")
2022-01-17 15:20:19,288 - INFO basePage.py [line:113]: 在"输入账号"输入"oms1212",元素定位:('xpath', "//*[@id='app']/div/div[1]/div[2]/form/div[2]/div/div/input")
2022-01-17 15:20:19,288 - INFO basePage.py [line:113]: 在"输入账号"输入"oms1212",元素定位:('xpath', "//*[@id='app']/div/div[1]/div[2]/form/div[2]/div/div/input")
2022-01-17 15:20:19,413 - INFO basePage.py [line:88]: 查找"输入密码"元素，元素定位:('xpath', "//*[@id='app']/div/div[1]/div[2]/form/div[3]/div/div/input")
2022-01-17 15:20:19,413 - INFO basePage.py [line:88]: 查找"输入密码"元素，元素定位:('xpath', "//*[@id='app']/div/div[1]/div[2]/form/div[3]/div/div/input")
2022-01-17 15:20:19,425 - INFO basePage.py [line:113]: 在"输入密码"输入"Qq123456",元素定位:('xpath', "//*[@id='app']/div/div[1]/div[2]/form/div[3]/div/div/input")
2022-01-17 15:20:19,425 - INFO basePage.py [line:113]: 在"输入密码"输入"Qq123456",元素定位:('xpath', "//*[@id='app']/div/div[1]/div[2]/form/div[3]/div/div/input")
2022-01-17 15:20:19,488 - INFO basePage.py [line:88]: 查找"点击登录"元素，元素定位:('xpath', "//*[@id='app']/div/div[1]/div[2]/form/button")
2022-01-17 15:20:19,488 - INFO basePage.py [line:88]: 查找"点击登录"元素，元素定位:('xpath', "//*[@id='app']/div/div[1]/div[2]/form/button")
2022-01-17 15:20:19,499 - INFO basePage.py [line:140]: 点击"点击登录",元素定位:('xpath', "//*[@id='app']/div/div[1]/div[2]/form/button")
2022-01-17 15:20:19,499 - INFO basePage.py [line:140]: 点击"点击登录",元素定位:('xpath', "//*[@id='app']/div/div[1]/div[2]/form/button")
2022-01-17 15:20:21,551 - INFO basePage.py [line:88]: 查找"展开模块"元素，元素定位:('class name', 'hamburger-container')
2022-01-17 15:20:21,551 - INFO basePage.py [line:88]: 查找"展开模块"元素，元素定位:('class name', 'hamburger-container')
2022-01-17 15:20:21,563 - INFO basePage.py [line:140]: 点击"展开模块",元素定位:('class name', 'hamburger-container')
2022-01-17 15:20:21,563 - INFO basePage.py [line:140]: 点击"展开模块",元素定位:('class name', 'hamburger-container')
2022-01-17 15:20:22,639 - INFO basePage.py [line:88]: 查找"供应链管理"元素，元素定位:('xpath', "//*[@id='app']/div/div[2]/div[2]/div[1]/div/ul/div[2]/li/div")
2022-01-17 15:20:22,639 - INFO basePage.py [line:88]: 查找"供应链管理"元素，元素定位:('xpath', "//*[@id='app']/div/div[2]/div[2]/div[1]/div/ul/div[2]/li/div")
2022-01-17 15:20:22,654 - INFO basePage.py [line:140]: 点击"供应链管理",元素定位:('xpath', "//*[@id='app']/div/div[2]/div[2]/div[1]/div/ul/div[2]/li/div")
2022-01-17 15:20:22,654 - INFO basePage.py [line:140]: 点击"供应链管理",元素定位:('xpath', "//*[@id='app']/div/div[2]/div[2]/div[1]/div/ul/div[2]/li/div")
2022-01-17 15:20:22,695 - INFO basePage.py [line:88]: 查找"门店管理"元素，元素定位:('xpath', "//*[@id='app']/div/div[2]/div[2]/div[1]/div/ul/div[2]/li/ul/div[2]/a/li")
2022-01-17 15:20:22,695 - INFO basePage.py [line:88]: 查找"门店管理"元素，元素定位:('xpath', "//*[@id='app']/div/div[2]/div[2]/div[1]/div/ul/div[2]/li/ul/div[2]/a/li")
2022-01-17 15:20:22,707 - INFO basePage.py [line:140]: 点击"门店管理",元素定位:('xpath', "//*[@id='app']/div/div[2]/div[2]/div[1]/div/ul/div[2]/li/ul/div[2]/a/li")
2022-01-17 15:20:22,707 - INFO basePage.py [line:140]: 点击"门店管理",元素定位:('xpath', "//*[@id='app']/div/div[2]/div[2]/div[1]/div/ul/div[2]/li/ul/div[2]/a/li")
2022-01-17 15:20:24,833 - INFO basePage.py [line:88]: 查找"点击编辑"元素，元素定位:('xpath', "//*[@id='app']/div/div[2]/section/div/div/div/div[2]/div[1]/div[4]/div[2]/table/tbody/tr[1]/td[2]/div/button")
2022-01-17 15:20:24,833 - INFO basePage.py [line:88]: 查找"点击编辑"元素，元素定位:('xpath', "//*[@id='app']/div/div[2]/section/div/div/div/div[2]/div[1]/div[4]/div[2]/table/tbody/tr[1]/td[2]/div/button")
2022-01-17 15:20:26,854 - INFO basePage.py [line:140]: 点击"点击编辑",元素定位:('xpath', "//*[@id='app']/div/div[2]/section/div/div/div/div[2]/div[1]/div[4]/div[2]/table/tbody/tr[1]/td[2]/div/button")
2022-01-17 15:20:26,854 - INFO basePage.py [line:140]: 点击"点击编辑",元素定位:('xpath', "//*[@id='app']/div/div[2]/section/div/div/div/div[2]/div[1]/div[4]/div[2]/table/tbody/tr[1]/td[2]/div/button")
2022-01-17 15:20:27,335 - INFO basePage.py [line:88]: 查找"点击修改"元素，元素定位:('xpath', "//*[@id='app']/div/div[2]/section/div/div/div/div/form/div[3]/div/div/div/button[2]")
2022-01-17 15:20:27,335 - INFO basePage.py [line:88]: 查找"点击修改"元素，元素定位:('xpath', "//*[@id='app']/div/div[2]/section/div/div/div/div/form/div[3]/div/div/div/button[2]")
2022-01-17 15:20:27,347 - INFO basePage.py [line:140]: 点击"点击修改",元素定位:('xpath', "//*[@id='app']/div/div[2]/section/div/div/div/div/form/div[3]/div/div/div/button[2]")
2022-01-17 15:20:27,347 - INFO basePage.py [line:140]: 点击"点击修改",元素定位:('xpath', "//*[@id='app']/div/div[2]/section/div/div/div/div/form/div[3]/div/div/div/button[2]")
2022-01-17 15:20:27,697 - INFO basePage.py [line:74]: 等待"断言"元素,定位方式:('xpath', '/html/body/div[2]/div/div[1]/p')
2022-01-17 15:20:27,697 - INFO basePage.py [line:74]: 等待"断言"元素,定位方式:('xpath', '/html/body/div[2]/div/div[1]/p')
2022-01-17 15:20:28,563 - INFO basePage.py [line:79]: 等待"断言"时长:0:00:00.865435
2022-01-17 15:20:28,563 - INFO basePage.py [line:79]: 等待"断言"时长:0:00:00.865435
