2022-01-17 14:51:33,050 - INFO basePage.py [line:88]: 查找"输入账号"元素，元素定位:('xpath', "//*[@id='app']/div/div[1]/div[2]/form/div[2]/div/div/input")
2022-01-17 14:51:33,050 - INFO basePage.py [line:88]: 查找"输入账号"元素，元素定位:('xpath', "//*[@id='app']/div/div[1]/div[2]/form/div[2]/div/div/input")
2022-01-17 14:51:33,063 - INFO basePage.py [line:113]: 在"输入账号"输入"pengjie",元素定位:('xpath', "//*[@id='app']/div/div[1]/div[2]/form/div[2]/div/div/input")
2022-01-17 14:51:33,063 - INFO basePage.py [line:113]: 在"输入账号"输入"pengjie",元素定位:('xpath', "//*[@id='app']/div/div[1]/div[2]/form/div[2]/div/div/input")
2022-01-17 14:51:33,138 - INFO basePage.py [line:88]: 查找"输入密码"元素，元素定位:('xpath', "//*[@id='app']/div/div[1]/div[2]/form/div[3]/div/div/input")
2022-01-17 14:51:33,138 - INFO basePage.py [line:88]: 查找"输入密码"元素，元素定位:('xpath', "//*[@id='app']/div/div[1]/div[2]/form/div[3]/div/div/input")
2022-01-17 14:51:33,151 - INFO basePage.py [line:113]: 在"输入密码"输入"Qq123456",元素定位:('xpath', "//*[@id='app']/div/div[1]/div[2]/form/div[3]/div/div/input")
2022-01-17 14:51:33,151 - INFO basePage.py [line:113]: 在"输入密码"输入"Qq123456",元素定位:('xpath', "//*[@id='app']/div/div[1]/div[2]/form/div[3]/div/div/input")
2022-01-17 14:51:33,218 - INFO basePage.py [line:88]: 查找"点击登录"元素，元素定位:('xpath', "//*[@id='app']/div/div[1]/div[2]/form/button")
2022-01-17 14:51:33,218 - INFO basePage.py [line:88]: 查找"点击登录"元素，元素定位:('xpath', "//*[@id='app']/div/div[1]/div[2]/form/button")
2022-01-17 14:51:33,231 - INFO basePage.py [line:140]: 点击"点击登录",元素定位:('xpath', "//*[@id='app']/div/div[1]/div[2]/form/button")
2022-01-17 14:51:33,231 - INFO basePage.py [line:140]: 点击"点击登录",元素定位:('xpath', "//*[@id='app']/div/div[1]/div[2]/form/button")
2022-01-17 14:51:35,284 - INFO basePage.py [line:33]: 等待"断言"元素,定位方式:('xpath', "//*[@id='app']/div/div[2]/div/div[1]/div[3]/div[2]/span/span/button/span")
2022-01-17 14:51:35,284 - INFO basePage.py [line:33]: 等待"断言"元素,定位方式:('xpath', "//*[@id='app']/div/div[2]/div/div[1]/div[3]/div[2]/span/span/button/span")
2022-01-17 14:51:35,339 - INFO basePage.py [line:38]: 等待"断言"时长:0:00:00.051900
2022-01-17 14:51:35,339 - INFO basePage.py [line:38]: 等待"断言"时长:0:00:00.051900
2022-01-17 14:51:53,743 - INFO basePage.py [line:88]: 查找"输入账号"元素，元素定位:('xpath', "//*[@id='app']/div/div[1]/div[2]/form/div[2]/div/div/input")
2022-01-17 14:51:53,743 - INFO basePage.py [line:88]: 查找"输入账号"元素，元素定位:('xpath', "//*[@id='app']/div/div[1]/div[2]/form/div[2]/div/div/input")
2022-01-17 14:51:53,756 - INFO basePage.py [line:113]: 在"输入账号"输入"pengjie32",元素定位:('xpath', "//*[@id='app']/div/div[1]/div[2]/form/div[2]/div/div/input")
2022-01-17 14:51:53,756 - INFO basePage.py [line:113]: 在"输入账号"输入"pengjie32",元素定位:('xpath', "//*[@id='app']/div/div[1]/div[2]/form/div[2]/div/div/input")
2022-01-17 14:51:53,832 - INFO basePage.py [line:88]: 查找"输入密码"元素，元素定位:('xpath', "//*[@id='app']/div/div[1]/div[2]/form/div[3]/div/div/input")
2022-01-17 14:51:53,832 - INFO basePage.py [line:88]: 查找"输入密码"元素，元素定位:('xpath', "//*[@id='app']/div/div[1]/div[2]/form/div[3]/div/div/input")
2022-01-17 14:51:53,844 - INFO basePage.py [line:113]: 在"输入密码"输入"Qq123456",元素定位:('xpath', "//*[@id='app']/div/div[1]/div[2]/form/div[3]/div/div/input")
2022-01-17 14:51:53,844 - INFO basePage.py [line:113]: 在"输入密码"输入"Qq123456",元素定位:('xpath', "//*[@id='app']/div/div[1]/div[2]/form/div[3]/div/div/input")
2022-01-17 14:51:53,904 - INFO basePage.py [line:88]: 查找"点击登录"元素，元素定位:('xpath', "//*[@id='app']/div/div[1]/div[2]/form/button")
2022-01-17 14:51:53,904 - INFO basePage.py [line:88]: 查找"点击登录"元素，元素定位:('xpath', "//*[@id='app']/div/div[1]/div[2]/form/button")
2022-01-17 14:51:53,915 - INFO basePage.py [line:140]: 点击"点击登录",元素定位:('xpath', "//*[@id='app']/div/div[1]/div[2]/form/button")
2022-01-17 14:51:53,915 - INFO basePage.py [line:140]: 点击"点击登录",元素定位:('xpath', "//*[@id='app']/div/div[1]/div[2]/form/button")
2022-01-17 14:51:55,959 - INFO basePage.py [line:54]: 等待"断言"消失,元素定位:('xpath', "//*[@id='app']/div/div[2]/div/div[1]/div[3]/div[2]/span/span/button/span")
2022-01-17 14:51:55,959 - INFO basePage.py [line:54]: 等待"断言"消失,元素定位:('xpath', "//*[@id='app']/div/div[2]/div/div[1]/div[3]/div[2]/span/span/button/span")
2022-01-17 14:52:05,997 - INFO basePage.py [line:59]: 等待"断言"时长:0:00:10.035361
2022-01-17 14:52:05,997 - INFO basePage.py [line:59]: 等待"断言"时长:0:00:10.035361
2022-01-17 14:52:24,471 - INFO basePage.py [line:88]: 查找"输入账号"元素，元素定位:('xpath', "//*[@id='app']/div/div[1]/div[2]/form/div[2]/div/div/input")
2022-01-17 14:52:24,471 - INFO basePage.py [line:88]: 查找"输入账号"元素，元素定位:('xpath', "//*[@id='app']/div/div[1]/div[2]/form/div[2]/div/div/input")
2022-01-17 14:52:24,484 - INFO basePage.py [line:113]: 在"输入账号"输入"pengjie",元素定位:('xpath', "//*[@id='app']/div/div[1]/div[2]/form/div[2]/div/div/input")
2022-01-17 14:52:24,484 - INFO basePage.py [line:113]: 在"输入账号"输入"pengjie",元素定位:('xpath', "//*[@id='app']/div/div[1]/div[2]/form/div[2]/div/div/input")
2022-01-17 14:52:24,554 - INFO basePage.py [line:88]: 查找"输入密码"元素，元素定位:('xpath', "//*[@id='app']/div/div[1]/div[2]/form/div[3]/div/div/input")
2022-01-17 14:52:24,554 - INFO basePage.py [line:88]: 查找"输入密码"元素，元素定位:('xpath', "//*[@id='app']/div/div[1]/div[2]/form/div[3]/div/div/input")
2022-01-17 14:52:24,566 - INFO basePage.py [line:113]: 在"输入密码"输入"qq123",元素定位:('xpath', "//*[@id='app']/div/div[1]/div[2]/form/div[3]/div/div/input")
2022-01-17 14:52:24,566 - INFO basePage.py [line:113]: 在"输入密码"输入"qq123",元素定位:('xpath', "//*[@id='app']/div/div[1]/div[2]/form/div[3]/div/div/input")
2022-01-17 14:52:24,621 - INFO basePage.py [line:88]: 查找"点击登录"元素，元素定位:('xpath', "//*[@id='app']/div/div[1]/div[2]/form/button")
2022-01-17 14:52:24,621 - INFO basePage.py [line:88]: 查找"点击登录"元素，元素定位:('xpath', "//*[@id='app']/div/div[1]/div[2]/form/button")
2022-01-17 14:52:24,632 - INFO basePage.py [line:140]: 点击"点击登录",元素定位:('xpath', "//*[@id='app']/div/div[1]/div[2]/form/button")
2022-01-17 14:52:24,632 - INFO basePage.py [line:140]: 点击"点击登录",元素定位:('xpath', "//*[@id='app']/div/div[1]/div[2]/form/button")
2022-01-17 14:52:26,674 - INFO basePage.py [line:54]: 等待"断言"消失,元素定位:('xpath', "//*[@id='app']/div/div[2]/div/div[1]/div[3]/div[2]/span/span/button/span")
2022-01-17 14:52:26,674 - INFO basePage.py [line:54]: 等待"断言"消失,元素定位:('xpath', "//*[@id='app']/div/div[2]/div/div[1]/div[3]/div[2]/span/span/button/span")
2022-01-17 14:52:36,739 - INFO basePage.py [line:59]: 等待"断言"时长:0:00:10.062056
2022-01-17 14:52:36,739 - INFO basePage.py [line:59]: 等待"断言"时长:0:00:10.062056
2022-01-17 14:52:55,359 - INFO basePage.py [line:88]: 查找"输入账号"元素，元素定位:('xpath', "//*[@id='app']/div/div[1]/div[2]/form/div[2]/div/div/input")
2022-01-17 14:52:55,359 - INFO basePage.py [line:88]: 查找"输入账号"元素，元素定位:('xpath', "//*[@id='app']/div/div[1]/div[2]/form/div[2]/div/div/input")
2022-01-17 14:52:55,371 - INFO basePage.py [line:113]: 在"输入账号"输入"oms1212",元素定位:('xpath', "//*[@id='app']/div/div[1]/div[2]/form/div[2]/div/div/input")
2022-01-17 14:52:55,371 - INFO basePage.py [line:113]: 在"输入账号"输入"oms1212",元素定位:('xpath', "//*[@id='app']/div/div[1]/div[2]/form/div[2]/div/div/input")
2022-01-17 14:52:55,441 - INFO basePage.py [line:88]: 查找"输入密码"元素，元素定位:('xpath', "//*[@id='app']/div/div[1]/div[2]/form/div[3]/div/div/input")
2022-01-17 14:52:55,441 - INFO basePage.py [line:88]: 查找"输入密码"元素，元素定位:('xpath', "//*[@id='app']/div/div[1]/div[2]/form/div[3]/div/div/input")
2022-01-17 14:52:55,454 - INFO basePage.py [line:113]: 在"输入密码"输入"Qq123456",元素定位:('xpath', "//*[@id='app']/div/div[1]/div[2]/form/div[3]/div/div/input")
2022-01-17 14:52:55,454 - INFO basePage.py [line:113]: 在"输入密码"输入"Qq123456",元素定位:('xpath', "//*[@id='app']/div/div[1]/div[2]/form/div[3]/div/div/input")
2022-01-17 14:52:55,518 - INFO basePage.py [line:88]: 查找"点击登录"元素，元素定位:('xpath', "//*[@id='app']/div/div[1]/div[2]/form/button")
2022-01-17 14:52:55,518 - INFO basePage.py [line:88]: 查找"点击登录"元素，元素定位:('xpath', "//*[@id='app']/div/div[1]/div[2]/form/button")
2022-01-17 14:52:55,529 - INFO basePage.py [line:140]: 点击"点击登录",元素定位:('xpath', "//*[@id='app']/div/div[1]/div[2]/form/button")
2022-01-17 14:52:55,529 - INFO basePage.py [line:140]: 点击"点击登录",元素定位:('xpath', "//*[@id='app']/div/div[1]/div[2]/form/button")
2022-01-17 14:52:57,583 - INFO basePage.py [line:88]: 查找"展开模块"元素，元素定位:('class name', 'hamburger-container')
2022-01-17 14:52:57,583 - INFO basePage.py [line:88]: 查找"展开模块"元素，元素定位:('class name', 'hamburger-container')
2022-01-17 14:52:57,598 - INFO basePage.py [line:140]: 点击"展开模块",元素定位:('class name', 'hamburger-container')
2022-01-17 14:52:57,598 - INFO basePage.py [line:140]: 点击"展开模块",元素定位:('class name', 'hamburger-container')
2022-01-17 14:52:58,677 - INFO basePage.py [line:88]: 查找"供应链管理"元素，元素定位:('xpath', "//*[@id='app']/div/div[2]/div[2]/div[1]/div/ul/div[2]/li/div")
2022-01-17 14:52:58,677 - INFO basePage.py [line:88]: 查找"供应链管理"元素，元素定位:('xpath', "//*[@id='app']/div/div[2]/div[2]/div[1]/div/ul/div[2]/li/div")
2022-01-17 14:52:58,725 - INFO basePage.py [line:140]: 点击"供应链管理",元素定位:('xpath', "//*[@id='app']/div/div[2]/div[2]/div[1]/div/ul/div[2]/li/div")
2022-01-17 14:52:58,725 - INFO basePage.py [line:140]: 点击"供应链管理",元素定位:('xpath', "//*[@id='app']/div/div[2]/div[2]/div[1]/div/ul/div[2]/li/div")
2022-01-17 14:52:58,770 - INFO basePage.py [line:88]: 查找"品项管理"元素，元素定位:('xpath', "//*[@id='app']/div/div[2]/div[2]/div[1]/div/ul/div[2]/li/ul/div[1]/a/li")
2022-01-17 14:52:58,770 - INFO basePage.py [line:88]: 查找"品项管理"元素，元素定位:('xpath', "//*[@id='app']/div/div[2]/div[2]/div[1]/div/ul/div[2]/li/ul/div[1]/a/li")
2022-01-17 14:52:58,783 - INFO basePage.py [line:140]: 点击"品项管理",元素定位:('xpath', "//*[@id='app']/div/div[2]/div[2]/div[1]/div/ul/div[2]/li/ul/div[1]/a/li")
2022-01-17 14:52:58,783 - INFO basePage.py [line:140]: 点击"品项管理",元素定位:('xpath', "//*[@id='app']/div/div[2]/div[2]/div[1]/div/ul/div[2]/li/ul/div[1]/a/li")
2022-01-17 14:53:02,855 - INFO basePage.py [line:88]: 查找"点击查看"元素，元素定位:('xpath', "//*[@id='app']/div/div[2]/section/div/div/section/main/section/main/div/div[1]/div[4]/div[2]/table/tbody/tr[1]/td[3]/div/button[1]/span")
2022-01-17 14:53:02,855 - INFO basePage.py [line:88]: 查找"点击查看"元素，元素定位:('xpath', "//*[@id='app']/div/div[2]/section/div/div/section/main/section/main/div/div[1]/div[4]/div[2]/table/tbody/tr[1]/td[3]/div/button[1]/span")
2022-01-17 14:53:02,872 - INFO basePage.py [line:140]: 点击"点击查看",元素定位:('xpath', "//*[@id='app']/div/div[2]/section/div/div/section/main/section/main/div/div[1]/div[4]/div[2]/table/tbody/tr[1]/td[3]/div/button[1]/span")
2022-01-17 14:53:02,872 - INFO basePage.py [line:140]: 点击"点击查看",元素定位:('xpath', "//*[@id='app']/div/div[2]/section/div/div/section/main/section/main/div/div[1]/div[4]/div[2]/table/tbody/tr[1]/td[3]/div/button[1]/span")
2022-01-17 14:53:05,048 - INFO basePage.py [line:33]: 等待"断言"元素,定位方式:('xpath', "//*[@id='app']/div/div[2]/section/div/div/div/div/div[3]/div/button/span")
2022-01-17 14:53:05,048 - INFO basePage.py [line:33]: 等待"断言"元素,定位方式:('xpath', "//*[@id='app']/div/div[2]/section/div/div/div/div/div[3]/div/button/span")
2022-01-17 14:53:05,092 - INFO basePage.py [line:38]: 等待"断言"时长:0:00:00.043148
2022-01-17 14:53:05,092 - INFO basePage.py [line:38]: 等待"断言"时长:0:00:00.043148
2022-01-17 14:53:23,611 - INFO basePage.py [line:88]: 查找"输入账号"元素，元素定位:('xpath', "//*[@id='app']/div/div[1]/div[2]/form/div[2]/div/div/input")
2022-01-17 14:53:23,611 - INFO basePage.py [line:88]: 查找"输入账号"元素，元素定位:('xpath', "//*[@id='app']/div/div[1]/div[2]/form/div[2]/div/div/input")
2022-01-17 14:53:23,624 - INFO basePage.py [line:113]: 在"输入账号"输入"oms1212",元素定位:('xpath', "//*[@id='app']/div/div[1]/div[2]/form/div[2]/div/div/input")
2022-01-17 14:53:23,624 - INFO basePage.py [line:113]: 在"输入账号"输入"oms1212",元素定位:('xpath', "//*[@id='app']/div/div[1]/div[2]/form/div[2]/div/div/input")
2022-01-17 14:53:23,704 - INFO basePage.py [line:88]: 查找"输入密码"元素，元素定位:('xpath', "//*[@id='app']/div/div[1]/div[2]/form/div[3]/div/div/input")
2022-01-17 14:53:23,704 - INFO basePage.py [line:88]: 查找"输入密码"元素，元素定位:('xpath', "//*[@id='app']/div/div[1]/div[2]/form/div[3]/div/div/input")
2022-01-17 14:53:23,717 - INFO basePage.py [line:113]: 在"输入密码"输入"Qq123456",元素定位:('xpath', "//*[@id='app']/div/div[1]/div[2]/form/div[3]/div/div/input")
2022-01-17 14:53:23,717 - INFO basePage.py [line:113]: 在"输入密码"输入"Qq123456",元素定位:('xpath', "//*[@id='app']/div/div[1]/div[2]/form/div[3]/div/div/input")
2022-01-17 14:53:23,779 - INFO basePage.py [line:88]: 查找"点击登录"元素，元素定位:('xpath', "//*[@id='app']/div/div[1]/div[2]/form/button")
2022-01-17 14:53:23,779 - INFO basePage.py [line:88]: 查找"点击登录"元素，元素定位:('xpath', "//*[@id='app']/div/div[1]/div[2]/form/button")
2022-01-17 14:53:23,789 - INFO basePage.py [line:140]: 点击"点击登录",元素定位:('xpath', "//*[@id='app']/div/div[1]/div[2]/form/button")
2022-01-17 14:53:23,789 - INFO basePage.py [line:140]: 点击"点击登录",元素定位:('xpath', "//*[@id='app']/div/div[1]/div[2]/form/button")
2022-01-17 14:53:25,842 - INFO basePage.py [line:88]: 查找"展开模块"元素，元素定位:('class name', 'hamburger-container')
2022-01-17 14:53:25,842 - INFO basePage.py [line:88]: 查找"展开模块"元素，元素定位:('class name', 'hamburger-container')
2022-01-17 14:53:25,853 - INFO basePage.py [line:140]: 点击"展开模块",元素定位:('class name', 'hamburger-container')
2022-01-17 14:53:25,853 - INFO basePage.py [line:140]: 点击"展开模块",元素定位:('class name', 'hamburger-container')
2022-01-17 14:53:26,915 - INFO basePage.py [line:88]: 查找"供应链管理"元素，元素定位:('xpath', "//*[@id='app']/div/div[2]/div[2]/div[1]/div/ul/div[2]/li/div")
2022-01-17 14:53:26,915 - INFO basePage.py [line:88]: 查找"供应链管理"元素，元素定位:('xpath', "//*[@id='app']/div/div[2]/div[2]/div[1]/div/ul/div[2]/li/div")
2022-01-17 14:53:26,931 - INFO basePage.py [line:140]: 点击"供应链管理",元素定位:('xpath', "//*[@id='app']/div/div[2]/div[2]/div[1]/div/ul/div[2]/li/div")
2022-01-17 14:53:26,931 - INFO basePage.py [line:140]: 点击"供应链管理",元素定位:('xpath', "//*[@id='app']/div/div[2]/div[2]/div[1]/div/ul/div[2]/li/div")
2022-01-17 14:53:26,972 - INFO basePage.py [line:88]: 查找"品项管理"元素，元素定位:('xpath', "//*[@id='app']/div/div[2]/div[2]/div[1]/div/ul/div[2]/li/ul/div[1]/a/li")
2022-01-17 14:53:26,972 - INFO basePage.py [line:88]: 查找"品项管理"元素，元素定位:('xpath', "//*[@id='app']/div/div[2]/div[2]/div[1]/div/ul/div[2]/li/ul/div[1]/a/li")
2022-01-17 14:53:26,984 - INFO basePage.py [line:140]: 点击"品项管理",元素定位:('xpath', "//*[@id='app']/div/div[2]/div[2]/div[1]/div/ul/div[2]/li/ul/div[1]/a/li")
2022-01-17 14:53:26,984 - INFO basePage.py [line:140]: 点击"品项管理",元素定位:('xpath', "//*[@id='app']/div/div[2]/div[2]/div[1]/div/ul/div[2]/li/ul/div[1]/a/li")
2022-01-17 14:53:29,041 - INFO basePage.py [line:88]: 查找"点击编辑"元素，元素定位:('xpath', "//*[@id='app']/div/div[2]/section/div/div/section/main/section/main/div/div[1]/div[4]/div[2]/table/tbody/tr[1]/td[3]/div/button[2]/span")
2022-01-17 14:53:29,041 - INFO basePage.py [line:88]: 查找"点击编辑"元素，元素定位:('xpath', "//*[@id='app']/div/div[2]/section/div/div/section/main/section/main/div/div[1]/div[4]/div[2]/table/tbody/tr[1]/td[3]/div/button[2]/span")
2022-01-17 14:53:29,345 - INFO basePage.py [line:140]: 点击"点击编辑",元素定位:('xpath', "//*[@id='app']/div/div[2]/section/div/div/section/main/section/main/div/div[1]/div[4]/div[2]/table/tbody/tr[1]/td[3]/div/button[2]/span")
2022-01-17 14:53:29,345 - INFO basePage.py [line:140]: 点击"点击编辑",元素定位:('xpath', "//*[@id='app']/div/div[2]/section/div/div/section/main/section/main/div/div[1]/div[4]/div[2]/table/tbody/tr[1]/td[3]/div/button[2]/span")
2022-01-17 14:53:29,805 - INFO basePage.py [line:88]: 查找"None"元素，元素定位:('xpath', "//*[@id='pane-basic']/div/form[1]/div[9]/div/div[1]/div/input")
2022-01-17 14:53:29,805 - INFO basePage.py [line:88]: 查找"None"元素，元素定位:('xpath', "//*[@id='pane-basic']/div/form[1]/div[9]/div/div[1]/div/input")
2022-01-17 14:53:29,827 - INFO basePage.py [line:113]: 在"None"输入"99045637218",元素定位:('xpath', "//*[@id='pane-basic']/div/form[1]/div[9]/div/div[1]/div/input")
2022-01-17 14:53:29,827 - INFO basePage.py [line:113]: 在"None"输入"99045637218",元素定位:('xpath', "//*[@id='pane-basic']/div/form[1]/div[9]/div/div[1]/div/input")
2022-01-17 14:53:30,060 - INFO basePage.py [line:88]: 查找"点击添加"元素，元素定位:('xpath', "//*[@id='pane-basic']/div/form[1]/div[9]/div/div[2]/button/span")
2022-01-17 14:53:30,060 - INFO basePage.py [line:88]: 查找"点击添加"元素，元素定位:('xpath', "//*[@id='pane-basic']/div/form[1]/div[9]/div/div[2]/button/span")
2022-01-17 14:53:30,072 - INFO basePage.py [line:140]: 点击"点击添加",元素定位:('xpath', "//*[@id='pane-basic']/div/form[1]/div[9]/div/div[2]/button/span")
2022-01-17 14:53:30,072 - INFO basePage.py [line:140]: 点击"点击添加",元素定位:('xpath', "//*[@id='pane-basic']/div/form[1]/div[9]/div/div[2]/button/span")
2022-01-17 14:53:30,120 - INFO basePage.py [line:88]: 查找"点击确定"元素，元素定位:('xpath', "//*[@id='app']/div/div[2]/section/div/div/div/div/div[3]/div/button[2]/span")
2022-01-17 14:53:30,120 - INFO basePage.py [line:88]: 查找"点击确定"元素，元素定位:('xpath', "//*[@id='app']/div/div[2]/section/div/div/div/div/div[3]/div/button[2]/span")
2022-01-17 14:53:30,134 - INFO basePage.py [line:140]: 点击"点击确定",元素定位:('xpath', "//*[@id='app']/div/div[2]/section/div/div/div/div/div[3]/div/button[2]/span")
2022-01-17 14:53:30,134 - INFO basePage.py [line:140]: 点击"点击确定",元素定位:('xpath', "//*[@id='app']/div/div[2]/section/div/div/div/div/div[3]/div/button[2]/span")
2022-01-17 14:53:30,168 - INFO basePage.py [line:74]: 等待"断言"元素,定位方式:('xpath', '/html/body/div[2]/p')
2022-01-17 14:53:30,168 - INFO basePage.py [line:74]: 等待"断言"元素,定位方式:('xpath', '/html/body/div[2]/p')
2022-01-17 14:53:30,544 - INFO basePage.py [line:79]: 等待"断言"时长:0:00:00.375903
2022-01-17 14:53:30,544 - INFO basePage.py [line:79]: 等待"断言"时长:0:00:00.375903
2022-01-17 14:53:49,008 - INFO basePage.py [line:88]: 查找"输入账号"元素，元素定位:('xpath', "//*[@id='app']/div/div[1]/div[2]/form/div[2]/div/div/input")
2022-01-17 14:53:49,008 - INFO basePage.py [line:88]: 查找"输入账号"元素，元素定位:('xpath', "//*[@id='app']/div/div[1]/div[2]/form/div[2]/div/div/input")
2022-01-17 14:53:49,020 - INFO basePage.py [line:113]: 在"输入账号"输入"oms1212",元素定位:('xpath', "//*[@id='app']/div/div[1]/div[2]/form/div[2]/div/div/input")
2022-01-17 14:53:49,020 - INFO basePage.py [line:113]: 在"输入账号"输入"oms1212",元素定位:('xpath', "//*[@id='app']/div/div[1]/div[2]/form/div[2]/div/div/input")
2022-01-17 14:53:49,092 - INFO basePage.py [line:88]: 查找"输入密码"元素，元素定位:('xpath', "//*[@id='app']/div/div[1]/div[2]/form/div[3]/div/div/input")
2022-01-17 14:53:49,092 - INFO basePage.py [line:88]: 查找"输入密码"元素，元素定位:('xpath', "//*[@id='app']/div/div[1]/div[2]/form/div[3]/div/div/input")
2022-01-17 14:53:49,104 - INFO basePage.py [line:113]: 在"输入密码"输入"Qq123456",元素定位:('xpath', "//*[@id='app']/div/div[1]/div[2]/form/div[3]/div/div/input")
2022-01-17 14:53:49,104 - INFO basePage.py [line:113]: 在"输入密码"输入"Qq123456",元素定位:('xpath', "//*[@id='app']/div/div[1]/div[2]/form/div[3]/div/div/input")
2022-01-17 14:53:49,166 - INFO basePage.py [line:88]: 查找"点击登录"元素，元素定位:('xpath', "//*[@id='app']/div/div[1]/div[2]/form/button")
2022-01-17 14:53:49,166 - INFO basePage.py [line:88]: 查找"点击登录"元素，元素定位:('xpath', "//*[@id='app']/div/div[1]/div[2]/form/button")
2022-01-17 14:53:49,178 - INFO basePage.py [line:140]: 点击"点击登录",元素定位:('xpath', "//*[@id='app']/div/div[1]/div[2]/form/button")
2022-01-17 14:53:49,178 - INFO basePage.py [line:140]: 点击"点击登录",元素定位:('xpath', "//*[@id='app']/div/div[1]/div[2]/form/button")
2022-01-17 14:53:51,227 - INFO basePage.py [line:88]: 查找"展开模块"元素，元素定位:('class name', 'hamburger-container')
2022-01-17 14:53:51,227 - INFO basePage.py [line:88]: 查找"展开模块"元素，元素定位:('class name', 'hamburger-container')
2022-01-17 14:53:51,269 - INFO basePage.py [line:140]: 点击"展开模块",元素定位:('class name', 'hamburger-container')
2022-01-17 14:53:51,269 - INFO basePage.py [line:140]: 点击"展开模块",元素定位:('class name', 'hamburger-container')
2022-01-17 14:53:52,352 - INFO basePage.py [line:88]: 查找"供应链管理"元素，元素定位:('xpath', "//*[@id='app']/div/div[2]/div[2]/div[1]/div/ul/div[2]/li/div")
2022-01-17 14:53:52,352 - INFO basePage.py [line:88]: 查找"供应链管理"元素，元素定位:('xpath', "//*[@id='app']/div/div[2]/div[2]/div[1]/div/ul/div[2]/li/div")
2022-01-17 14:53:52,367 - INFO basePage.py [line:140]: 点击"供应链管理",元素定位:('xpath', "//*[@id='app']/div/div[2]/div[2]/div[1]/div/ul/div[2]/li/div")
2022-01-17 14:53:52,367 - INFO basePage.py [line:140]: 点击"供应链管理",元素定位:('xpath', "//*[@id='app']/div/div[2]/div[2]/div[1]/div/ul/div[2]/li/div")
2022-01-17 14:53:52,407 - INFO basePage.py [line:88]: 查找"门店管理"元素，元素定位:('xpath', "//*[@id='app']/div/div[2]/div[2]/div[1]/div/ul/div[2]/li/ul/div[2]/a/li")
2022-01-17 14:53:52,407 - INFO basePage.py [line:88]: 查找"门店管理"元素，元素定位:('xpath', "//*[@id='app']/div/div[2]/div[2]/div[1]/div/ul/div[2]/li/ul/div[2]/a/li")
2022-01-17 14:53:52,419 - INFO basePage.py [line:140]: 点击"门店管理",元素定位:('xpath', "//*[@id='app']/div/div[2]/div[2]/div[1]/div/ul/div[2]/li/ul/div[2]/a/li")
2022-01-17 14:53:52,419 - INFO basePage.py [line:140]: 点击"门店管理",元素定位:('xpath', "//*[@id='app']/div/div[2]/div[2]/div[1]/div/ul/div[2]/li/ul/div[2]/a/li")
2022-01-17 14:53:52,535 - INFO basePage.py [line:88]: 查找"点击编辑"元素，元素定位:('xpath', "//*[@id='app']/div/div[2]/section/div/div/div/div[2]/div[1]/div[4]/div[2]/table/tbody/tr[1]/td[2]/div/button")
2022-01-17 14:53:52,535 - INFO basePage.py [line:88]: 查找"点击编辑"元素，元素定位:('xpath', "//*[@id='app']/div/div[2]/section/div/div/div/div[2]/div[1]/div[4]/div[2]/table/tbody/tr[1]/td[2]/div/button")
2022-01-17 14:53:54,612 - INFO basePage.py [line:140]: 点击"点击编辑",元素定位:('xpath', "//*[@id='app']/div/div[2]/section/div/div/div/div[2]/div[1]/div[4]/div[2]/table/tbody/tr[1]/td[2]/div/button")
2022-01-17 14:53:54,612 - INFO basePage.py [line:140]: 点击"点击编辑",元素定位:('xpath', "//*[@id='app']/div/div[2]/section/div/div/div/div[2]/div[1]/div[4]/div[2]/table/tbody/tr[1]/td[2]/div/button")
2022-01-17 14:53:55,041 - INFO basePage.py [line:88]: 查找"点击修改"元素，元素定位:('xpath', "//*[@id='app']/div/div[2]/section/div/div/div/div/form/div[3]/div/div/div/button[2]")
2022-01-17 14:53:55,041 - INFO basePage.py [line:88]: 查找"点击修改"元素，元素定位:('xpath', "//*[@id='app']/div/div[2]/section/div/div/div/div/form/div[3]/div/div/div/button[2]")
2022-01-17 14:53:55,052 - INFO basePage.py [line:140]: 点击"点击修改",元素定位:('xpath', "//*[@id='app']/div/div[2]/section/div/div/div/div/form/div[3]/div/div/div/button[2]")
2022-01-17 14:53:55,052 - INFO basePage.py [line:140]: 点击"点击修改",元素定位:('xpath', "//*[@id='app']/div/div[2]/section/div/div/div/div/form/div[3]/div/div/div/button[2]")
2022-01-17 14:53:55,337 - INFO basePage.py [line:74]: 等待"断言"元素,定位方式:('xpath', '/html/body/div[2]/div/div[1]/p')
2022-01-17 14:53:55,337 - INFO basePage.py [line:74]: 等待"断言"元素,定位方式:('xpath', '/html/body/div[2]/div/div[1]/p')
2022-01-17 14:53:56,193 - INFO basePage.py [line:79]: 等待"断言"时长:0:00:00.856266
2022-01-17 14:53:56,193 - INFO basePage.py [line:79]: 等待"断言"时长:0:00:00.856266
