2022-01-17 17:35:36,966 - INFO basePage.py [line:88]: 查找"输入账号"元素，元素定位:('xpath', "//*[@id='app']/div/div[1]/div[2]/form/div[2]/div/div/input")
2022-01-17 17:35:36,966 - INFO basePage.py [line:88]: 查找"输入账号"元素，元素定位:('xpath', "//*[@id='app']/div/div[1]/div[2]/form/div[2]/div/div/input")
2022-01-17 17:35:36,983 - INFO basePage.py [line:113]: 在"输入账号"输入"oms1212",元素定位:('xpath', "//*[@id='app']/div/div[1]/div[2]/form/div[2]/div/div/input")
2022-01-17 17:35:36,983 - INFO basePage.py [line:113]: 在"输入账号"输入"oms1212",元素定位:('xpath', "//*[@id='app']/div/div[1]/div[2]/form/div[2]/div/div/input")
2022-01-17 17:35:37,057 - INFO basePage.py [line:88]: 查找"输入密码"元素，元素定位:('xpath', "//*[@id='app']/div/div[1]/div[2]/form/div[3]/div/div/input")
2022-01-17 17:35:37,057 - INFO basePage.py [line:88]: 查找"输入密码"元素，元素定位:('xpath', "//*[@id='app']/div/div[1]/div[2]/form/div[3]/div/div/input")
2022-01-17 17:35:37,070 - INFO basePage.py [line:113]: 在"输入密码"输入"Qq123456",元素定位:('xpath', "//*[@id='app']/div/div[1]/div[2]/form/div[3]/div/div/input")
2022-01-17 17:35:37,070 - INFO basePage.py [line:113]: 在"输入密码"输入"Qq123456",元素定位:('xpath', "//*[@id='app']/div/div[1]/div[2]/form/div[3]/div/div/input")
2022-01-17 17:35:37,133 - INFO basePage.py [line:88]: 查找"点击登录"元素，元素定位:('xpath', "//*[@id='app']/div/div[1]/div[2]/form/button")
2022-01-17 17:35:37,133 - INFO basePage.py [line:88]: 查找"点击登录"元素，元素定位:('xpath', "//*[@id='app']/div/div[1]/div[2]/form/button")
2022-01-17 17:35:37,145 - INFO basePage.py [line:140]: 点击"点击登录",元素定位:('xpath', "//*[@id='app']/div/div[1]/div[2]/form/button")
2022-01-17 17:35:37,145 - INFO basePage.py [line:140]: 点击"点击登录",元素定位:('xpath', "//*[@id='app']/div/div[1]/div[2]/form/button")
2022-01-17 17:35:39,187 - INFO basePage.py [line:88]: 查找"展开模块"元素，元素定位:('class name', 'hamburger-container')
2022-01-17 17:35:39,187 - INFO basePage.py [line:88]: 查找"展开模块"元素，元素定位:('class name', 'hamburger-container')
2022-01-17 17:35:39,214 - INFO basePage.py [line:140]: 点击"展开模块",元素定位:('class name', 'hamburger-container')
2022-01-17 17:35:39,214 - INFO basePage.py [line:140]: 点击"展开模块",元素定位:('class name', 'hamburger-container')
2022-01-17 17:35:40,308 - INFO basePage.py [line:88]: 查找"供应链管理"元素，元素定位:('xpath', "//*[@id='app']/div/div[2]/div[2]/div[1]/div/ul/div[2]/li/div")
2022-01-17 17:35:40,308 - INFO basePage.py [line:88]: 查找"供应链管理"元素，元素定位:('xpath', "//*[@id='app']/div/div[2]/div[2]/div[1]/div/ul/div[2]/li/div")
2022-01-17 17:35:40,321 - INFO basePage.py [line:140]: 点击"供应链管理",元素定位:('xpath', "//*[@id='app']/div/div[2]/div[2]/div[1]/div/ul/div[2]/li/div")
2022-01-17 17:35:40,321 - INFO basePage.py [line:140]: 点击"供应链管理",元素定位:('xpath', "//*[@id='app']/div/div[2]/div[2]/div[1]/div/ul/div[2]/li/div")
2022-01-17 17:35:40,376 - INFO basePage.py [line:88]: 查找"员工餐管理"元素，元素定位:('xpath', "//*[@id='app']/div/div[2]/div[2]/div[1]/div/ul/div[2]/li/ul/div[6]/li/div")
2022-01-17 17:35:40,376 - INFO basePage.py [line:88]: 查找"员工餐管理"元素，元素定位:('xpath', "//*[@id='app']/div/div[2]/div[2]/div[1]/div/ul/div[2]/li/ul/div[6]/li/div")
2022-01-17 17:35:40,395 - INFO basePage.py [line:140]: 点击"员工餐管理",元素定位:('xpath', "//*[@id='app']/div/div[2]/div[2]/div[1]/div/ul/div[2]/li/ul/div[6]/li/div")
2022-01-17 17:35:40,395 - INFO basePage.py [line:140]: 点击"员工餐管理",元素定位:('xpath', "//*[@id='app']/div/div[2]/div[2]/div[1]/div/ul/div[2]/li/ul/div[6]/li/div")
2022-01-17 17:35:42,589 - INFO basePage.py [line:88]: 查找"点击员工餐模板"元素，元素定位:('xpath', "//*[@id='app']/div/div[2]/div[2]/div[1]/div/ul/div[2]/li/ul/div[6]/li/ul/div[1]/a/li")
2022-01-17 17:35:42,589 - INFO basePage.py [line:88]: 查找"点击员工餐模板"元素，元素定位:('xpath', "//*[@id='app']/div/div[2]/div[2]/div[1]/div/ul/div[2]/li/ul/div[6]/li/ul/div[1]/a/li")
2022-01-17 17:35:42,601 - INFO basePage.py [line:140]: 点击"点击员工餐模板",元素定位:('xpath', "//*[@id='app']/div/div[2]/div[2]/div[1]/div/ul/div[2]/li/ul/div[6]/li/ul/div[1]/a/li")
2022-01-17 17:35:42,601 - INFO basePage.py [line:140]: 点击"点击员工餐模板",元素定位:('xpath', "//*[@id='app']/div/div[2]/div[2]/div[1]/div/ul/div[2]/li/ul/div[6]/li/ul/div[1]/a/li")
